<frozen importlib._bootstrap_external>:1301: FutureWarning: The cuda.cudart module is deprecated and will be removed in a future release, please switch to use the cuda.bindings.runtime module instead.
/home/hansstem/anaconda3/envs/sclc/lib/python3.12/site-packages/monai/utils/deprecate_utils.py:321: FutureWarning: monai.transforms.spatial.dictionary Orientationd.__init__:labels: Current default value of argument `labels=(('L', 'R'), ('P', 'A'), ('I', 'S'))` was changed in version None from `labels=(('L', 'R'), ('P', 'A'), ('I', 'S'))` to `labels=None`. Default value changed to None meaning that the transform now uses the 'space' of a meta-tensor, if applicable, to determine appropriate axis labels.
  warn_deprecated(argname, msg, warning_category)
[*] RadImageNetDenseNet1212DClassifier: loading weights from /home/data/RadImageNet/DenseNet/DenseNet121.pt
[*] RadImageNet DenseNet121: matched 725/725 backbone keys (source contributed 725, missing=0, unexpected=0)
Initialized densenet121_2d_rin Classifier. Total Params: 6,950,659
Split 'train': 242 patients.
  482 images (482 w/ masks), class distribution: {0: 341, 2: 85, 1: 56}
Split 'val': 52 patients.
  102 images (102 w/ masks), class distribution: {0: 73, 1: 12, 2: 17}
Split 'test': 53 patients.
  106 images (106 w/ masks), class distribution: {0: 76, 1: 12, 2: 18}
[2D lung_pet_ct_dx train] 3730 slices from 482 volumes / 242 patients (dropped: no_mask=0, no_tumor_slices=0), classes={0: 2608, 2: 680, 1: 442}
[2D lung_pet_ct_dx val] 786 slices from 101 volumes / 52 patients (dropped: no_mask=0, no_tumor_slices=1), classes={0: 554, 1: 96, 2: 136}
[2D lung_pet_ct_dx test] 834 slices from 106 volumes / 53 patients (dropped: no_mask=0, no_tumor_slices=0), classes={0: 594, 1: 96, 2: 144}
[2D lung_pet_ct_dx] dropped-patient inventory -> /home/hansstem/.cache/monai_lung_pet_ct_clean_2d/img224_crop96_mp1/dropped_patients.json
[2D] PersistentDataset cache_dir='/home/hansstem/.cache/monai_lung_pet_ct_clean_2d/img224_crop96_mp1/train'
[2D] PersistentDataset cache_dir='/home/hansstem/.cache/monai_lung_pet_ct_clean_2d/img224_crop96_mp1/val'
[2D] PersistentDataset cache_dir='/home/hansstem/.cache/monai_lung_pet_ct_clean_2d/img224_crop96_mp1/test'
[WRS lung_pet_ct_dx] counts {0=2597, 1=440, 2=675} | oversample_factor=5.90 (max_weight/min_weight)
[lung_pet_ct_dx] Train class distribution: {0: 2597, 1: 440, 2: 675}

--- dapt Epoch 1/30 | lr=1.00e-06 ---
[2D] Epoch 1 [50/78] Loss: 1.0986 Time: 12.81s
[2D] Epoch 1 [78/78] Loss: 1.0985 Time: 6.41s
[2D] Train Epoch 1 (slice-level) => Loss: 1.0985, Acc: 0.3443, MacroF1: 0.1708

[2D] Starting validation...
[2D] Val (slice-level, n=786) => Acc: 0.1221, MacroF1: 0.0727
[2D] Val (volume-level, n=101) => Loss: 1.1032, Acc: 0.1188, BalancedAcc: 0.3333, MacroPrecision: 0.0396, MacroRecall: 0.3333, MacroF1: 0.0708
[2D] Val (patient-level, n=52) => Acc: 0.1154, BalancedAcc: 0.3333, MacroPrecision: 0.0385, MacroRecall: 0.3333, MacroF1: 0.0690

[2D] Volume-level Confusion Matrix:
True \ Pred       Adenocarcinoma  Small Cell      Squamous        
Y:Adenocarcinoma  0               72              0               
Y:Small Cell      0               12              0               
Y:Squamous        0               17              0               


[2D] Patient-level Confusion Matrix:
True \ Pred       Adenocarcinoma  Small Cell      Squamous        
Y:Adenocarcinoma  0               37              0               
Y:Small Cell      0               6               0               
Y:Squamous        0               9               0               

[dapt] Epoch 1 Summary => TrainLoss: 1.0985, TrainMacroF1: 0.1708, ValMacroF1(patient): 0.0690/0.0690 (cur/roll3)
[dapt] Patient current vs rolling-3: accuracy 0.1154/0.1154, balanced_accuracy 0.3333/0.3333, macro_precision 0.0385/0.0385, macro_recall 0.3333/0.3333, macro_f1 0.0690/0.0690

--- dapt Epoch 2/30 | lr=3.40e-05 ---
[2D] Epoch 2 [50/78] Loss: 1.0988 Time: 9.89s
[2D] Epoch 2 [78/78] Loss: 1.0986 Time: 4.68s
[2D] Train Epoch 2 (slice-level) => Loss: 1.0986, Acc: 0.3262, MacroF1: 0.1875

[2D] Starting validation...
[2D] Val (slice-level, n=786) => Acc: 0.1260, MacroF1: 0.0769
[2D] Val (volume-level, n=101) => Loss: 1.1102, Acc: 0.1287, BalancedAcc: 0.3380, MacroPrecision: 0.1519, MacroRecall: 0.3380, MacroF1: 0.0816
[2D] Val (patient-level, n=52) => Acc: 0.1346, BalancedAcc: 0.3423, MacroPrecision: 0.2067, MacroRecall: 0.3423, MacroF1: 0.0885

[2D] Volume-level Confusion Matrix:
True \ Pred       Adenocarcinoma  Small Cell      Squamous        
Y:Adenocarcinoma  1               71              0               
Y:Small Cell      0               12              0               
Y:Squamous        2               15              0               


[2D] Patient-level Confusion Matrix:
True \ Pred       Adenocarcinoma  Small Cell      Squamous        
Y:Adenocarcinoma  1               36              0               
Y:Small Cell      0               6               0               
Y:Squamous        1               8               0               

[dapt] Epoch 2 Summary => TrainLoss: 1.0986, TrainMacroF1: 0.1875, ValMacroF1(patient): 0.0885/0.0787 (cur/roll3)
[dapt] Patient current vs rolling-3: accuracy 0.1346/0.1250, balanced_accuracy 0.3423/0.3378, macro_precision 0.2067/0.1226, macro_recall 0.3423/0.3378, macro_f1 0.0885/0.0787

--- dapt Epoch 3/30 | lr=6.70e-05 ---
[2D] Epoch 3 [50/78] Loss: 1.0983 Time: 9.37s
[2D] Epoch 3 [78/78] Loss: 1.0981 Time: 4.78s
[2D] Train Epoch 3 (slice-level) => Loss: 1.0981, Acc: 0.3828, MacroF1: 0.3264

[2D] Starting validation...
[2D] Val (slice-level, n=786) => Acc: 0.6018, MacroF1: 0.2744
[2D] Val (volume-level, n=101) => Loss: 1.1266, Acc: 0.6238, BalancedAcc: 0.2917, MacroPrecision: 0.2360, MacroRecall: 0.2917, MacroF1: 0.2609
[2D] Val (patient-level, n=52) => Acc: 0.6346, BalancedAcc: 0.2973, MacroPrecision: 0.2340, MacroRecall: 0.2973, MacroF1: 0.2619

[2D] Volume-level Confusion Matrix:
True \ Pred       Adenocarcinoma  Small Cell      Squamous        
Y:Adenocarcinoma  63              1               8               
Y:Small Cell      9               0               3               
Y:Squamous        17              0               0               


[2D] Patient-level Confusion Matrix:
True \ Pred       Adenocarcinoma  Small Cell      Squamous        
Y:Adenocarcinoma  33              0               4               
Y:Small Cell      5               0               1               
Y:Squamous        9               0               0               

[dapt] Epoch 3 Summary => TrainLoss: 1.0981, TrainMacroF1: 0.3264, ValMacroF1(patient): 0.2619/0.1398 (cur/roll3)
[dapt] Patient current vs rolling-3: accuracy 0.6346/0.2949, balanced_accuracy 0.2973/0.3243, macro_precision 0.2340/0.1597, macro_recall 0.2973/0.3243, macro_f1 0.2619/0.1398

--- dapt Epoch 4/30 | lr=1.00e-04 ---
[2D] Epoch 4 [50/78] Loss: 1.0964 Time: 10.26s
[2D] Epoch 4 [78/78] Loss: 1.0969 Time: 5.03s
[2D] Train Epoch 4 (slice-level) => Loss: 1.0969, Acc: 0.3448, MacroF1: 0.1715

[2D] Starting validation...
[2D] Val (slice-level, n=786) => Acc: 0.6832, MacroF1: 0.2727
[2D] Val (volume-level, n=101) => Loss: 2.5835, Acc: 0.7129, BalancedAcc: 0.3333, MacroPrecision: 0.2376, MacroRecall: 0.3333, MacroF1: 0.2775
[2D] Val (patient-level, n=52) => Acc: 0.7115, BalancedAcc: 0.3333, MacroPrecision: 0.2372, MacroRecall: 0.3333, MacroF1: 0.2772

[2D] Volume-level Confusion Matrix:
True \ Pred       Adenocarcinoma  Small Cell      Squamous        
Y:Adenocarcinoma  72              0               0               
Y:Small Cell      12              0               0               
Y:Squamous        17              0               0               


[2D] Patient-level Confusion Matrix:
True \ Pred       Adenocarcinoma  Small Cell      Squamous        
Y:Adenocarcinoma  37              0               0               
Y:Small Cell      6               0               0               
Y:Squamous        9               0               0               

[dapt] Epoch 4 Summary => TrainLoss: 1.0969, TrainMacroF1: 0.1715, ValMacroF1(patient): 0.2772/0.2092 (cur/roll3)
[dapt] Patient current vs rolling-3: accuracy 0.7115/0.4936, balanced_accuracy 0.3333/0.3243, macro_precision 0.2372/0.2260, macro_recall 0.3333/0.3243, macro_f1 0.2772/0.2092

--- dapt Epoch 5/30 | lr=9.97e-05 ---
[2D] Epoch 5 [50/78] Loss: 1.0950 Time: 7.67s
[2D] Epoch 5 [78/78] Loss: 1.0943 Time: 4.71s
[2D] Train Epoch 5 (slice-level) => Loss: 1.0943, Acc: 0.3941, MacroF1: 0.2937

[2D] Starting validation...
[2D] Val (slice-level, n=786) => Acc: 0.4020, MacroF1: 0.2641
[2D] Val (volume-level, n=101) => Loss: 3.3401, Acc: 0.4554, BalancedAcc: 0.3478, MacroPrecision: 0.3180, MacroRecall: 0.3478, MacroF1: 0.2918
[2D] Val (patient-level, n=52) => Acc: 0.4808, BalancedAcc: 0.3373, MacroPrecision: 0.3126, MacroRecall: 0.3373, MacroF1: 0.2972

[2D] Volume-level Confusion Matrix:
True \ Pred       Adenocarcinoma  Small Cell      Squamous        
Y:Adenocarcinoma  37              0               35              
Y:Small Cell      2               0               10              
Y:Squamous        8               0               9               


[2D] Patient-level Confusion Matrix:
True \ Pred       Adenocarcinoma  Small Cell      Squamous        
Y:Adenocarcinoma  21              0               16              
Y:Small Cell      1               0               5               
Y:Squamous        5               0               4               

[dapt] Epoch 5 Summary => TrainLoss: 1.0943, TrainMacroF1: 0.2937, ValMacroF1(patient): 0.2972/0.2787 (cur/roll3)
[dapt] Patient current vs rolling-3: accuracy 0.4808/0.6090, balanced_accuracy 0.3373/0.3227, macro_precision 0.3126/0.2613, macro_recall 0.3373/0.3227, macro_f1 0.2972/0.2787

--- dapt Epoch 6/30 | lr=9.87e-05 ---
[2D] Epoch 6 [50/78] Loss: 1.0893 Time: 6.91s
[2D] Epoch 6 [78/78] Loss: 1.0876 Time: 4.27s
[2D] Train Epoch 6 (slice-level) => Loss: 1.0876, Acc: 0.4378, MacroF1: 0.3653

[2D] Starting validation...
[2D] Val (slice-level, n=786) => Acc: 0.4377, MacroF1: 0.2767
[2D] Val (volume-level, n=101) => Loss: 2.0987, Acc: 0.4554, BalancedAcc: 0.3178, MacroPrecision: 0.2939, MacroRecall: 0.3178, MacroF1: 0.2798
[2D] Val (patient-level, n=52) => Acc: 0.4423, BalancedAcc: 0.2913, MacroPrecision: 0.2869, MacroRecall: 0.2913, MacroF1: 0.2672

[2D] Volume-level Confusion Matrix:
True \ Pred       Adenocarcinoma  Small Cell      Squamous        
Y:Adenocarcinoma  39              0               33              
Y:Small Cell      4               0               8               
Y:Squamous        10              0               7               


[2D] Patient-level Confusion Matrix:
True \ Pred       Adenocarcinoma  Small Cell      Squamous        
Y:Adenocarcinoma  20              0               17              
Y:Small Cell      1               0               5               
Y:Squamous        6               0               3               

[dapt] Epoch 6 Summary => TrainLoss: 1.0876, TrainMacroF1: 0.3653, ValMacroF1(patient): 0.2672/0.2805 (cur/roll3)
[dapt] Patient current vs rolling-3: accuracy 0.4423/0.5449, balanced_accuracy 0.2913/0.3207, macro_precision 0.2869/0.2789, macro_recall 0.2913/0.3207, macro_f1 0.2672/0.2805

--- dapt Epoch 7/30 | lr=9.70e-05 ---
[2D] Epoch 7 [50/78] Loss: 1.0786 Time: 7.33s
[2D] Epoch 7 [78/78] Loss: 1.0760 Time: 3.97s
[2D] Train Epoch 7 (slice-level) => Loss: 1.0760, Acc: 0.4628, MacroF1: 0.4155

[2D] Starting validation...
[2D] Val (slice-level, n=786) => Acc: 0.4122, MacroF1: 0.2769
[2D] Val (volume-level, n=101) => Loss: 9.1272, Acc: 0.4752, BalancedAcc: 0.3870, MacroPrecision: 0.3446, MacroRecall: 0.3870, MacroF1: 0.3117
[2D] Val (patient-level, n=52) => Acc: 0.4615, BalancedAcc: 0.3564, MacroPrecision: 0.3234, MacroRecall: 0.3564, MacroF1: 0.2977

[2D] Volume-level Confusion Matrix:
True \ Pred       Adenocarcinoma  Small Cell      Squamous        
Y:Adenocarcinoma  37              0               35              
Y:Small Cell      1               0               11              
Y:Squamous        6               0               11              


[2D] Patient-level Confusion Matrix:
True \ Pred       Adenocarcinoma  Small Cell      Squamous        
Y:Adenocarcinoma  19              0               18              
Y:Small Cell      1               0               5               
Y:Squamous        4               0               5               

[dapt] Epoch 7 Summary => TrainLoss: 1.0760, TrainMacroF1: 0.4155, ValMacroF1(patient): 0.2977/0.2874 (cur/roll3)
[dapt] Patient current vs rolling-3: accuracy 0.4615/0.4615, balanced_accuracy 0.3564/0.3283, macro_precision 0.3234/0.3076, macro_recall 0.3564/0.3283, macro_f1 0.2977/0.2874

--- dapt Epoch 8/30 | lr=9.47e-05 ---
[2D] Epoch 8 [50/78] Loss: 1.0661 Time: 8.48s
[2D] Epoch 8 [78/78] Loss: 1.0631 Time: 3.69s
[2D] Train Epoch 8 (slice-level) => Loss: 1.0631, Acc: 0.4696, MacroF1: 0.4102

[2D] Starting validation...
[2D] Val (slice-level, n=786) => Acc: 0.4758, MacroF1: 0.3102
[2D] Val (volume-level, n=101) => Loss: 31.6866, Acc: 0.5248, BalancedAcc: 0.3952, MacroPrecision: 0.3379, MacroRecall: 0.3952, MacroF1: 0.3333
[2D] Val (patient-level, n=52) => Acc: 0.5000, BalancedAcc: 0.3463, MacroPrecision: 0.3135, MacroRecall: 0.3463, MacroF1: 0.3082

[2D] Volume-level Confusion Matrix:
True \ Pred       Adenocarcinoma  Small Cell      Squamous        
Y:Adenocarcinoma  43              1               28              
Y:Small Cell      4               0               8               
Y:Squamous        7               0               10              


[2D] Patient-level Confusion Matrix:
True \ Pred       Adenocarcinoma  Small Cell      Squamous        
Y:Adenocarcinoma  22              1               14              
Y:Small Cell      2               0               4               
Y:Squamous        5               0               4               

[dapt] Epoch 8 Summary => TrainLoss: 1.0631, TrainMacroF1: 0.4102, ValMacroF1(patient): 0.3082/0.2910 (cur/roll3)
[dapt] Patient current vs rolling-3: accuracy 0.5000/0.4679, balanced_accuracy 0.3463/0.3313, macro_precision 0.3135/0.3079, macro_recall 0.3463/0.3313, macro_f1 0.3082/0.2910

--- dapt Epoch 9/30 | lr=9.18e-05 ---
[2D] Epoch 9 [50/78] Loss: 1.0458 Time: 8.48s
[2D] Epoch 9 [78/78] Loss: 1.0425 Time: 3.62s
[2D] Train Epoch 9 (slice-level) => Loss: 1.0425, Acc: 0.4984, MacroF1: 0.4512

[2D] Starting validation...
[2D] Val (slice-level, n=786) => Acc: 0.5064, MacroF1: 0.3300
[2D] Val (volume-level, n=101) => Loss: 83.9571, Acc: 0.5545, BalancedAcc: 0.3791, MacroPrecision: 0.3407, MacroRecall: 0.3791, MacroF1: 0.3431
[2D] Val (patient-level, n=52) => Acc: 0.5769, BalancedAcc: 0.3824, MacroPrecision: 0.3411, MacroRecall: 0.3824, MacroF1: 0.3502

[2D] Volume-level Confusion Matrix:
True \ Pred       Adenocarcinoma  Small Cell      Squamous        
Y:Adenocarcinoma  48              4               20              
Y:Small Cell      4               0               8               
Y:Squamous        8               1               8               


[2D] Patient-level Confusion Matrix:
True \ Pred       Adenocarcinoma  Small Cell      Squamous        
Y:Adenocarcinoma  26              2               9               
Y:Small Cell      2               0               4               
Y:Squamous        5               0               4               

[dapt] Epoch 9 Summary => TrainLoss: 1.0425, TrainMacroF1: 0.4512, ValMacroF1(patient): 0.3502/0.3187 (cur/roll3)
[dapt] Patient current vs rolling-3: accuracy 0.5769/0.5128, balanced_accuracy 0.3824/0.3617, macro_precision 0.3411/0.3260, macro_recall 0.3824/0.3617, macro_f1 0.3502/0.3187

--- dapt Epoch 10/30 | lr=8.83e-05 ---
[2D] Epoch 10 [50/78] Loss: 1.0333 Time: 8.43s
[2D] Epoch 10 [78/78] Loss: 1.0277 Time: 3.84s
[2D] Train Epoch 10 (slice-level) => Loss: 1.0277, Acc: 0.5189, MacroF1: 0.4707

[2D] Starting validation...
[2D] Val (slice-level, n=786) => Acc: 0.4936, MacroF1: 0.3299
[2D] Val (volume-level, n=101) => Loss: 6.5816, Acc: 0.5149, BalancedAcc: 0.3755, MacroPrecision: 0.3352, MacroRecall: 0.3755, MacroF1: 0.3275
[2D] Val (patient-level, n=52) => Acc: 0.5192, BalancedAcc: 0.3554, MacroPrecision: 0.3296, MacroRecall: 0.3554, MacroF1: 0.3276

[2D] Volume-level Confusion Matrix:
True \ Pred       Adenocarcinoma  Small Cell      Squamous        
Y:Adenocarcinoma  43              4               25              
Y:Small Cell      3               0               9               
Y:Squamous        8               0               9               


[2D] Patient-level Confusion Matrix:
True \ Pred       Adenocarcinoma  Small Cell      Squamous        
Y:Adenocarcinoma  23              4               10              
Y:Small Cell      2               0               4               
Y:Squamous        5               0               4               

[dapt] Epoch 10 Summary => TrainLoss: 1.0277, TrainMacroF1: 0.4707, ValMacroF1(patient): 0.3276/0.3287 (cur/roll3)
[dapt] Patient current vs rolling-3: accuracy 0.5192/0.5321, balanced_accuracy 0.3554/0.3614, macro_precision 0.3296/0.3281, macro_recall 0.3554/0.3614, macro_f1 0.3276/0.3287

--- dapt Epoch 11/30 | lr=8.43e-05 ---
[2D] Epoch 11 [50/78] Loss: 1.0207 Time: 8.01s
[2D] Epoch 11 [78/78] Loss: 1.0188 Time: 3.80s
[2D] Train Epoch 11 (slice-level) => Loss: 1.0188, Acc: 0.5143, MacroF1: 0.4895

[2D] Starting validation...
[2D] Val (slice-level, n=786) => Acc: 0.5458, MacroF1: 0.4037
[2D] Val (volume-level, n=101) => Loss: 1.1709, Acc: 0.5842, BalancedAcc: 0.4011, MacroPrecision: 0.3999, MacroRecall: 0.4011, MacroF1: 0.3964
[2D] Val (patient-level, n=52) => Acc: 0.5769, BalancedAcc: 0.3544, MacroPrecision: 0.3647, MacroRecall: 0.3544, MacroF1: 0.3588

[2D] Volume-level Confusion Matrix:
True \ Pred       Adenocarcinoma  Small Cell      Squamous        
Y:Adenocarcinoma  51              13              8               
Y:Small Cell      4               1               7               
Y:Squamous        7               3               7               


[2D] Patient-level Confusion Matrix:
True \ Pred       Adenocarcinoma  Small Cell      Squamous        
Y:Adenocarcinoma  27              7               3               
Y:Small Cell      2               0               4               
Y:Squamous        5               1               3               

[dapt] Epoch 11 Summary => TrainLoss: 1.0188, TrainMacroF1: 0.4895, ValMacroF1(patient): 0.3588/0.3455 (cur/roll3)
[dapt] Patient current vs rolling-3: accuracy 0.5769/0.5577, balanced_accuracy 0.3544/0.3640, macro_precision 0.3647/0.3451, macro_recall 0.3544/0.3640, macro_f1 0.3588/0.3455

--- dapt Epoch 12/30 | lr=7.99e-05 ---
[2D] Epoch 12 [50/78] Loss: 1.0067 Time: 8.21s
[2D] Epoch 12 [78/78] Loss: 1.0112 Time: 3.62s
[2D] Train Epoch 12 (slice-level) => Loss: 1.0112, Acc: 0.5482, MacroF1: 0.5391

[2D] Starting validation...
[2D] Val (slice-level, n=786) => Acc: 0.5598, MacroF1: 0.3982
[2D] Val (volume-level, n=101) => Loss: 15.3319, Acc: 0.5842, BalancedAcc: 0.3780, MacroPrecision: 0.3769, MacroRecall: 0.3780, MacroF1: 0.3746
[2D] Val (patient-level, n=52) => Acc: 0.5962, BalancedAcc: 0.3634, MacroPrecision: 0.3500, MacroRecall: 0.3634, MacroF1: 0.3545

[2D] Volume-level Confusion Matrix:
True \ Pred       Adenocarcinoma  Small Cell      Squamous        
Y:Adenocarcinoma  52              13              7               
Y:Small Cell      4               0               8               
Y:Squamous        8               2               7               


[2D] Patient-level Confusion Matrix:
True \ Pred       Adenocarcinoma  Small Cell      Squamous        
Y:Adenocarcinoma  28              4               5               
Y:Small Cell      2               0               4               
Y:Squamous        5               1               3               

[dapt] Epoch 12 Summary => TrainLoss: 1.0112, TrainMacroF1: 0.5391, ValMacroF1(patient): 0.3545/0.3470 (cur/roll3)
[dapt] Patient current vs rolling-3: accuracy 0.5962/0.5641, balanced_accuracy 0.3634/0.3577, macro_precision 0.3500/0.3481, macro_recall 0.3634/0.3577, macro_f1 0.3545/0.3470

--- dapt Epoch 13/30 | lr=7.50e-05 ---
[2D] Epoch 13 [50/78] Loss: 1.0049 Time: 8.35s
[2D] Epoch 13 [78/78] Loss: 1.0011 Time: 3.69s
[2D] Train Epoch 13 (slice-level) => Loss: 1.0011, Acc: 0.5418, MacroF1: 0.5333

[2D] Starting validation...
[2D] Val (slice-level, n=786) => Acc: 0.5445, MacroF1: 0.4016
[2D] Val (volume-level, n=101) => Loss: 1.0004, Acc: 0.5941, BalancedAcc: 0.4657, MacroPrecision: 0.4488, MacroRecall: 0.4657, MacroF1: 0.4415
[2D] Val (patient-level, n=52) => Acc: 0.5962, BalancedAcc: 0.4194, MacroPrecision: 0.4079, MacroRecall: 0.4194, MacroF1: 0.4036

[2D] Volume-level Confusion Matrix:
True \ Pred       Adenocarcinoma  Small Cell      Squamous        
Y:Adenocarcinoma  48              15              9               
Y:Small Cell      4               1               7               
Y:Squamous        2               4               11              


[2D] Patient-level Confusion Matrix:
True \ Pred       Adenocarcinoma  Small Cell      Squamous        
Y:Adenocarcinoma  26              6               5               
Y:Small Cell      2               0               4               
Y:Squamous        2               2               5               

[dapt] Epoch 13 Summary => TrainLoss: 1.0011, TrainMacroF1: 0.5333, ValMacroF1(patient): 0.4036/0.3723 (cur/roll3)
[dapt] Patient current vs rolling-3: accuracy 0.5962/0.5897, balanced_accuracy 0.4194/0.3790, macro_precision 0.4079/0.3742, macro_recall 0.4194/0.3790, macro_f1 0.4036/0.3723

--- dapt Epoch 14/30 | lr=6.98e-05 ---
[2D] Epoch 14 [50/78] Loss: 0.9981 Time: 7.48s
[2D] Epoch 14 [78/78] Loss: 0.9996 Time: 4.14s
[2D] Train Epoch 14 (slice-level) => Loss: 0.9996, Acc: 0.5431, MacroF1: 0.5363

[2D] Starting validation...
[2D] Val (slice-level, n=786) => Acc: 0.5522, MacroF1: 0.4141
[2D] Val (volume-level, n=101) => Loss: 0.9732, Acc: 0.5941, BalancedAcc: 0.4575, MacroPrecision: 0.4309, MacroRecall: 0.4575, MacroF1: 0.4227
[2D] Val (patient-level, n=52) => Acc: 0.6154, BalancedAcc: 0.4565, MacroPrecision: 0.4272, MacroRecall: 0.4565, MacroF1: 0.4205

[2D] Volume-level Confusion Matrix:
True \ Pred       Adenocarcinoma  Small Cell      Squamous        
Y:Adenocarcinoma  48              14              10              
Y:Small Cell      3               0               9               
Y:Squamous        2               3               12              


[2D] Patient-level Confusion Matrix:
True \ Pred       Adenocarcinoma  Small Cell      Squamous        
Y:Adenocarcinoma  26              5               6               
Y:Small Cell      1               0               5               
Y:Squamous        1               2               6               

[dapt] Epoch 14 Summary => TrainLoss: 0.9996, TrainMacroF1: 0.5363, ValMacroF1(patient): 0.4205/0.3929 (cur/roll3)
[dapt] Patient current vs rolling-3: accuracy 0.6154/0.6026, balanced_accuracy 0.4565/0.4131, macro_precision 0.4272/0.3950, macro_recall 0.4565/0.4131, macro_f1 0.4205/0.3929

--- dapt Epoch 15/30 | lr=6.43e-05 ---
[2D] Epoch 15 [50/78] Loss: 0.9868 Time: 7.57s
[2D] Epoch 15 [78/78] Loss: 0.9815 Time: 3.53s
[2D] Train Epoch 15 (slice-level) => Loss: 0.9815, Acc: 0.5738, MacroF1: 0.5719

[2D] Starting validation...
[2D] Val (slice-level, n=786) => Acc: 0.5547, MacroF1: 0.4112
[2D] Val (volume-level, n=101) => Loss: 0.9536, Acc: 0.5743, BalancedAcc: 0.4183, MacroPrecision: 0.4168, MacroRecall: 0.4183, MacroF1: 0.4009
[2D] Val (patient-level, n=52) => Acc: 0.6346, BalancedAcc: 0.4935, MacroPrecision: 0.4468, MacroRecall: 0.4935, MacroF1: 0.4462

[2D] Volume-level Confusion Matrix:
True \ Pred       Adenocarcinoma  Small Cell      Squamous        
Y:Adenocarcinoma  48              14              10              
Y:Small Cell      3               0               9               
Y:Squamous        2               5               10              


[2D] Patient-level Confusion Matrix:
True \ Pred       Adenocarcinoma  Small Cell      Squamous        
Y:Adenocarcinoma  26              5               6               
Y:Small Cell      2               0               4               
Y:Squamous        0               2               7               

[dapt] Epoch 15 Summary => TrainLoss: 0.9815, TrainMacroF1: 0.5719, ValMacroF1(patient): 0.4462/0.4234 (cur/roll3)
[dapt] Patient current vs rolling-3: accuracy 0.6346/0.6154, balanced_accuracy 0.4935/0.4565, macro_precision 0.4468/0.4273, macro_recall 0.4935/0.4565, macro_f1 0.4462/0.4234

--- dapt Epoch 16/30 | lr=5.87e-05 ---
[2D] Epoch 16 [50/78] Loss: 0.9845 Time: 7.97s
[2D] Epoch 16 [78/78] Loss: 0.9813 Time: 4.06s
[2D] Train Epoch 16 (slice-level) => Loss: 0.9813, Acc: 0.5655, MacroF1: 0.5648

[2D] Starting validation...
[2D] Val (slice-level, n=786) => Acc: 0.5471, MacroF1: 0.4197
[2D] Val (volume-level, n=101) => Loss: 1.0059, Acc: 0.5743, BalancedAcc: 0.4564, MacroPrecision: 0.4503, MacroRecall: 0.4564, MacroF1: 0.4291
[2D] Val (patient-level, n=52) => Acc: 0.5769, BalancedAcc: 0.4104, MacroPrecision: 0.4198, MacroRecall: 0.4104, MacroF1: 0.3993

[2D] Volume-level Confusion Matrix:
True \ Pred       Adenocarcinoma  Small Cell      Squamous        
Y:Adenocarcinoma  46              16              10              
Y:Small Cell      2               1               9               
Y:Squamous        1               5               11              


[2D] Patient-level Confusion Matrix:
True \ Pred       Adenocarcinoma  Small Cell      Squamous        
Y:Adenocarcinoma  25              7               5               
Y:Small Cell      1               0               5               
Y:Squamous        1               3               5               

[dapt] Epoch 16 Summary => TrainLoss: 0.9813, TrainMacroF1: 0.5648, ValMacroF1(patient): 0.3993/0.4220 (cur/roll3)
[dapt] Patient current vs rolling-3: accuracy 0.5769/0.6090, balanced_accuracy 0.4104/0.4535, macro_precision 0.4198/0.4312, macro_recall 0.4104/0.4535, macro_f1 0.3993/0.4220

--- dapt Epoch 17/30 | lr=5.29e-05 ---
[2D] Epoch 17 [50/78] Loss: 0.9733 Time: 7.29s
[2D] Epoch 17 [78/78] Loss: 0.9781 Time: 3.64s
[2D] Train Epoch 17 (slice-level) => Loss: 0.9781, Acc: 0.5846, MacroF1: 0.5849

[2D] Starting validation...
[2D] Val (slice-level, n=786) => Acc: 0.5458, MacroF1: 0.4296
[2D] Val (volume-level, n=101) => Loss: 1.3096, Acc: 0.5941, BalancedAcc: 0.4888, MacroPrecision: 0.4701, MacroRecall: 0.4888, MacroF1: 0.4555
[2D] Val (patient-level, n=52) => Acc: 0.6346, BalancedAcc: 0.5586, MacroPrecision: 0.5256, MacroRecall: 0.5586, MacroF1: 0.5165

[2D] Volume-level Confusion Matrix:
True \ Pred       Adenocarcinoma  Small Cell      Squamous        
Y:Adenocarcinoma  47              15              10              
Y:Small Cell      2               2               8               
Y:Squamous        1               5               11              


[2D] Patient-level Confusion Matrix:
True \ Pred       Adenocarcinoma  Small Cell      Squamous        
Y:Adenocarcinoma  25              8               4               
Y:Small Cell      1               2               3               
Y:Squamous        0               3               6               

[dapt] Epoch 17 Summary => TrainLoss: 0.9781, TrainMacroF1: 0.5849, ValMacroF1(patient): 0.5165/0.4540 (cur/roll3)
[dapt] Patient current vs rolling-3: accuracy 0.6346/0.6154, balanced_accuracy 0.5586/0.4875, macro_precision 0.5256/0.4641, macro_recall 0.5586/0.4875, macro_f1 0.5165/0.4540

--- dapt Epoch 18/30 | lr=4.71e-05 ---
[2D] Epoch 18 [50/78] Loss: 0.9584 Time: 7.64s
[2D] Epoch 18 [78/78] Loss: 0.9644 Time: 3.62s
[2D] Train Epoch 18 (slice-level) => Loss: 0.9644, Acc: 0.5878, MacroF1: 0.5878

[2D] Starting validation...
[2D] Val (slice-level, n=786) => Acc: 0.5712, MacroF1: 0.4366
[2D] Val (volume-level, n=101) => Loss: 1.2909, Acc: 0.6040, BalancedAcc: 0.4703, MacroPrecision: 0.4572, MacroRecall: 0.4703, MacroF1: 0.4437
[2D] Val (patient-level, n=52) => Acc: 0.6538, BalancedAcc: 0.5025, MacroPrecision: 0.4587, MacroRecall: 0.5025, MacroF1: 0.4564

[2D] Volume-level Confusion Matrix:
True \ Pred       Adenocarcinoma  Small Cell      Squamous        
Y:Adenocarcinoma  49              14              9               
Y:Small Cell      2               1               9               
Y:Squamous        1               5               11              


[2D] Patient-level Confusion Matrix:
True \ Pred       Adenocarcinoma  Small Cell      Squamous        
Y:Adenocarcinoma  27              5               5               
Y:Small Cell      1               0               5               
Y:Squamous        0               2               7               

[dapt] Epoch 18 Summary => TrainLoss: 0.9644, TrainMacroF1: 0.5878, ValMacroF1(patient): 0.4564/0.4574 (cur/roll3)
[dapt] Patient current vs rolling-3: accuracy 0.6538/0.6218, balanced_accuracy 0.5025/0.4905, macro_precision 0.4587/0.4680, macro_recall 0.5025/0.4905, macro_f1 0.4564/0.4574

--- dapt Epoch 19/30 | lr=4.13e-05 ---
[2D] Epoch 19 [50/78] Loss: 0.9784 Time: 8.54s
[2D] Epoch 19 [78/78] Loss: 0.9719 Time: 4.07s
[2D] Train Epoch 19 (slice-level) => Loss: 0.9719, Acc: 0.5805, MacroF1: 0.5806

[2D] Starting validation...
[2D] Val (slice-level, n=786) => Acc: 0.5573, MacroF1: 0.4266
[2D] Val (volume-level, n=101) => Loss: 1.1496, Acc: 0.6040, BalancedAcc: 0.5084, MacroPrecision: 0.4757, MacroRecall: 0.5084, MacroF1: 0.4652
[2D] Val (patient-level, n=52) => Acc: 0.6154, BalancedAcc: 0.4845, MacroPrecision: 0.4433, MacroRecall: 0.4845, MacroF1: 0.4312

[2D] Volume-level Confusion Matrix:
True \ Pred       Adenocarcinoma  Small Cell      Squamous        
Y:Adenocarcinoma  47              14              11              
Y:Small Cell      2               2               8               
Y:Squamous        1               4               12              


[2D] Patient-level Confusion Matrix:
True \ Pred       Adenocarcinoma  Small Cell      Squamous        
Y:Adenocarcinoma  25              5               7               
Y:Small Cell      1               0               5               
Y:Squamous        0               2               7               

[dapt] Epoch 19 Summary => TrainLoss: 0.9719, TrainMacroF1: 0.5806, ValMacroF1(patient): 0.4312/0.4681 (cur/roll3)
[dapt] Patient current vs rolling-3: accuracy 0.6154/0.6346, balanced_accuracy 0.4845/0.5152, macro_precision 0.4433/0.4759, macro_recall 0.4845/0.5152, macro_f1 0.4312/0.4681

--- dapt Epoch 20/30 | lr=3.57e-05 ---
[2D] Epoch 20 [50/78] Loss: 0.9690 Time: 7.04s
[2D] Epoch 20 [78/78] Loss: 0.9710 Time: 3.61s
[2D] Train Epoch 20 (slice-level) => Loss: 0.9710, Acc: 0.5803, MacroF1: 0.5802

[2D] Starting validation...
[2D] Val (slice-level, n=786) => Acc: 0.5929, MacroF1: 0.4436
[2D] Val (volume-level, n=101) => Loss: 2.3665, Acc: 0.6436, BalancedAcc: 0.5338, MacroPrecision: 0.4828, MacroRecall: 0.5338, MacroF1: 0.4793
[2D] Val (patient-level, n=52) => Acc: 0.6538, BalancedAcc: 0.5025, MacroPrecision: 0.4511, MacroRecall: 0.5025, MacroF1: 0.4498

[2D] Volume-level Confusion Matrix:
True \ Pred       Adenocarcinoma  Small Cell      Squamous        
Y:Adenocarcinoma  50              12              10              
Y:Small Cell      2               1               9               
Y:Squamous        0               3               14              


[2D] Patient-level Confusion Matrix:
True \ Pred       Adenocarcinoma  Small Cell      Squamous        
Y:Adenocarcinoma  27              4               6               
Y:Small Cell      1               0               5               
Y:Squamous        0               2               7               

[dapt] Epoch 20 Summary => TrainLoss: 0.9710, TrainMacroF1: 0.5802, ValMacroF1(patient): 0.4498/0.4458 (cur/roll3)
[dapt] Patient current vs rolling-3: accuracy 0.6538/0.6410, balanced_accuracy 0.5025/0.4965, macro_precision 0.4511/0.4510, macro_recall 0.5025/0.4965, macro_f1 0.4498/0.4458

--- dapt Epoch 21/30 | lr=3.02e-05 ---
[2D] Epoch 21 [50/78] Loss: 0.9577 Time: 8.24s
[2D] Epoch 21 [78/78] Loss: 0.9631 Time: 3.93s
[2D] Train Epoch 21 (slice-level) => Loss: 0.9631, Acc: 0.5962, MacroF1: 0.5970

[2D] Starting validation...
[2D] Val (slice-level, n=786) => Acc: 0.5662, MacroF1: 0.4351
[2D] Val (volume-level, n=101) => Loss: 2.0497, Acc: 0.6040, BalancedAcc: 0.4853, MacroPrecision: 0.4682, MacroRecall: 0.4853, MacroF1: 0.4486
[2D] Val (patient-level, n=52) => Acc: 0.6346, BalancedAcc: 0.4935, MacroPrecision: 0.4506, MacroRecall: 0.4935, MacroF1: 0.4437

[2D] Volume-level Confusion Matrix:
True \ Pred       Adenocarcinoma  Small Cell      Squamous        
Y:Adenocarcinoma  48              14              10              
Y:Small Cell      1               1               10              
Y:Squamous        0               5               12              


[2D] Patient-level Confusion Matrix:
True \ Pred       Adenocarcinoma  Small Cell      Squamous        
Y:Adenocarcinoma  26              5               6               
Y:Small Cell      1               0               5               
Y:Squamous        0               2               7               

[dapt] Epoch 21 Summary => TrainLoss: 0.9631, TrainMacroF1: 0.5970, ValMacroF1(patient): 0.4437/0.4416 (cur/roll3)
[dapt] Patient current vs rolling-3: accuracy 0.6346/0.6346, balanced_accuracy 0.4935/0.4935, macro_precision 0.4506/0.4483, macro_recall 0.4935/0.4935, macro_f1 0.4437/0.4416

--- dapt Epoch 22/30 | lr=2.50e-05 ---
[2D] Epoch 22 [50/78] Loss: 0.9503 Time: 9.21s
[2D] Epoch 22 [78/78] Loss: 0.9559 Time: 4.49s
[2D] Train Epoch 22 (slice-level) => Loss: 0.9559, Acc: 0.6034, MacroF1: 0.6042

[2D] Starting validation...
[2D] Val (slice-level, n=786) => Acc: 0.5776, MacroF1: 0.4406
[2D] Val (volume-level, n=101) => Loss: 2.2635, Acc: 0.6139, BalancedAcc: 0.4981, MacroPrecision: 0.4739, MacroRecall: 0.4981, MacroF1: 0.4645
[2D] Val (patient-level, n=52) => Acc: 0.6346, BalancedAcc: 0.5120, MacroPrecision: 0.4857, MacroRecall: 0.5120, MacroF1: 0.4822

[2D] Volume-level Confusion Matrix:
True \ Pred       Adenocarcinoma  Small Cell      Squamous        
Y:Adenocarcinoma  49              13              10              
Y:Small Cell      2               2               8               
Y:Squamous        1               5               11              


[2D] Patient-level Confusion Matrix:
True \ Pred       Adenocarcinoma  Small Cell      Squamous        
Y:Adenocarcinoma  26              7               4               
Y:Small Cell      1               1               4               
Y:Squamous        1               2               6               

[dapt] Epoch 22 Summary => TrainLoss: 0.9559, TrainMacroF1: 0.6042, ValMacroF1(patient): 0.4822/0.4586 (cur/roll3)
[dapt] Patient current vs rolling-3: accuracy 0.6346/0.6410, balanced_accuracy 0.5120/0.5027, macro_precision 0.4857/0.4625, macro_recall 0.5120/0.5027, macro_f1 0.4822/0.4586

--- dapt Epoch 23/30 | lr=2.01e-05 ---
[2D] Epoch 23 [50/78] Loss: 0.9517 Time: 7.59s
[2D] Epoch 23 [78/78] Loss: 0.9553 Time: 3.77s
[2D] Train Epoch 23 (slice-level) => Loss: 0.9553, Acc: 0.5929, MacroF1: 0.5933

[2D] Starting validation...
[2D] Val (slice-level, n=786) => Acc: 0.5636, MacroF1: 0.4474
[2D] Val (volume-level, n=101) => Loss: 1.4151, Acc: 0.6040, BalancedAcc: 0.5084, MacroPrecision: 0.4834, MacroRecall: 0.5084, MacroF1: 0.4684
[2D] Val (patient-level, n=52) => Acc: 0.6538, BalancedAcc: 0.5956, MacroPrecision: 0.5398, MacroRecall: 0.5956, MacroF1: 0.5339

[2D] Volume-level Confusion Matrix:
True \ Pred       Adenocarcinoma  Small Cell      Squamous        
Y:Adenocarcinoma  47              15              10              
Y:Small Cell      2               2               8               
Y:Squamous        0               5               12              


[2D] Patient-level Confusion Matrix:
True \ Pred       Adenocarcinoma  Small Cell      Squamous        
Y:Adenocarcinoma  25              7               5               
Y:Small Cell      0               2               4               
Y:Squamous        0               2               7               

[dapt] Epoch 23 Summary => TrainLoss: 0.9553, TrainMacroF1: 0.5933, ValMacroF1(patient): 0.5339/0.4866 (cur/roll3)
[dapt] Patient current vs rolling-3: accuracy 0.6538/0.6410, balanced_accuracy 0.5956/0.5337, macro_precision 0.5398/0.4920, macro_recall 0.5956/0.5337, macro_f1 0.5339/0.4866

--- dapt Epoch 24/30 | lr=1.57e-05 ---
[2D] Epoch 24 [50/78] Loss: 0.9402 Time: 7.09s
[2D] Epoch 24 [78/78] Loss: 0.9427 Time: 4.17s
[2D] Train Epoch 24 (slice-level) => Loss: 0.9427, Acc: 0.6191, MacroF1: 0.6199

[2D] Starting validation...
[2D] Val (slice-level, n=786) => Acc: 0.5496, MacroF1: 0.4305
[2D] Val (volume-level, n=101) => Loss: 1.2140, Acc: 0.6040, BalancedAcc: 0.5166, MacroPrecision: 0.4878, MacroRecall: 0.5166, MacroF1: 0.4769
[2D] Val (patient-level, n=52) => Acc: 0.6538, BalancedAcc: 0.5676, MacroPrecision: 0.5273, MacroRecall: 0.5676, MacroF1: 0.5202

[2D] Volume-level Confusion Matrix:
True \ Pred       Adenocarcinoma  Small Cell      Squamous        
Y:Adenocarcinoma  47              15              10              
Y:Small Cell      2               3               7               
Y:Squamous        1               5               11              


[2D] Patient-level Confusion Matrix:
True \ Pred       Adenocarcinoma  Small Cell      Squamous        
Y:Adenocarcinoma  26              6               5               
Y:Small Cell      0               2               4               
Y:Squamous        0               3               6               

[dapt] Epoch 24 Summary => TrainLoss: 0.9427, TrainMacroF1: 0.6199, ValMacroF1(patient): 0.5202/0.5121 (cur/roll3)
[dapt] Patient current vs rolling-3: accuracy 0.6538/0.6474, balanced_accuracy 0.5676/0.5584, macro_precision 0.5273/0.5176, macro_recall 0.5676/0.5584, macro_f1 0.5202/0.5121

--- dapt Epoch 25/30 | lr=1.17e-05 ---
[2D] Epoch 25 [50/78] Loss: 0.9501 Time: 7.22s
[2D] Epoch 25 [78/78] Loss: 0.9499 Time: 4.48s
[2D] Train Epoch 25 (slice-level) => Loss: 0.9499, Acc: 0.6134, MacroF1: 0.6142

[2D] Starting validation...
[2D] Val (slice-level, n=786) => Acc: 0.5420, MacroF1: 0.4283
[2D] Val (volume-level, n=101) => Loss: 1.1354, Acc: 0.5941, BalancedAcc: 0.5038, MacroPrecision: 0.4788, MacroRecall: 0.5038, MacroF1: 0.4614
[2D] Val (patient-level, n=52) => Acc: 0.6154, BalancedAcc: 0.5495, MacroPrecision: 0.5139, MacroRecall: 0.5495, MacroF1: 0.4964

[2D] Volume-level Confusion Matrix:
True \ Pred       Adenocarcinoma  Small Cell      Squamous        
Y:Adenocarcinoma  46              15              11              
Y:Small Cell      2               2               8               
Y:Squamous        0               5               12              


[2D] Patient-level Confusion Matrix:
True \ Pred       Adenocarcinoma  Small Cell      Squamous        
Y:Adenocarcinoma  24              7               6               
Y:Small Cell      0               2               4               
Y:Squamous        0               3               6               

[dapt] Epoch 25 Summary => TrainLoss: 0.9499, TrainMacroF1: 0.6142, ValMacroF1(patient): 0.4964/0.5168 (cur/roll3)
[dapt] Patient current vs rolling-3: accuracy 0.6154/0.6410, balanced_accuracy 0.5495/0.5709, macro_precision 0.5139/0.5270, macro_recall 0.5495/0.5709, macro_f1 0.4964/0.5168

--- dapt Epoch 26/30 | lr=8.23e-06 ---
[2D] Epoch 26 [50/78] Loss: 0.9563 Time: 6.99s
[2D] Epoch 26 [78/78] Loss: 0.9538 Time: 3.52s
[2D] Train Epoch 26 (slice-level) => Loss: 0.9538, Acc: 0.6008, MacroF1: 0.6010

[2D] Starting validation...
[2D] Val (slice-level, n=786) => Acc: 0.5585, MacroF1: 0.4391
[2D] Val (volume-level, n=101) => Loss: 0.9678, Acc: 0.6040, BalancedAcc: 0.4935, MacroPrecision: 0.4719, MacroRecall: 0.4935, MacroF1: 0.4600
[2D] Val (patient-level, n=52) => Acc: 0.6346, BalancedAcc: 0.5586, MacroPrecision: 0.5189, MacroRecall: 0.5586, MacroF1: 0.5125

[2D] Volume-level Confusion Matrix:
True \ Pred       Adenocarcinoma  Small Cell      Squamous        
Y:Adenocarcinoma  48              14              10              
Y:Small Cell      2               2               8               
Y:Squamous        1               5               11              


[2D] Patient-level Confusion Matrix:
True \ Pred       Adenocarcinoma  Small Cell      Squamous        
Y:Adenocarcinoma  25              7               5               
Y:Small Cell      1               2               3               
Y:Squamous        0               3               6               

[dapt] Epoch 26 Summary => TrainLoss: 0.9538, TrainMacroF1: 0.6010, ValMacroF1(patient): 0.5125/0.5097 (cur/roll3)
[dapt] Patient current vs rolling-3: accuracy 0.6346/0.6346, balanced_accuracy 0.5586/0.5586, macro_precision 0.5189/0.5200, macro_recall 0.5586/0.5586, macro_f1 0.5125/0.5097

--- dapt Epoch 27/30 | lr=5.32e-06 ---
[2D] Epoch 27 [50/78] Loss: 0.9570 Time: 8.25s
[2D] Epoch 27 [78/78] Loss: 0.9555 Time: 3.49s
[2D] Train Epoch 27 (slice-level) => Loss: 0.9555, Acc: 0.6034, MacroF1: 0.6043

[2D] Starting validation...
[2D] Val (slice-level, n=786) => Acc: 0.5751, MacroF1: 0.4369
[2D] Val (volume-level, n=101) => Loss: 1.8105, Acc: 0.6040, BalancedAcc: 0.4853, MacroPrecision: 0.4657, MacroRecall: 0.4853, MacroF1: 0.4498
[2D] Val (patient-level, n=52) => Acc: 0.6731, BalancedAcc: 0.5581, MacroPrecision: 0.5140, MacroRecall: 0.5581, MacroF1: 0.5158

[2D] Volume-level Confusion Matrix:
True \ Pred       Adenocarcinoma  Small Cell      Squamous        
Y:Adenocarcinoma  48              14              10              
Y:Small Cell      2               1               9               
Y:Squamous        0               5               12              


[2D] Patient-level Confusion Matrix:
True \ Pred       Adenocarcinoma  Small Cell      Squamous        
Y:Adenocarcinoma  27              6               4               
Y:Small Cell      1               1               4               
Y:Squamous        0               2               7               

[dapt] Epoch 27 Summary => TrainLoss: 0.9555, TrainMacroF1: 0.6043, ValMacroF1(patient): 0.5158/0.5082 (cur/roll3)
[dapt] Patient current vs rolling-3: accuracy 0.6731/0.6410, balanced_accuracy 0.5581/0.5554, macro_precision 0.5140/0.5156, macro_recall 0.5581/0.5554, macro_f1 0.5158/0.5082

--- dapt Epoch 28/30 | lr=3.02e-06 ---
[2D] Epoch 28 [50/78] Loss: 0.9611 Time: 7.12s
[2D] Epoch 28 [78/78] Loss: 0.9621 Time: 4.18s
[2D] Train Epoch 28 (slice-level) => Loss: 0.9621, Acc: 0.6018, MacroF1: 0.6027

[2D] Starting validation...
[2D] Val (slice-level, n=786) => Acc: 0.5840, MacroF1: 0.4412
[2D] Val (volume-level, n=101) => Loss: 1.2021, Acc: 0.6139, BalancedAcc: 0.4749, MacroPrecision: 0.4584, MacroRecall: 0.4749, MacroF1: 0.4476
[2D] Val (patient-level, n=52) => Acc: 0.6538, BalancedAcc: 0.4745, MacroPrecision: 0.4444, MacroRecall: 0.4745, MacroF1: 0.4453

[2D] Volume-level Confusion Matrix:
True \ Pred       Adenocarcinoma  Small Cell      Squamous        
Y:Adenocarcinoma  50              13              9               
Y:Small Cell      2               1               9               
Y:Squamous        1               5               11              


[2D] Patient-level Confusion Matrix:
True \ Pred       Adenocarcinoma  Small Cell      Squamous        
Y:Adenocarcinoma  28              5               4               
Y:Small Cell      1               0               5               
Y:Squamous        1               2               6               

[dapt] Epoch 28 Summary => TrainLoss: 0.9621, TrainMacroF1: 0.6027, ValMacroF1(patient): 0.4453/0.4912 (cur/roll3)
[dapt] Patient current vs rolling-3: accuracy 0.6538/0.6538, balanced_accuracy 0.4745/0.5304, macro_precision 0.4444/0.4925, macro_recall 0.4745/0.5304, macro_f1 0.4453/0.4912

--- dapt Epoch 29/30 | lr=1.35e-06 ---
[2D] Epoch 29 [50/78] Loss: 0.9638 Time: 9.44s
[2D] Epoch 29 [78/78] Loss: 0.9625 Time: 4.78s
[2D] Train Epoch 29 (slice-level) => Loss: 0.9625, Acc: 0.5867, MacroF1: 0.5873

[2D] Starting validation...
[2D] Val (slice-level, n=786) => Acc: 0.5662, MacroF1: 0.4387
[2D] Val (volume-level, n=101) => Loss: 0.9528, Acc: 0.6238, BalancedAcc: 0.5327, MacroPrecision: 0.4931, MacroRecall: 0.5327, MacroF1: 0.4845
[2D] Val (patient-level, n=52) => Acc: 0.6538, BalancedAcc: 0.5490, MacroPrecision: 0.5076, MacroRecall: 0.5490, MacroF1: 0.4991

[2D] Volume-level Confusion Matrix:
True \ Pred       Adenocarcinoma  Small Cell      Squamous        
Y:Adenocarcinoma  48              14              10              
Y:Small Cell      2               2               8               
Y:Squamous        0               4               13              


[2D] Patient-level Confusion Matrix:
True \ Pred       Adenocarcinoma  Small Cell      Squamous        
Y:Adenocarcinoma  26              6               5               
Y:Small Cell      0               1               5               
Y:Squamous        0               2               7               

[dapt] Epoch 29 Summary => TrainLoss: 0.9625, TrainMacroF1: 0.5873, ValMacroF1(patient): 0.4991/0.4867 (cur/roll3)
[dapt] Patient current vs rolling-3: accuracy 0.6538/0.6603, balanced_accuracy 0.5490/0.5272, macro_precision 0.5076/0.4887, macro_recall 0.5490/0.5272, macro_f1 0.4991/0.4867

--- dapt Epoch 30/30 | lr=3.38e-07 ---
[2D] Epoch 30 [50/78] Loss: 0.9412 Time: 10.56s
[2D] Epoch 30 [78/78] Loss: 0.9416 Time: 4.59s
[2D] Train Epoch 30 (slice-level) => Loss: 0.9416, Acc: 0.6043, MacroF1: 0.6044

[2D] Starting validation...
[2D] Val (slice-level, n=786) => Acc: 0.5433, MacroF1: 0.4283
[2D] Val (volume-level, n=101) => Loss: 0.9764, Acc: 0.5842, BalancedAcc: 0.4924, MacroPrecision: 0.4736, MacroRecall: 0.4924, MacroF1: 0.4571
[2D] Val (patient-level, n=52) => Acc: 0.6538, BalancedAcc: 0.5676, MacroPrecision: 0.5317, MacroRecall: 0.5676, MacroF1: 0.5231

[2D] Volume-level Confusion Matrix:
True \ Pred       Adenocarcinoma  Small Cell      Squamous        
Y:Adenocarcinoma  46              15              11              
Y:Small Cell      2               3               7               
Y:Squamous        1               6               10              


[2D] Patient-level Confusion Matrix:
True \ Pred       Adenocarcinoma  Small Cell      Squamous        
Y:Adenocarcinoma  26              7               4               
Y:Small Cell      0               2               4               
Y:Squamous        0               3               6               

[dapt] Epoch 30 Summary => TrainLoss: 0.9416, TrainMacroF1: 0.6044, ValMacroF1(patient): 0.5231/0.4892 (cur/roll3)
[dapt] Patient current vs rolling-3: accuracy 0.6538/0.6538, balanced_accuracy 0.5676/0.5304, macro_precision 0.5317/0.4946, macro_recall 0.5676/0.5304, macro_f1 0.5231/0.4892

[2D] Starting validation...
/home/hansstem/anaconda3/envs/sclc/lib/python3.12/site-packages/monai/utils/deprecate_utils.py:321: FutureWarning: monai.transforms.spatial.dictionary Orientationd.__init__:labels: Current default value of argument `labels=(('L', 'R'), ('P', 'A'), ('I', 'S'))` was changed in version None from `labels=(('L', 'R'), ('P', 'A'), ('I', 'S'))` to `labels=None`. Default value changed to None meaning that the transform now uses the 'space' of a meta-tensor, if applicable, to determine appropriate axis labels.
  warn_deprecated(argname, msg, warning_category)
[2D] Val (slice-level, n=834) => Acc: 0.5564, MacroF1: 0.4485
[2D] Val (volume-level, n=106) => Loss: 5078.3968, Acc: 0.5943, BalancedAcc: 0.5161, MacroPrecision: 0.4790, MacroRecall: 0.5161, MacroF1: 0.4664
[2D] Val (patient-level, n=53) => Acc: 0.6038, BalancedAcc: 0.5439, MacroPrecision: 0.4920, MacroRecall: 0.5439, MacroF1: 0.4872

[2D] Volume-level Confusion Matrix:
True \ Pred       Adenocarcinoma  Small Cell      Squamous        
Y:Adenocarcinoma  48              13              15              
Y:Small Cell      2               3               7               
Y:Squamous        1               5               12              


[2D] Patient-level Confusion Matrix:
True \ Pred       Adenocarcinoma  Small Cell      Squamous        
Y:Adenocarcinoma  24              6               8               
Y:Small Cell      1               2               3               
Y:Squamous        1               2               6               

Warning: Unknown morphological group 'Non-small cell carcinoma' for patient patient_020843 — skipping
[3D big_lunge] Excluding 3 truncated-lung-mask patients: ['patient_022269', 'patient_057069', 'patient_091821']
Found 302 patients with labels.
Split 'train': 211 patients.
  211 images, class distribution: {2: 71, 0: 73, 1: 67}
Split 'val': 45 patients.
  45 images, class distribution: {0: 16, 2: 15, 1: 14}
Split 'test': 46 patients.
  46 images, class distribution: {1: 14, 2: 16, 0: 16}
[2D big_lunge train] 1510 slices from 196 volumes / 196 patients (dropped: no_mask=3, no_tumor_slices=12), classes={2: 529, 0: 500, 1: 481}
[2D big_lunge val] 322 slices from 41 volumes / 41 patients (dropped: no_mask=1, no_tumor_slices=3), classes={0: 120, 2: 98, 1: 104}
[2D big_lunge test] 332 slices from 43 volumes / 43 patients (dropped: no_mask=0, no_tumor_slices=3), classes={1: 99, 2: 118, 0: 115}
[2D big_lunge] dropped-patient inventory -> /home/hansstem/.cache/monai_biglunge_2d/img224_crop96_mp1/dropped_patients.json
[2D] PersistentDataset cache_dir='/home/hansstem/.cache/monai_biglunge_2d/img224_crop96_mp1/train'
[2D] PersistentDataset cache_dir='/home/hansstem/.cache/monai_biglunge_2d/img224_crop96_mp1/val'
[2D] PersistentDataset cache_dir='/home/hansstem/.cache/monai_biglunge_2d/img224_crop96_mp1/test'
[WRS big_lunge] counts {0=500, 1=481, 2=529} | oversample_factor=1.10 (max_weight/min_weight)
[big_lunge] Train class distribution: {2: 529, 0: 500, 1: 481}

--- finetune Epoch 1/40 | lr(backbone/head)=3.00e-06/3.00e-05 ---
[2D] Epoch 1 [32/32] Loss: 1.1667 Time: 5.73s
[2D] Train Epoch 1 (slice-level) => Loss: 1.1667, Acc: 0.3589, MacroF1: 0.3581

[2D] Starting validation...
[2D] Val (slice-level, n=322) => Acc: 0.3665, MacroF1: 0.3735
[2D] Val (volume-level, n=41) => Loss: 1.2106, Acc: 0.3902, BalancedAcc: 0.3932, MacroPrecision: 0.4825, MacroRecall: 0.3932, MacroF1: 0.4151
[2D] Val (patient-level, n=41) => Acc: 0.3902, BalancedAcc: 0.3932, MacroPrecision: 0.4825, MacroRecall: 0.3932, MacroF1: 0.4151

[2D] Volume-level Confusion Matrix:
True \ Pred       Adenocarcinoma  Small Cell      Squamous        
Y:Adenocarcinoma  5               0               10              
Y:Small Cell      4               6               3               
Y:Squamous        7               1               5               


[2D] Patient-level Confusion Matrix:
True \ Pred       Adenocarcinoma  Small Cell      Squamous        
Y:Adenocarcinoma  5               0               10              
Y:Small Cell      4               6               3               
Y:Squamous        7               1               5               

[finetune] Epoch 1 Summary => TrainLoss: 1.1667, TrainMacroF1: 0.3581, ValMacroF1(patient): 0.4151/0.4151 (cur/roll3)
[finetune] Patient current vs rolling-3: accuracy 0.3902/0.3902, balanced_accuracy 0.3932/0.3932, macro_precision 0.4825/0.4825, macro_recall 0.3932/0.3932, macro_f1 0.4151/0.4151

--- finetune Epoch 2/40 | lr(backbone/head)=3.00e-06/3.00e-05 ---
[2D] Epoch 2 [32/32] Loss: 1.1781 Time: 5.42s
[2D] Train Epoch 2 (slice-level) => Loss: 1.1781, Acc: 0.3477, MacroF1: 0.3472

[2D] Starting validation...
[2D] Val (slice-level, n=322) => Acc: 0.3509, MacroF1: 0.3537
[2D] Val (volume-level, n=41) => Loss: 1.2409, Acc: 0.3659, BalancedAcc: 0.3675, MacroPrecision: 0.4684, MacroRecall: 0.3675, MacroF1: 0.3871
[2D] Val (patient-level, n=41) => Acc: 0.3659, BalancedAcc: 0.3675, MacroPrecision: 0.4684, MacroRecall: 0.3675, MacroF1: 0.3871

[2D] Volume-level Confusion Matrix:
True \ Pred       Adenocarcinoma  Small Cell      Squamous        
Y:Adenocarcinoma  5               0               10              
Y:Small Cell      5               5               3               
Y:Squamous        7               1               5               


[2D] Patient-level Confusion Matrix:
True \ Pred       Adenocarcinoma  Small Cell      Squamous        
Y:Adenocarcinoma  5               0               10              
Y:Small Cell      5               5               3               
Y:Squamous        7               1               5               

[finetune] Epoch 2 Summary => TrainLoss: 1.1781, TrainMacroF1: 0.3472, ValMacroF1(patient): 0.3871/0.4011 (cur/roll3)
[finetune] Patient current vs rolling-3: accuracy 0.3659/0.3780, balanced_accuracy 0.3675/0.3803, macro_precision 0.4684/0.4754, macro_recall 0.3675/0.3803, macro_f1 0.3871/0.4011

--- finetune Epoch 3/40 | lr(backbone/head)=2.98e-06/2.98e-05 ---
[2D] Epoch 3 [32/32] Loss: 1.1709 Time: 4.76s
[2D] Train Epoch 3 (slice-level) => Loss: 1.1709, Acc: 0.3570, MacroF1: 0.3566

[2D] Starting validation...
[2D] Val (slice-level, n=322) => Acc: 0.3727, MacroF1: 0.3793
[2D] Val (volume-level, n=41) => Loss: 1.2050, Acc: 0.3902, BalancedAcc: 0.3932, MacroPrecision: 0.4825, MacroRecall: 0.3932, MacroF1: 0.4151
[2D] Val (patient-level, n=41) => Acc: 0.3902, BalancedAcc: 0.3932, MacroPrecision: 0.4825, MacroRecall: 0.3932, MacroF1: 0.4151

[2D] Volume-level Confusion Matrix:
True \ Pred       Adenocarcinoma  Small Cell      Squamous        
Y:Adenocarcinoma  5               0               10              
Y:Small Cell      4               6               3               
Y:Squamous        7               1               5               


[2D] Patient-level Confusion Matrix:
True \ Pred       Adenocarcinoma  Small Cell      Squamous        
Y:Adenocarcinoma  5               0               10              
Y:Small Cell      4               6               3               
Y:Squamous        7               1               5               

[finetune] Epoch 3 Summary => TrainLoss: 1.1709, TrainMacroF1: 0.3566, ValMacroF1(patient): 0.4151/0.4057 (cur/roll3)
[finetune] Patient current vs rolling-3: accuracy 0.3902/0.3821, balanced_accuracy 0.3932/0.3846, macro_precision 0.4825/0.4778, macro_recall 0.3932/0.3846, macro_f1 0.4151/0.4057

--- finetune Epoch 4/40 | lr(backbone/head)=2.96e-06/2.96e-05 ---
[2D] Epoch 4 [32/32] Loss: 1.1553 Time: 3.45s
[2D] Train Epoch 4 (slice-level) => Loss: 1.1553, Acc: 0.3517, MacroF1: 0.3511

[2D] Starting validation...
[2D] Val (slice-level, n=322) => Acc: 0.3727, MacroF1: 0.3795
[2D] Val (volume-level, n=41) => Loss: 1.2049, Acc: 0.3902, BalancedAcc: 0.3932, MacroPrecision: 0.4825, MacroRecall: 0.3932, MacroF1: 0.4151
[2D] Val (patient-level, n=41) => Acc: 0.3902, BalancedAcc: 0.3932, MacroPrecision: 0.4825, MacroRecall: 0.3932, MacroF1: 0.4151

[2D] Volume-level Confusion Matrix:
True \ Pred       Adenocarcinoma  Small Cell      Squamous        
Y:Adenocarcinoma  5               0               10              
Y:Small Cell      4               6               3               
Y:Squamous        7               1               5               


[2D] Patient-level Confusion Matrix:
True \ Pred       Adenocarcinoma  Small Cell      Squamous        
Y:Adenocarcinoma  5               0               10              
Y:Small Cell      4               6               3               
Y:Squamous        7               1               5               

[finetune] Epoch 4 Summary => TrainLoss: 1.1553, TrainMacroF1: 0.3511, ValMacroF1(patient): 0.4151/0.4057 (cur/roll3)
[finetune] Patient current vs rolling-3: accuracy 0.3902/0.3821, balanced_accuracy 0.3932/0.3846, macro_precision 0.4825/0.4778, macro_recall 0.3932/0.3846, macro_f1 0.4151/0.4057

--- finetune Epoch 5/40 | lr(backbone/head)=2.93e-06/2.93e-05 ---
[2D] Epoch 5 [32/32] Loss: 1.1601 Time: 3.45s
[2D] Train Epoch 5 (slice-level) => Loss: 1.1601, Acc: 0.3503, MacroF1: 0.3501

[2D] Starting validation...
[2D] Val (slice-level, n=322) => Acc: 0.3727, MacroF1: 0.3789
[2D] Val (volume-level, n=41) => Loss: 1.1979, Acc: 0.3659, BalancedAcc: 0.3675, MacroPrecision: 0.4697, MacroRecall: 0.3675, MacroF1: 0.3871
[2D] Val (patient-level, n=41) => Acc: 0.3659, BalancedAcc: 0.3675, MacroPrecision: 0.4697, MacroRecall: 0.3675, MacroF1: 0.3871

[2D] Volume-level Confusion Matrix:
True \ Pred       Adenocarcinoma  Small Cell      Squamous        
Y:Adenocarcinoma  5               0               10              
Y:Small Cell      4               5               4               
Y:Squamous        7               1               5               


[2D] Patient-level Confusion Matrix:
True \ Pred       Adenocarcinoma  Small Cell      Squamous        
Y:Adenocarcinoma  5               0               10              
Y:Small Cell      4               5               4               
Y:Squamous        7               1               5               

[finetune] Epoch 5 Summary => TrainLoss: 1.1601, TrainMacroF1: 0.3501, ValMacroF1(patient): 0.3871/0.4057 (cur/roll3)
[finetune] Patient current vs rolling-3: accuracy 0.3659/0.3821, balanced_accuracy 0.3675/0.3846, macro_precision 0.4697/0.4782, macro_recall 0.3675/0.3846, macro_f1 0.3871/0.4057

--- finetune Epoch 6/40 | lr(backbone/head)=2.89e-06/2.89e-05 ---
[2D] Epoch 6 [32/32] Loss: 1.1517 Time: 7.12s
[2D] Train Epoch 6 (slice-level) => Loss: 1.1517, Acc: 0.3874, MacroF1: 0.3873

[2D] Starting validation...
[2D] Val (slice-level, n=322) => Acc: 0.3696, MacroF1: 0.3770
[2D] Val (volume-level, n=41) => Loss: 1.2083, Acc: 0.3902, BalancedAcc: 0.3932, MacroPrecision: 0.4825, MacroRecall: 0.3932, MacroF1: 0.4151
[2D] Val (patient-level, n=41) => Acc: 0.3902, BalancedAcc: 0.3932, MacroPrecision: 0.4825, MacroRecall: 0.3932, MacroF1: 0.4151

[2D] Volume-level Confusion Matrix:
True \ Pred       Adenocarcinoma  Small Cell      Squamous        
Y:Adenocarcinoma  5               0               10              
Y:Small Cell      4               6               3               
Y:Squamous        7               1               5               


[2D] Patient-level Confusion Matrix:
True \ Pred       Adenocarcinoma  Small Cell      Squamous        
Y:Adenocarcinoma  5               0               10              
Y:Small Cell      4               6               3               
Y:Squamous        7               1               5               

[finetune] Epoch 6 Summary => TrainLoss: 1.1517, TrainMacroF1: 0.3873, ValMacroF1(patient): 0.4151/0.4057 (cur/roll3)
[finetune] Patient current vs rolling-3: accuracy 0.3902/0.3821, balanced_accuracy 0.3932/0.3846, macro_precision 0.4825/0.4782, macro_recall 0.3932/0.3846, macro_f1 0.4151/0.4057

--- finetune Epoch 7/40 | lr(backbone/head)=2.84e-06/2.84e-05 ---
[2D] Epoch 7 [32/32] Loss: 1.1709 Time: 5.95s
[2D] Train Epoch 7 (slice-level) => Loss: 1.1709, Acc: 0.3430, MacroF1: 0.3425

[2D] Starting validation...
[2D] Val (slice-level, n=322) => Acc: 0.3789, MacroF1: 0.3858
[2D] Val (volume-level, n=41) => Loss: 1.1974, Acc: 0.3902, BalancedAcc: 0.3932, MacroPrecision: 0.4825, MacroRecall: 0.3932, MacroF1: 0.4151
[2D] Val (patient-level, n=41) => Acc: 0.3902, BalancedAcc: 0.3932, MacroPrecision: 0.4825, MacroRecall: 0.3932, MacroF1: 0.4151

[2D] Volume-level Confusion Matrix:
True \ Pred       Adenocarcinoma  Small Cell      Squamous        
Y:Adenocarcinoma  5               0               10              
Y:Small Cell      4               6               3               
Y:Squamous        7               1               5               


[2D] Patient-level Confusion Matrix:
True \ Pred       Adenocarcinoma  Small Cell      Squamous        
Y:Adenocarcinoma  5               0               10              
Y:Small Cell      4               6               3               
Y:Squamous        7               1               5               

[finetune] Epoch 7 Summary => TrainLoss: 1.1709, TrainMacroF1: 0.3425, ValMacroF1(patient): 0.4151/0.4057 (cur/roll3)
[finetune] Patient current vs rolling-3: accuracy 0.3902/0.3821, balanced_accuracy 0.3932/0.3846, macro_precision 0.4825/0.4782, macro_recall 0.3932/0.3846, macro_f1 0.4151/0.4057

--- finetune Epoch 8/40 | lr(backbone/head)=2.78e-06/2.78e-05 ---
[2D] Epoch 8 [32/32] Loss: 1.1668 Time: 5.23s
[2D] Train Epoch 8 (slice-level) => Loss: 1.1668, Acc: 0.3808, MacroF1: 0.3807

[2D] Starting validation...
[2D] Val (slice-level, n=322) => Acc: 0.3665, MacroF1: 0.3736
[2D] Val (volume-level, n=41) => Loss: 1.1931, Acc: 0.3902, BalancedAcc: 0.3932, MacroPrecision: 0.4825, MacroRecall: 0.3932, MacroF1: 0.4151
[2D] Val (patient-level, n=41) => Acc: 0.3902, BalancedAcc: 0.3932, MacroPrecision: 0.4825, MacroRecall: 0.3932, MacroF1: 0.4151

[2D] Volume-level Confusion Matrix:
True \ Pred       Adenocarcinoma  Small Cell      Squamous        
Y:Adenocarcinoma  5               0               10              
Y:Small Cell      4               6               3               
Y:Squamous        7               1               5               


[2D] Patient-level Confusion Matrix:
True \ Pred       Adenocarcinoma  Small Cell      Squamous        
Y:Adenocarcinoma  5               0               10              
Y:Small Cell      4               6               3               
Y:Squamous        7               1               5               

[finetune] Epoch 8 Summary => TrainLoss: 1.1668, TrainMacroF1: 0.3807, ValMacroF1(patient): 0.4151/0.4151 (cur/roll3)
[finetune] Patient current vs rolling-3: accuracy 0.3902/0.3902, balanced_accuracy 0.3932/0.3932, macro_precision 0.4825/0.4825, macro_recall 0.3932/0.3932, macro_f1 0.4151/0.4151

--- finetune Epoch 9/40 | lr(backbone/head)=2.71e-06/2.71e-05 ---
[2D] Epoch 9 [32/32] Loss: 1.1558 Time: 6.01s
[2D] Train Epoch 9 (slice-level) => Loss: 1.1558, Acc: 0.3728, MacroF1: 0.3717

[2D] Starting validation...
[2D] Val (slice-level, n=322) => Acc: 0.3665, MacroF1: 0.3742
[2D] Val (volume-level, n=41) => Loss: 1.1854, Acc: 0.4146, BalancedAcc: 0.4188, MacroPrecision: 0.4954, MacroRecall: 0.4188, MacroF1: 0.4409
[2D] Val (patient-level, n=41) => Acc: 0.4146, BalancedAcc: 0.4188, MacroPrecision: 0.4954, MacroRecall: 0.4188, MacroF1: 0.4409

[2D] Volume-level Confusion Matrix:
True \ Pred       Adenocarcinoma  Small Cell      Squamous        
Y:Adenocarcinoma  5               0               10              
Y:Small Cell      3               7               3               
Y:Squamous        7               1               5               


[2D] Patient-level Confusion Matrix:
True \ Pred       Adenocarcinoma  Small Cell      Squamous        
Y:Adenocarcinoma  5               0               10              
Y:Small Cell      3               7               3               
Y:Squamous        7               1               5               

[finetune] Epoch 9 Summary => TrainLoss: 1.1558, TrainMacroF1: 0.3717, ValMacroF1(patient): 0.4409/0.4237 (cur/roll3)
[finetune] Patient current vs rolling-3: accuracy 0.4146/0.3984, balanced_accuracy 0.4188/0.4017, macro_precision 0.4954/0.4868, macro_recall 0.4188/0.4017, macro_f1 0.4409/0.4237

--- finetune Epoch 10/40 | lr(backbone/head)=2.64e-06/2.64e-05 ---
[2D] Epoch 10 [32/32] Loss: 1.1666 Time: 6.62s
[2D] Train Epoch 10 (slice-level) => Loss: 1.1666, Acc: 0.3377, MacroF1: 0.3371

[2D] Starting validation...
[2D] Val (slice-level, n=322) => Acc: 0.3634, MacroF1: 0.3682
[2D] Val (volume-level, n=41) => Loss: 1.2177, Acc: 0.3659, BalancedAcc: 0.3675, MacroPrecision: 0.4697, MacroRecall: 0.3675, MacroF1: 0.3871
[2D] Val (patient-level, n=41) => Acc: 0.3659, BalancedAcc: 0.3675, MacroPrecision: 0.4697, MacroRecall: 0.3675, MacroF1: 0.3871

[2D] Volume-level Confusion Matrix:
True \ Pred       Adenocarcinoma  Small Cell      Squamous        
Y:Adenocarcinoma  5               0               10              
Y:Small Cell      4               5               4               
Y:Squamous        7               1               5               


[2D] Patient-level Confusion Matrix:
True \ Pred       Adenocarcinoma  Small Cell      Squamous        
Y:Adenocarcinoma  5               0               10              
Y:Small Cell      4               5               4               
Y:Squamous        7               1               5               

[finetune] Epoch 10 Summary => TrainLoss: 1.1666, TrainMacroF1: 0.3371, ValMacroF1(patient): 0.3871/0.4143 (cur/roll3)
[finetune] Patient current vs rolling-3: accuracy 0.3659/0.3902, balanced_accuracy 0.3675/0.3932, macro_precision 0.4697/0.4825, macro_recall 0.3675/0.3932, macro_f1 0.3871/0.4143

--- finetune Epoch 11/40 | lr(backbone/head)=2.56e-06/2.56e-05 ---
[2D] Epoch 11 [32/32] Loss: 1.1308 Time: 6.18s
[2D] Train Epoch 11 (slice-level) => Loss: 1.1308, Acc: 0.3854, MacroF1: 0.3850

[2D] Starting validation...
[2D] Val (slice-level, n=322) => Acc: 0.3634, MacroF1: 0.3694
[2D] Val (volume-level, n=41) => Loss: 2.0973, Acc: 0.3659, BalancedAcc: 0.3675, MacroPrecision: 0.4697, MacroRecall: 0.3675, MacroF1: 0.3871
[2D] Val (patient-level, n=41) => Acc: 0.3659, BalancedAcc: 0.3675, MacroPrecision: 0.4697, MacroRecall: 0.3675, MacroF1: 0.3871

[2D] Volume-level Confusion Matrix:
True \ Pred       Adenocarcinoma  Small Cell      Squamous        
Y:Adenocarcinoma  5               0               10              
Y:Small Cell      4               5               4               
Y:Squamous        7               1               5               


[2D] Patient-level Confusion Matrix:
True \ Pred       Adenocarcinoma  Small Cell      Squamous        
Y:Adenocarcinoma  5               0               10              
Y:Small Cell      4               5               4               
Y:Squamous        7               1               5               

[finetune] Epoch 11 Summary => TrainLoss: 1.1308, TrainMacroF1: 0.3850, ValMacroF1(patient): 0.3871/0.4050 (cur/roll3)
[finetune] Patient current vs rolling-3: accuracy 0.3659/0.3821, balanced_accuracy 0.3675/0.3846, macro_precision 0.4697/0.4782, macro_recall 0.3675/0.3846, macro_f1 0.3871/0.4050

--- finetune Epoch 12/40 | lr(backbone/head)=2.47e-06/2.47e-05 ---
[2D] Epoch 12 [32/32] Loss: 1.1625 Time: 5.98s
[2D] Train Epoch 12 (slice-level) => Loss: 1.1625, Acc: 0.3477, MacroF1: 0.3473

[2D] Starting validation...
[2D] Val (slice-level, n=322) => Acc: 0.3758, MacroF1: 0.3807
[2D] Val (volume-level, n=41) => Loss: 1.1911, Acc: 0.3902, BalancedAcc: 0.3932, MacroPrecision: 0.4825, MacroRecall: 0.3932, MacroF1: 0.4151
[2D] Val (patient-level, n=41) => Acc: 0.3902, BalancedAcc: 0.3932, MacroPrecision: 0.4825, MacroRecall: 0.3932, MacroF1: 0.4151

[2D] Volume-level Confusion Matrix:
True \ Pred       Adenocarcinoma  Small Cell      Squamous        
Y:Adenocarcinoma  5               0               10              
Y:Small Cell      4               6               3               
Y:Squamous        7               1               5               


[2D] Patient-level Confusion Matrix:
True \ Pred       Adenocarcinoma  Small Cell      Squamous        
Y:Adenocarcinoma  5               0               10              
Y:Small Cell      4               6               3               
Y:Squamous        7               1               5               

[finetune] Epoch 12 Summary => TrainLoss: 1.1625, TrainMacroF1: 0.3473, ValMacroF1(patient): 0.4151/0.3964 (cur/roll3)
[finetune] Patient current vs rolling-3: accuracy 0.3902/0.3740, balanced_accuracy 0.3932/0.3761, macro_precision 0.4825/0.4739, macro_recall 0.3932/0.3761, macro_f1 0.4151/0.3964

--- finetune Epoch 13/40 | lr(backbone/head)=2.38e-06/2.38e-05 ---
[2D] Epoch 13 [32/32] Loss: 1.1584 Time: 6.99s
[2D] Train Epoch 13 (slice-level) => Loss: 1.1584, Acc: 0.3457, MacroF1: 0.3450

[2D] Starting validation...
[2D] Val (slice-level, n=322) => Acc: 0.3665, MacroF1: 0.3725
[2D] Val (volume-level, n=41) => Loss: 1.1790, Acc: 0.3659, BalancedAcc: 0.3675, MacroPrecision: 0.4697, MacroRecall: 0.3675, MacroF1: 0.3871
[2D] Val (patient-level, n=41) => Acc: 0.3659, BalancedAcc: 0.3675, MacroPrecision: 0.4697, MacroRecall: 0.3675, MacroF1: 0.3871

[2D] Volume-level Confusion Matrix:
True \ Pred       Adenocarcinoma  Small Cell      Squamous        
Y:Adenocarcinoma  5               0               10              
Y:Small Cell      4               5               4               
Y:Squamous        7               1               5               


[2D] Patient-level Confusion Matrix:
True \ Pred       Adenocarcinoma  Small Cell      Squamous        
Y:Adenocarcinoma  5               0               10              
Y:Small Cell      4               5               4               
Y:Squamous        7               1               5               

[finetune] Epoch 13 Summary => TrainLoss: 1.1584, TrainMacroF1: 0.3450, ValMacroF1(patient): 0.3871/0.3964 (cur/roll3)
[finetune] Patient current vs rolling-3: accuracy 0.3659/0.3740, balanced_accuracy 0.3675/0.3761, macro_precision 0.4697/0.4739, macro_recall 0.3675/0.3761, macro_f1 0.3871/0.3964

--- finetune Epoch 14/40 | lr(backbone/head)=2.28e-06/2.28e-05 ---
[2D] Epoch 14 [32/32] Loss: 1.1513 Time: 6.35s
[2D] Train Epoch 14 (slice-level) => Loss: 1.1513, Acc: 0.3742, MacroF1: 0.3726

[2D] Starting validation...
[2D] Val (slice-level, n=322) => Acc: 0.3602, MacroF1: 0.3659
[2D] Val (volume-level, n=41) => Loss: 1.1746, Acc: 0.4146, BalancedAcc: 0.4188, MacroPrecision: 0.5048, MacroRecall: 0.4188, MacroF1: 0.4362
[2D] Val (patient-level, n=41) => Acc: 0.4146, BalancedAcc: 0.4188, MacroPrecision: 0.5048, MacroRecall: 0.4188, MacroF1: 0.4362

[2D] Volume-level Confusion Matrix:
True \ Pred       Adenocarcinoma  Small Cell      Squamous        
Y:Adenocarcinoma  5               0               10              
Y:Small Cell      3               6               4               
Y:Squamous        6               1               6               


[2D] Patient-level Confusion Matrix:
True \ Pred       Adenocarcinoma  Small Cell      Squamous        
Y:Adenocarcinoma  5               0               10              
Y:Small Cell      3               6               4               
Y:Squamous        6               1               6               

[finetune] Epoch 14 Summary => TrainLoss: 1.1513, TrainMacroF1: 0.3726, ValMacroF1(patient): 0.4362/0.4128 (cur/roll3)
[finetune] Patient current vs rolling-3: accuracy 0.4146/0.3902, balanced_accuracy 0.4188/0.3932, macro_precision 0.5048/0.4856, macro_recall 0.4188/0.3932, macro_f1 0.4362/0.4128

--- finetune Epoch 15/40 | lr(backbone/head)=2.18e-06/2.18e-05 ---
[2D] Epoch 15 [32/32] Loss: 1.1421 Time: 6.53s
[2D] Train Epoch 15 (slice-level) => Loss: 1.1421, Acc: 0.3815, MacroF1: 0.3796

[2D] Starting validation...
[2D] Val (slice-level, n=322) => Acc: 0.3571, MacroF1: 0.3617
[2D] Val (volume-level, n=41) => Loss: 1.1818, Acc: 0.3415, BalancedAcc: 0.3419, MacroPrecision: 0.4542, MacroRecall: 0.3419, MacroF1: 0.3567
[2D] Val (patient-level, n=41) => Acc: 0.3415, BalancedAcc: 0.3419, MacroPrecision: 0.4542, MacroRecall: 0.3419, MacroF1: 0.3567

[2D] Volume-level Confusion Matrix:
True \ Pred       Adenocarcinoma  Small Cell      Squamous        
Y:Adenocarcinoma  5               0               10              
Y:Small Cell      4               4               5               
Y:Squamous        7               1               5               


[2D] Patient-level Confusion Matrix:
True \ Pred       Adenocarcinoma  Small Cell      Squamous        
Y:Adenocarcinoma  5               0               10              
Y:Small Cell      4               4               5               
Y:Squamous        7               1               5               

[finetune] Epoch 15 Summary => TrainLoss: 1.1421, TrainMacroF1: 0.3796, ValMacroF1(patient): 0.3567/0.3933 (cur/roll3)
[finetune] Patient current vs rolling-3: accuracy 0.3415/0.3740, balanced_accuracy 0.3419/0.3761, macro_precision 0.4542/0.4762, macro_recall 0.3419/0.3761, macro_f1 0.3567/0.3933

--- finetune Epoch 16/40 | lr(backbone/head)=2.07e-06/2.07e-05 ---
[2D] Epoch 16 [32/32] Loss: 1.1480 Time: 6.97s
[2D] Train Epoch 16 (slice-level) => Loss: 1.1480, Acc: 0.3550, MacroF1: 0.3548

[2D] Starting validation...
[2D] Val (slice-level, n=322) => Acc: 0.3478, MacroF1: 0.3513
[2D] Val (volume-level, n=41) => Loss: 1.1901, Acc: 0.3415, BalancedAcc: 0.3419, MacroPrecision: 0.4542, MacroRecall: 0.3419, MacroF1: 0.3567
[2D] Val (patient-level, n=41) => Acc: 0.3415, BalancedAcc: 0.3419, MacroPrecision: 0.4542, MacroRecall: 0.3419, MacroF1: 0.3567

[2D] Volume-level Confusion Matrix:
True \ Pred       Adenocarcinoma  Small Cell      Squamous        
Y:Adenocarcinoma  5               0               10              
Y:Small Cell      4               4               5               
Y:Squamous        7               1               5               


[2D] Patient-level Confusion Matrix:
True \ Pred       Adenocarcinoma  Small Cell      Squamous        
Y:Adenocarcinoma  5               0               10              
Y:Small Cell      4               4               5               
Y:Squamous        7               1               5               

[finetune] Epoch 16 Summary => TrainLoss: 1.1480, TrainMacroF1: 0.3548, ValMacroF1(patient): 0.3567/0.3832 (cur/roll3)
[finetune] Patient current vs rolling-3: accuracy 0.3415/0.3659, balanced_accuracy 0.3419/0.3675, macro_precision 0.4542/0.4710, macro_recall 0.3419/0.3675, macro_f1 0.3567/0.3832

--- finetune Epoch 17/40 | lr(backbone/head)=1.96e-06/1.96e-05 ---
[2D] Epoch 17 [32/32] Loss: 1.1403 Time: 5.46s
[2D] Train Epoch 17 (slice-level) => Loss: 1.1403, Acc: 0.3689, MacroF1: 0.3682

[2D] Starting validation...
[2D] Val (slice-level, n=322) => Acc: 0.3540, MacroF1: 0.3595
[2D] Val (volume-level, n=41) => Loss: 1.1640, Acc: 0.3659, BalancedAcc: 0.3675, MacroPrecision: 0.4697, MacroRecall: 0.3675, MacroF1: 0.3871
[2D] Val (patient-level, n=41) => Acc: 0.3659, BalancedAcc: 0.3675, MacroPrecision: 0.4697, MacroRecall: 0.3675, MacroF1: 0.3871

[2D] Volume-level Confusion Matrix:
True \ Pred       Adenocarcinoma  Small Cell      Squamous        
Y:Adenocarcinoma  5               0               10              
Y:Small Cell      4               5               4               
Y:Squamous        7               1               5               


[2D] Patient-level Confusion Matrix:
True \ Pred       Adenocarcinoma  Small Cell      Squamous        
Y:Adenocarcinoma  5               0               10              
Y:Small Cell      4               5               4               
Y:Squamous        7               1               5               

[finetune] Epoch 17 Summary => TrainLoss: 1.1403, TrainMacroF1: 0.3682, ValMacroF1(patient): 0.3871/0.3668 (cur/roll3)
[finetune] Patient current vs rolling-3: accuracy 0.3659/0.3496, balanced_accuracy 0.3675/0.3504, macro_precision 0.4697/0.4593, macro_recall 0.3675/0.3504, macro_f1 0.3871/0.3668

--- finetune Epoch 18/40 | lr(backbone/head)=1.85e-06/1.85e-05 ---
[2D] Epoch 18 [32/32] Loss: 1.1423 Time: 6.96s
[2D] Train Epoch 18 (slice-level) => Loss: 1.1423, Acc: 0.3808, MacroF1: 0.3787

[2D] Starting validation...
[2D] Val (slice-level, n=322) => Acc: 0.3540, MacroF1: 0.3595
[2D] Val (volume-level, n=41) => Loss: 1.1656, Acc: 0.3659, BalancedAcc: 0.3675, MacroPrecision: 0.4697, MacroRecall: 0.3675, MacroF1: 0.3871
[2D] Val (patient-level, n=41) => Acc: 0.3659, BalancedAcc: 0.3675, MacroPrecision: 0.4697, MacroRecall: 0.3675, MacroF1: 0.3871

[2D] Volume-level Confusion Matrix:
True \ Pred       Adenocarcinoma  Small Cell      Squamous        
Y:Adenocarcinoma  5               0               10              
Y:Small Cell      4               5               4               
Y:Squamous        7               1               5               


[2D] Patient-level Confusion Matrix:
True \ Pred       Adenocarcinoma  Small Cell      Squamous        
Y:Adenocarcinoma  5               0               10              
Y:Small Cell      4               5               4               
Y:Squamous        7               1               5               

[finetune] Epoch 18 Summary => TrainLoss: 1.1423, TrainMacroF1: 0.3787, ValMacroF1(patient): 0.3871/0.3770 (cur/roll3)
[finetune] Patient current vs rolling-3: accuracy 0.3659/0.3577, balanced_accuracy 0.3675/0.3590, macro_precision 0.4697/0.4645, macro_recall 0.3675/0.3590, macro_f1 0.3871/0.3770

--- finetune Epoch 19/40 | lr(backbone/head)=1.73e-06/1.73e-05 ---
[2D] Epoch 19 [32/32] Loss: 1.1405 Time: 4.78s
[2D] Train Epoch 19 (slice-level) => Loss: 1.1405, Acc: 0.3530, MacroF1: 0.3534

[2D] Starting validation...
[2D] Val (slice-level, n=322) => Acc: 0.3602, MacroF1: 0.3640
[2D] Val (volume-level, n=41) => Loss: 1.1806, Acc: 0.3415, BalancedAcc: 0.3419, MacroPrecision: 0.4542, MacroRecall: 0.3419, MacroF1: 0.3567
[2D] Val (patient-level, n=41) => Acc: 0.3415, BalancedAcc: 0.3419, MacroPrecision: 0.4542, MacroRecall: 0.3419, MacroF1: 0.3567

[2D] Volume-level Confusion Matrix:
True \ Pred       Adenocarcinoma  Small Cell      Squamous        
Y:Adenocarcinoma  5               0               10              
Y:Small Cell      4               4               5               
Y:Squamous        7               1               5               


[2D] Patient-level Confusion Matrix:
True \ Pred       Adenocarcinoma  Small Cell      Squamous        
Y:Adenocarcinoma  5               0               10              
Y:Small Cell      4               4               5               
Y:Squamous        7               1               5               

[finetune] Epoch 19 Summary => TrainLoss: 1.1405, TrainMacroF1: 0.3534, ValMacroF1(patient): 0.3567/0.3770 (cur/roll3)
[finetune] Patient current vs rolling-3: accuracy 0.3415/0.3577, balanced_accuracy 0.3419/0.3590, macro_precision 0.4542/0.4645, macro_recall 0.3419/0.3590, macro_f1 0.3567/0.3770

[2D] Starting validation...
[2D] Val (slice-level, n=332) => Acc: 0.3614, MacroF1: 0.3461
[2D] Val (volume-level, n=43) => Loss: 1.5023, Acc: 0.3488, BalancedAcc: 0.3402, MacroPrecision: 0.3384, MacroRecall: 0.3402, MacroF1: 0.3377
[2D] Val (patient-level, n=43) => Acc: 0.3488, BalancedAcc: 0.3402, MacroPrecision: 0.3384, MacroRecall: 0.3402, MacroF1: 0.3377

[2D] Volume-level Confusion Matrix:
True \ Pred       Adenocarcinoma  Small Cell      Squamous        
Y:Adenocarcinoma  6               7               2               
Y:Small Cell      6               2               5               
Y:Squamous        6               2               7               


[2D] Patient-level Confusion Matrix:
True \ Pred       Adenocarcinoma  Small Cell      Squamous        
Y:Adenocarcinoma  6               7               2               
Y:Small Cell      6               2               5               
Y:Squamous        6               2               7               

