<frozen importlib._bootstrap_external>:1301: FutureWarning: The cuda.cudart module is deprecated and will be removed in a future release, please switch to use the cuda.bindings.runtime module instead.
/home/hansstem/anaconda3/envs/sclc/lib/python3.12/site-packages/monai/utils/deprecate_utils.py:321: FutureWarning: monai.transforms.spatial.dictionary Orientationd.__init__:labels: Current default value of argument `labels=(('L', 'R'), ('P', 'A'), ('I', 'S'))` was changed in version None from `labels=(('L', 'R'), ('P', 'A'), ('I', 'S'))` to `labels=None`. Default value changed to None meaning that the transform now uses the 'space' of a meta-tensor, if applicable, to determine appropriate axis labels.
  warn_deprecated(argname, msg, warning_category)
Initialized densenet121_2d Classifier. Total Params: 6,950,659
Split 'train': 242 patients.
  482 images (482 w/ masks), class distribution: {2: 85, 1: 56, 0: 341}
Split 'val': 52 patients.
  102 images (102 w/ masks), class distribution: {0: 73, 1: 12, 2: 17}
Split 'test': 53 patients.
  106 images (106 w/ masks), class distribution: {2: 18, 0: 76, 1: 12}
[2D lung_pet_ct_dx train] 3730 slices from 482 volumes / 242 patients (dropped: no_mask=0, no_tumor_slices=0), classes={2: 680, 1: 442, 0: 2608}
[2D lung_pet_ct_dx val] 786 slices from 101 volumes / 52 patients (dropped: no_mask=0, no_tumor_slices=1), classes={0: 554, 1: 96, 2: 136}
[2D lung_pet_ct_dx test] 834 slices from 106 volumes / 53 patients (dropped: no_mask=0, no_tumor_slices=0), classes={2: 144, 0: 594, 1: 96}
[2D lung_pet_ct_dx] dropped-patient inventory -> /home/hansstem/.cache/monai_lung_pet_ct_clean_2d/img224_crop96_mp1/dropped_patients.json
[2D] PersistentDataset cache_dir='/home/hansstem/.cache/monai_lung_pet_ct_clean_2d/img224_crop96_mp1/train'
[2D] PersistentDataset cache_dir='/home/hansstem/.cache/monai_lung_pet_ct_clean_2d/img224_crop96_mp1/val'
[2D] PersistentDataset cache_dir='/home/hansstem/.cache/monai_lung_pet_ct_clean_2d/img224_crop96_mp1/test'
[WRS lung_pet_ct_dx] counts {0=2597, 1=440, 2=675} | oversample_factor=5.90 (max_weight/min_weight)
[lung_pet_ct_dx] Train class distribution: {0: 2597, 1: 440, 2: 675}

--- dapt Epoch 1/30 | lr=1.00e-06 ---
[2D] Epoch 1 [50/58] Loss: 1.1630 Time: 11.65s
[2D] Epoch 1 [58/58] Loss: 1.1613 Time: 1.09s
[2D] Train Epoch 1 (slice-level) => Loss: 1.1613, Acc: 0.3195, MacroF1: 0.2685

[2D] Starting validation...
[2D] Val (slice-level, n=786) => Acc: 0.4008, MacroF1: 0.2824
[2D] Val (volume-level, n=101) => Loss: 1.0545, Acc: 0.4257, BalancedAcc: 0.2685, MacroPrecision: 0.2566, MacroRecall: 0.2685, MacroF1: 0.2424
[2D] Val (patient-level, n=52) => Acc: 0.4038, BalancedAcc: 0.2357, MacroPrecision: 0.2374, MacroRecall: 0.2357, MacroF1: 0.2228

[2D] Volume-level Confusion Matrix:
True \ Pred       Adenocarcinoma  Small Cell      Squamous        
Y:Adenocarcinoma  40              32              0               
Y:Small Cell      9               3               0               
Y:Squamous        8               9               0               


[2D] Patient-level Confusion Matrix:
True \ Pred       Adenocarcinoma  Small Cell      Squamous        
Y:Adenocarcinoma  20              17              0               
Y:Small Cell      5               1               0               
Y:Squamous        5               4               0               

[dapt] Epoch 1 Summary => TrainLoss: 1.1613, TrainMacroF1: 0.2685, ValMacroF1(patient): 0.2228/0.2228 (cur/roll3)
[dapt] Patient current vs rolling-3: accuracy 0.4038/0.4038, balanced_accuracy 0.2357/0.2357, macro_precision 0.2374/0.2374, macro_recall 0.2357/0.2357, macro_f1 0.2228/0.2228

--- dapt Epoch 2/30 | lr=1.73e-05 ---
[2D] Epoch 2 [50/58] Loss: 1.0839 Time: 8.13s
[2D] Epoch 2 [58/58] Loss: 1.0737 Time: 1.76s
[2D] Train Epoch 2 (slice-level) => Loss: 1.0737, Acc: 0.4348, MacroF1: 0.4179

[2D] Starting validation...
[2D] Val (slice-level, n=786) => Acc: 0.5420, MacroF1: 0.4229
[2D] Val (volume-level, n=101) => Loss: 0.9631, Acc: 0.6040, BalancedAcc: 0.5030, MacroPrecision: 0.4789, MacroRecall: 0.5030, MacroF1: 0.4773
[2D] Val (patient-level, n=52) => Acc: 0.6538, BalancedAcc: 0.5581, MacroPrecision: 0.5465, MacroRecall: 0.5581, MacroF1: 0.5349

[2D] Volume-level Confusion Matrix:
True \ Pred       Adenocarcinoma  Small Cell      Squamous        
Y:Adenocarcinoma  49              15              8               
Y:Small Cell      5               5               2               
Y:Squamous        6               4               7               


[2D] Patient-level Confusion Matrix:
True \ Pred       Adenocarcinoma  Small Cell      Squamous        
Y:Adenocarcinoma  27              7               3               
Y:Small Cell      3               3               0               
Y:Squamous        3               2               4               

[dapt] Epoch 2 Summary => TrainLoss: 1.0737, TrainMacroF1: 0.4179, ValMacroF1(patient): 0.5349/0.3789 (cur/roll3)
[dapt] Patient current vs rolling-3: accuracy 0.6538/0.5288, balanced_accuracy 0.5581/0.3969, macro_precision 0.5465/0.3920, macro_recall 0.5581/0.3969, macro_f1 0.5349/0.3789

--- dapt Epoch 3/30 | lr=3.37e-05 ---
[2D] Epoch 3 [50/58] Loss: 1.0093 Time: 10.21s
[2D] Epoch 3 [58/58] Loss: 1.0020 Time: 1.15s
[2D] Train Epoch 3 (slice-level) => Loss: 1.0020, Acc: 0.5307, MacroF1: 0.5308

[2D] Starting validation...
[2D] Val (slice-level, n=786) => Acc: 0.5992, MacroF1: 0.4845
[2D] Val (volume-level, n=101) => Loss: 0.9117, Acc: 0.6337, BalancedAcc: 0.5373, MacroPrecision: 0.4920, MacroRecall: 0.5373, MacroF1: 0.4783
[2D] Val (patient-level, n=52) => Acc: 0.7115, BalancedAcc: 0.6507, MacroPrecision: 0.6659, MacroRecall: 0.6507, MacroF1: 0.6048

[2D] Volume-level Confusion Matrix:
True \ Pred       Adenocarcinoma  Small Cell      Squamous        
Y:Adenocarcinoma  49              5               18              
Y:Small Cell      2               2               8               
Y:Squamous        0               4               13              


[2D] Patient-level Confusion Matrix:
True \ Pred       Adenocarcinoma  Small Cell      Squamous        
Y:Adenocarcinoma  27              0               10              
Y:Small Cell      2               2               2               
Y:Squamous        0               1               8               

[dapt] Epoch 3 Summary => TrainLoss: 1.0020, TrainMacroF1: 0.5308, ValMacroF1(patient): 0.6048/0.4542 (cur/roll3)
[dapt] Patient current vs rolling-3: accuracy 0.7115/0.5897, balanced_accuracy 0.6507/0.4815, macro_precision 0.6659/0.4833, macro_recall 0.6507/0.4815, macro_f1 0.6048/0.4542

--- dapt Epoch 4/30 | lr=5.00e-05 ---
[2D] Epoch 4 [50/58] Loss: 0.9234 Time: 8.88s
[2D] Epoch 4 [58/58] Loss: 0.9262 Time: 1.20s
[2D] Train Epoch 4 (slice-level) => Loss: 0.9262, Acc: 0.6134, MacroF1: 0.6134

[2D] Starting validation...
[2D] Val (slice-level, n=786) => Acc: 0.6170, MacroF1: 0.4984
[2D] Val (volume-level, n=101) => Loss: 0.8962, Acc: 0.6634, BalancedAcc: 0.6193, MacroPrecision: 0.5549, MacroRecall: 0.6193, MacroF1: 0.5393
[2D] Val (patient-level, n=52) => Acc: 0.6731, BalancedAcc: 0.6141, MacroPrecision: 0.6122, MacroRecall: 0.6141, MacroF1: 0.5297

[2D] Volume-level Confusion Matrix:
True \ Pred       Adenocarcinoma  Small Cell      Squamous        
Y:Adenocarcinoma  48              5               19              
Y:Small Cell      3               3               6               
Y:Squamous        0               1               16              


[2D] Patient-level Confusion Matrix:
True \ Pred       Adenocarcinoma  Small Cell      Squamous        
Y:Adenocarcinoma  25              1               11              
Y:Small Cell      1               1               4               
Y:Squamous        0               0               9               

[dapt] Epoch 4 Summary => TrainLoss: 0.9262, TrainMacroF1: 0.6134, ValMacroF1(patient): 0.5297/0.5565 (cur/roll3)
[dapt] Patient current vs rolling-3: accuracy 0.6731/0.6795, balanced_accuracy 0.6141/0.6076, macro_precision 0.6122/0.6082, macro_recall 0.6141/0.6076, macro_f1 0.5297/0.5565

--- dapt Epoch 5/30 | lr=4.98e-05 ---
[2D] Epoch 5 [50/58] Loss: 0.8704 Time: 7.83s
[2D] Epoch 5 [58/58] Loss: 0.8695 Time: 1.07s
[2D] Train Epoch 5 (slice-level) => Loss: 0.8695, Acc: 0.6678, MacroF1: 0.6668

[2D] Starting validation...
[2D] Val (slice-level, n=786) => Acc: 0.6183, MacroF1: 0.5067
[2D] Val (volume-level, n=101) => Loss: 0.8859, Acc: 0.6832, BalancedAcc: 0.6462, MacroPrecision: 0.5675, MacroRecall: 0.6462, MacroF1: 0.5859
[2D] Val (patient-level, n=52) => Acc: 0.7115, BalancedAcc: 0.6877, MacroPrecision: 0.6051, MacroRecall: 0.6877, MacroF1: 0.6330

[2D] Volume-level Confusion Matrix:
True \ Pred       Adenocarcinoma  Small Cell      Squamous        
Y:Adenocarcinoma  51              11              10              
Y:Small Cell      2               7               3               
Y:Squamous        3               3               11              


[2D] Patient-level Confusion Matrix:
True \ Pred       Adenocarcinoma  Small Cell      Squamous        
Y:Adenocarcinoma  27              5               5               
Y:Small Cell      1               4               1               
Y:Squamous        3               0               6               

[dapt] Epoch 5 Summary => TrainLoss: 0.8695, TrainMacroF1: 0.6668, ValMacroF1(patient): 0.6330/0.5891 (cur/roll3)
[dapt] Patient current vs rolling-3: accuracy 0.7115/0.6987, balanced_accuracy 0.6877/0.6508, macro_precision 0.6051/0.6277, macro_recall 0.6877/0.6508, macro_f1 0.6330/0.5891

--- dapt Epoch 6/30 | lr=4.93e-05 ---
[2D] Epoch 6 [50/58] Loss: 0.8231 Time: 9.43s
[2D] Epoch 6 [58/58] Loss: 0.8210 Time: 1.11s
[2D] Train Epoch 6 (slice-level) => Loss: 0.8210, Acc: 0.7163, MacroF1: 0.7147

[2D] Starting validation...
[2D] Val (slice-level, n=786) => Acc: 0.6120, MacroF1: 0.4909
[2D] Val (volume-level, n=101) => Loss: 0.8931, Acc: 0.6337, BalancedAcc: 0.5754, MacroPrecision: 0.6073, MacroRecall: 0.5754, MacroF1: 0.5233
[2D] Val (patient-level, n=52) => Acc: 0.6154, BalancedAcc: 0.5591, MacroPrecision: 0.5219, MacroRecall: 0.5591, MacroF1: 0.4841

[2D] Volume-level Confusion Matrix:
True \ Pred       Adenocarcinoma  Small Cell      Squamous        
Y:Adenocarcinoma  47              2               23              
Y:Small Cell      2               3               7               
Y:Squamous        3               0               14              


[2D] Patient-level Confusion Matrix:
True \ Pred       Adenocarcinoma  Small Cell      Squamous        
Y:Adenocarcinoma  23              2               12              
Y:Small Cell      2               1               3               
Y:Squamous        1               0               8               

[dapt] Epoch 6 Summary => TrainLoss: 0.8210, TrainMacroF1: 0.7147, ValMacroF1(patient): 0.4841/0.5489 (cur/roll3)
[dapt] Patient current vs rolling-3: accuracy 0.6154/0.6667, balanced_accuracy 0.5591/0.6203, macro_precision 0.5219/0.5797, macro_recall 0.5591/0.6203, macro_f1 0.4841/0.5489

--- dapt Epoch 7/30 | lr=4.85e-05 ---
[2D] Epoch 7 [50/58] Loss: 0.8142 Time: 8.86s
[2D] Epoch 7 [58/58] Loss: 0.8198 Time: 1.25s
[2D] Train Epoch 7 (slice-level) => Loss: 0.8198, Acc: 0.7123, MacroF1: 0.7124

[2D] Starting validation...
[2D] Val (slice-level, n=786) => Acc: 0.6501, MacroF1: 0.5356
[2D] Val (volume-level, n=101) => Loss: 0.8700, Acc: 0.7228, BalancedAcc: 0.6566, MacroPrecision: 0.6033, MacroRecall: 0.6566, MacroF1: 0.6123
[2D] Val (patient-level, n=52) => Acc: 0.6923, BalancedAcc: 0.6602, MacroPrecision: 0.5832, MacroRecall: 0.6602, MacroF1: 0.5932

[2D] Volume-level Confusion Matrix:
True \ Pred       Adenocarcinoma  Small Cell      Squamous        
Y:Adenocarcinoma  55              4               13              
Y:Small Cell      1               6               5               
Y:Squamous        2               3               12              


[2D] Patient-level Confusion Matrix:
True \ Pred       Adenocarcinoma  Small Cell      Squamous        
Y:Adenocarcinoma  26              4               7               
Y:Small Cell      0               3               3               
Y:Squamous        1               1               7               

[dapt] Epoch 7 Summary => TrainLoss: 0.8198, TrainMacroF1: 0.7124, ValMacroF1(patient): 0.5932/0.5701 (cur/roll3)
[dapt] Patient current vs rolling-3: accuracy 0.6923/0.6731, balanced_accuracy 0.6602/0.6356, macro_precision 0.5832/0.5701, macro_recall 0.6602/0.6356, macro_f1 0.5932/0.5701

--- dapt Epoch 8/30 | lr=4.73e-05 ---
[2D] Epoch 8 [50/58] Loss: 0.7628 Time: 7.50s
[2D] Epoch 8 [58/58] Loss: 0.7582 Time: 1.16s
[2D] Train Epoch 8 (slice-level) => Loss: 0.7582, Acc: 0.7694, MacroF1: 0.7686

[2D] Starting validation...
[2D] Val (slice-level, n=786) => Acc: 0.6552, MacroF1: 0.5365
[2D] Val (volume-level, n=101) => Loss: 0.8469, Acc: 0.7228, BalancedAcc: 0.6253, MacroPrecision: 0.6557, MacroRecall: 0.6253, MacroF1: 0.5988
[2D] Val (patient-level, n=52) => Acc: 0.7115, BalancedAcc: 0.6226, MacroPrecision: 0.6529, MacroRecall: 0.6226, MacroF1: 0.5955

[2D] Volume-level Confusion Matrix:
True \ Pred       Adenocarcinoma  Small Cell      Squamous        
Y:Adenocarcinoma  56              2               14              
Y:Small Cell      1               4               7               
Y:Squamous        4               0               13              


[2D] Patient-level Confusion Matrix:
True \ Pred       Adenocarcinoma  Small Cell      Squamous        
Y:Adenocarcinoma  28              1               8               
Y:Small Cell      1               2               3               
Y:Squamous        2               0               7               

[dapt] Epoch 8 Summary => TrainLoss: 0.7582, TrainMacroF1: 0.7686, ValMacroF1(patient): 0.5955/0.5576 (cur/roll3)
[dapt] Patient current vs rolling-3: accuracy 0.7115/0.6731, balanced_accuracy 0.6226/0.6139, macro_precision 0.6529/0.5860, macro_recall 0.6226/0.6139, macro_f1 0.5955/0.5576

--- dapt Epoch 9/30 | lr=4.59e-05 ---
[2D] Epoch 9 [50/58] Loss: 0.7185 Time: 8.50s
[2D] Epoch 9 [58/58] Loss: 0.7184 Time: 1.14s
[2D] Train Epoch 9 (slice-level) => Loss: 0.7184, Acc: 0.7845, MacroF1: 0.7832

[2D] Starting validation...
[2D] Val (slice-level, n=786) => Acc: 0.5916, MacroF1: 0.4678
[2D] Val (volume-level, n=101) => Loss: 0.9182, Acc: 0.6634, BalancedAcc: 0.5989, MacroPrecision: 0.5455, MacroRecall: 0.5989, MacroF1: 0.5578
[2D] Val (patient-level, n=52) => Acc: 0.6346, BalancedAcc: 0.5305, MacroPrecision: 0.4939, MacroRecall: 0.5305, MacroF1: 0.5024

[2D] Volume-level Confusion Matrix:
True \ Pred       Adenocarcinoma  Small Cell      Squamous        
Y:Adenocarcinoma  51              6               15              
Y:Small Cell      3               6               3               
Y:Squamous        4               3               10              


[2D] Patient-level Confusion Matrix:
True \ Pred       Adenocarcinoma  Small Cell      Squamous        
Y:Adenocarcinoma  26              3               8               
Y:Small Cell      3               2               1               
Y:Squamous        2               2               5               

[dapt] Epoch 9 Summary => TrainLoss: 0.7184, TrainMacroF1: 0.7832, ValMacroF1(patient): 0.5024/0.5637 (cur/roll3)
[dapt] Patient current vs rolling-3: accuracy 0.6346/0.6795, balanced_accuracy 0.5305/0.6044, macro_precision 0.4939/0.5767, macro_recall 0.5305/0.6044, macro_f1 0.5024/0.5637

--- dapt Epoch 10/30 | lr=4.42e-05 ---
[2D] Epoch 10 [50/58] Loss: 0.7239 Time: 7.85s
[2D] Epoch 10 [58/58] Loss: 0.7107 Time: 1.49s
[2D] Train Epoch 10 (slice-level) => Loss: 0.7107, Acc: 0.7947, MacroF1: 0.7940

[2D] Starting validation...
[2D] Val (slice-level, n=786) => Acc: 0.6616, MacroF1: 0.5300
[2D] Val (volume-level, n=101) => Loss: 0.8569, Acc: 0.7129, BalancedAcc: 0.6125, MacroPrecision: 0.6056, MacroRecall: 0.6125, MacroF1: 0.5684
[2D] Val (patient-level, n=52) => Acc: 0.7500, BalancedAcc: 0.6406, MacroPrecision: 0.6711, MacroRecall: 0.6406, MacroF1: 0.6205

[2D] Volume-level Confusion Matrix:
True \ Pred       Adenocarcinoma  Small Cell      Squamous        
Y:Adenocarcinoma  55              3               14              
Y:Small Cell      2               3               7               
Y:Squamous        3               0               14              


[2D] Patient-level Confusion Matrix:
True \ Pred       Adenocarcinoma  Small Cell      Squamous        
Y:Adenocarcinoma  30              1               6               
Y:Small Cell      1               2               3               
Y:Squamous        2               0               7               

[dapt] Epoch 10 Summary => TrainLoss: 0.7107, TrainMacroF1: 0.7940, ValMacroF1(patient): 0.6205/0.5728 (cur/roll3)
[dapt] Patient current vs rolling-3: accuracy 0.7500/0.6987, balanced_accuracy 0.6406/0.5979, macro_precision 0.6711/0.6060, macro_recall 0.6406/0.5979, macro_f1 0.6205/0.5728

--- dapt Epoch 11/30 | lr=4.22e-05 ---
[2D] Epoch 11 [50/58] Loss: 0.7096 Time: 7.31s
[2D] Epoch 11 [58/58] Loss: 0.7014 Time: 1.09s
[2D] Train Epoch 11 (slice-level) => Loss: 0.7014, Acc: 0.8198, MacroF1: 0.8191

[2D] Starting validation...
[2D] Val (slice-level, n=786) => Acc: 0.6399, MacroF1: 0.4714
[2D] Val (volume-level, n=101) => Loss: 0.9120, Acc: 0.6733, BalancedAcc: 0.4646, MacroPrecision: 0.4120, MacroRecall: 0.4646, MacroF1: 0.4297
[2D] Val (patient-level, n=52) => Acc: 0.6923, BalancedAcc: 0.4645, MacroPrecision: 0.4061, MacroRecall: 0.4645, MacroF1: 0.4280

[2D] Volume-level Confusion Matrix:
True \ Pred       Adenocarcinoma  Small Cell      Squamous        
Y:Adenocarcinoma  58              4               10              
Y:Small Cell      5               0               7               
Y:Squamous        4               3               10              


[2D] Patient-level Confusion Matrix:
True \ Pred       Adenocarcinoma  Small Cell      Squamous        
Y:Adenocarcinoma  31              1               5               
Y:Small Cell      2               0               4               
Y:Squamous        3               1               5               

[dapt] Epoch 11 Summary => TrainLoss: 0.7014, TrainMacroF1: 0.8191, ValMacroF1(patient): 0.4280/0.5170 (cur/roll3)
[dapt] Patient current vs rolling-3: accuracy 0.6923/0.6923, balanced_accuracy 0.4645/0.5452, macro_precision 0.4061/0.5237, macro_recall 0.4645/0.5452, macro_f1 0.4280/0.5170

--- dapt Epoch 12/30 | lr=3.99e-05 ---
[2D] Epoch 12 [50/58] Loss: 0.6589 Time: 9.13s
[2D] Epoch 12 [58/58] Loss: 0.6582 Time: 1.41s
[2D] Train Epoch 12 (slice-level) => Loss: 0.6582, Acc: 0.8373, MacroF1: 0.8373

[2D] Starting validation...
[2D] Val (slice-level, n=786) => Acc: 0.6934, MacroF1: 0.5633
[2D] Val (volume-level, n=101) => Loss: 0.8093, Acc: 0.7723, BalancedAcc: 0.5967, MacroPrecision: 0.6079, MacroRecall: 0.5967, MacroF1: 0.6006
[2D] Val (patient-level, n=52) => Acc: 0.7500, BalancedAcc: 0.6311, MacroPrecision: 0.6321, MacroRecall: 0.6311, MacroF1: 0.6244

[2D] Volume-level Confusion Matrix:
True \ Pred       Adenocarcinoma  Small Cell      Squamous        
Y:Adenocarcinoma  65              0               7               
Y:Small Cell      3               5               4               
Y:Squamous        4               5               8               


[2D] Patient-level Confusion Matrix:
True \ Pred       Adenocarcinoma  Small Cell      Squamous        
Y:Adenocarcinoma  31              0               6               
Y:Small Cell      1               3               2               
Y:Squamous        2               2               5               

[dapt] Epoch 12 Summary => TrainLoss: 0.6582, TrainMacroF1: 0.8373, ValMacroF1(patient): 0.6244/0.5577 (cur/roll3)
[dapt] Patient current vs rolling-3: accuracy 0.7500/0.7308, balanced_accuracy 0.6311/0.5787, macro_precision 0.6321/0.5698, macro_recall 0.6311/0.5787, macro_f1 0.6244/0.5577

--- dapt Epoch 13/30 | lr=3.75e-05 ---
[2D] Epoch 13 [50/58] Loss: 0.6887 Time: 8.35s
[2D] Epoch 13 [58/58] Loss: 0.6939 Time: 1.33s
[2D] Train Epoch 13 (slice-level) => Loss: 0.6939, Acc: 0.8305, MacroF1: 0.8303

[2D] Starting validation...
[2D] Val (slice-level, n=786) => Acc: 0.6934, MacroF1: 0.5385
[2D] Val (volume-level, n=101) => Loss: 0.8172, Acc: 0.7921, BalancedAcc: 0.6046, MacroPrecision: 0.6292, MacroRecall: 0.6046, MacroF1: 0.6083
[2D] Val (patient-level, n=52) => Acc: 0.8269, BalancedAcc: 0.6486, MacroPrecision: 0.7214, MacroRecall: 0.6486, MacroF1: 0.6657

[2D] Volume-level Confusion Matrix:
True \ Pred       Adenocarcinoma  Small Cell      Squamous        
Y:Adenocarcinoma  66              2               4               
Y:Small Cell      5               3               4               
Y:Squamous        4               2               11              


[2D] Patient-level Confusion Matrix:
True \ Pred       Adenocarcinoma  Small Cell      Squamous        
Y:Adenocarcinoma  35              0               2               
Y:Small Cell      2               2               2               
Y:Squamous        2               1               6               

[dapt] Epoch 13 Summary => TrainLoss: 0.6939, TrainMacroF1: 0.8303, ValMacroF1(patient): 0.6657/0.5727 (cur/roll3)
[dapt] Patient current vs rolling-3: accuracy 0.8269/0.7564, balanced_accuracy 0.6486/0.5814, macro_precision 0.7214/0.5865, macro_recall 0.6486/0.5814, macro_f1 0.6657/0.5727

--- dapt Epoch 14/30 | lr=3.49e-05 ---
[2D] Epoch 14 [50/58] Loss: 0.6192 Time: 8.27s
[2D] Epoch 14 [58/58] Loss: 0.6070 Time: 1.17s
[2D] Train Epoch 14 (slice-level) => Loss: 0.6070, Acc: 0.8772, MacroF1: 0.8763

[2D] Starting validation...
[2D] Val (slice-level, n=786) => Acc: 0.6819, MacroF1: 0.5336
[2D] Val (volume-level, n=101) => Loss: 0.8325, Acc: 0.7723, BalancedAcc: 0.6117, MacroPrecision: 0.6171, MacroRecall: 0.6117, MacroF1: 0.6120
[2D] Val (patient-level, n=52) => Acc: 0.7885, BalancedAcc: 0.6306, MacroPrecision: 0.6862, MacroRecall: 0.6306, MacroF1: 0.6359

[2D] Volume-level Confusion Matrix:
True \ Pred       Adenocarcinoma  Small Cell      Squamous        
Y:Adenocarcinoma  64              1               7               
Y:Small Cell      3               5               4               
Y:Squamous        4               4               9               


[2D] Patient-level Confusion Matrix:
True \ Pred       Adenocarcinoma  Small Cell      Squamous        
Y:Adenocarcinoma  33              0               4               
Y:Small Cell      2               2               2               
Y:Squamous        2               1               6               

[dapt] Epoch 14 Summary => TrainLoss: 0.6070, TrainMacroF1: 0.8763, ValMacroF1(patient): 0.6359/0.6420 (cur/roll3)
[dapt] Patient current vs rolling-3: accuracy 0.7885/0.7885, balanced_accuracy 0.6306/0.6368, macro_precision 0.6862/0.6799, macro_recall 0.6306/0.6368, macro_f1 0.6359/0.6420

--- dapt Epoch 15/30 | lr=3.22e-05 ---
[2D] Epoch 15 [50/58] Loss: 0.5972 Time: 8.00s
[2D] Epoch 15 [58/58] Loss: 0.5978 Time: 1.13s
[2D] Train Epoch 15 (slice-level) => Loss: 0.5978, Acc: 0.8939, MacroF1: 0.8936

[2D] Starting validation...
[2D] Val (slice-level, n=786) => Acc: 0.7455, MacroF1: 0.5857
[2D] Val (volume-level, n=101) => Loss: 0.7806, Acc: 0.8317, BalancedAcc: 0.6544, MacroPrecision: 0.7515, MacroRecall: 0.6544, MacroF1: 0.6884
[2D] Val (patient-level, n=52) => Acc: 0.8846, BalancedAcc: 0.7503, MacroPrecision: 0.8926, MacroRecall: 0.7503, MacroF1: 0.7932

[2D] Volume-level Confusion Matrix:
True \ Pred       Adenocarcinoma  Small Cell      Squamous        
Y:Adenocarcinoma  69              0               3               
Y:Small Cell      5               5               2               
Y:Squamous        5               2               10              


[2D] Patient-level Confusion Matrix:
True \ Pred       Adenocarcinoma  Small Cell      Squamous        
Y:Adenocarcinoma  36              0               1               
Y:Small Cell      2               3               1               
Y:Squamous        2               0               7               

[dapt] Epoch 15 Summary => TrainLoss: 0.5978, TrainMacroF1: 0.8936, ValMacroF1(patient): 0.7932/0.6983 (cur/roll3)
[dapt] Patient current vs rolling-3: accuracy 0.8846/0.8333, balanced_accuracy 0.7503/0.6765, macro_precision 0.8926/0.7667, macro_recall 0.7503/0.6765, macro_f1 0.7932/0.6983

--- dapt Epoch 16/30 | lr=2.93e-05 ---
[2D] Epoch 16 [50/58] Loss: 0.6527 Time: 8.25s
[2D] Epoch 16 [58/58] Loss: 0.6472 Time: 1.03s
[2D] Train Epoch 16 (slice-level) => Loss: 0.6472, Acc: 0.8669, MacroF1: 0.8664

[2D] Starting validation...
[2D] Val (slice-level, n=786) => Acc: 0.6819, MacroF1: 0.5231
[2D] Val (volume-level, n=101) => Loss: 0.8467, Acc: 0.7624, BalancedAcc: 0.5526, MacroPrecision: 0.5751, MacroRecall: 0.5526, MacroF1: 0.5439
[2D] Val (patient-level, n=52) => Acc: 0.8077, BalancedAcc: 0.6211, MacroPrecision: 0.8111, MacroRecall: 0.6211, MacroF1: 0.6096

[2D] Volume-level Confusion Matrix:
True \ Pred       Adenocarcinoma  Small Cell      Squamous        
Y:Adenocarcinoma  65              0               7               
Y:Small Cell      4               2               6               
Y:Squamous        4               3               10              


[2D] Patient-level Confusion Matrix:
True \ Pred       Adenocarcinoma  Small Cell      Squamous        
Y:Adenocarcinoma  34              0               3               
Y:Small Cell      2               1               3               
Y:Squamous        2               0               7               

[dapt] Epoch 16 Summary => TrainLoss: 0.6472, TrainMacroF1: 0.8664, ValMacroF1(patient): 0.6096/0.6796 (cur/roll3)
[dapt] Patient current vs rolling-3: accuracy 0.8077/0.8269, balanced_accuracy 0.6211/0.6673, macro_precision 0.8111/0.7966, macro_recall 0.6211/0.6673, macro_f1 0.6096/0.6796

--- dapt Epoch 17/30 | lr=2.65e-05 ---
[2D] Epoch 17 [50/58] Loss: 0.6268 Time: 7.99s
[2D] Epoch 17 [58/58] Loss: 0.6344 Time: 1.36s
[2D] Train Epoch 17 (slice-level) => Loss: 0.6344, Acc: 0.8707, MacroF1: 0.8703

[2D] Starting validation...
[2D] Val (slice-level, n=786) => Acc: 0.6985, MacroF1: 0.5176
[2D] Val (volume-level, n=101) => Loss: 0.8202, Acc: 0.8119, BalancedAcc: 0.6302, MacroPrecision: 0.6902, MacroRecall: 0.6302, MacroF1: 0.6527
[2D] Val (patient-level, n=52) => Acc: 0.8269, BalancedAcc: 0.6486, MacroPrecision: 0.7361, MacroRecall: 0.6486, MacroF1: 0.6734

[2D] Volume-level Confusion Matrix:
True \ Pred       Adenocarcinoma  Small Cell      Squamous        
Y:Adenocarcinoma  68              0               4               
Y:Small Cell      4               5               3               
Y:Squamous        5               3               9               


[2D] Patient-level Confusion Matrix:
True \ Pred       Adenocarcinoma  Small Cell      Squamous        
Y:Adenocarcinoma  35              0               2               
Y:Small Cell      3               2               1               
Y:Squamous        2               1               6               

[dapt] Epoch 17 Summary => TrainLoss: 0.6344, TrainMacroF1: 0.8703, ValMacroF1(patient): 0.6734/0.6921 (cur/roll3)
[dapt] Patient current vs rolling-3: accuracy 0.8269/0.8397, balanced_accuracy 0.6486/0.6733, macro_precision 0.7361/0.8133, macro_recall 0.6486/0.6733, macro_f1 0.6734/0.6921

--- dapt Epoch 18/30 | lr=2.35e-05 ---
[2D] Epoch 18 [50/58] Loss: 0.5717 Time: 10.10s
[2D] Epoch 18 [58/58] Loss: 0.5858 Time: 1.05s
[2D] Train Epoch 18 (slice-level) => Loss: 0.5858, Acc: 0.8936, MacroF1: 0.8933

[2D] Starting validation...
[2D] Val (slice-level, n=786) => Acc: 0.7099, MacroF1: 0.5253
[2D] Val (volume-level, n=101) => Loss: 0.8208, Acc: 0.7624, BalancedAcc: 0.5144, MacroPrecision: 0.5390, MacroRecall: 0.5144, MacroF1: 0.5120
[2D] Val (patient-level, n=52) => Acc: 0.8077, BalancedAcc: 0.5746, MacroPrecision: 0.4967, MacroRecall: 0.5746, MacroF1: 0.5325

[2D] Volume-level Confusion Matrix:
True \ Pred       Adenocarcinoma  Small Cell      Squamous        
Y:Adenocarcinoma  67              1               4               
Y:Small Cell      7               1               4               
Y:Squamous        6               2               9               


[2D] Patient-level Confusion Matrix:
True \ Pred       Adenocarcinoma  Small Cell      Squamous        
Y:Adenocarcinoma  35              0               2               
Y:Small Cell      4               0               2               
Y:Squamous        2               0               7               

[dapt] Epoch 18 Summary => TrainLoss: 0.5858, TrainMacroF1: 0.8933, ValMacroF1(patient): 0.5325/0.6052 (cur/roll3)
[dapt] Patient current vs rolling-3: accuracy 0.8077/0.8141, balanced_accuracy 0.5746/0.6148, macro_precision 0.4967/0.6813, macro_recall 0.5746/0.6148, macro_f1 0.5325/0.6052

--- dapt Epoch 19/30 | lr=2.07e-05 ---
[2D] Epoch 19 [50/58] Loss: 0.5820 Time: 7.67s
[2D] Epoch 19 [58/58] Loss: 0.5739 Time: 1.04s
[2D] Train Epoch 19 (slice-level) => Loss: 0.5739, Acc: 0.9062, MacroF1: 0.9058

[2D] Starting validation...
[2D] Val (slice-level, n=786) => Acc: 0.6947, MacroF1: 0.5097
[2D] Val (volume-level, n=101) => Loss: 0.8230, Acc: 0.7624, BalancedAcc: 0.5458, MacroPrecision: 0.5848, MacroRecall: 0.5458, MacroF1: 0.5600
[2D] Val (patient-level, n=52) => Acc: 0.8077, BalancedAcc: 0.6116, MacroPrecision: 0.7151, MacroRecall: 0.6116, MacroF1: 0.6434

[2D] Volume-level Confusion Matrix:
True \ Pred       Adenocarcinoma  Small Cell      Squamous        
Y:Adenocarcinoma  66              1               5               
Y:Small Cell      7               3               2               
Y:Squamous        5               4               8               


[2D] Patient-level Confusion Matrix:
True \ Pred       Adenocarcinoma  Small Cell      Squamous        
Y:Adenocarcinoma  35              0               2               
Y:Small Cell      3               2               1               
Y:Squamous        3               1               5               

[dapt] Epoch 19 Summary => TrainLoss: 0.5739, TrainMacroF1: 0.9058, ValMacroF1(patient): 0.6434/0.6164 (cur/roll3)
[dapt] Patient current vs rolling-3: accuracy 0.8077/0.8141, balanced_accuracy 0.6116/0.6116, macro_precision 0.7151/0.6493, macro_recall 0.6116/0.6116, macro_f1 0.6434/0.6164

--- dapt Epoch 20/30 | lr=1.78e-05 ---
[2D] Epoch 20 [50/58] Loss: 0.5749 Time: 8.56s
[2D] Epoch 20 [58/58] Loss: 0.5630 Time: 1.29s
[2D] Train Epoch 20 (slice-level) => Loss: 0.5630, Acc: 0.9027, MacroF1: 0.9025

[2D] Starting validation...
[2D] Val (slice-level, n=786) => Acc: 0.7112, MacroF1: 0.5263
[2D] Val (volume-level, n=101) => Loss: 0.8166, Acc: 0.8020, BalancedAcc: 0.6024, MacroPrecision: 0.6679, MacroRecall: 0.6024, MacroF1: 0.6271
[2D] Val (patient-level, n=52) => Acc: 0.8269, BalancedAcc: 0.6486, MacroPrecision: 0.7361, MacroRecall: 0.6486, MacroF1: 0.6734

[2D] Volume-level Confusion Matrix:
True \ Pred       Adenocarcinoma  Small Cell      Squamous        
Y:Adenocarcinoma  68              1               3               
Y:Small Cell      6               4               2               
Y:Squamous        5               3               9               


[2D] Patient-level Confusion Matrix:
True \ Pred       Adenocarcinoma  Small Cell      Squamous        
Y:Adenocarcinoma  35              0               2               
Y:Small Cell      3               2               1               
Y:Squamous        2               1               6               

[dapt] Epoch 20 Summary => TrainLoss: 0.5630, TrainMacroF1: 0.9025, ValMacroF1(patient): 0.6734/0.6164 (cur/roll3)
[dapt] Patient current vs rolling-3: accuracy 0.8269/0.8141, balanced_accuracy 0.6486/0.6116, macro_precision 0.7361/0.6493, macro_recall 0.6486/0.6116, macro_f1 0.6734/0.6164

--- dapt Epoch 21/30 | lr=1.51e-05 ---
[2D] Epoch 21 [50/58] Loss: 0.6399 Time: 8.23s
[2D] Epoch 21 [58/58] Loss: 0.6274 Time: 1.35s
[2D] Train Epoch 21 (slice-level) => Loss: 0.6274, Acc: 0.8815, MacroF1: 0.8814

[2D] Starting validation...
[2D] Val (slice-level, n=786) => Acc: 0.7112, MacroF1: 0.5330
[2D] Val (volume-level, n=101) => Loss: 0.7885, Acc: 0.7822, BalancedAcc: 0.5782, MacroPrecision: 0.6249, MacroRecall: 0.5782, MacroF1: 0.5968
[2D] Val (patient-level, n=52) => Acc: 0.8269, BalancedAcc: 0.6486, MacroPrecision: 0.7361, MacroRecall: 0.6486, MacroF1: 0.6734

[2D] Volume-level Confusion Matrix:
True \ Pred       Adenocarcinoma  Small Cell      Squamous        
Y:Adenocarcinoma  67              1               4               
Y:Small Cell      6               4               2               
Y:Squamous        5               4               8               


[2D] Patient-level Confusion Matrix:
True \ Pred       Adenocarcinoma  Small Cell      Squamous        
Y:Adenocarcinoma  35              0               2               
Y:Small Cell      3               2               1               
Y:Squamous        2               1               6               

[dapt] Epoch 21 Summary => TrainLoss: 0.6274, TrainMacroF1: 0.8814, ValMacroF1(patient): 0.6734/0.6634 (cur/roll3)
[dapt] Patient current vs rolling-3: accuracy 0.8269/0.8205, balanced_accuracy 0.6486/0.6363, macro_precision 0.7361/0.7291, macro_recall 0.6486/0.6363, macro_f1 0.6734/0.6634

--- dapt Epoch 22/30 | lr=1.25e-05 ---
[2D] Epoch 22 [50/58] Loss: 0.6056 Time: 7.42s
[2D] Epoch 22 [58/58] Loss: 0.5854 Time: 1.07s
[2D] Train Epoch 22 (slice-level) => Loss: 0.5854, Acc: 0.8944, MacroF1: 0.8942

[2D] Starting validation...
[2D] Val (slice-level, n=786) => Acc: 0.6921, MacroF1: 0.4905
[2D] Val (volume-level, n=101) => Loss: 0.8278, Acc: 0.7723, BalancedAcc: 0.5272, MacroPrecision: 0.5802, MacroRecall: 0.5272, MacroF1: 0.5442
[2D] Val (patient-level, n=52) => Acc: 0.7692, BalancedAcc: 0.5190, MacroPrecision: 0.5794, MacroRecall: 0.5190, MacroF1: 0.5361

[2D] Volume-level Confusion Matrix:
True \ Pred       Adenocarcinoma  Small Cell      Squamous        
Y:Adenocarcinoma  68              1               3               
Y:Small Cell      8               2               2               
Y:Squamous        5               4               8               


[2D] Patient-level Confusion Matrix:
True \ Pred       Adenocarcinoma  Small Cell      Squamous        
Y:Adenocarcinoma  35              0               2               
Y:Small Cell      4               1               1               
Y:Squamous        3               2               4               

[dapt] Epoch 22 Summary => TrainLoss: 0.5854, TrainMacroF1: 0.8942, ValMacroF1(patient): 0.5361/0.6276 (cur/roll3)
[dapt] Patient current vs rolling-3: accuracy 0.7692/0.8077, balanced_accuracy 0.5190/0.6054, macro_precision 0.5794/0.6839, macro_recall 0.5190/0.6054, macro_f1 0.5361/0.6276

--- dapt Epoch 23/30 | lr=1.01e-05 ---
[2D] Epoch 23 [50/58] Loss: 0.5644 Time: 8.45s
[2D] Epoch 23 [58/58] Loss: 0.5609 Time: 1.03s
[2D] Train Epoch 23 (slice-level) => Loss: 0.5609, Acc: 0.9151, MacroF1: 0.9150

[2D] Starting validation...
[2D] Val (slice-level, n=786) => Acc: 0.7112, MacroF1: 0.5141
[2D] Val (volume-level, n=101) => Loss: 0.8094, Acc: 0.7723, BalancedAcc: 0.5272, MacroPrecision: 0.5802, MacroRecall: 0.5272, MacroF1: 0.5442
[2D] Val (patient-level, n=52) => Acc: 0.7885, BalancedAcc: 0.5561, MacroPrecision: 0.6528, MacroRecall: 0.5561, MacroF1: 0.5748

[2D] Volume-level Confusion Matrix:
True \ Pred       Adenocarcinoma  Small Cell      Squamous        
Y:Adenocarcinoma  68              1               3               
Y:Small Cell      8               2               2               
Y:Squamous        5               4               8               


[2D] Patient-level Confusion Matrix:
True \ Pred       Adenocarcinoma  Small Cell      Squamous        
Y:Adenocarcinoma  35              0               2               
Y:Small Cell      4               1               1               
Y:Squamous        3               1               5               

[dapt] Epoch 23 Summary => TrainLoss: 0.5609, TrainMacroF1: 0.9150, ValMacroF1(patient): 0.5748/0.5948 (cur/roll3)
[dapt] Patient current vs rolling-3: accuracy 0.7885/0.7949, balanced_accuracy 0.5561/0.5746, macro_precision 0.6528/0.6561, macro_recall 0.5561/0.5746, macro_f1 0.5748/0.5948

--- dapt Epoch 24/30 | lr=7.84e-06 ---
[2D] Epoch 24 [50/58] Loss: 0.5126 Time: 8.31s
[2D] Epoch 24 [58/58] Loss: 0.5138 Time: 1.22s
[2D] Train Epoch 24 (slice-level) => Loss: 0.5138, Acc: 0.9286, MacroF1: 0.9283

[2D] Starting validation...
[2D] Val (slice-level, n=786) => Acc: 0.7137, MacroF1: 0.5175
[2D] Val (volume-level, n=101) => Loss: 0.8219, Acc: 0.7723, BalancedAcc: 0.5272, MacroPrecision: 0.5802, MacroRecall: 0.5272, MacroF1: 0.5442
[2D] Val (patient-level, n=52) => Acc: 0.8077, BalancedAcc: 0.5931, MacroPrecision: 0.8333, MacroRecall: 0.5931, MacroF1: 0.6128

[2D] Volume-level Confusion Matrix:
True \ Pred       Adenocarcinoma  Small Cell      Squamous        
Y:Adenocarcinoma  68              1               3               
Y:Small Cell      8               2               2               
Y:Squamous        5               4               8               


[2D] Patient-level Confusion Matrix:
True \ Pred       Adenocarcinoma  Small Cell      Squamous        
Y:Adenocarcinoma  35              0               2               
Y:Small Cell      4               1               1               
Y:Squamous        3               0               6               

[dapt] Epoch 24 Summary => TrainLoss: 0.5138, TrainMacroF1: 0.9283, ValMacroF1(patient): 0.6128/0.5746 (cur/roll3)
[dapt] Patient current vs rolling-3: accuracy 0.8077/0.7885, balanced_accuracy 0.5931/0.5561, macro_precision 0.8333/0.6885, macro_recall 0.5931/0.5561, macro_f1 0.6128/0.5746

--- dapt Epoch 25/30 | lr=5.85e-06 ---
[2D] Epoch 25 [50/58] Loss: 0.5847 Time: 8.17s
[2D] Epoch 25 [58/58] Loss: 0.5916 Time: 1.02s
[2D] Train Epoch 25 (slice-level) => Loss: 0.5916, Acc: 0.9103, MacroF1: 0.9102

[2D] Starting validation...
[2D] Val (slice-level, n=786) => Acc: 0.7010, MacroF1: 0.5172
[2D] Val (volume-level, n=101) => Loss: 0.8118, Acc: 0.7921, BalancedAcc: 0.5664, MacroPrecision: 0.5907, MacroRecall: 0.5664, MacroF1: 0.5688
[2D] Val (patient-level, n=52) => Acc: 0.8269, BalancedAcc: 0.6301, MacroPrecision: 0.8371, MacroRecall: 0.6301, MacroF1: 0.6316

[2D] Volume-level Confusion Matrix:
True \ Pred       Adenocarcinoma  Small Cell      Squamous        
Y:Adenocarcinoma  68              1               3               
Y:Small Cell      5               2               5               
Y:Squamous        4               3               10              


[2D] Patient-level Confusion Matrix:
True \ Pred       Adenocarcinoma  Small Cell      Squamous        
Y:Adenocarcinoma  35              0               2               
Y:Small Cell      3               1               2               
Y:Squamous        2               0               7               

[dapt] Epoch 25 Summary => TrainLoss: 0.5916, TrainMacroF1: 0.9102, ValMacroF1(patient): 0.6316/0.6064 (cur/roll3)
[dapt] Patient current vs rolling-3: accuracy 0.8269/0.8077, balanced_accuracy 0.6301/0.5931, macro_precision 0.8371/0.7744, macro_recall 0.6301/0.5931, macro_f1 0.6316/0.6064

[2D] Starting validation...
/home/hansstem/anaconda3/envs/sclc/lib/python3.12/site-packages/monai/utils/deprecate_utils.py:321: FutureWarning: monai.transforms.spatial.dictionary Orientationd.__init__:labels: Current default value of argument `labels=(('L', 'R'), ('P', 'A'), ('I', 'S'))` was changed in version None from `labels=(('L', 'R'), ('P', 'A'), ('I', 'S'))` to `labels=None`. Default value changed to None meaning that the transform now uses the 'space' of a meta-tensor, if applicable, to determine appropriate axis labels.
  warn_deprecated(argname, msg, warning_category)
[2D] Val (slice-level, n=834) => Acc: 0.7122, MacroF1: 0.5318
[2D] Val (volume-level, n=106) => Loss: 0.8347, Acc: 0.7830, BalancedAcc: 0.5989, MacroPrecision: 0.6534, MacroRecall: 0.5989, MacroF1: 0.6154
[2D] Val (patient-level, n=53) => Acc: 0.7736, BalancedAcc: 0.5945, MacroPrecision: 0.6722, MacroRecall: 0.5945, MacroF1: 0.6142

[2D] Volume-level Confusion Matrix:
True \ Pred       Adenocarcinoma  Small Cell      Squamous        
Y:Adenocarcinoma  69              2               5               
Y:Small Cell      4               4               4               
Y:Squamous        7               1               10              


[2D] Patient-level Confusion Matrix:
True \ Pred       Adenocarcinoma  Small Cell      Squamous        
Y:Adenocarcinoma  34              1               3               
Y:Small Cell      2               2               2               
Y:Squamous        4               0               5               

Warning: Unknown morphological group 'Non-small cell carcinoma' for patient patient_020843 — skipping
[3D big_lunge] Excluding 3 truncated-lung-mask patients: ['patient_022269', 'patient_057069', 'patient_091821']
Found 302 patients with labels.
Split 'train': 211 patients.
  211 images, class distribution: {2: 71, 0: 73, 1: 67}
Split 'val': 45 patients.
  45 images, class distribution: {0: 16, 2: 15, 1: 14}
Split 'test': 46 patients.
  46 images, class distribution: {1: 14, 2: 16, 0: 16}
[2D big_lunge train] 1510 slices from 196 volumes / 196 patients (dropped: no_mask=3, no_tumor_slices=12), classes={2: 529, 0: 500, 1: 481}
[2D big_lunge val] 322 slices from 41 volumes / 41 patients (dropped: no_mask=1, no_tumor_slices=3), classes={0: 120, 2: 98, 1: 104}
[2D big_lunge test] 332 slices from 43 volumes / 43 patients (dropped: no_mask=0, no_tumor_slices=3), classes={1: 99, 2: 118, 0: 115}
[2D big_lunge] dropped-patient inventory -> /home/hansstem/.cache/monai_biglunge_2d/img224_crop96_mp1/dropped_patients.json
[2D] PersistentDataset cache_dir='/home/hansstem/.cache/monai_biglunge_2d/img224_crop96_mp1/train'
[2D] PersistentDataset cache_dir='/home/hansstem/.cache/monai_biglunge_2d/img224_crop96_mp1/val'
[2D] PersistentDataset cache_dir='/home/hansstem/.cache/monai_biglunge_2d/img224_crop96_mp1/test'
[WRS big_lunge] counts {0=500, 1=481, 2=529} | oversample_factor=1.10 (max_weight/min_weight)
[big_lunge] Train class distribution: {2: 529, 0: 500, 1: 481}

--- finetune Epoch 1/40 | lr(backbone/head)=3.00e-06/3.00e-05 ---
[2D] Epoch 1 [24/24] Loss: 1.3808 Time: 5.71s
[2D] Train Epoch 1 (slice-level) => Loss: 1.3808, Acc: 0.3808, MacroF1: 0.3777

[2D] Starting validation...
[2D] Val (slice-level, n=322) => Acc: 0.3602, MacroF1: 0.3576
[2D] Val (volume-level, n=41) => Loss: 1.4782, Acc: 0.3659, BalancedAcc: 0.3641, MacroPrecision: 0.4322, MacroRecall: 0.3641, MacroF1: 0.3796
[2D] Val (patient-level, n=41) => Acc: 0.3659, BalancedAcc: 0.3641, MacroPrecision: 0.4322, MacroRecall: 0.3641, MacroF1: 0.3796

[2D] Volume-level Confusion Matrix:
True \ Pred       Adenocarcinoma  Small Cell      Squamous        
Y:Adenocarcinoma  6               1               8               
Y:Small Cell      5               5               3               
Y:Squamous        8               1               4               


[2D] Patient-level Confusion Matrix:
True \ Pred       Adenocarcinoma  Small Cell      Squamous        
Y:Adenocarcinoma  6               1               8               
Y:Small Cell      5               5               3               
Y:Squamous        8               1               4               

[finetune] Epoch 1 Summary => TrainLoss: 1.3808, TrainMacroF1: 0.3777, ValMacroF1(patient): 0.3796/0.3796 (cur/roll3)
[finetune] Patient current vs rolling-3: accuracy 0.3659/0.3659, balanced_accuracy 0.3641/0.3641, macro_precision 0.4322/0.4322, macro_recall 0.3641/0.3641, macro_f1 0.3796/0.3796

--- finetune Epoch 2/40 | lr(backbone/head)=3.00e-06/3.00e-05 ---
[2D] Epoch 2 [24/24] Loss: 1.3674 Time: 3.77s
[2D] Train Epoch 2 (slice-level) => Loss: 1.3674, Acc: 0.3662, MacroF1: 0.3656

[2D] Starting validation...
[2D] Val (slice-level, n=322) => Acc: 0.3602, MacroF1: 0.3621
[2D] Val (volume-level, n=41) => Loss: 1.4395, Acc: 0.4146, BalancedAcc: 0.4154, MacroPrecision: 0.4472, MacroRecall: 0.4154, MacroF1: 0.4272
[2D] Val (patient-level, n=41) => Acc: 0.4146, BalancedAcc: 0.4154, MacroPrecision: 0.4472, MacroRecall: 0.4154, MacroF1: 0.4272

[2D] Volume-level Confusion Matrix:
True \ Pred       Adenocarcinoma  Small Cell      Squamous        
Y:Adenocarcinoma  6               1               8               
Y:Small Cell      3               7               3               
Y:Squamous        7               2               4               


[2D] Patient-level Confusion Matrix:
True \ Pred       Adenocarcinoma  Small Cell      Squamous        
Y:Adenocarcinoma  6               1               8               
Y:Small Cell      3               7               3               
Y:Squamous        7               2               4               

[finetune] Epoch 2 Summary => TrainLoss: 1.3674, TrainMacroF1: 0.3656, ValMacroF1(patient): 0.4272/0.4034 (cur/roll3)
[finetune] Patient current vs rolling-3: accuracy 0.4146/0.3902, balanced_accuracy 0.4154/0.3897, macro_precision 0.4472/0.4397, macro_recall 0.4154/0.3897, macro_f1 0.4272/0.4034

--- finetune Epoch 3/40 | lr(backbone/head)=2.98e-06/2.98e-05 ---
[2D] Epoch 3 [24/24] Loss: 1.3438 Time: 3.71s
[2D] Train Epoch 3 (slice-level) => Loss: 1.3438, Acc: 0.3881, MacroF1: 0.3881

[2D] Starting validation...
[2D] Val (slice-level, n=322) => Acc: 0.3571, MacroF1: 0.3592
[2D] Val (volume-level, n=41) => Loss: 1.4220, Acc: 0.4146, BalancedAcc: 0.4154, MacroPrecision: 0.4323, MacroRecall: 0.4154, MacroF1: 0.4220
[2D] Val (patient-level, n=41) => Acc: 0.4146, BalancedAcc: 0.4154, MacroPrecision: 0.4323, MacroRecall: 0.4154, MacroF1: 0.4220

[2D] Volume-level Confusion Matrix:
True \ Pred       Adenocarcinoma  Small Cell      Squamous        
Y:Adenocarcinoma  6               2               7               
Y:Small Cell      4               7               2               
Y:Squamous        7               2               4               


[2D] Patient-level Confusion Matrix:
True \ Pred       Adenocarcinoma  Small Cell      Squamous        
Y:Adenocarcinoma  6               2               7               
Y:Small Cell      4               7               2               
Y:Squamous        7               2               4               

[finetune] Epoch 3 Summary => TrainLoss: 1.3438, TrainMacroF1: 0.3881, ValMacroF1(patient): 0.4220/0.4096 (cur/roll3)
[finetune] Patient current vs rolling-3: accuracy 0.4146/0.3984, balanced_accuracy 0.4154/0.3983, macro_precision 0.4323/0.4373, macro_recall 0.4154/0.3983, macro_f1 0.4220/0.4096

--- finetune Epoch 4/40 | lr(backbone/head)=2.96e-06/2.96e-05 ---
[2D] Epoch 4 [24/24] Loss: 1.3444 Time: 3.89s
[2D] Train Epoch 4 (slice-level) => Loss: 1.3444, Acc: 0.3848, MacroF1: 0.3846

[2D] Starting validation...
[2D] Val (slice-level, n=322) => Acc: 0.3634, MacroF1: 0.3624
[2D] Val (volume-level, n=41) => Loss: 1.4026, Acc: 0.3902, BalancedAcc: 0.3897, MacroPrecision: 0.4137, MacroRecall: 0.3897, MacroF1: 0.3977
[2D] Val (patient-level, n=41) => Acc: 0.3902, BalancedAcc: 0.3897, MacroPrecision: 0.4137, MacroRecall: 0.3897, MacroF1: 0.3977

[2D] Volume-level Confusion Matrix:
True \ Pred       Adenocarcinoma  Small Cell      Squamous        
Y:Adenocarcinoma  6               2               7               
Y:Small Cell      5               6               2               
Y:Squamous        7               2               4               


[2D] Patient-level Confusion Matrix:
True \ Pred       Adenocarcinoma  Small Cell      Squamous        
Y:Adenocarcinoma  6               2               7               
Y:Small Cell      5               6               2               
Y:Squamous        7               2               4               

[finetune] Epoch 4 Summary => TrainLoss: 1.3444, TrainMacroF1: 0.3846, ValMacroF1(patient): 0.3977/0.4156 (cur/roll3)
[finetune] Patient current vs rolling-3: accuracy 0.3902/0.4065, balanced_accuracy 0.3897/0.4068, macro_precision 0.4137/0.4311, macro_recall 0.3897/0.4068, macro_f1 0.3977/0.4156

--- finetune Epoch 5/40 | lr(backbone/head)=2.93e-06/2.93e-05 ---
[2D] Epoch 5 [24/24] Loss: 1.3135 Time: 3.47s
[2D] Train Epoch 5 (slice-level) => Loss: 1.3135, Acc: 0.4013, MacroF1: 0.4012

[2D] Starting validation...
[2D] Val (slice-level, n=322) => Acc: 0.3571, MacroF1: 0.3600
[2D] Val (volume-level, n=41) => Loss: 1.3797, Acc: 0.4146, BalancedAcc: 0.4154, MacroPrecision: 0.4324, MacroRecall: 0.4154, MacroF1: 0.4222
[2D] Val (patient-level, n=41) => Acc: 0.4146, BalancedAcc: 0.4154, MacroPrecision: 0.4324, MacroRecall: 0.4154, MacroF1: 0.4222

[2D] Volume-level Confusion Matrix:
True \ Pred       Adenocarcinoma  Small Cell      Squamous        
Y:Adenocarcinoma  6               2               7               
Y:Small Cell      3               7               3               
Y:Squamous        7               2               4               


[2D] Patient-level Confusion Matrix:
True \ Pred       Adenocarcinoma  Small Cell      Squamous        
Y:Adenocarcinoma  6               2               7               
Y:Small Cell      3               7               3               
Y:Squamous        7               2               4               

[finetune] Epoch 5 Summary => TrainLoss: 1.3135, TrainMacroF1: 0.4012, ValMacroF1(patient): 0.4222/0.4140 (cur/roll3)
[finetune] Patient current vs rolling-3: accuracy 0.4146/0.4065, balanced_accuracy 0.4154/0.4068, macro_precision 0.4324/0.4261, macro_recall 0.4154/0.4068, macro_f1 0.4222/0.4140

--- finetune Epoch 6/40 | lr(backbone/head)=2.89e-06/2.89e-05 ---
[2D] Epoch 6 [24/24] Loss: 1.3159 Time: 4.64s
[2D] Train Epoch 6 (slice-level) => Loss: 1.3159, Acc: 0.3781, MacroF1: 0.3785

[2D] Starting validation...
[2D] Val (slice-level, n=322) => Acc: 0.3447, MacroF1: 0.3439
[2D] Val (volume-level, n=41) => Loss: 1.3503, Acc: 0.4390, BalancedAcc: 0.4410, MacroPrecision: 0.4694, MacroRecall: 0.4410, MacroF1: 0.4510
[2D] Val (patient-level, n=41) => Acc: 0.4390, BalancedAcc: 0.4410, MacroPrecision: 0.4694, MacroRecall: 0.4410, MacroF1: 0.4510

[2D] Volume-level Confusion Matrix:
True \ Pred       Adenocarcinoma  Small Cell      Squamous        
Y:Adenocarcinoma  6               2               7               
Y:Small Cell      3               7               3               
Y:Squamous        7               1               5               


[2D] Patient-level Confusion Matrix:
True \ Pred       Adenocarcinoma  Small Cell      Squamous        
Y:Adenocarcinoma  6               2               7               
Y:Small Cell      3               7               3               
Y:Squamous        7               1               5               

[finetune] Epoch 6 Summary => TrainLoss: 1.3159, TrainMacroF1: 0.3785, ValMacroF1(patient): 0.4510/0.4236 (cur/roll3)
[finetune] Patient current vs rolling-3: accuracy 0.4390/0.4146, balanced_accuracy 0.4410/0.4154, macro_precision 0.4694/0.4385, macro_recall 0.4410/0.4154, macro_f1 0.4510/0.4236

--- finetune Epoch 7/40 | lr(backbone/head)=2.84e-06/2.84e-05 ---
[2D] Epoch 7 [24/24] Loss: 1.2586 Time: 3.86s
[2D] Train Epoch 7 (slice-level) => Loss: 1.2586, Acc: 0.4073, MacroF1: 0.4071

[2D] Starting validation...
[2D] Val (slice-level, n=322) => Acc: 0.3602, MacroF1: 0.3627
[2D] Val (volume-level, n=41) => Loss: 1.3283, Acc: 0.3902, BalancedAcc: 0.3897, MacroPrecision: 0.4139, MacroRecall: 0.3897, MacroF1: 0.3982
[2D] Val (patient-level, n=41) => Acc: 0.3902, BalancedAcc: 0.3897, MacroPrecision: 0.4139, MacroRecall: 0.3897, MacroF1: 0.3982

[2D] Volume-level Confusion Matrix:
True \ Pred       Adenocarcinoma  Small Cell      Squamous        
Y:Adenocarcinoma  6               2               7               
Y:Small Cell      3               6               4               
Y:Squamous        7               2               4               


[2D] Patient-level Confusion Matrix:
True \ Pred       Adenocarcinoma  Small Cell      Squamous        
Y:Adenocarcinoma  6               2               7               
Y:Small Cell      3               6               4               
Y:Squamous        7               2               4               

[finetune] Epoch 7 Summary => TrainLoss: 1.2586, TrainMacroF1: 0.4071, ValMacroF1(patient): 0.3982/0.4238 (cur/roll3)
[finetune] Patient current vs rolling-3: accuracy 0.3902/0.4146, balanced_accuracy 0.3897/0.4154, macro_precision 0.4139/0.4386, macro_recall 0.3897/0.4154, macro_f1 0.3982/0.4238

--- finetune Epoch 8/40 | lr(backbone/head)=2.78e-06/2.78e-05 ---
[2D] Epoch 8 [24/24] Loss: 1.2689 Time: 4.64s
[2D] Train Epoch 8 (slice-level) => Loss: 1.2689, Acc: 0.3815, MacroF1: 0.3813

[2D] Starting validation...
[2D] Val (slice-level, n=322) => Acc: 0.3634, MacroF1: 0.3651
[2D] Val (volume-level, n=41) => Loss: 1.3077, Acc: 0.4146, BalancedAcc: 0.4154, MacroPrecision: 0.4514, MacroRecall: 0.4154, MacroF1: 0.4258
[2D] Val (patient-level, n=41) => Acc: 0.4146, BalancedAcc: 0.4154, MacroPrecision: 0.4514, MacroRecall: 0.4154, MacroF1: 0.4258

[2D] Volume-level Confusion Matrix:
True \ Pred       Adenocarcinoma  Small Cell      Squamous        
Y:Adenocarcinoma  6               2               7               
Y:Small Cell      3               6               4               
Y:Squamous        7               1               5               


[2D] Patient-level Confusion Matrix:
True \ Pred       Adenocarcinoma  Small Cell      Squamous        
Y:Adenocarcinoma  6               2               7               
Y:Small Cell      3               6               4               
Y:Squamous        7               1               5               

[finetune] Epoch 8 Summary => TrainLoss: 1.2689, TrainMacroF1: 0.3813, ValMacroF1(patient): 0.4258/0.4250 (cur/roll3)
[finetune] Patient current vs rolling-3: accuracy 0.4146/0.4146, balanced_accuracy 0.4154/0.4154, macro_precision 0.4514/0.4449, macro_recall 0.4154/0.4154, macro_f1 0.4258/0.4250

--- finetune Epoch 9/40 | lr(backbone/head)=2.71e-06/2.71e-05 ---
[2D] Epoch 9 [24/24] Loss: 1.2257 Time: 3.92s
[2D] Train Epoch 9 (slice-level) => Loss: 1.2257, Acc: 0.3887, MacroF1: 0.3884

[2D] Starting validation...
[2D] Val (slice-level, n=322) => Acc: 0.3696, MacroF1: 0.3709
[2D] Val (volume-level, n=41) => Loss: 1.2933, Acc: 0.4146, BalancedAcc: 0.4154, MacroPrecision: 0.4730, MacroRecall: 0.4154, MacroF1: 0.4306
[2D] Val (patient-level, n=41) => Acc: 0.4146, BalancedAcc: 0.4154, MacroPrecision: 0.4730, MacroRecall: 0.4154, MacroF1: 0.4306

[2D] Volume-level Confusion Matrix:
True \ Pred       Adenocarcinoma  Small Cell      Squamous        
Y:Adenocarcinoma  6               1               8               
Y:Small Cell      3               6               4               
Y:Squamous        7               1               5               


[2D] Patient-level Confusion Matrix:
True \ Pred       Adenocarcinoma  Small Cell      Squamous        
Y:Adenocarcinoma  6               1               8               
Y:Small Cell      3               6               4               
Y:Squamous        7               1               5               

[finetune] Epoch 9 Summary => TrainLoss: 1.2257, TrainMacroF1: 0.3884, ValMacroF1(patient): 0.4306/0.4182 (cur/roll3)
[finetune] Patient current vs rolling-3: accuracy 0.4146/0.4065, balanced_accuracy 0.4154/0.4068, macro_precision 0.4730/0.4461, macro_recall 0.4154/0.4068, macro_f1 0.4306/0.4182

--- finetune Epoch 10/40 | lr(backbone/head)=2.64e-06/2.64e-05 ---
[2D] Epoch 10 [24/24] Loss: 1.1851 Time: 4.82s
[2D] Train Epoch 10 (slice-level) => Loss: 1.1851, Acc: 0.4272, MacroF1: 0.4268

[2D] Starting validation...
[2D] Val (slice-level, n=322) => Acc: 0.3696, MacroF1: 0.3709
[2D] Val (volume-level, n=41) => Loss: 1.2688, Acc: 0.4390, BalancedAcc: 0.4376, MacroPrecision: 0.5195, MacroRecall: 0.4376, MacroF1: 0.4564
[2D] Val (patient-level, n=41) => Acc: 0.4390, BalancedAcc: 0.4376, MacroPrecision: 0.5195, MacroRecall: 0.4376, MacroF1: 0.4564

[2D] Volume-level Confusion Matrix:
True \ Pred       Adenocarcinoma  Small Cell      Squamous        
Y:Adenocarcinoma  7               1               7               
Y:Small Cell      3               6               4               
Y:Squamous        8               0               5               


[2D] Patient-level Confusion Matrix:
True \ Pred       Adenocarcinoma  Small Cell      Squamous        
Y:Adenocarcinoma  7               1               7               
Y:Small Cell      3               6               4               
Y:Squamous        8               0               5               

[finetune] Epoch 10 Summary => TrainLoss: 1.1851, TrainMacroF1: 0.4268, ValMacroF1(patient): 0.4564/0.4376 (cur/roll3)
[finetune] Patient current vs rolling-3: accuracy 0.4390/0.4228, balanced_accuracy 0.4376/0.4228, macro_precision 0.5195/0.4813, macro_recall 0.4376/0.4228, macro_f1 0.4564/0.4376

--- finetune Epoch 11/40 | lr(backbone/head)=2.56e-06/2.56e-05 ---
[2D] Epoch 11 [24/24] Loss: 1.1856 Time: 3.97s
[2D] Train Epoch 11 (slice-level) => Loss: 1.1856, Acc: 0.4238, MacroF1: 0.4237

[2D] Starting validation...
[2D] Val (slice-level, n=322) => Acc: 0.3758, MacroF1: 0.3763
[2D] Val (volume-level, n=41) => Loss: 1.2623, Acc: 0.4146, BalancedAcc: 0.4120, MacroPrecision: 0.4974, MacroRecall: 0.4120, MacroF1: 0.4325
[2D] Val (patient-level, n=41) => Acc: 0.4146, BalancedAcc: 0.4120, MacroPrecision: 0.4974, MacroRecall: 0.4120, MacroF1: 0.4325

[2D] Volume-level Confusion Matrix:
True \ Pred       Adenocarcinoma  Small Cell      Squamous        
Y:Adenocarcinoma  7               1               7               
Y:Small Cell      3               6               4               
Y:Squamous        9               0               4               


[2D] Patient-level Confusion Matrix:
True \ Pred       Adenocarcinoma  Small Cell      Squamous        
Y:Adenocarcinoma  7               1               7               
Y:Small Cell      3               6               4               
Y:Squamous        9               0               4               

[finetune] Epoch 11 Summary => TrainLoss: 1.1856, TrainMacroF1: 0.4237, ValMacroF1(patient): 0.4325/0.4398 (cur/roll3)
[finetune] Patient current vs rolling-3: accuracy 0.4146/0.4228, balanced_accuracy 0.4120/0.4217, macro_precision 0.4974/0.4967, macro_recall 0.4120/0.4217, macro_f1 0.4325/0.4398

--- finetune Epoch 12/40 | lr(backbone/head)=2.47e-06/2.47e-05 ---
[2D] Epoch 12 [24/24] Loss: 1.1696 Time: 4.15s
[2D] Train Epoch 12 (slice-level) => Loss: 1.1696, Acc: 0.4126, MacroF1: 0.4123

[2D] Starting validation...
[2D] Val (slice-level, n=322) => Acc: 0.3727, MacroF1: 0.3723
[2D] Val (volume-level, n=41) => Loss: 1.2478, Acc: 0.4146, BalancedAcc: 0.4120, MacroPrecision: 0.4974, MacroRecall: 0.4120, MacroF1: 0.4325
[2D] Val (patient-level, n=41) => Acc: 0.4146, BalancedAcc: 0.4120, MacroPrecision: 0.4974, MacroRecall: 0.4120, MacroF1: 0.4325

[2D] Volume-level Confusion Matrix:
True \ Pred       Adenocarcinoma  Small Cell      Squamous        
Y:Adenocarcinoma  7               1               7               
Y:Small Cell      3               6               4               
Y:Squamous        9               0               4               


[2D] Patient-level Confusion Matrix:
True \ Pred       Adenocarcinoma  Small Cell      Squamous        
Y:Adenocarcinoma  7               1               7               
Y:Small Cell      3               6               4               
Y:Squamous        9               0               4               

[finetune] Epoch 12 Summary => TrainLoss: 1.1696, TrainMacroF1: 0.4123, ValMacroF1(patient): 0.4325/0.4404 (cur/roll3)
[finetune] Patient current vs rolling-3: accuracy 0.4146/0.4228, balanced_accuracy 0.4120/0.4205, macro_precision 0.4974/0.5048, macro_recall 0.4120/0.4205, macro_f1 0.4325/0.4404

--- finetune Epoch 13/40 | lr(backbone/head)=2.38e-06/2.38e-05 ---
[2D] Epoch 13 [24/24] Loss: 1.1645 Time: 3.91s
[2D] Train Epoch 13 (slice-level) => Loss: 1.1645, Acc: 0.4238, MacroF1: 0.4234

[2D] Starting validation...
[2D] Val (slice-level, n=322) => Acc: 0.3665, MacroF1: 0.3675
[2D] Val (volume-level, n=41) => Loss: 1.2386, Acc: 0.4146, BalancedAcc: 0.4120, MacroPrecision: 0.4680, MacroRecall: 0.4120, MacroF1: 0.4265
[2D] Val (patient-level, n=41) => Acc: 0.4146, BalancedAcc: 0.4120, MacroPrecision: 0.4680, MacroRecall: 0.4120, MacroF1: 0.4265

[2D] Volume-level Confusion Matrix:
True \ Pred       Adenocarcinoma  Small Cell      Squamous        
Y:Adenocarcinoma  7               2               6               
Y:Small Cell      3               6               4               
Y:Squamous        9               0               4               


[2D] Patient-level Confusion Matrix:
True \ Pred       Adenocarcinoma  Small Cell      Squamous        
Y:Adenocarcinoma  7               2               6               
Y:Small Cell      3               6               4               
Y:Squamous        9               0               4               

[finetune] Epoch 13 Summary => TrainLoss: 1.1645, TrainMacroF1: 0.4234, ValMacroF1(patient): 0.4265/0.4305 (cur/roll3)
[finetune] Patient current vs rolling-3: accuracy 0.4146/0.4146, balanced_accuracy 0.4120/0.4120, macro_precision 0.4680/0.4876, macro_recall 0.4120/0.4120, macro_f1 0.4265/0.4305

--- finetune Epoch 14/40 | lr(backbone/head)=2.28e-06/2.28e-05 ---
[2D] Epoch 14 [24/24] Loss: 1.1667 Time: 4.02s
[2D] Train Epoch 14 (slice-level) => Loss: 1.1667, Acc: 0.4033, MacroF1: 0.4033

[2D] Starting validation...
[2D] Val (slice-level, n=322) => Acc: 0.3789, MacroF1: 0.3805
[2D] Val (volume-level, n=41) => Loss: 1.2274, Acc: 0.4146, BalancedAcc: 0.4120, MacroPrecision: 0.4471, MacroRecall: 0.4120, MacroF1: 0.4220
[2D] Val (patient-level, n=41) => Acc: 0.4146, BalancedAcc: 0.4120, MacroPrecision: 0.4471, MacroRecall: 0.4120, MacroF1: 0.4220

[2D] Volume-level Confusion Matrix:
True \ Pred       Adenocarcinoma  Small Cell      Squamous        
Y:Adenocarcinoma  7               2               6               
Y:Small Cell      3               6               4               
Y:Squamous        8               1               4               


[2D] Patient-level Confusion Matrix:
True \ Pred       Adenocarcinoma  Small Cell      Squamous        
Y:Adenocarcinoma  7               2               6               
Y:Small Cell      3               6               4               
Y:Squamous        8               1               4               

[finetune] Epoch 14 Summary => TrainLoss: 1.1667, TrainMacroF1: 0.4033, ValMacroF1(patient): 0.4220/0.4270 (cur/roll3)
[finetune] Patient current vs rolling-3: accuracy 0.4146/0.4146, balanced_accuracy 0.4120/0.4120, macro_precision 0.4471/0.4708, macro_recall 0.4120/0.4120, macro_f1 0.4220/0.4270

--- finetune Epoch 15/40 | lr(backbone/head)=2.18e-06/2.18e-05 ---
[2D] Epoch 15 [24/24] Loss: 1.1338 Time: 4.85s
[2D] Train Epoch 15 (slice-level) => Loss: 1.1338, Acc: 0.4364, MacroF1: 0.4363

[2D] Starting validation...
[2D] Val (slice-level, n=322) => Acc: 0.3665, MacroF1: 0.3652
[2D] Val (volume-level, n=41) => Loss: 1.2160, Acc: 0.4146, BalancedAcc: 0.4120, MacroPrecision: 0.4339, MacroRecall: 0.4120, MacroF1: 0.4178
[2D] Val (patient-level, n=41) => Acc: 0.4146, BalancedAcc: 0.4120, MacroPrecision: 0.4339, MacroRecall: 0.4120, MacroF1: 0.4178

[2D] Volume-level Confusion Matrix:
True \ Pred       Adenocarcinoma  Small Cell      Squamous        
Y:Adenocarcinoma  7               3               5               
Y:Small Cell      4               6               3               
Y:Squamous        8               1               4               


[2D] Patient-level Confusion Matrix:
True \ Pred       Adenocarcinoma  Small Cell      Squamous        
Y:Adenocarcinoma  7               3               5               
Y:Small Cell      4               6               3               
Y:Squamous        8               1               4               

[finetune] Epoch 15 Summary => TrainLoss: 1.1338, TrainMacroF1: 0.4363, ValMacroF1(patient): 0.4178/0.4221 (cur/roll3)
[finetune] Patient current vs rolling-3: accuracy 0.4146/0.4146, balanced_accuracy 0.4120/0.4120, macro_precision 0.4339/0.4497, macro_recall 0.4120/0.4120, macro_f1 0.4178/0.4221

--- finetune Epoch 16/40 | lr(backbone/head)=2.07e-06/2.07e-05 ---
[2D] Epoch 16 [24/24] Loss: 1.1364 Time: 4.31s
[2D] Train Epoch 16 (slice-level) => Loss: 1.1364, Acc: 0.4272, MacroF1: 0.4270

[2D] Starting validation...
[2D] Val (slice-level, n=322) => Acc: 0.3696, MacroF1: 0.3692
[2D] Val (volume-level, n=41) => Loss: 1.2011, Acc: 0.3902, BalancedAcc: 0.3863, MacroPrecision: 0.3955, MacroRecall: 0.3863, MacroF1: 0.3873
[2D] Val (patient-level, n=41) => Acc: 0.3902, BalancedAcc: 0.3863, MacroPrecision: 0.3955, MacroRecall: 0.3863, MacroF1: 0.3873

[2D] Volume-level Confusion Matrix:
True \ Pred       Adenocarcinoma  Small Cell      Squamous        
Y:Adenocarcinoma  7               3               5               
Y:Small Cell      4               6               3               
Y:Squamous        8               2               3               


[2D] Patient-level Confusion Matrix:
True \ Pred       Adenocarcinoma  Small Cell      Squamous        
Y:Adenocarcinoma  7               3               5               
Y:Small Cell      4               6               3               
Y:Squamous        8               2               3               

[finetune] Epoch 16 Summary => TrainLoss: 1.1364, TrainMacroF1: 0.4270, ValMacroF1(patient): 0.3873/0.4090 (cur/roll3)
[finetune] Patient current vs rolling-3: accuracy 0.3902/0.4065, balanced_accuracy 0.3863/0.4034, macro_precision 0.3955/0.4255, macro_recall 0.3863/0.4034, macro_f1 0.3873/0.4090

--- finetune Epoch 17/40 | lr(backbone/head)=1.96e-06/1.96e-05 ---
[2D] Epoch 17 [24/24] Loss: 1.1155 Time: 4.07s
[2D] Train Epoch 17 (slice-level) => Loss: 1.1155, Acc: 0.4543, MacroF1: 0.4540

[2D] Starting validation...
[2D] Val (slice-level, n=322) => Acc: 0.3540, MacroF1: 0.3515
[2D] Val (volume-level, n=41) => Loss: 1.2031, Acc: 0.4146, BalancedAcc: 0.4120, MacroPrecision: 0.4339, MacroRecall: 0.4120, MacroF1: 0.4178
[2D] Val (patient-level, n=41) => Acc: 0.4146, BalancedAcc: 0.4120, MacroPrecision: 0.4339, MacroRecall: 0.4120, MacroF1: 0.4178

[2D] Volume-level Confusion Matrix:
True \ Pred       Adenocarcinoma  Small Cell      Squamous        
Y:Adenocarcinoma  7               3               5               
Y:Small Cell      4               6               3               
Y:Squamous        8               1               4               


[2D] Patient-level Confusion Matrix:
True \ Pred       Adenocarcinoma  Small Cell      Squamous        
Y:Adenocarcinoma  7               3               5               
Y:Small Cell      4               6               3               
Y:Squamous        8               1               4               

[finetune] Epoch 17 Summary => TrainLoss: 1.1155, TrainMacroF1: 0.4540, ValMacroF1(patient): 0.4178/0.4076 (cur/roll3)
[finetune] Patient current vs rolling-3: accuracy 0.4146/0.4065, balanced_accuracy 0.4120/0.4034, macro_precision 0.4339/0.4211, macro_recall 0.4120/0.4034, macro_f1 0.4178/0.4076

--- finetune Epoch 18/40 | lr(backbone/head)=1.85e-06/1.85e-05 ---
[2D] Epoch 18 [24/24] Loss: 1.1057 Time: 4.01s
[2D] Train Epoch 18 (slice-level) => Loss: 1.1057, Acc: 0.4238, MacroF1: 0.4234

[2D] Starting validation...
[2D] Val (slice-level, n=322) => Acc: 0.3665, MacroF1: 0.3672
[2D] Val (volume-level, n=41) => Loss: 1.2027, Acc: 0.3902, BalancedAcc: 0.3863, MacroPrecision: 0.4101, MacroRecall: 0.3863, MacroF1: 0.3917
[2D] Val (patient-level, n=41) => Acc: 0.3902, BalancedAcc: 0.3863, MacroPrecision: 0.4101, MacroRecall: 0.3863, MacroF1: 0.3917

[2D] Volume-level Confusion Matrix:
True \ Pred       Adenocarcinoma  Small Cell      Squamous        
Y:Adenocarcinoma  7               3               5               
Y:Small Cell      3               5               5               
Y:Squamous        8               1               4               


[2D] Patient-level Confusion Matrix:
True \ Pred       Adenocarcinoma  Small Cell      Squamous        
Y:Adenocarcinoma  7               3               5               
Y:Small Cell      3               5               5               
Y:Squamous        8               1               4               

[finetune] Epoch 18 Summary => TrainLoss: 1.1057, TrainMacroF1: 0.4234, ValMacroF1(patient): 0.3917/0.3989 (cur/roll3)
[finetune] Patient current vs rolling-3: accuracy 0.3902/0.3984, balanced_accuracy 0.3863/0.3949, macro_precision 0.4101/0.4132, macro_recall 0.3863/0.3949, macro_f1 0.3917/0.3989

--- finetune Epoch 19/40 | lr(backbone/head)=1.73e-06/1.73e-05 ---
[2D] Epoch 19 [24/24] Loss: 1.0983 Time: 5.10s
[2D] Train Epoch 19 (slice-level) => Loss: 1.0983, Acc: 0.4450, MacroF1: 0.4447

[2D] Starting validation...
[2D] Val (slice-level, n=322) => Acc: 0.3634, MacroF1: 0.3651
[2D] Val (volume-level, n=41) => Loss: 1.1969, Acc: 0.4146, BalancedAcc: 0.4120, MacroPrecision: 0.4216, MacroRecall: 0.4120, MacroF1: 0.4151
[2D] Val (patient-level, n=41) => Acc: 0.4146, BalancedAcc: 0.4120, MacroPrecision: 0.4216, MacroRecall: 0.4120, MacroF1: 0.4151

[2D] Volume-level Confusion Matrix:
True \ Pred       Adenocarcinoma  Small Cell      Squamous        
Y:Adenocarcinoma  7               3               5               
Y:Small Cell      3               6               4               
Y:Squamous        7               2               4               


[2D] Patient-level Confusion Matrix:
True \ Pred       Adenocarcinoma  Small Cell      Squamous        
Y:Adenocarcinoma  7               3               5               
Y:Small Cell      3               6               4               
Y:Squamous        7               2               4               

[finetune] Epoch 19 Summary => TrainLoss: 1.0983, TrainMacroF1: 0.4447, ValMacroF1(patient): 0.4151/0.4082 (cur/roll3)
[finetune] Patient current vs rolling-3: accuracy 0.4146/0.4065, balanced_accuracy 0.4120/0.4034, macro_precision 0.4216/0.4219, macro_recall 0.4120/0.4034, macro_f1 0.4151/0.4082

--- finetune Epoch 20/40 | lr(backbone/head)=1.62e-06/1.62e-05 ---
[2D] Epoch 20 [24/24] Loss: 1.1209 Time: 4.70s
[2D] Train Epoch 20 (slice-level) => Loss: 1.1209, Acc: 0.4411, MacroF1: 0.4408

[2D] Starting validation...
[2D] Val (slice-level, n=322) => Acc: 0.3758, MacroF1: 0.3774
[2D] Val (volume-level, n=41) => Loss: 1.1945, Acc: 0.4146, BalancedAcc: 0.4120, MacroPrecision: 0.4216, MacroRecall: 0.4120, MacroF1: 0.4151
[2D] Val (patient-level, n=41) => Acc: 0.4146, BalancedAcc: 0.4120, MacroPrecision: 0.4216, MacroRecall: 0.4120, MacroF1: 0.4151

[2D] Volume-level Confusion Matrix:
True \ Pred       Adenocarcinoma  Small Cell      Squamous        
Y:Adenocarcinoma  7               3               5               
Y:Small Cell      3               6               4               
Y:Squamous        7               2               4               


[2D] Patient-level Confusion Matrix:
True \ Pred       Adenocarcinoma  Small Cell      Squamous        
Y:Adenocarcinoma  7               3               5               
Y:Small Cell      3               6               4               
Y:Squamous        7               2               4               

[finetune] Epoch 20 Summary => TrainLoss: 1.1209, TrainMacroF1: 0.4408, ValMacroF1(patient): 0.4151/0.4073 (cur/roll3)
[finetune] Patient current vs rolling-3: accuracy 0.4146/0.4065, balanced_accuracy 0.4120/0.4034, macro_precision 0.4216/0.4178, macro_recall 0.4120/0.4034, macro_f1 0.4151/0.4073

--- finetune Epoch 21/40 | lr(backbone/head)=1.50e-06/1.50e-05 ---
[2D] Epoch 21 [24/24] Loss: 1.0999 Time: 3.94s
[2D] Train Epoch 21 (slice-level) => Loss: 1.0999, Acc: 0.4384, MacroF1: 0.4375

[2D] Starting validation...
[2D] Val (slice-level, n=322) => Acc: 0.3634, MacroF1: 0.3633
[2D] Val (volume-level, n=41) => Loss: 1.1876, Acc: 0.3902, BalancedAcc: 0.3863, MacroPrecision: 0.3992, MacroRecall: 0.3863, MacroF1: 0.3895
[2D] Val (patient-level, n=41) => Acc: 0.3902, BalancedAcc: 0.3863, MacroPrecision: 0.3992, MacroRecall: 0.3863, MacroF1: 0.3895

[2D] Volume-level Confusion Matrix:
True \ Pred       Adenocarcinoma  Small Cell      Squamous        
Y:Adenocarcinoma  7               3               5               
Y:Small Cell      3               5               5               
Y:Squamous        7               2               4               


[2D] Patient-level Confusion Matrix:
True \ Pred       Adenocarcinoma  Small Cell      Squamous        
Y:Adenocarcinoma  7               3               5               
Y:Small Cell      3               5               5               
Y:Squamous        7               2               4               

[finetune] Epoch 21 Summary => TrainLoss: 1.0999, TrainMacroF1: 0.4375, ValMacroF1(patient): 0.3895/0.4066 (cur/roll3)
[finetune] Patient current vs rolling-3: accuracy 0.3902/0.4065, balanced_accuracy 0.3863/0.4034, macro_precision 0.3992/0.4141, macro_recall 0.3863/0.4034, macro_f1 0.3895/0.4066

--- finetune Epoch 22/40 | lr(backbone/head)=1.38e-06/1.38e-05 ---
[2D] Epoch 22 [24/24] Loss: 1.0876 Time: 4.65s
[2D] Train Epoch 22 (slice-level) => Loss: 1.0876, Acc: 0.4570, MacroF1: 0.4567

[2D] Starting validation...
[2D] Val (slice-level, n=322) => Acc: 0.3758, MacroF1: 0.3773
[2D] Val (volume-level, n=41) => Loss: 1.1848, Acc: 0.3902, BalancedAcc: 0.3863, MacroPrecision: 0.3992, MacroRecall: 0.3863, MacroF1: 0.3895
[2D] Val (patient-level, n=41) => Acc: 0.3902, BalancedAcc: 0.3863, MacroPrecision: 0.3992, MacroRecall: 0.3863, MacroF1: 0.3895

[2D] Volume-level Confusion Matrix:
True \ Pred       Adenocarcinoma  Small Cell      Squamous        
Y:Adenocarcinoma  7               3               5               
Y:Small Cell      3               5               5               
Y:Squamous        7               2               4               


[2D] Patient-level Confusion Matrix:
True \ Pred       Adenocarcinoma  Small Cell      Squamous        
Y:Adenocarcinoma  7               3               5               
Y:Small Cell      3               5               5               
Y:Squamous        7               2               4               

[finetune] Epoch 22 Summary => TrainLoss: 1.0876, TrainMacroF1: 0.4567, ValMacroF1(patient): 0.3895/0.3980 (cur/roll3)
[finetune] Patient current vs rolling-3: accuracy 0.3902/0.3984, balanced_accuracy 0.3863/0.3949, macro_precision 0.3992/0.4067, macro_recall 0.3863/0.3949, macro_f1 0.3895/0.3980

[2D] Starting validation...
[2D] Val (slice-level, n=332) => Acc: 0.3946, MacroF1: 0.3928
[2D] Val (volume-level, n=43) => Loss: 1.2298, Acc: 0.4419, BalancedAcc: 0.4427, MacroPrecision: 0.4425, MacroRecall: 0.4427, MacroF1: 0.4423
[2D] Val (patient-level, n=43) => Acc: 0.4419, BalancedAcc: 0.4427, MacroPrecision: 0.4425, MacroRecall: 0.4427, MacroF1: 0.4423

[2D] Volume-level Confusion Matrix:
True \ Pred       Adenocarcinoma  Small Cell      Squamous        
Y:Adenocarcinoma  7               5               3               
Y:Small Cell      2               6               5               
Y:Squamous        7               2               6               


[2D] Patient-level Confusion Matrix:
True \ Pred       Adenocarcinoma  Small Cell      Squamous        
Y:Adenocarcinoma  7               5               3               
Y:Small Cell      2               6               5               
Y:Squamous        7               2               6               

