<frozen importlib._bootstrap_external>:1301: FutureWarning: The cuda.cudart module is deprecated and will be removed in a future release, please switch to use the cuda.bindings.runtime module instead.
/home/hansstem/anaconda3/envs/sclc/lib/python3.12/site-packages/monai/utils/deprecate_utils.py:321: FutureWarning: monai.transforms.spatial.dictionary Orientationd.__init__:labels: Current default value of argument `labels=(('L', 'R'), ('P', 'A'), ('I', 'S'))` was changed in version None from `labels=(('L', 'R'), ('P', 'A'), ('I', 'S'))` to `labels=None`. Default value changed to None meaning that the transform now uses the 'space' of a meta-tensor, if applicable, to determine appropriate axis labels.
  warn_deprecated(argname, msg, warning_category)
Initialized efficientnet_b0_2d Classifier. Total Params: 4,010,815
Split 'train': 242 patients.
  482 images (482 w/ masks), class distribution: {0: 341, 1: 56, 2: 85}
Split 'val': 52 patients.
  102 images (102 w/ masks), class distribution: {0: 73, 2: 17, 1: 12}
Split 'test': 53 patients.
  106 images (106 w/ masks), class distribution: {0: 76, 2: 18, 1: 12}
[2D lung_pet_ct_dx train] 3730 slices from 482 volumes / 242 patients (dropped: no_mask=0, no_tumor_slices=0), classes={0: 2608, 1: 442, 2: 680}
[2D lung_pet_ct_dx val] 786 slices from 101 volumes / 52 patients (dropped: no_mask=0, no_tumor_slices=1), classes={0: 554, 2: 136, 1: 96}
[2D lung_pet_ct_dx test] 834 slices from 106 volumes / 53 patients (dropped: no_mask=0, no_tumor_slices=0), classes={0: 594, 2: 144, 1: 96}
[2D lung_pet_ct_dx] dropped-patient inventory -> /home/hansstem/.cache/monai_lung_pet_ct_clean_2d/img224_crop96_mp1/dropped_patients.json
[2D] PersistentDataset cache_dir='/home/hansstem/.cache/monai_lung_pet_ct_clean_2d/img224_crop96_mp1/train'
[2D] PersistentDataset cache_dir='/home/hansstem/.cache/monai_lung_pet_ct_clean_2d/img224_crop96_mp1/val'
[2D] PersistentDataset cache_dir='/home/hansstem/.cache/monai_lung_pet_ct_clean_2d/img224_crop96_mp1/test'
[WRS lung_pet_ct_dx] counts {0=2597, 1=440, 2=675} | oversample_factor=5.90 (max_weight/min_weight)
[lung_pet_ct_dx] Train class distribution: {0: 2597, 1: 440, 2: 675}

--- dapt Epoch 1/30 | lr=1.00e-06 ---
[2D] Epoch 1 [50/58] Loss: 3.2268 Time: 23.35s
[2D] Epoch 1 [58/58] Loss: 3.2170 Time: 1.00s
[2D] Train Epoch 1 (slice-level) => Loss: 3.2170, Acc: 0.3238, MacroF1: 0.3225

[2D] Starting validation...
[2D] Val (slice-level, n=786) => Acc: 0.1985, MacroF1: 0.1513
[2D] Val (volume-level, n=101) => Loss: 4.3570, Acc: 0.1683, BalancedAcc: 0.2884, MacroPrecision: 0.1925, MacroRecall: 0.2884, MacroF1: 0.1094
[2D] Val (patient-level, n=52) => Acc: 0.1538, BalancedAcc: 0.2963, MacroPrecision: 0.0523, MacroRecall: 0.2963, MacroF1: 0.0889

[2D] Volume-level Confusion Matrix:
True \ Pred       Adenocarcinoma  Small Cell      Squamous        
Y:Adenocarcinoma  3               0               69              
Y:Small Cell      1               0               11              
Y:Squamous        3               0               14              


[2D] Patient-level Confusion Matrix:
True \ Pred       Adenocarcinoma  Small Cell      Squamous        
Y:Adenocarcinoma  0               0               37              
Y:Small Cell      0               0               6               
Y:Squamous        1               0               8               

[dapt] Epoch 1 Summary => TrainLoss: 3.2170, TrainMacroF1: 0.3225, ValMacroF1(patient): 0.0889/0.0889 (cur/roll3)
[dapt] Patient current vs rolling-3: accuracy 0.1538/0.1538, balanced_accuracy 0.2963/0.2963, macro_precision 0.0523/0.0523, macro_recall 0.2963/0.2963, macro_f1 0.0889/0.0889

--- dapt Epoch 2/30 | lr=3.40e-05 ---
[2D] Epoch 2 [50/58] Loss: 2.8006 Time: 6.83s
[2D] Epoch 2 [58/58] Loss: 2.7815 Time: 0.91s
[2D] Train Epoch 2 (slice-level) => Loss: 2.7815, Acc: 0.3621, MacroF1: 0.3603

[2D] Starting validation...
[2D] Val (slice-level, n=786) => Acc: 0.3626, MacroF1: 0.2496
[2D] Val (volume-level, n=101) => Loss: 2.4183, Acc: 0.3861, BalancedAcc: 0.2854, MacroPrecision: 0.2795, MacroRecall: 0.2854, MacroF1: 0.2472
[2D] Val (patient-level, n=52) => Acc: 0.3077, BalancedAcc: 0.2282, MacroPrecision: 0.2584, MacroRecall: 0.2282, MacroF1: 0.2024

[2D] Volume-level Confusion Matrix:
True \ Pred       Adenocarcinoma  Small Cell      Squamous        
Y:Adenocarcinoma  32              1               39              
Y:Small Cell      3               0               9               
Y:Squamous        10              0               7               


[2D] Patient-level Confusion Matrix:
True \ Pred       Adenocarcinoma  Small Cell      Squamous        
Y:Adenocarcinoma  13              0               24              
Y:Small Cell      0               0               6               
Y:Squamous        6               0               3               

[dapt] Epoch 2 Summary => TrainLoss: 2.7815, TrainMacroF1: 0.3603, ValMacroF1(patient): 0.2024/0.1456 (cur/roll3)
[dapt] Patient current vs rolling-3: accuracy 0.3077/0.2308, balanced_accuracy 0.2282/0.2623, macro_precision 0.2584/0.1553, macro_recall 0.2282/0.2623, macro_f1 0.2024/0.1456

--- dapt Epoch 3/30 | lr=6.70e-05 ---
[2D] Epoch 3 [50/58] Loss: 2.3160 Time: 6.71s
[2D] Epoch 3 [58/58] Loss: 2.2814 Time: 0.90s
[2D] Train Epoch 3 (slice-level) => Loss: 2.2814, Acc: 0.4178, MacroF1: 0.4173

[2D] Starting validation...
[2D] Val (slice-level, n=786) => Acc: 0.4186, MacroF1: 0.3002
[2D] Val (volume-level, n=101) => Loss: 2.0413, Acc: 0.4059, BalancedAcc: 0.2497, MacroPrecision: 0.2609, MacroRecall: 0.2497, MacroF1: 0.2417
[2D] Val (patient-level, n=52) => Acc: 0.4423, BalancedAcc: 0.2913, MacroPrecision: 0.2981, MacroRecall: 0.2913, MacroF1: 0.2722

[2D] Volume-level Confusion Matrix:
True \ Pred       Adenocarcinoma  Small Cell      Squamous        
Y:Adenocarcinoma  37              6               29              
Y:Small Cell      4               0               8               
Y:Squamous        13              0               4               


[2D] Patient-level Confusion Matrix:
True \ Pred       Adenocarcinoma  Small Cell      Squamous        
Y:Adenocarcinoma  20              2               15              
Y:Small Cell      0               0               6               
Y:Squamous        6               0               3               

[dapt] Epoch 3 Summary => TrainLoss: 2.2814, TrainMacroF1: 0.4173, ValMacroF1(patient): 0.2722/0.1878 (cur/roll3)
[dapt] Patient current vs rolling-3: accuracy 0.4423/0.3013, balanced_accuracy 0.2913/0.2719, macro_precision 0.2981/0.2029, macro_recall 0.2913/0.2719, macro_f1 0.2722/0.1878

--- dapt Epoch 4/30 | lr=1.00e-04 ---
[2D] Epoch 4 [50/58] Loss: 1.9435 Time: 6.76s
[2D] Epoch 4 [58/58] Loss: 1.9474 Time: 0.98s
[2D] Train Epoch 4 (slice-level) => Loss: 1.9474, Acc: 0.4628, MacroF1: 0.4627

[2D] Starting validation...
[2D] Val (slice-level, n=786) => Acc: 0.5445, MacroF1: 0.3709
[2D] Val (volume-level, n=101) => Loss: 1.6510, Acc: 0.6634, BalancedAcc: 0.4232, MacroPrecision: 0.4296, MacroRecall: 0.4232, MacroF1: 0.4214
[2D] Val (patient-level, n=52) => Acc: 0.7500, BalancedAcc: 0.4540, MacroPrecision: 0.7275, MacroRecall: 0.4540, MacroF1: 0.4796

[2D] Volume-level Confusion Matrix:
True \ Pred       Adenocarcinoma  Small Cell      Squamous        
Y:Adenocarcinoma  60              5               7               
Y:Small Cell      7               1               4               
Y:Squamous        11              0               6               


[2D] Patient-level Confusion Matrix:
True \ Pred       Adenocarcinoma  Small Cell      Squamous        
Y:Adenocarcinoma  36              0               1               
Y:Small Cell      3               1               2               
Y:Squamous        7               0               2               

[dapt] Epoch 4 Summary => TrainLoss: 1.9474, TrainMacroF1: 0.4627, ValMacroF1(patient): 0.4796/0.3181 (cur/roll3)
[dapt] Patient current vs rolling-3: accuracy 0.7500/0.5000, balanced_accuracy 0.4540/0.3245, macro_precision 0.7275/0.4280, macro_recall 0.4540/0.3245, macro_f1 0.4796/0.3181

--- dapt Epoch 5/30 | lr=9.97e-05 ---
[2D] Epoch 5 [50/58] Loss: 1.5979 Time: 6.75s
[2D] Epoch 5 [58/58] Loss: 1.6025 Time: 0.95s
[2D] Train Epoch 5 (slice-level) => Loss: 1.6025, Acc: 0.5350, MacroF1: 0.5350

[2D] Starting validation...
[2D] Val (slice-level, n=786) => Acc: 0.6043, MacroF1: 0.4443
[2D] Val (volume-level, n=101) => Loss: 1.4541, Acc: 0.6634, BalancedAcc: 0.4613, MacroPrecision: 0.4820, MacroRecall: 0.4613, MacroF1: 0.4604
[2D] Val (patient-level, n=52) => Acc: 0.7308, BalancedAcc: 0.5010, MacroPrecision: 0.7350, MacroRecall: 0.5010, MacroF1: 0.5176

[2D] Volume-level Confusion Matrix:
True \ Pred       Adenocarcinoma  Small Cell      Squamous        
Y:Adenocarcinoma  58              4               10              
Y:Small Cell      5               2               5               
Y:Squamous        10              0               7               


[2D] Patient-level Confusion Matrix:
True \ Pred       Adenocarcinoma  Small Cell      Squamous        
Y:Adenocarcinoma  33              0               4               
Y:Small Cell      3               1               2               
Y:Squamous        5               0               4               

[dapt] Epoch 5 Summary => TrainLoss: 1.6025, TrainMacroF1: 0.5350, ValMacroF1(patient): 0.5176/0.4232 (cur/roll3)
[dapt] Patient current vs rolling-3: accuracy 0.7308/0.6410, balanced_accuracy 0.5010/0.4154, macro_precision 0.7350/0.5869, macro_recall 0.5010/0.4154, macro_f1 0.5176/0.4232

--- dapt Epoch 6/30 | lr=9.87e-05 ---
[2D] Epoch 6 [50/58] Loss: 1.5103 Time: 6.83s
[2D] Epoch 6 [58/58] Loss: 1.5030 Time: 0.99s
[2D] Train Epoch 6 (slice-level) => Loss: 1.5030, Acc: 0.5641, MacroF1: 0.5639

[2D] Starting validation...
[2D] Val (slice-level, n=786) => Acc: 0.5967, MacroF1: 0.4509
[2D] Val (volume-level, n=101) => Loss: 1.3093, Acc: 0.6832, BalancedAcc: 0.4774, MacroPrecision: 0.4665, MacroRecall: 0.4774, MacroF1: 0.4605
[2D] Val (patient-level, n=52) => Acc: 0.7115, BalancedAcc: 0.4454, MacroPrecision: 0.4101, MacroRecall: 0.4454, MacroF1: 0.4266

[2D] Volume-level Confusion Matrix:
True \ Pred       Adenocarcinoma  Small Cell      Squamous        
Y:Adenocarcinoma  59              4               9               
Y:Small Cell      6               1               5               
Y:Squamous        8               0               9               


[2D] Patient-level Confusion Matrix:
True \ Pred       Adenocarcinoma  Small Cell      Squamous        
Y:Adenocarcinoma  33              1               3               
Y:Small Cell      4               0               2               
Y:Squamous        5               0               4               

[dapt] Epoch 6 Summary => TrainLoss: 1.5030, TrainMacroF1: 0.5639, ValMacroF1(patient): 0.4266/0.4746 (cur/roll3)
[dapt] Patient current vs rolling-3: accuracy 0.7115/0.7308, balanced_accuracy 0.4454/0.4668, macro_precision 0.4101/0.6242, macro_recall 0.4454/0.4668, macro_f1 0.4266/0.4746

--- dapt Epoch 7/30 | lr=9.70e-05 ---
[2D] Epoch 7 [50/58] Loss: 1.3570 Time: 6.74s
[2D] Epoch 7 [58/58] Loss: 1.3722 Time: 0.95s
[2D] Train Epoch 7 (slice-level) => Loss: 1.3722, Acc: 0.5644, MacroF1: 0.5642

[2D] Starting validation...
[2D] Val (slice-level, n=786) => Acc: 0.5598, MacroF1: 0.4293
[2D] Val (volume-level, n=101) => Loss: 1.3165, Acc: 0.6634, BalancedAcc: 0.5362, MacroPrecision: 0.5639, MacroRecall: 0.5362, MacroF1: 0.5031
[2D] Val (patient-level, n=52) => Acc: 0.6731, BalancedAcc: 0.4835, MacroPrecision: 0.4019, MacroRecall: 0.4835, MacroF1: 0.4315

[2D] Volume-level Confusion Matrix:
True \ Pred       Adenocarcinoma  Small Cell      Squamous        
Y:Adenocarcinoma  53              2               17              
Y:Small Cell      6               2               4               
Y:Squamous        5               0               12              


[2D] Patient-level Confusion Matrix:
True \ Pred       Adenocarcinoma  Small Cell      Squamous        
Y:Adenocarcinoma  29              1               7               
Y:Small Cell      4               0               2               
Y:Squamous        3               0               6               

[dapt] Epoch 7 Summary => TrainLoss: 1.3722, TrainMacroF1: 0.5642, ValMacroF1(patient): 0.4315/0.4586 (cur/roll3)
[dapt] Patient current vs rolling-3: accuracy 0.6731/0.7051, balanced_accuracy 0.4835/0.4766, macro_precision 0.4019/0.5156, macro_recall 0.4835/0.4766, macro_f1 0.4315/0.4586

--- dapt Epoch 8/30 | lr=9.47e-05 ---
[2D] Epoch 8 [50/58] Loss: 1.2074 Time: 7.08s
[2D] Epoch 8 [58/58] Loss: 1.1984 Time: 0.97s
[2D] Train Epoch 8 (slice-level) => Loss: 1.1984, Acc: 0.6043, MacroF1: 0.6037

[2D] Starting validation...
[2D] Val (slice-level, n=786) => Acc: 0.5216, MacroF1: 0.4267
[2D] Val (volume-level, n=101) => Loss: 1.4132, Acc: 0.5347, BalancedAcc: 0.5591, MacroPrecision: 0.5869, MacroRecall: 0.5591, MacroF1: 0.4721
[2D] Val (patient-level, n=52) => Acc: 0.5577, BalancedAcc: 0.5786, MacroPrecision: 0.6190, MacroRecall: 0.5786, MacroF1: 0.5107

[2D] Volume-level Confusion Matrix:
True \ Pred       Adenocarcinoma  Small Cell      Squamous        
Y:Adenocarcinoma  35              2               35              
Y:Small Cell      4               3               5               
Y:Squamous        1               0               16              


[2D] Patient-level Confusion Matrix:
True \ Pred       Adenocarcinoma  Small Cell      Squamous        
Y:Adenocarcinoma  19              1               17              
Y:Small Cell      1               2               3               
Y:Squamous        1               0               8               

[dapt] Epoch 8 Summary => TrainLoss: 1.1984, TrainMacroF1: 0.6037, ValMacroF1(patient): 0.5107/0.4563 (cur/roll3)
[dapt] Patient current vs rolling-3: accuracy 0.5577/0.6474, balanced_accuracy 0.5786/0.5025, macro_precision 0.6190/0.4770, macro_recall 0.5786/0.5025, macro_f1 0.5107/0.4563

--- dapt Epoch 9/30 | lr=9.18e-05 ---
[2D] Epoch 9 [50/58] Loss: 1.0844 Time: 6.73s
[2D] Epoch 9 [58/58] Loss: 1.0781 Time: 0.97s
[2D] Train Epoch 9 (slice-level) => Loss: 1.0781, Acc: 0.6447, MacroF1: 0.6447

[2D] Starting validation...
[2D] Val (slice-level, n=786) => Acc: 0.4949, MacroF1: 0.4147
[2D] Val (volume-level, n=101) => Loss: 1.4876, Acc: 0.5446, BalancedAcc: 0.5651, MacroPrecision: 0.5600, MacroRecall: 0.5651, MacroF1: 0.4992
[2D] Val (patient-level, n=52) => Acc: 0.5577, BalancedAcc: 0.6066, MacroPrecision: 0.7604, MacroRecall: 0.6066, MacroF1: 0.5312

[2D] Volume-level Confusion Matrix:
True \ Pred       Adenocarcinoma  Small Cell      Squamous        
Y:Adenocarcinoma  37              3               32              
Y:Small Cell      1               5               6               
Y:Squamous        2               2               13              


[2D] Patient-level Confusion Matrix:
True \ Pred       Adenocarcinoma  Small Cell      Squamous        
Y:Adenocarcinoma  18              0               19              
Y:Small Cell      0               2               4               
Y:Squamous        0               0               9               

[dapt] Epoch 9 Summary => TrainLoss: 1.0781, TrainMacroF1: 0.6447, ValMacroF1(patient): 0.5312/0.4911 (cur/roll3)
[dapt] Patient current vs rolling-3: accuracy 0.5577/0.5962, balanced_accuracy 0.6066/0.5562, macro_precision 0.7604/0.5938, macro_recall 0.6066/0.5562, macro_f1 0.5312/0.4911

--- dapt Epoch 10/30 | lr=8.83e-05 ---
[2D] Epoch 10 [50/58] Loss: 1.0799 Time: 6.87s
[2D] Epoch 10 [58/58] Loss: 1.0586 Time: 0.95s
[2D] Train Epoch 10 (slice-level) => Loss: 1.0586, Acc: 0.6430, MacroF1: 0.6434

[2D] Starting validation...
[2D] Val (slice-level, n=786) => Acc: 0.5636, MacroF1: 0.4639
[2D] Val (volume-level, n=101) => Loss: 1.3203, Acc: 0.6238, BalancedAcc: 0.5871, MacroPrecision: 0.5448, MacroRecall: 0.5871, MacroF1: 0.5337
[2D] Val (patient-level, n=52) => Acc: 0.6538, BalancedAcc: 0.6236, MacroPrecision: 0.5899, MacroRecall: 0.6236, MacroF1: 0.5611

[2D] Volume-level Confusion Matrix:
True \ Pred       Adenocarcinoma  Small Cell      Squamous        
Y:Adenocarcinoma  46              5               21              
Y:Small Cell      2               5               5               
Y:Squamous        3               2               12              


[2D] Patient-level Confusion Matrix:
True \ Pred       Adenocarcinoma  Small Cell      Squamous        
Y:Adenocarcinoma  24              2               11              
Y:Small Cell      2               2               2               
Y:Squamous        1               0               8               

[dapt] Epoch 10 Summary => TrainLoss: 1.0586, TrainMacroF1: 0.6434, ValMacroF1(patient): 0.5611/0.5343 (cur/roll3)
[dapt] Patient current vs rolling-3: accuracy 0.6538/0.5897, balanced_accuracy 0.6236/0.6029, macro_precision 0.5899/0.6565, macro_recall 0.6236/0.6029, macro_f1 0.5611/0.5343

--- dapt Epoch 11/30 | lr=8.43e-05 ---
[2D] Epoch 11 [50/58] Loss: 1.0113 Time: 6.77s
[2D] Epoch 11 [58/58] Loss: 1.0110 Time: 0.96s
[2D] Train Epoch 11 (slice-level) => Loss: 1.0110, Acc: 0.6775, MacroF1: 0.6778

[2D] Starting validation...
[2D] Val (slice-level, n=786) => Acc: 0.5852, MacroF1: 0.4826
[2D] Val (volume-level, n=101) => Loss: 1.1681, Acc: 0.6634, BalancedAcc: 0.5907, MacroPrecision: 0.5592, MacroRecall: 0.5907, MacroF1: 0.5561
[2D] Val (patient-level, n=52) => Acc: 0.6923, BalancedAcc: 0.6602, MacroPrecision: 0.6285, MacroRecall: 0.6602, MacroF1: 0.6173

[2D] Volume-level Confusion Matrix:
True \ Pred       Adenocarcinoma  Small Cell      Squamous        
Y:Adenocarcinoma  51              4               17              
Y:Small Cell      3               5               4               
Y:Squamous        4               2               11              


[2D] Patient-level Confusion Matrix:
True \ Pred       Adenocarcinoma  Small Cell      Squamous        
Y:Adenocarcinoma  26              2               9               
Y:Small Cell      1               3               2               
Y:Squamous        2               0               7               

[dapt] Epoch 11 Summary => TrainLoss: 1.0110, TrainMacroF1: 0.6778, ValMacroF1(patient): 0.6173/0.5699 (cur/roll3)
[dapt] Patient current vs rolling-3: accuracy 0.6923/0.6346, balanced_accuracy 0.6602/0.6301, macro_precision 0.6285/0.6596, macro_recall 0.6602/0.6301, macro_f1 0.6173/0.5699

--- dapt Epoch 12/30 | lr=7.99e-05 ---
[2D] Epoch 12 [50/58] Loss: 0.9524 Time: 6.72s
[2D] Epoch 12 [58/58] Loss: 0.9447 Time: 0.99s
[2D] Train Epoch 12 (slice-level) => Loss: 0.9447, Acc: 0.7128, MacroF1: 0.7130

[2D] Starting validation...
[2D] Val (slice-level, n=786) => Acc: 0.6132, MacroF1: 0.4929
[2D] Val (volume-level, n=101) => Loss: 1.0824, Acc: 0.7228, BalancedAcc: 0.6035, MacroPrecision: 0.5767, MacroRecall: 0.6035, MacroF1: 0.5857
[2D] Val (patient-level, n=52) => Acc: 0.6731, BalancedAcc: 0.5671, MacroPrecision: 0.5368, MacroRecall: 0.5671, MacroF1: 0.5475

[2D] Volume-level Confusion Matrix:
True \ Pred       Adenocarcinoma  Small Cell      Squamous        
Y:Adenocarcinoma  58              4               10              
Y:Small Cell      4               5               3               
Y:Squamous        4               3               10              


[2D] Patient-level Confusion Matrix:
True \ Pred       Adenocarcinoma  Small Cell      Squamous        
Y:Adenocarcinoma  28              2               7               
Y:Small Cell      2               3               1               
Y:Squamous        3               2               4               

[dapt] Epoch 12 Summary => TrainLoss: 0.9447, TrainMacroF1: 0.7130, ValMacroF1(patient): 0.5475/0.5753 (cur/roll3)
[dapt] Patient current vs rolling-3: accuracy 0.6731/0.6731, balanced_accuracy 0.5671/0.6170, macro_precision 0.5368/0.5851, macro_recall 0.5671/0.6170, macro_f1 0.5475/0.5753

--- dapt Epoch 13/30 | lr=7.50e-05 ---
[2D] Epoch 13 [50/58] Loss: 0.9690 Time: 6.82s
[2D] Epoch 13 [58/58] Loss: 0.9721 Time: 0.94s
[2D] Train Epoch 13 (slice-level) => Loss: 0.9721, Acc: 0.6956, MacroF1: 0.6955

[2D] Starting validation...
[2D] Val (slice-level, n=786) => Acc: 0.6158, MacroF1: 0.5037
[2D] Val (volume-level, n=101) => Loss: 1.0614, Acc: 0.7129, BalancedAcc: 0.6234, MacroPrecision: 0.5697, MacroRecall: 0.6234, MacroF1: 0.5824
[2D] Val (patient-level, n=52) => Acc: 0.7115, BalancedAcc: 0.6036, MacroPrecision: 0.5492, MacroRecall: 0.6036, MacroF1: 0.5602

[2D] Volume-level Confusion Matrix:
True \ Pred       Adenocarcinoma  Small Cell      Squamous        
Y:Adenocarcinoma  57              8               7               
Y:Small Cell      2               8               2               
Y:Squamous        5               5               7               


[2D] Patient-level Confusion Matrix:
True \ Pred       Adenocarcinoma  Small Cell      Squamous        
Y:Adenocarcinoma  30              3               4               
Y:Small Cell      1               4               1               
Y:Squamous        2               4               3               

[dapt] Epoch 13 Summary => TrainLoss: 0.9721, TrainMacroF1: 0.6955, ValMacroF1(patient): 0.5602/0.5750 (cur/roll3)
[dapt] Patient current vs rolling-3: accuracy 0.7115/0.6923, balanced_accuracy 0.6036/0.6103, macro_precision 0.5492/0.5715, macro_recall 0.6036/0.6103, macro_f1 0.5602/0.5750

--- dapt Epoch 14/30 | lr=6.98e-05 ---
[2D] Epoch 14 [50/58] Loss: 0.8559 Time: 6.68s
[2D] Epoch 14 [58/58] Loss: 0.8427 Time: 0.99s
[2D] Train Epoch 14 (slice-level) => Loss: 0.8427, Acc: 0.7438, MacroF1: 0.7429

[2D] Starting validation...
[2D] Val (slice-level, n=786) => Acc: 0.6183, MacroF1: 0.4951
[2D] Val (volume-level, n=101) => Loss: 1.0917, Acc: 0.7327, BalancedAcc: 0.6708, MacroPrecision: 0.5919, MacroRecall: 0.6708, MacroF1: 0.6122
[2D] Val (patient-level, n=52) => Acc: 0.7692, BalancedAcc: 0.6587, MacroPrecision: 0.6047, MacroRecall: 0.6587, MacroF1: 0.6229

[2D] Volume-level Confusion Matrix:
True \ Pred       Adenocarcinoma  Small Cell      Squamous        
Y:Adenocarcinoma  57              5               10              
Y:Small Cell      0               9               3               
Y:Squamous        2               7               8               


[2D] Patient-level Confusion Matrix:
True \ Pred       Adenocarcinoma  Small Cell      Squamous        
Y:Adenocarcinoma  32              1               4               
Y:Small Cell      0               4               2               
Y:Squamous        1               4               4               

[dapt] Epoch 14 Summary => TrainLoss: 0.8427, TrainMacroF1: 0.7429, ValMacroF1(patient): 0.6229/0.5769 (cur/roll3)
[dapt] Patient current vs rolling-3: accuracy 0.7692/0.7179, balanced_accuracy 0.6587/0.6098, macro_precision 0.6047/0.5636, macro_recall 0.6587/0.6098, macro_f1 0.6229/0.5769

--- dapt Epoch 15/30 | lr=6.43e-05 ---
[2D] Epoch 15 [50/58] Loss: 0.8238 Time: 6.68s
[2D] Epoch 15 [58/58] Loss: 0.8266 Time: 0.97s
[2D] Train Epoch 15 (slice-level) => Loss: 0.8266, Acc: 0.7667, MacroF1: 0.7665

[2D] Starting validation...
[2D] Val (slice-level, n=786) => Acc: 0.6667, MacroF1: 0.5279
[2D] Val (volume-level, n=101) => Loss: 0.9684, Acc: 0.7921, BalancedAcc: 0.6808, MacroPrecision: 0.6574, MacroRecall: 0.6808, MacroF1: 0.6661
[2D] Val (patient-level, n=52) => Acc: 0.8077, BalancedAcc: 0.6677, MacroPrecision: 0.6640, MacroRecall: 0.6677, MacroF1: 0.6641

[2D] Volume-level Confusion Matrix:
True \ Pred       Adenocarcinoma  Small Cell      Squamous        
Y:Adenocarcinoma  62              4               6               
Y:Small Cell      5               5               2               
Y:Squamous        2               2               13              


[2D] Patient-level Confusion Matrix:
True \ Pred       Adenocarcinoma  Small Cell      Squamous        
Y:Adenocarcinoma  33              2               2               
Y:Small Cell      3               2               1               
Y:Squamous        1               1               7               

[dapt] Epoch 15 Summary => TrainLoss: 0.8266, TrainMacroF1: 0.7665, ValMacroF1(patient): 0.6641/0.6157 (cur/roll3)
[dapt] Patient current vs rolling-3: accuracy 0.8077/0.7628, balanced_accuracy 0.6677/0.6433, macro_precision 0.6640/0.6060, macro_recall 0.6677/0.6433, macro_f1 0.6641/0.6157

--- dapt Epoch 16/30 | lr=5.87e-05 ---
[2D] Epoch 16 [50/58] Loss: 0.8603 Time: 6.63s
[2D] Epoch 16 [58/58] Loss: 0.8523 Time: 0.98s
[2D] Train Epoch 16 (slice-level) => Loss: 0.8523, Acc: 0.7578, MacroF1: 0.7579

[2D] Starting validation...
[2D] Val (slice-level, n=786) => Acc: 0.6794, MacroF1: 0.5440
[2D] Val (volume-level, n=101) => Loss: 0.9489, Acc: 0.8119, BalancedAcc: 0.7214, MacroPrecision: 0.7002, MacroRecall: 0.7214, MacroF1: 0.7070
[2D] Val (patient-level, n=52) => Acc: 0.8269, BalancedAcc: 0.7232, MacroPrecision: 0.7056, MacroRecall: 0.7232, MacroF1: 0.7137

[2D] Volume-level Confusion Matrix:
True \ Pred       Adenocarcinoma  Small Cell      Squamous        
Y:Adenocarcinoma  63              6               3               
Y:Small Cell      4               7               1               
Y:Squamous        2               3               12              


[2D] Patient-level Confusion Matrix:
True \ Pred       Adenocarcinoma  Small Cell      Squamous        
Y:Adenocarcinoma  33              2               2               
Y:Small Cell      2               3               1               
Y:Squamous        1               1               7               

[dapt] Epoch 16 Summary => TrainLoss: 0.8523, TrainMacroF1: 0.7579, ValMacroF1(patient): 0.7137/0.6669 (cur/roll3)
[dapt] Patient current vs rolling-3: accuracy 0.8269/0.8013, balanced_accuracy 0.7232/0.6832, macro_precision 0.7056/0.6581, macro_recall 0.7232/0.6832, macro_f1 0.7137/0.6669

--- dapt Epoch 17/30 | lr=5.29e-05 ---
[2D] Epoch 17 [50/58] Loss: 0.8196 Time: 6.72s
[2D] Epoch 17 [58/58] Loss: 0.8294 Time: 0.93s
[2D] Train Epoch 17 (slice-level) => Loss: 0.8294, Acc: 0.7605, MacroF1: 0.7603

[2D] Starting validation...
[2D] Val (slice-level, n=786) => Acc: 0.6921, MacroF1: 0.5643
[2D] Val (volume-level, n=101) => Loss: 0.9552, Acc: 0.7624, BalancedAcc: 0.6533, MacroPrecision: 0.6286, MacroRecall: 0.6533, MacroF1: 0.6335
[2D] Val (patient-level, n=52) => Acc: 0.7692, BalancedAcc: 0.6401, MacroPrecision: 0.6429, MacroRecall: 0.6401, MacroF1: 0.6296

[2D] Volume-level Confusion Matrix:
True \ Pred       Adenocarcinoma  Small Cell      Squamous        
Y:Adenocarcinoma  61              6               5               
Y:Small Cell      4               7               1               
Y:Squamous        3               5               9               


[2D] Patient-level Confusion Matrix:
True \ Pred       Adenocarcinoma  Small Cell      Squamous        
Y:Adenocarcinoma  32              4               1               
Y:Small Cell      2               3               1               
Y:Squamous        1               3               5               

[dapt] Epoch 17 Summary => TrainLoss: 0.8294, TrainMacroF1: 0.7603, ValMacroF1(patient): 0.6296/0.6691 (cur/roll3)
[dapt] Patient current vs rolling-3: accuracy 0.7692/0.8013, balanced_accuracy 0.6401/0.6770, macro_precision 0.6429/0.6708, macro_recall 0.6401/0.6770, macro_f1 0.6296/0.6691

--- dapt Epoch 18/30 | lr=4.71e-05 ---
[2D] Epoch 18 [50/58] Loss: 0.7367 Time: 6.84s
[2D] Epoch 18 [58/58] Loss: 0.7569 Time: 0.88s
[2D] Train Epoch 18 (slice-level) => Loss: 0.7569, Acc: 0.7920, MacroF1: 0.7916

[2D] Starting validation...
[2D] Val (slice-level, n=786) => Acc: 0.6858, MacroF1: 0.5468
[2D] Val (volume-level, n=101) => Loss: 0.9306, Acc: 0.7624, BalancedAcc: 0.6220, MacroPrecision: 0.6362, MacroRecall: 0.6220, MacroF1: 0.6255
[2D] Val (patient-level, n=52) => Acc: 0.8077, BalancedAcc: 0.7142, MacroPrecision: 0.7130, MacroRecall: 0.7142, MacroF1: 0.7096

[2D] Volume-level Confusion Matrix:
True \ Pred       Adenocarcinoma  Small Cell      Squamous        
Y:Adenocarcinoma  62              6               4               
Y:Small Cell      7               5               0               
Y:Squamous        3               4               10              


[2D] Patient-level Confusion Matrix:
True \ Pred       Adenocarcinoma  Small Cell      Squamous        
Y:Adenocarcinoma  32              4               1               
Y:Small Cell      3               3               0               
Y:Squamous        1               1               7               

[dapt] Epoch 18 Summary => TrainLoss: 0.7569, TrainMacroF1: 0.7916, ValMacroF1(patient): 0.7096/0.6843 (cur/roll3)
[dapt] Patient current vs rolling-3: accuracy 0.8077/0.8013, balanced_accuracy 0.7142/0.6925, macro_precision 0.7130/0.6871, macro_recall 0.7142/0.6925, macro_f1 0.7096/0.6843

--- dapt Epoch 19/30 | lr=4.13e-05 ---
[2D] Epoch 19 [50/58] Loss: 0.7793 Time: 6.64s
[2D] Epoch 19 [58/58] Loss: 0.7725 Time: 0.94s
[2D] Train Epoch 19 (slice-level) => Loss: 0.7725, Acc: 0.7963, MacroF1: 0.7957

[2D] Starting validation...
[2D] Val (slice-level, n=786) => Acc: 0.6692, MacroF1: 0.5240
[2D] Val (volume-level, n=101) => Loss: 0.9414, Acc: 0.7624, BalancedAcc: 0.6452, MacroPrecision: 0.6175, MacroRecall: 0.6452, MacroF1: 0.6291
[2D] Val (patient-level, n=52) => Acc: 0.7692, BalancedAcc: 0.6401, MacroPrecision: 0.6221, MacroRecall: 0.6401, MacroF1: 0.6215

[2D] Volume-level Confusion Matrix:
True \ Pred       Adenocarcinoma  Small Cell      Squamous        
Y:Adenocarcinoma  61              5               6               
Y:Small Cell      4               6               2               
Y:Squamous        3               4               10              


[2D] Patient-level Confusion Matrix:
True \ Pred       Adenocarcinoma  Small Cell      Squamous        
Y:Adenocarcinoma  32              4               1               
Y:Small Cell      1               3               2               
Y:Squamous        1               3               5               

[dapt] Epoch 19 Summary => TrainLoss: 0.7725, TrainMacroF1: 0.7957, ValMacroF1(patient): 0.6215/0.6536 (cur/roll3)
[dapt] Patient current vs rolling-3: accuracy 0.7692/0.7821, balanced_accuracy 0.6401/0.6648, macro_precision 0.6221/0.6593, macro_recall 0.6401/0.6648, macro_f1 0.6215/0.6536

--- dapt Epoch 20/30 | lr=3.57e-05 ---
[2D] Epoch 20 [50/58] Loss: 0.7441 Time: 6.57s
[2D] Epoch 20 [58/58] Loss: 0.7233 Time: 0.94s
[2D] Train Epoch 20 (slice-level) => Loss: 0.7233, Acc: 0.8066, MacroF1: 0.8069

[2D] Starting validation...
[2D] Val (slice-level, n=786) => Acc: 0.6667, MacroF1: 0.5271
[2D] Val (volume-level, n=101) => Loss: 0.9386, Acc: 0.7624, BalancedAcc: 0.6220, MacroPrecision: 0.6104, MacroRecall: 0.6220, MacroF1: 0.6154
[2D] Val (patient-level, n=52) => Acc: 0.7692, BalancedAcc: 0.6401, MacroPrecision: 0.6242, MacroRecall: 0.6401, MacroF1: 0.6257

[2D] Volume-level Confusion Matrix:
True \ Pred       Adenocarcinoma  Small Cell      Squamous        
Y:Adenocarcinoma  62              5               5               
Y:Small Cell      5               5               2               
Y:Squamous        3               4               10              


[2D] Patient-level Confusion Matrix:
True \ Pred       Adenocarcinoma  Small Cell      Squamous        
Y:Adenocarcinoma  32              3               2               
Y:Small Cell      2               3               1               
Y:Squamous        1               3               5               

[dapt] Epoch 20 Summary => TrainLoss: 0.7233, TrainMacroF1: 0.8069, ValMacroF1(patient): 0.6257/0.6523 (cur/roll3)
[dapt] Patient current vs rolling-3: accuracy 0.7692/0.7821, balanced_accuracy 0.6401/0.6648, macro_precision 0.6242/0.6531, macro_recall 0.6401/0.6648, macro_f1 0.6257/0.6523

--- dapt Epoch 21/30 | lr=3.02e-05 ---
[2D] Epoch 21 [50/58] Loss: 0.8244 Time: 6.76s
[2D] Epoch 21 [58/58] Loss: 0.8048 Time: 0.96s
[2D] Train Epoch 21 (slice-level) => Loss: 0.8048, Acc: 0.7839, MacroF1: 0.7836

[2D] Starting validation...
[2D] Val (slice-level, n=786) => Acc: 0.6705, MacroF1: 0.5387
[2D] Val (volume-level, n=101) => Loss: 0.9402, Acc: 0.7525, BalancedAcc: 0.6174, MacroPrecision: 0.5892, MacroRecall: 0.6174, MacroF1: 0.6010
[2D] Val (patient-level, n=52) => Acc: 0.7692, BalancedAcc: 0.6682, MacroPrecision: 0.6286, MacroRecall: 0.6682, MacroF1: 0.6449

[2D] Volume-level Confusion Matrix:
True \ Pred       Adenocarcinoma  Small Cell      Squamous        
Y:Adenocarcinoma  61              4               7               
Y:Small Cell      4               5               3               
Y:Squamous        2               5               10              


[2D] Patient-level Confusion Matrix:
True \ Pred       Adenocarcinoma  Small Cell      Squamous        
Y:Adenocarcinoma  31              2               4               
Y:Small Cell      2               3               1               
Y:Squamous        1               2               6               

[dapt] Epoch 21 Summary => TrainLoss: 0.8048, TrainMacroF1: 0.7836, ValMacroF1(patient): 0.6449/0.6307 (cur/roll3)
[dapt] Patient current vs rolling-3: accuracy 0.7692/0.7692, balanced_accuracy 0.6682/0.6495, macro_precision 0.6286/0.6250, macro_recall 0.6682/0.6495, macro_f1 0.6449/0.6307

--- dapt Epoch 22/30 | lr=2.50e-05 ---
[2D] Epoch 22 [50/58] Loss: 0.7711 Time: 6.55s
[2D] Epoch 22 [58/58] Loss: 0.7552 Time: 1.01s
[2D] Train Epoch 22 (slice-level) => Loss: 0.7552, Acc: 0.7904, MacroF1: 0.7902

[2D] Starting validation...
[2D] Val (slice-level, n=786) => Acc: 0.6692, MacroF1: 0.5457
[2D] Val (volume-level, n=101) => Loss: 0.9443, Acc: 0.7426, BalancedAcc: 0.6127, MacroPrecision: 0.5808, MacroRecall: 0.6127, MacroF1: 0.5935
[2D] Val (patient-level, n=52) => Acc: 0.7885, BalancedAcc: 0.6772, MacroPrecision: 0.6520, MacroRecall: 0.6772, MacroF1: 0.6614

[2D] Volume-level Confusion Matrix:
True \ Pred       Adenocarcinoma  Small Cell      Squamous        
Y:Adenocarcinoma  60              4               8               
Y:Small Cell      4               5               3               
Y:Squamous        2               5               10              


[2D] Patient-level Confusion Matrix:
True \ Pred       Adenocarcinoma  Small Cell      Squamous        
Y:Adenocarcinoma  32              3               2               
Y:Small Cell      2               3               1               
Y:Squamous        1               2               6               

[dapt] Epoch 22 Summary => TrainLoss: 0.7552, TrainMacroF1: 0.7902, ValMacroF1(patient): 0.6614/0.6440 (cur/roll3)
[dapt] Patient current vs rolling-3: accuracy 0.7885/0.7756, balanced_accuracy 0.6772/0.6618, macro_precision 0.6520/0.6349, macro_recall 0.6772/0.6618, macro_f1 0.6614/0.6440

--- dapt Epoch 23/30 | lr=2.01e-05 ---
[2D] Epoch 23 [50/58] Loss: 0.7490 Time: 6.63s
[2D] Epoch 23 [58/58] Loss: 0.7441 Time: 0.98s
[2D] Train Epoch 23 (slice-level) => Loss: 0.7441, Acc: 0.8141, MacroF1: 0.8141

[2D] Starting validation...
[2D] Val (slice-level, n=786) => Acc: 0.6883, MacroF1: 0.5503
[2D] Val (volume-level, n=101) => Loss: 0.9036, Acc: 0.7921, BalancedAcc: 0.6359, MacroPrecision: 0.6472, MacroRecall: 0.6359, MacroF1: 0.6405
[2D] Val (patient-level, n=52) => Acc: 0.8077, BalancedAcc: 0.6862, MacroPrecision: 0.6722, MacroRecall: 0.6862, MacroF1: 0.6786

[2D] Volume-level Confusion Matrix:
True \ Pred       Adenocarcinoma  Small Cell      Squamous        
Y:Adenocarcinoma  65              3               4               
Y:Small Cell      6               5               1               
Y:Squamous        2               5               10              


[2D] Patient-level Confusion Matrix:
True \ Pred       Adenocarcinoma  Small Cell      Squamous        
Y:Adenocarcinoma  33              1               3               
Y:Small Cell      2               3               1               
Y:Squamous        1               2               6               

[dapt] Epoch 23 Summary => TrainLoss: 0.7441, TrainMacroF1: 0.8141, ValMacroF1(patient): 0.6786/0.6616 (cur/roll3)
[dapt] Patient current vs rolling-3: accuracy 0.8077/0.7885, balanced_accuracy 0.6862/0.6772, macro_precision 0.6722/0.6509, macro_recall 0.6862/0.6772, macro_f1 0.6786/0.6616

--- dapt Epoch 24/30 | lr=1.57e-05 ---
[2D] Epoch 24 [50/58] Loss: 0.6544 Time: 6.69s
[2D] Epoch 24 [58/58] Loss: 0.6602 Time: 0.99s
[2D] Train Epoch 24 (slice-level) => Loss: 0.6602, Acc: 0.8338, MacroF1: 0.8333

[2D] Starting validation...
[2D] Val (slice-level, n=786) => Acc: 0.6768, MacroF1: 0.5163
[2D] Val (volume-level, n=101) => Loss: 0.9131, Acc: 0.8020, BalancedAcc: 0.6555, MacroPrecision: 0.6649, MacroRecall: 0.6555, MacroF1: 0.6600
[2D] Val (patient-level, n=52) => Acc: 0.7885, BalancedAcc: 0.6306, MacroPrecision: 0.6506, MacroRecall: 0.6306, MacroF1: 0.6397

[2D] Volume-level Confusion Matrix:
True \ Pred       Adenocarcinoma  Small Cell      Squamous        
Y:Adenocarcinoma  65              3               4               
Y:Small Cell      6               5               1               
Y:Squamous        2               4               11              


[2D] Patient-level Confusion Matrix:
True \ Pred       Adenocarcinoma  Small Cell      Squamous        
Y:Adenocarcinoma  33              2               2               
Y:Small Cell      4               2               0               
Y:Squamous        1               2               6               

[dapt] Epoch 24 Summary => TrainLoss: 0.6602, TrainMacroF1: 0.8333, ValMacroF1(patient): 0.6397/0.6599 (cur/roll3)
[dapt] Patient current vs rolling-3: accuracy 0.7885/0.7949, balanced_accuracy 0.6306/0.6647, macro_precision 0.6506/0.6583, macro_recall 0.6306/0.6647, macro_f1 0.6397/0.6599

--- dapt Epoch 25/30 | lr=1.17e-05 ---
[2D] Epoch 25 [50/58] Loss: 0.7462 Time: 6.63s
[2D] Epoch 25 [58/58] Loss: 0.7514 Time: 0.97s
[2D] Train Epoch 25 (slice-level) => Loss: 0.7514, Acc: 0.8041, MacroF1: 0.8035

[2D] Starting validation...
[2D] Val (slice-level, n=786) => Acc: 0.6832, MacroF1: 0.5448
[2D] Val (volume-level, n=101) => Loss: 0.9113, Acc: 0.7921, BalancedAcc: 0.6509, MacroPrecision: 0.6509, MacroRecall: 0.6509, MacroF1: 0.6509
[2D] Val (patient-level, n=52) => Acc: 0.7885, BalancedAcc: 0.6772, MacroPrecision: 0.6520, MacroRecall: 0.6772, MacroF1: 0.6614

[2D] Volume-level Confusion Matrix:
True \ Pred       Adenocarcinoma  Small Cell      Squamous        
Y:Adenocarcinoma  64              3               5               
Y:Small Cell      6               5               1               
Y:Squamous        2               4               11              


[2D] Patient-level Confusion Matrix:
True \ Pred       Adenocarcinoma  Small Cell      Squamous        
Y:Adenocarcinoma  32              3               2               
Y:Small Cell      2               3               1               
Y:Squamous        1               2               6               

[dapt] Epoch 25 Summary => TrainLoss: 0.7514, TrainMacroF1: 0.8035, ValMacroF1(patient): 0.6614/0.6599 (cur/roll3)
[dapt] Patient current vs rolling-3: accuracy 0.7885/0.7949, balanced_accuracy 0.6772/0.6647, macro_precision 0.6520/0.6583, macro_recall 0.6772/0.6647, macro_f1 0.6614/0.6599

--- dapt Epoch 26/30 | lr=8.23e-06 ---
[2D] Epoch 26 [50/58] Loss: 0.7473 Time: 6.74s
[2D] Epoch 26 [58/58] Loss: 0.7297 Time: 1.02s
[2D] Train Epoch 26 (slice-level) => Loss: 0.7297, Acc: 0.8141, MacroF1: 0.8140

[2D] Starting validation...
[2D] Val (slice-level, n=786) => Acc: 0.6908, MacroF1: 0.5523
[2D] Val (volume-level, n=101) => Loss: 0.9113, Acc: 0.7624, BalancedAcc: 0.6220, MacroPrecision: 0.6104, MacroRecall: 0.6220, MacroF1: 0.6154
[2D] Val (patient-level, n=52) => Acc: 0.7885, BalancedAcc: 0.6772, MacroPrecision: 0.6520, MacroRecall: 0.6772, MacroF1: 0.6614

[2D] Volume-level Confusion Matrix:
True \ Pred       Adenocarcinoma  Small Cell      Squamous        
Y:Adenocarcinoma  62              4               6               
Y:Small Cell      6               5               1               
Y:Squamous        2               5               10              


[2D] Patient-level Confusion Matrix:
True \ Pred       Adenocarcinoma  Small Cell      Squamous        
Y:Adenocarcinoma  32              3               2               
Y:Small Cell      2               3               1               
Y:Squamous        1               2               6               

[dapt] Epoch 26 Summary => TrainLoss: 0.7297, TrainMacroF1: 0.8140, ValMacroF1(patient): 0.6614/0.6542 (cur/roll3)
[dapt] Patient current vs rolling-3: accuracy 0.7885/0.7885, balanced_accuracy 0.6772/0.6617, macro_precision 0.6520/0.6515, macro_recall 0.6772/0.6617, macro_f1 0.6614/0.6542

--- dapt Epoch 27/30 | lr=5.32e-06 ---
[2D] Epoch 27 [50/58] Loss: 0.7525 Time: 6.77s
[2D] Epoch 27 [58/58] Loss: 0.7730 Time: 1.00s
[2D] Train Epoch 27 (slice-level) => Loss: 0.7730, Acc: 0.7872, MacroF1: 0.7872

[2D] Starting validation...
[2D] Val (slice-level, n=786) => Acc: 0.6908, MacroF1: 0.5562
[2D] Val (volume-level, n=101) => Loss: 0.9157, Acc: 0.7822, BalancedAcc: 0.6544, MacroPrecision: 0.6472, MacroRecall: 0.6544, MacroF1: 0.6470
[2D] Val (patient-level, n=52) => Acc: 0.7885, BalancedAcc: 0.6772, MacroPrecision: 0.6713, MacroRecall: 0.6772, MacroF1: 0.6704

[2D] Volume-level Confusion Matrix:
True \ Pred       Adenocarcinoma  Small Cell      Squamous        
Y:Adenocarcinoma  63              5               4               
Y:Small Cell      5               6               1               
Y:Squamous        2               5               10              


[2D] Patient-level Confusion Matrix:
True \ Pred       Adenocarcinoma  Small Cell      Squamous        
Y:Adenocarcinoma  32              3               2               
Y:Small Cell      3               3               0               
Y:Squamous        1               2               6               

[dapt] Epoch 27 Summary => TrainLoss: 0.7730, TrainMacroF1: 0.7872, ValMacroF1(patient): 0.6704/0.6644 (cur/roll3)
[dapt] Patient current vs rolling-3: accuracy 0.7885/0.7885, balanced_accuracy 0.6772/0.6772, macro_precision 0.6713/0.6584, macro_recall 0.6772/0.6772, macro_f1 0.6704/0.6644

--- dapt Epoch 28/30 | lr=3.02e-06 ---
[2D] Epoch 28 [50/58] Loss: 0.7510 Time: 6.85s
[2D] Epoch 28 [58/58] Loss: 0.7418 Time: 1.02s
[2D] Train Epoch 28 (slice-level) => Loss: 0.7418, Acc: 0.8152, MacroF1: 0.8147

[2D] Starting validation...
[2D] Val (slice-level, n=786) => Acc: 0.6921, MacroF1: 0.5540
[2D] Val (volume-level, n=101) => Loss: 0.9123, Acc: 0.7822, BalancedAcc: 0.6544, MacroPrecision: 0.6417, MacroRecall: 0.6544, MacroF1: 0.6459
[2D] Val (patient-level, n=52) => Acc: 0.8077, BalancedAcc: 0.6862, MacroPrecision: 0.6902, MacroRecall: 0.6862, MacroF1: 0.6864

[2D] Volume-level Confusion Matrix:
True \ Pred       Adenocarcinoma  Small Cell      Squamous        
Y:Adenocarcinoma  63              4               5               
Y:Small Cell      5               6               1               
Y:Squamous        2               5               10              


[2D] Patient-level Confusion Matrix:
True \ Pred       Adenocarcinoma  Small Cell      Squamous        
Y:Adenocarcinoma  33              2               2               
Y:Small Cell      3               3               0               
Y:Squamous        1               2               6               

[dapt] Epoch 28 Summary => TrainLoss: 0.7418, TrainMacroF1: 0.8147, ValMacroF1(patient): 0.6864/0.6727 (cur/roll3)
[dapt] Patient current vs rolling-3: accuracy 0.8077/0.7949, balanced_accuracy 0.6862/0.6802, macro_precision 0.6902/0.6711, macro_recall 0.6862/0.6802, macro_f1 0.6864/0.6727

[2D] Starting validation...
/home/hansstem/anaconda3/envs/sclc/lib/python3.12/site-packages/monai/utils/deprecate_utils.py:321: FutureWarning: monai.transforms.spatial.dictionary Orientationd.__init__:labels: Current default value of argument `labels=(('L', 'R'), ('P', 'A'), ('I', 'S'))` was changed in version None from `labels=(('L', 'R'), ('P', 'A'), ('I', 'S'))` to `labels=None`. Default value changed to None meaning that the transform now uses the 'space' of a meta-tensor, if applicable, to determine appropriate axis labels.
  warn_deprecated(argname, msg, warning_category)
[2D] Val (slice-level, n=834) => Acc: 0.6175, MacroF1: 0.4682
[2D] Val (volume-level, n=106) => Loss: 1.1145, Acc: 0.6792, BalancedAcc: 0.5551, MacroPrecision: 0.5217, MacroRecall: 0.5551, MacroF1: 0.5260
[2D] Val (patient-level, n=53) => Acc: 0.6981, BalancedAcc: 0.5497, MacroPrecision: 0.5290, MacroRecall: 0.5497, MacroF1: 0.5258

[2D] Volume-level Confusion Matrix:
True \ Pred       Adenocarcinoma  Small Cell      Squamous        
Y:Adenocarcinoma  59              10              7               
Y:Small Cell      3               6               3               
Y:Squamous        5               6               7               


[2D] Patient-level Confusion Matrix:
True \ Pred       Adenocarcinoma  Small Cell      Squamous        
Y:Adenocarcinoma  31              4               3               
Y:Small Cell      2               3               1               
Y:Squamous        2               4               3               

Warning: Unknown morphological group 'Non-small cell carcinoma' for patient patient_020843 — skipping
[3D big_lunge] Excluding 3 truncated-lung-mask patients: ['patient_022269', 'patient_057069', 'patient_091821']
Found 302 patients with labels.
Split 'train': 211 patients.
  211 images, class distribution: {2: 71, 0: 73, 1: 67}
Split 'val': 45 patients.
  45 images, class distribution: {0: 16, 2: 15, 1: 14}
Split 'test': 46 patients.
  46 images, class distribution: {1: 14, 2: 16, 0: 16}
[2D big_lunge train] 1510 slices from 196 volumes / 196 patients (dropped: no_mask=3, no_tumor_slices=12), classes={2: 529, 0: 500, 1: 481}
[2D big_lunge val] 322 slices from 41 volumes / 41 patients (dropped: no_mask=1, no_tumor_slices=3), classes={0: 120, 2: 98, 1: 104}
[2D big_lunge test] 332 slices from 43 volumes / 43 patients (dropped: no_mask=0, no_tumor_slices=3), classes={1: 99, 2: 118, 0: 115}
[2D big_lunge] dropped-patient inventory -> /home/hansstem/.cache/monai_biglunge_2d/img224_crop96_mp1/dropped_patients.json
[2D] PersistentDataset cache_dir='/home/hansstem/.cache/monai_biglunge_2d/img224_crop96_mp1/train'
[2D] PersistentDataset cache_dir='/home/hansstem/.cache/monai_biglunge_2d/img224_crop96_mp1/val'
[2D] PersistentDataset cache_dir='/home/hansstem/.cache/monai_biglunge_2d/img224_crop96_mp1/test'
[WRS big_lunge] counts {0=500, 1=481, 2=529} | oversample_factor=1.10 (max_weight/min_weight)
[big_lunge] Train class distribution: {2: 529, 0: 500, 1: 481}

--- finetune Epoch 1/40 | lr(backbone/head)=3.00e-06/3.00e-05 ---
[2D] Epoch 1 [24/24] Loss: 1.7289 Time: 6.70s
[2D] Train Epoch 1 (slice-level) => Loss: 1.7289, Acc: 0.3603, MacroF1: 0.3565

[2D] Starting validation...
[2D] Val (slice-level, n=322) => Acc: 0.3261, MacroF1: 0.2983
[2D] Val (volume-level, n=41) => Loss: 2.0341, Acc: 0.3171, BalancedAcc: 0.2991, MacroPrecision: 0.2059, MacroRecall: 0.2991, MacroF1: 0.2348
[2D] Val (patient-level, n=41) => Acc: 0.3171, BalancedAcc: 0.2991, MacroPrecision: 0.2059, MacroRecall: 0.2991, MacroF1: 0.2348

[2D] Volume-level Confusion Matrix:
True \ Pred       Adenocarcinoma  Small Cell      Squamous        
Y:Adenocarcinoma  10              0               5               
Y:Small Cell      10              0               3               
Y:Squamous        9               1               3               


[2D] Patient-level Confusion Matrix:
True \ Pred       Adenocarcinoma  Small Cell      Squamous        
Y:Adenocarcinoma  10              0               5               
Y:Small Cell      10              0               3               
Y:Squamous        9               1               3               

[finetune] Epoch 1 Summary => TrainLoss: 1.7289, TrainMacroF1: 0.3565, ValMacroF1(patient): 0.2348/0.2348 (cur/roll3)
[finetune] Patient current vs rolling-3: accuracy 0.3171/0.3171, balanced_accuracy 0.2991/0.2991, macro_precision 0.2059/0.2059, macro_recall 0.2991/0.2991, macro_f1 0.2348/0.2348

--- finetune Epoch 2/40 | lr(backbone/head)=3.00e-06/3.00e-05 ---
[2D] Epoch 2 [24/24] Loss: 1.7212 Time: 3.37s
[2D] Train Epoch 2 (slice-level) => Loss: 1.7212, Acc: 0.3874, MacroF1: 0.3839

[2D] Starting validation...
[2D] Val (slice-level, n=322) => Acc: 0.3354, MacroF1: 0.3110
[2D] Val (volume-level, n=41) => Loss: 2.0060, Acc: 0.2927, BalancedAcc: 0.2769, MacroPrecision: 0.1868, MacroRecall: 0.2769, MacroF1: 0.2204
[2D] Val (patient-level, n=41) => Acc: 0.2927, BalancedAcc: 0.2769, MacroPrecision: 0.1868, MacroRecall: 0.2769, MacroF1: 0.2204

[2D] Volume-level Confusion Matrix:
True \ Pred       Adenocarcinoma  Small Cell      Squamous        
Y:Adenocarcinoma  9               0               6               
Y:Small Cell      8               0               5               
Y:Squamous        9               1               3               


[2D] Patient-level Confusion Matrix:
True \ Pred       Adenocarcinoma  Small Cell      Squamous        
Y:Adenocarcinoma  9               0               6               
Y:Small Cell      8               0               5               
Y:Squamous        9               1               3               

[finetune] Epoch 2 Summary => TrainLoss: 1.7212, TrainMacroF1: 0.3839, ValMacroF1(patient): 0.2204/0.2276 (cur/roll3)
[finetune] Patient current vs rolling-3: accuracy 0.2927/0.3049, balanced_accuracy 0.2769/0.2880, macro_precision 0.1868/0.1963, macro_recall 0.2769/0.2880, macro_f1 0.2204/0.2276

--- finetune Epoch 3/40 | lr(backbone/head)=2.98e-06/2.98e-05 ---
[2D] Epoch 3 [24/24] Loss: 1.7859 Time: 3.26s
[2D] Train Epoch 3 (slice-level) => Loss: 1.7859, Acc: 0.3404, MacroF1: 0.3390

[2D] Starting validation...
[2D] Val (slice-level, n=322) => Acc: 0.3478, MacroF1: 0.3244
[2D] Val (volume-level, n=41) => Loss: 1.9777, Acc: 0.2927, BalancedAcc: 0.2769, MacroPrecision: 0.1868, MacroRecall: 0.2769, MacroF1: 0.2204
[2D] Val (patient-level, n=41) => Acc: 0.2927, BalancedAcc: 0.2769, MacroPrecision: 0.1868, MacroRecall: 0.2769, MacroF1: 0.2204

[2D] Volume-level Confusion Matrix:
True \ Pred       Adenocarcinoma  Small Cell      Squamous        
Y:Adenocarcinoma  9               0               6               
Y:Small Cell      8               0               5               
Y:Squamous        9               1               3               


[2D] Patient-level Confusion Matrix:
True \ Pred       Adenocarcinoma  Small Cell      Squamous        
Y:Adenocarcinoma  9               0               6               
Y:Small Cell      8               0               5               
Y:Squamous        9               1               3               

[finetune] Epoch 3 Summary => TrainLoss: 1.7859, TrainMacroF1: 0.3390, ValMacroF1(patient): 0.2204/0.2252 (cur/roll3)
[finetune] Patient current vs rolling-3: accuracy 0.2927/0.3008, balanced_accuracy 0.2769/0.2843, macro_precision 0.1868/0.1932, macro_recall 0.2769/0.2843, macro_f1 0.2204/0.2252

--- finetune Epoch 4/40 | lr(backbone/head)=2.96e-06/2.96e-05 ---
[2D] Epoch 4 [24/24] Loss: 1.7641 Time: 3.28s
[2D] Train Epoch 4 (slice-level) => Loss: 1.7641, Acc: 0.3543, MacroF1: 0.3499

[2D] Starting validation...
[2D] Val (slice-level, n=322) => Acc: 0.3571, MacroF1: 0.3386
[2D] Val (volume-level, n=41) => Loss: 1.9573, Acc: 0.3171, BalancedAcc: 0.3026, MacroPrecision: 0.3581, MacroRecall: 0.3026, MacroF1: 0.2685
[2D] Val (patient-level, n=41) => Acc: 0.3171, BalancedAcc: 0.3026, MacroPrecision: 0.3581, MacroRecall: 0.3026, MacroF1: 0.2685

[2D] Volume-level Confusion Matrix:
True \ Pred       Adenocarcinoma  Small Cell      Squamous        
Y:Adenocarcinoma  9               0               6               
Y:Small Cell      7               1               5               
Y:Squamous        9               1               3               


[2D] Patient-level Confusion Matrix:
True \ Pred       Adenocarcinoma  Small Cell      Squamous        
Y:Adenocarcinoma  9               0               6               
Y:Small Cell      7               1               5               
Y:Squamous        9               1               3               

[finetune] Epoch 4 Summary => TrainLoss: 1.7641, TrainMacroF1: 0.3499, ValMacroF1(patient): 0.2685/0.2364 (cur/roll3)
[finetune] Patient current vs rolling-3: accuracy 0.3171/0.3008, balanced_accuracy 0.3026/0.2855, macro_precision 0.3581/0.2439, macro_recall 0.3026/0.2855, macro_f1 0.2685/0.2364

--- finetune Epoch 5/40 | lr(backbone/head)=2.93e-06/2.93e-05 ---
[2D] Epoch 5 [24/24] Loss: 1.7774 Time: 3.23s
[2D] Train Epoch 5 (slice-level) => Loss: 1.7774, Acc: 0.3583, MacroF1: 0.3536

[2D] Starting validation...
[2D] Val (slice-level, n=322) => Acc: 0.3478, MacroF1: 0.3288
[2D] Val (volume-level, n=41) => Loss: 1.9486, Acc: 0.3171, BalancedAcc: 0.3026, MacroPrecision: 0.3581, MacroRecall: 0.3026, MacroF1: 0.2685
[2D] Val (patient-level, n=41) => Acc: 0.3171, BalancedAcc: 0.3026, MacroPrecision: 0.3581, MacroRecall: 0.3026, MacroF1: 0.2685

[2D] Volume-level Confusion Matrix:
True \ Pred       Adenocarcinoma  Small Cell      Squamous        
Y:Adenocarcinoma  9               0               6               
Y:Small Cell      7               1               5               
Y:Squamous        9               1               3               


[2D] Patient-level Confusion Matrix:
True \ Pred       Adenocarcinoma  Small Cell      Squamous        
Y:Adenocarcinoma  9               0               6               
Y:Small Cell      7               1               5               
Y:Squamous        9               1               3               

[finetune] Epoch 5 Summary => TrainLoss: 1.7774, TrainMacroF1: 0.3536, ValMacroF1(patient): 0.2685/0.2525 (cur/roll3)
[finetune] Patient current vs rolling-3: accuracy 0.3171/0.3089, balanced_accuracy 0.3026/0.2940, macro_precision 0.3581/0.3010, macro_recall 0.3026/0.2940, macro_f1 0.2685/0.2525

--- finetune Epoch 6/40 | lr(backbone/head)=2.89e-06/2.89e-05 ---
[2D] Epoch 6 [24/24] Loss: 1.7404 Time: 11.16s
[2D] Train Epoch 6 (slice-level) => Loss: 1.7404, Acc: 0.3828, MacroF1: 0.3791

[2D] Starting validation...
[2D] Val (slice-level, n=322) => Acc: 0.3447, MacroF1: 0.3262
[2D] Val (volume-level, n=41) => Loss: 1.9139, Acc: 0.3171, BalancedAcc: 0.3026, MacroPrecision: 0.3583, MacroRecall: 0.3026, MacroF1: 0.2697
[2D] Val (patient-level, n=41) => Acc: 0.3171, BalancedAcc: 0.3026, MacroPrecision: 0.3583, MacroRecall: 0.3026, MacroF1: 0.2697

[2D] Volume-level Confusion Matrix:
True \ Pred       Adenocarcinoma  Small Cell      Squamous        
Y:Adenocarcinoma  9               0               6               
Y:Small Cell      6               1               6               
Y:Squamous        9               1               3               


[2D] Patient-level Confusion Matrix:
True \ Pred       Adenocarcinoma  Small Cell      Squamous        
Y:Adenocarcinoma  9               0               6               
Y:Small Cell      6               1               6               
Y:Squamous        9               1               3               

[finetune] Epoch 6 Summary => TrainLoss: 1.7404, TrainMacroF1: 0.3791, ValMacroF1(patient): 0.2697/0.2689 (cur/roll3)
[finetune] Patient current vs rolling-3: accuracy 0.3171/0.3171, balanced_accuracy 0.3026/0.3026, macro_precision 0.3583/0.3582, macro_recall 0.3026/0.3026, macro_f1 0.2697/0.2689

--- finetune Epoch 7/40 | lr(backbone/head)=2.84e-06/2.84e-05 ---
[2D] Epoch 7 [24/24] Loss: 1.6591 Time: 3.65s
[2D] Train Epoch 7 (slice-level) => Loss: 1.6591, Acc: 0.3848, MacroF1: 0.3830

[2D] Starting validation...
[2D] Val (slice-level, n=322) => Acc: 0.3416, MacroF1: 0.3253
[2D] Val (volume-level, n=41) => Loss: 1.8835, Acc: 0.3171, BalancedAcc: 0.3026, MacroPrecision: 0.3583, MacroRecall: 0.3026, MacroF1: 0.2697
[2D] Val (patient-level, n=41) => Acc: 0.3171, BalancedAcc: 0.3026, MacroPrecision: 0.3583, MacroRecall: 0.3026, MacroF1: 0.2697

[2D] Volume-level Confusion Matrix:
True \ Pred       Adenocarcinoma  Small Cell      Squamous        
Y:Adenocarcinoma  9               0               6               
Y:Small Cell      6               1               6               
Y:Squamous        9               1               3               


[2D] Patient-level Confusion Matrix:
True \ Pred       Adenocarcinoma  Small Cell      Squamous        
Y:Adenocarcinoma  9               0               6               
Y:Small Cell      6               1               6               
Y:Squamous        9               1               3               

[finetune] Epoch 7 Summary => TrainLoss: 1.6591, TrainMacroF1: 0.3830, ValMacroF1(patient): 0.2697/0.2693 (cur/roll3)
[finetune] Patient current vs rolling-3: accuracy 0.3171/0.3171, balanced_accuracy 0.3026/0.3026, macro_precision 0.3583/0.3583, macro_recall 0.3026/0.3026, macro_f1 0.2697/0.2693

--- finetune Epoch 8/40 | lr(backbone/head)=2.78e-06/2.78e-05 ---
[2D] Epoch 8 [24/24] Loss: 1.6886 Time: 3.65s
[2D] Train Epoch 8 (slice-level) => Loss: 1.6886, Acc: 0.3702, MacroF1: 0.3695

[2D] Starting validation...
[2D] Val (slice-level, n=322) => Acc: 0.3385, MacroF1: 0.3244
[2D] Val (volume-level, n=41) => Loss: 1.8540, Acc: 0.3171, BalancedAcc: 0.3026, MacroPrecision: 0.3583, MacroRecall: 0.3026, MacroF1: 0.2697
[2D] Val (patient-level, n=41) => Acc: 0.3171, BalancedAcc: 0.3026, MacroPrecision: 0.3583, MacroRecall: 0.3026, MacroF1: 0.2697

[2D] Volume-level Confusion Matrix:
True \ Pred       Adenocarcinoma  Small Cell      Squamous        
Y:Adenocarcinoma  9               0               6               
Y:Small Cell      6               1               6               
Y:Squamous        9               1               3               


[2D] Patient-level Confusion Matrix:
True \ Pred       Adenocarcinoma  Small Cell      Squamous        
Y:Adenocarcinoma  9               0               6               
Y:Small Cell      6               1               6               
Y:Squamous        9               1               3               

[finetune] Epoch 8 Summary => TrainLoss: 1.6886, TrainMacroF1: 0.3695, ValMacroF1(patient): 0.2697/0.2697 (cur/roll3)
[finetune] Patient current vs rolling-3: accuracy 0.3171/0.3171, balanced_accuracy 0.3026/0.3026, macro_precision 0.3583/0.3583, macro_recall 0.3026/0.3026, macro_f1 0.2697/0.2697

--- finetune Epoch 9/40 | lr(backbone/head)=2.71e-06/2.71e-05 ---
[2D] Epoch 9 [24/24] Loss: 1.6078 Time: 3.58s
[2D] Train Epoch 9 (slice-level) => Loss: 1.6078, Acc: 0.3768, MacroF1: 0.3764

[2D] Starting validation...
[2D] Val (slice-level, n=322) => Acc: 0.3385, MacroF1: 0.3234
[2D] Val (volume-level, n=41) => Loss: 1.8308, Acc: 0.3171, BalancedAcc: 0.3026, MacroPrecision: 0.3075, MacroRecall: 0.3026, MacroF1: 0.2696
[2D] Val (patient-level, n=41) => Acc: 0.3171, BalancedAcc: 0.3026, MacroPrecision: 0.3075, MacroRecall: 0.3026, MacroF1: 0.2696

[2D] Volume-level Confusion Matrix:
True \ Pred       Adenocarcinoma  Small Cell      Squamous        
Y:Adenocarcinoma  9               1               5               
Y:Small Cell      6               1               6               
Y:Squamous        9               1               3               


[2D] Patient-level Confusion Matrix:
True \ Pred       Adenocarcinoma  Small Cell      Squamous        
Y:Adenocarcinoma  9               1               5               
Y:Small Cell      6               1               6               
Y:Squamous        9               1               3               

[finetune] Epoch 9 Summary => TrainLoss: 1.6078, TrainMacroF1: 0.3764, ValMacroF1(patient): 0.2696/0.2697 (cur/roll3)
[finetune] Patient current vs rolling-3: accuracy 0.3171/0.3171, balanced_accuracy 0.3026/0.3026, macro_precision 0.3075/0.3414, macro_recall 0.3026/0.3026, macro_f1 0.2696/0.2697

--- finetune Epoch 10/40 | lr(backbone/head)=2.64e-06/2.64e-05 ---
[2D] Epoch 10 [24/24] Loss: 1.6137 Time: 3.59s
[2D] Train Epoch 10 (slice-level) => Loss: 1.6137, Acc: 0.3987, MacroF1: 0.3977

[2D] Starting validation...
[2D] Val (slice-level, n=322) => Acc: 0.3385, MacroF1: 0.3247
[2D] Val (volume-level, n=41) => Loss: 1.8101, Acc: 0.2927, BalancedAcc: 0.2803, MacroPrecision: 0.2707, MacroRecall: 0.2803, MacroF1: 0.2536
[2D] Val (patient-level, n=41) => Acc: 0.2927, BalancedAcc: 0.2803, MacroPrecision: 0.2707, MacroRecall: 0.2803, MacroF1: 0.2536

[2D] Volume-level Confusion Matrix:
True \ Pred       Adenocarcinoma  Small Cell      Squamous        
Y:Adenocarcinoma  8               2               5               
Y:Small Cell      6               1               6               
Y:Squamous        9               1               3               


[2D] Patient-level Confusion Matrix:
True \ Pred       Adenocarcinoma  Small Cell      Squamous        
Y:Adenocarcinoma  8               2               5               
Y:Small Cell      6               1               6               
Y:Squamous        9               1               3               

[finetune] Epoch 10 Summary => TrainLoss: 1.6137, TrainMacroF1: 0.3977, ValMacroF1(patient): 0.2536/0.2643 (cur/roll3)
[finetune] Patient current vs rolling-3: accuracy 0.2927/0.3089, balanced_accuracy 0.2803/0.2952, macro_precision 0.2707/0.3122, macro_recall 0.2803/0.2952, macro_f1 0.2536/0.2643

--- finetune Epoch 11/40 | lr(backbone/head)=2.56e-06/2.56e-05 ---
[2D] Epoch 11 [24/24] Loss: 1.6172 Time: 3.59s
[2D] Train Epoch 11 (slice-level) => Loss: 1.6172, Acc: 0.3841, MacroF1: 0.3841

[2D] Starting validation...
[2D] Val (slice-level, n=322) => Acc: 0.3385, MacroF1: 0.3234
[2D] Val (volume-level, n=41) => Loss: 1.7920, Acc: 0.2927, BalancedAcc: 0.2803, MacroPrecision: 0.2707, MacroRecall: 0.2803, MacroF1: 0.2536
[2D] Val (patient-level, n=41) => Acc: 0.2927, BalancedAcc: 0.2803, MacroPrecision: 0.2707, MacroRecall: 0.2803, MacroF1: 0.2536

[2D] Volume-level Confusion Matrix:
True \ Pred       Adenocarcinoma  Small Cell      Squamous        
Y:Adenocarcinoma  8               2               5               
Y:Small Cell      6               1               6               
Y:Squamous        9               1               3               


[2D] Patient-level Confusion Matrix:
True \ Pred       Adenocarcinoma  Small Cell      Squamous        
Y:Adenocarcinoma  8               2               5               
Y:Small Cell      6               1               6               
Y:Squamous        9               1               3               

[finetune] Epoch 11 Summary => TrainLoss: 1.6172, TrainMacroF1: 0.3841, ValMacroF1(patient): 0.2536/0.2590 (cur/roll3)
[finetune] Patient current vs rolling-3: accuracy 0.2927/0.3008, balanced_accuracy 0.2803/0.2877, macro_precision 0.2707/0.2830, macro_recall 0.2803/0.2877, macro_f1 0.2536/0.2590

--- finetune Epoch 12/40 | lr(backbone/head)=2.47e-06/2.47e-05 ---
[2D] Epoch 12 [24/24] Loss: 1.5970 Time: 3.72s
[2D] Train Epoch 12 (slice-level) => Loss: 1.5970, Acc: 0.3974, MacroF1: 0.3971

[2D] Starting validation...
[2D] Val (slice-level, n=322) => Acc: 0.3354, MacroF1: 0.3200
[2D] Val (volume-level, n=41) => Loss: 1.7769, Acc: 0.2927, BalancedAcc: 0.2803, MacroPrecision: 0.2707, MacroRecall: 0.2803, MacroF1: 0.2536
[2D] Val (patient-level, n=41) => Acc: 0.2927, BalancedAcc: 0.2803, MacroPrecision: 0.2707, MacroRecall: 0.2803, MacroF1: 0.2536

[2D] Volume-level Confusion Matrix:
True \ Pred       Adenocarcinoma  Small Cell      Squamous        
Y:Adenocarcinoma  8               2               5               
Y:Small Cell      6               1               6               
Y:Squamous        9               1               3               


[2D] Patient-level Confusion Matrix:
True \ Pred       Adenocarcinoma  Small Cell      Squamous        
Y:Adenocarcinoma  8               2               5               
Y:Small Cell      6               1               6               
Y:Squamous        9               1               3               

[finetune] Epoch 12 Summary => TrainLoss: 1.5970, TrainMacroF1: 0.3971, ValMacroF1(patient): 0.2536/0.2536 (cur/roll3)
[finetune] Patient current vs rolling-3: accuracy 0.2927/0.2927, balanced_accuracy 0.2803/0.2803, macro_precision 0.2707/0.2707, macro_recall 0.2803/0.2803, macro_f1 0.2536/0.2536

--- finetune Epoch 13/40 | lr(backbone/head)=2.38e-06/2.38e-05 ---
[2D] Epoch 13 [24/24] Loss: 1.5794 Time: 3.49s
[2D] Train Epoch 13 (slice-level) => Loss: 1.5794, Acc: 0.3947, MacroF1: 0.3947

[2D] Starting validation...
[2D] Val (slice-level, n=322) => Acc: 0.3354, MacroF1: 0.3202
[2D] Val (volume-level, n=41) => Loss: 1.7661, Acc: 0.2927, BalancedAcc: 0.2803, MacroPrecision: 0.2707, MacroRecall: 0.2803, MacroF1: 0.2536
[2D] Val (patient-level, n=41) => Acc: 0.2927, BalancedAcc: 0.2803, MacroPrecision: 0.2707, MacroRecall: 0.2803, MacroF1: 0.2536

[2D] Volume-level Confusion Matrix:
True \ Pred       Adenocarcinoma  Small Cell      Squamous        
Y:Adenocarcinoma  8               2               5               
Y:Small Cell      6               1               6               
Y:Squamous        9               1               3               


[2D] Patient-level Confusion Matrix:
True \ Pred       Adenocarcinoma  Small Cell      Squamous        
Y:Adenocarcinoma  8               2               5               
Y:Small Cell      6               1               6               
Y:Squamous        9               1               3               

[finetune] Epoch 13 Summary => TrainLoss: 1.5794, TrainMacroF1: 0.3947, ValMacroF1(patient): 0.2536/0.2536 (cur/roll3)
[finetune] Patient current vs rolling-3: accuracy 0.2927/0.2927, balanced_accuracy 0.2803/0.2803, macro_precision 0.2707/0.2707, macro_recall 0.2803/0.2803, macro_f1 0.2536/0.2536

--- finetune Epoch 14/40 | lr(backbone/head)=2.28e-06/2.28e-05 ---
[2D] Epoch 14 [24/24] Loss: 1.5768 Time: 3.28s
[2D] Train Epoch 14 (slice-level) => Loss: 1.5768, Acc: 0.3748, MacroF1: 0.3744

[2D] Starting validation...
[2D] Val (slice-level, n=322) => Acc: 0.3354, MacroF1: 0.3200
[2D] Val (volume-level, n=41) => Loss: 1.7535, Acc: 0.2927, BalancedAcc: 0.2803, MacroPrecision: 0.2707, MacroRecall: 0.2803, MacroF1: 0.2536
[2D] Val (patient-level, n=41) => Acc: 0.2927, BalancedAcc: 0.2803, MacroPrecision: 0.2707, MacroRecall: 0.2803, MacroF1: 0.2536

[2D] Volume-level Confusion Matrix:
True \ Pred       Adenocarcinoma  Small Cell      Squamous        
Y:Adenocarcinoma  8               2               5               
Y:Small Cell      6               1               6               
Y:Squamous        9               1               3               


[2D] Patient-level Confusion Matrix:
True \ Pred       Adenocarcinoma  Small Cell      Squamous        
Y:Adenocarcinoma  8               2               5               
Y:Small Cell      6               1               6               
Y:Squamous        9               1               3               

[finetune] Epoch 14 Summary => TrainLoss: 1.5768, TrainMacroF1: 0.3744, ValMacroF1(patient): 0.2536/0.2536 (cur/roll3)
[finetune] Patient current vs rolling-3: accuracy 0.2927/0.2927, balanced_accuracy 0.2803/0.2803, macro_precision 0.2707/0.2707, macro_recall 0.2803/0.2803, macro_f1 0.2536/0.2536

--- finetune Epoch 15/40 | lr(backbone/head)=2.18e-06/2.18e-05 ---
[2D] Epoch 15 [24/24] Loss: 1.6093 Time: 3.47s
[2D] Train Epoch 15 (slice-level) => Loss: 1.6093, Acc: 0.3642, MacroF1: 0.3637

[2D] Starting validation...
[2D] Val (slice-level, n=322) => Acc: 0.3354, MacroF1: 0.3183
[2D] Val (volume-level, n=41) => Loss: 1.7435, Acc: 0.2927, BalancedAcc: 0.2803, MacroPrecision: 0.2707, MacroRecall: 0.2803, MacroF1: 0.2536
[2D] Val (patient-level, n=41) => Acc: 0.2927, BalancedAcc: 0.2803, MacroPrecision: 0.2707, MacroRecall: 0.2803, MacroF1: 0.2536

[2D] Volume-level Confusion Matrix:
True \ Pred       Adenocarcinoma  Small Cell      Squamous        
Y:Adenocarcinoma  8               2               5               
Y:Small Cell      6               1               6               
Y:Squamous        9               1               3               


[2D] Patient-level Confusion Matrix:
True \ Pred       Adenocarcinoma  Small Cell      Squamous        
Y:Adenocarcinoma  8               2               5               
Y:Small Cell      6               1               6               
Y:Squamous        9               1               3               

[finetune] Epoch 15 Summary => TrainLoss: 1.6093, TrainMacroF1: 0.3637, ValMacroF1(patient): 0.2536/0.2536 (cur/roll3)
[finetune] Patient current vs rolling-3: accuracy 0.2927/0.2927, balanced_accuracy 0.2803/0.2803, macro_precision 0.2707/0.2707, macro_recall 0.2803/0.2803, macro_f1 0.2536/0.2536

--- finetune Epoch 16/40 | lr(backbone/head)=2.07e-06/2.07e-05 ---
[2D] Epoch 16 [24/24] Loss: 1.5346 Time: 3.69s
[2D] Train Epoch 16 (slice-level) => Loss: 1.5346, Acc: 0.3868, MacroF1: 0.3868

[2D] Starting validation...
[2D] Val (slice-level, n=322) => Acc: 0.3261, MacroF1: 0.3102
[2D] Val (volume-level, n=41) => Loss: 1.7313, Acc: 0.2927, BalancedAcc: 0.2838, MacroPrecision: 0.2941, MacroRecall: 0.2838, MacroF1: 0.2732
[2D] Val (patient-level, n=41) => Acc: 0.2927, BalancedAcc: 0.2838, MacroPrecision: 0.2941, MacroRecall: 0.2838, MacroF1: 0.2732

[2D] Volume-level Confusion Matrix:
True \ Pred       Adenocarcinoma  Small Cell      Squamous        
Y:Adenocarcinoma  7               3               5               
Y:Small Cell      6               2               5               
Y:Squamous        9               1               3               


[2D] Patient-level Confusion Matrix:
True \ Pred       Adenocarcinoma  Small Cell      Squamous        
Y:Adenocarcinoma  7               3               5               
Y:Small Cell      6               2               5               
Y:Squamous        9               1               3               

[finetune] Epoch 16 Summary => TrainLoss: 1.5346, TrainMacroF1: 0.3868, ValMacroF1(patient): 0.2732/0.2602 (cur/roll3)
[finetune] Patient current vs rolling-3: accuracy 0.2927/0.2927, balanced_accuracy 0.2838/0.2815, macro_precision 0.2941/0.2785, macro_recall 0.2838/0.2815, macro_f1 0.2732/0.2602

--- finetune Epoch 17/40 | lr(backbone/head)=1.96e-06/1.96e-05 ---
[2D] Epoch 17 [24/24] Loss: 1.5229 Time: 3.70s
[2D] Train Epoch 17 (slice-level) => Loss: 1.5229, Acc: 0.3907, MacroF1: 0.3905

[2D] Starting validation...
[2D] Val (slice-level, n=322) => Acc: 0.3261, MacroF1: 0.3104
[2D] Val (volume-level, n=41) => Loss: 1.7253, Acc: 0.2927, BalancedAcc: 0.2803, MacroPrecision: 0.2826, MacroRecall: 0.2803, MacroF1: 0.2639
[2D] Val (patient-level, n=41) => Acc: 0.2927, BalancedAcc: 0.2803, MacroPrecision: 0.2826, MacroRecall: 0.2803, MacroF1: 0.2639

[2D] Volume-level Confusion Matrix:
True \ Pred       Adenocarcinoma  Small Cell      Squamous        
Y:Adenocarcinoma  8               2               5               
Y:Small Cell      6               2               5               
Y:Squamous        9               2               2               


[2D] Patient-level Confusion Matrix:
True \ Pred       Adenocarcinoma  Small Cell      Squamous        
Y:Adenocarcinoma  8               2               5               
Y:Small Cell      6               2               5               
Y:Squamous        9               2               2               

[finetune] Epoch 17 Summary => TrainLoss: 1.5229, TrainMacroF1: 0.3905, ValMacroF1(patient): 0.2639/0.2636 (cur/roll3)
[finetune] Patient current vs rolling-3: accuracy 0.2927/0.2927, balanced_accuracy 0.2803/0.2815, macro_precision 0.2826/0.2825, macro_recall 0.2803/0.2815, macro_f1 0.2639/0.2636

--- finetune Epoch 18/40 | lr(backbone/head)=1.85e-06/1.85e-05 ---
[2D] Epoch 18 [24/24] Loss: 1.5157 Time: 3.72s
[2D] Train Epoch 18 (slice-level) => Loss: 1.5157, Acc: 0.3881, MacroF1: 0.3879

[2D] Starting validation...
[2D] Val (slice-level, n=322) => Acc: 0.3230, MacroF1: 0.3054
[2D] Val (volume-level, n=41) => Loss: 1.7155, Acc: 0.2683, BalancedAcc: 0.2581, MacroPrecision: 0.2569, MacroRecall: 0.2581, MacroF1: 0.2461
[2D] Val (patient-level, n=41) => Acc: 0.2683, BalancedAcc: 0.2581, MacroPrecision: 0.2569, MacroRecall: 0.2581, MacroF1: 0.2461

[2D] Volume-level Confusion Matrix:
True \ Pred       Adenocarcinoma  Small Cell      Squamous        
Y:Adenocarcinoma  7               3               5               
Y:Small Cell      6               2               5               
Y:Squamous        9               2               2               


[2D] Patient-level Confusion Matrix:
True \ Pred       Adenocarcinoma  Small Cell      Squamous        
Y:Adenocarcinoma  7               3               5               
Y:Small Cell      6               2               5               
Y:Squamous        9               2               2               

[finetune] Epoch 18 Summary => TrainLoss: 1.5157, TrainMacroF1: 0.3879, ValMacroF1(patient): 0.2461/0.2611 (cur/roll3)
[finetune] Patient current vs rolling-3: accuracy 0.2683/0.2846, balanced_accuracy 0.2581/0.2741, macro_precision 0.2569/0.2779, macro_recall 0.2581/0.2741, macro_f1 0.2461/0.2611

[2D] Starting validation...
[2D] Val (slice-level, n=332) => Acc: 0.3976, MacroF1: 0.3909
[2D] Val (volume-level, n=43) => Loss: 1.5309, Acc: 0.4651, BalancedAcc: 0.4650, MacroPrecision: 0.4906, MacroRecall: 0.4650, MacroF1: 0.4687
[2D] Val (patient-level, n=43) => Acc: 0.4651, BalancedAcc: 0.4650, MacroPrecision: 0.4906, MacroRecall: 0.4650, MacroF1: 0.4687

[2D] Volume-level Confusion Matrix:
True \ Pred       Adenocarcinoma  Small Cell      Squamous        
Y:Adenocarcinoma  8               4               3               
Y:Small Cell      5               6               2               
Y:Squamous        8               1               6               


[2D] Patient-level Confusion Matrix:
True \ Pred       Adenocarcinoma  Small Cell      Squamous        
Y:Adenocarcinoma  8               4               3               
Y:Small Cell      5               6               2               
Y:Squamous        8               1               6               

