<frozen importlib._bootstrap_external>:1301: FutureWarning: The cuda.cudart module is deprecated and will be removed in a future release, please switch to use the cuda.bindings.runtime module instead.
/home/hansstem/anaconda3/envs/sclc/lib/python3.12/site-packages/monai/utils/deprecate_utils.py:321: FutureWarning: monai.transforms.spatial.dictionary Orientationd.__init__:labels: Current default value of argument `labels=(('L', 'R'), ('P', 'A'), ('I', 'S'))` was changed in version None from `labels=(('L', 'R'), ('P', 'A'), ('I', 'S'))` to `labels=None`. Default value changed to None meaning that the transform now uses the 'space' of a meta-tensor, if applicable, to determine appropriate axis labels.
  warn_deprecated(argname, msg, warning_category)
Initialized resnet50_2d Classifier. Total Params: 23,507,907
Split 'train': 242 patients.
  482 images (482 w/ masks), class distribution: {0: 341, 1: 56, 2: 85}
Split 'val': 52 patients.
  102 images (102 w/ masks), class distribution: {1: 12, 2: 17, 0: 73}
Split 'test': 53 patients.
  106 images (106 w/ masks), class distribution: {0: 76, 1: 12, 2: 18}
[2D lung_pet_ct_dx train] 3730 slices from 482 volumes / 242 patients (dropped: no_mask=0, no_tumor_slices=0), classes={0: 2608, 1: 442, 2: 680}
[2D lung_pet_ct_dx val] 786 slices from 101 volumes / 52 patients (dropped: no_mask=0, no_tumor_slices=1), classes={1: 96, 2: 136, 0: 554}
[2D lung_pet_ct_dx test] 834 slices from 106 volumes / 53 patients (dropped: no_mask=0, no_tumor_slices=0), classes={0: 594, 1: 96, 2: 144}
[2D lung_pet_ct_dx] dropped-patient inventory -> /home/hansstem/.cache/monai_lung_pet_ct_clean_2d/img224_crop96_mp1/dropped_patients.json
[2D] PersistentDataset cache_dir='/home/hansstem/.cache/monai_lung_pet_ct_clean_2d/img224_crop96_mp1/train'
[2D] PersistentDataset cache_dir='/home/hansstem/.cache/monai_lung_pet_ct_clean_2d/img224_crop96_mp1/val'
[2D] PersistentDataset cache_dir='/home/hansstem/.cache/monai_lung_pet_ct_clean_2d/img224_crop96_mp1/test'
[WRS lung_pet_ct_dx] counts {0=2597, 1=440, 2=675} | oversample_factor=5.90 (max_weight/min_weight)
[lung_pet_ct_dx] Train class distribution: {0: 2597, 1: 440, 2: 675}

--- dapt Epoch 1/30 | lr=1.00e-06 ---
[2D] Epoch 1 [50/78] Loss: 1.1005 Time: 6.59s
[2D] Epoch 1 [78/78] Loss: 1.1017 Time: 3.31s
[2D] Train Epoch 1 (slice-level) => Loss: 1.1017, Acc: 0.3338, MacroF1: 0.3326

[2D] Starting validation...
[2D] Val (slice-level, n=786) => Acc: 0.3142, MacroF1: 0.2635
[2D] Val (volume-level, n=101) => Loss: 1.1027, Acc: 0.3267, BalancedAcc: 0.2658, MacroPrecision: 0.3153, MacroRecall: 0.2658, MacroF1: 0.2487
[2D] Val (patient-level, n=52) => Acc: 0.2885, BalancedAcc: 0.2658, MacroPrecision: 0.2986, MacroRecall: 0.2658, MacroF1: 0.2360

[2D] Volume-level Confusion Matrix:
True \ Pred       Adenocarcinoma  Small Cell      Squamous        
Y:Adenocarcinoma  26              19              27              
Y:Small Cell      1               1               10              
Y:Squamous        7               4               6               


[2D] Patient-level Confusion Matrix:
True \ Pred       Adenocarcinoma  Small Cell      Squamous        
Y:Adenocarcinoma  11              9               17              
Y:Small Cell      1               1               4               
Y:Squamous        4               2               3               

[dapt] Epoch 1 Summary => TrainLoss: 1.1017, TrainMacroF1: 0.3326, ValMacroF1(patient): 0.2360/0.2360 (cur/roll3)
[dapt] Patient current vs rolling-3: accuracy 0.2885/0.2885, balanced_accuracy 0.2658/0.2658, macro_precision 0.2986/0.2986, macro_recall 0.2658/0.2658, macro_f1 0.2360/0.2360

--- dapt Epoch 2/30 | lr=3.40e-05 ---
[2D] Epoch 2 [50/78] Loss: 1.0896 Time: 5.28s
[2D] Epoch 2 [78/78] Loss: 1.0792 Time: 2.99s
[2D] Train Epoch 2 (slice-level) => Loss: 1.0792, Acc: 0.4178, MacroF1: 0.4184

[2D] Starting validation...
[2D] Val (slice-level, n=786) => Acc: 0.5776, MacroF1: 0.4380
[2D] Val (volume-level, n=101) => Loss: 1.0213, Acc: 0.6238, BalancedAcc: 0.5340, MacroPrecision: 0.4911, MacroRecall: 0.5340, MacroF1: 0.5001
[2D] Val (patient-level, n=52) => Acc: 0.6538, BalancedAcc: 0.5210, MacroPrecision: 0.4820, MacroRecall: 0.5210, MacroF1: 0.4853

[2D] Volume-level Confusion Matrix:
True \ Pred       Adenocarcinoma  Small Cell      Squamous        
Y:Adenocarcinoma  49              9               14              
Y:Small Cell      4               4               4               
Y:Squamous        6               1               10              


[2D] Patient-level Confusion Matrix:
True \ Pred       Adenocarcinoma  Small Cell      Squamous        
Y:Adenocarcinoma  27              4               6               
Y:Small Cell      1               1               4               
Y:Squamous        3               0               6               

[dapt] Epoch 2 Summary => TrainLoss: 1.0792, TrainMacroF1: 0.4184, ValMacroF1(patient): 0.4853/0.3607 (cur/roll3)
[dapt] Patient current vs rolling-3: accuracy 0.6538/0.4712, balanced_accuracy 0.5210/0.3934, macro_precision 0.4820/0.3903, macro_recall 0.5210/0.3934, macro_f1 0.4853/0.3607

--- dapt Epoch 3/30 | lr=6.70e-05 ---
[2D] Epoch 3 [50/78] Loss: 1.0212 Time: 6.02s
[2D] Epoch 3 [78/78] Loss: 1.0045 Time: 2.53s
[2D] Train Epoch 3 (slice-level) => Loss: 1.0045, Acc: 0.5493, MacroF1: 0.5465

[2D] Starting validation...
[2D] Val (slice-level, n=786) => Acc: 0.6272, MacroF1: 0.4929
[2D] Val (volume-level, n=101) => Loss: 0.8958, Acc: 0.6832, BalancedAcc: 0.5918, MacroPrecision: 0.5361, MacroRecall: 0.5918, MacroF1: 0.5489
[2D] Val (patient-level, n=52) => Acc: 0.6731, BalancedAcc: 0.5485, MacroPrecision: 0.5283, MacroRecall: 0.5485, MacroF1: 0.5284

[2D] Volume-level Confusion Matrix:
True \ Pred       Adenocarcinoma  Small Cell      Squamous        
Y:Adenocarcinoma  53              11              8               
Y:Small Cell      1               4               7               
Y:Squamous        4               1               12              


[2D] Patient-level Confusion Matrix:
True \ Pred       Adenocarcinoma  Small Cell      Squamous        
Y:Adenocarcinoma  28              8               1               
Y:Small Cell      0               2               4               
Y:Squamous        3               1               5               

[dapt] Epoch 3 Summary => TrainLoss: 1.0045, TrainMacroF1: 0.5465, ValMacroF1(patient): 0.5284/0.4166 (cur/roll3)
[dapt] Patient current vs rolling-3: accuracy 0.6731/0.5385, balanced_accuracy 0.5485/0.4451, macro_precision 0.5283/0.4363, macro_recall 0.5485/0.4451, macro_f1 0.5284/0.4166

--- dapt Epoch 4/30 | lr=1.00e-04 ---
[2D] Epoch 4 [50/78] Loss: 0.9002 Time: 4.86s
[2D] Epoch 4 [78/78] Loss: 0.8874 Time: 2.42s
[2D] Train Epoch 4 (slice-level) => Loss: 0.8874, Acc: 0.6676, MacroF1: 0.6676

[2D] Starting validation...
[2D] Val (slice-level, n=786) => Acc: 0.6349, MacroF1: 0.5364
[2D] Val (volume-level, n=101) => Loss: 0.8805, Acc: 0.6832, BalancedAcc: 0.6081, MacroPrecision: 0.5680, MacroRecall: 0.6081, MacroF1: 0.5713
[2D] Val (patient-level, n=52) => Acc: 0.7308, BalancedAcc: 0.6782, MacroPrecision: 0.6278, MacroRecall: 0.6782, MacroF1: 0.6353

[2D] Volume-level Confusion Matrix:
True \ Pred       Adenocarcinoma  Small Cell      Squamous        
Y:Adenocarcinoma  53              14              5               
Y:Small Cell      3               6               3               
Y:Squamous        3               4               10              


[2D] Patient-level Confusion Matrix:
True \ Pred       Adenocarcinoma  Small Cell      Squamous        
Y:Adenocarcinoma  28              7               2               
Y:Small Cell      2               3               1               
Y:Squamous        0               2               7               

[dapt] Epoch 4 Summary => TrainLoss: 0.8874, TrainMacroF1: 0.6676, ValMacroF1(patient): 0.6353/0.5497 (cur/roll3)
[dapt] Patient current vs rolling-3: accuracy 0.7308/0.6859, balanced_accuracy 0.6782/0.5826, macro_precision 0.6278/0.5460, macro_recall 0.6782/0.5826, macro_f1 0.6353/0.5497

--- dapt Epoch 5/30 | lr=9.97e-05 ---
[2D] Epoch 5 [50/78] Loss: 0.7756 Time: 5.03s
[2D] Epoch 5 [78/78] Loss: 0.7950 Time: 2.89s
[2D] Train Epoch 5 (slice-level) => Loss: 0.7950, Acc: 0.7441, MacroF1: 0.7433

[2D] Starting validation...
[2D] Val (slice-level, n=786) => Acc: 0.7163, MacroF1: 0.6016
[2D] Val (volume-level, n=101) => Loss: 0.7847, Acc: 0.8119, BalancedAcc: 0.6901, MacroPrecision: 0.6622, MacroRecall: 0.6901, MacroF1: 0.6719
[2D] Val (patient-level, n=52) => Acc: 0.8269, BalancedAcc: 0.7232, MacroPrecision: 0.6905, MacroRecall: 0.7232, MacroF1: 0.7050

[2D] Volume-level Confusion Matrix:
True \ Pred       Adenocarcinoma  Small Cell      Squamous        
Y:Adenocarcinoma  64              4               4               
Y:Small Cell      2               5               5               
Y:Squamous        2               2               13              


[2D] Patient-level Confusion Matrix:
True \ Pred       Adenocarcinoma  Small Cell      Squamous        
Y:Adenocarcinoma  33              3               1               
Y:Small Cell      1               3               2               
Y:Squamous        1               1               7               

[dapt] Epoch 5 Summary => TrainLoss: 0.7950, TrainMacroF1: 0.7433, ValMacroF1(patient): 0.7050/0.6229 (cur/roll3)
[dapt] Patient current vs rolling-3: accuracy 0.8269/0.7436, balanced_accuracy 0.7232/0.6500, macro_precision 0.6905/0.6155, macro_recall 0.7232/0.6500, macro_f1 0.7050/0.6229

--- dapt Epoch 6/30 | lr=9.87e-05 ---
[2D] Epoch 6 [50/78] Loss: 0.7066 Time: 5.12s
[2D] Epoch 6 [78/78] Loss: 0.7063 Time: 2.88s
[2D] Train Epoch 6 (slice-level) => Loss: 0.7063, Acc: 0.8133, MacroF1: 0.8125

[2D] Starting validation...
[2D] Val (slice-level, n=786) => Acc: 0.6972, MacroF1: 0.5788
[2D] Val (volume-level, n=101) => Loss: 0.8012, Acc: 0.7723, BalancedAcc: 0.7097, MacroPrecision: 0.6603, MacroRecall: 0.7097, MacroF1: 0.6699
[2D] Val (patient-level, n=52) => Acc: 0.8269, BalancedAcc: 0.7513, MacroPrecision: 0.7542, MacroRecall: 0.7513, MacroF1: 0.7324

[2D] Volume-level Confusion Matrix:
True \ Pred       Adenocarcinoma  Small Cell      Squamous        
Y:Adenocarcinoma  58              4               10              
Y:Small Cell      2               6               4               
Y:Squamous        2               1               14              


[2D] Patient-level Confusion Matrix:
True \ Pred       Adenocarcinoma  Small Cell      Squamous        
Y:Adenocarcinoma  32              1               4               
Y:Small Cell      1               3               2               
Y:Squamous        1               0               8               

[dapt] Epoch 6 Summary => TrainLoss: 0.7063, TrainMacroF1: 0.8125, ValMacroF1(patient): 0.7324/0.6909 (cur/roll3)
[dapt] Patient current vs rolling-3: accuracy 0.8269/0.7949, balanced_accuracy 0.7513/0.7176, macro_precision 0.7542/0.6908, macro_recall 0.7513/0.7176, macro_f1 0.7324/0.6909

--- dapt Epoch 7/30 | lr=9.70e-05 ---
[2D] Epoch 7 [50/78] Loss: 0.6530 Time: 5.50s
[2D] Epoch 7 [78/78] Loss: 0.6680 Time: 3.08s
[2D] Train Epoch 7 (slice-level) => Loss: 0.6680, Acc: 0.8376, MacroF1: 0.8373

[2D] Starting validation...
[2D] Val (slice-level, n=786) => Acc: 0.6527, MacroF1: 0.5086
[2D] Val (volume-level, n=101) => Loss: 0.8429, Acc: 0.7030, BalancedAcc: 0.5575, MacroPrecision: 0.6504, MacroRecall: 0.5575, MacroF1: 0.5591
[2D] Val (patient-level, n=52) => Acc: 0.7115, BalancedAcc: 0.5851, MacroPrecision: 0.6369, MacroRecall: 0.5851, MacroF1: 0.5857

[2D] Volume-level Confusion Matrix:
True \ Pred       Adenocarcinoma  Small Cell      Squamous        
Y:Adenocarcinoma  59              12              1               
Y:Small Cell      6               6               0               
Y:Squamous        8               3               6               


[2D] Patient-level Confusion Matrix:
True \ Pred       Adenocarcinoma  Small Cell      Squamous        
Y:Adenocarcinoma  30              6               1               
Y:Small Cell      3               3               0               
Y:Squamous        4               1               4               

[dapt] Epoch 7 Summary => TrainLoss: 0.6680, TrainMacroF1: 0.8373, ValMacroF1(patient): 0.5857/0.6744 (cur/roll3)
[dapt] Patient current vs rolling-3: accuracy 0.7115/0.7885, balanced_accuracy 0.5851/0.6865, macro_precision 0.6369/0.6939, macro_recall 0.5851/0.6865, macro_f1 0.5857/0.6744

--- dapt Epoch 8/30 | lr=9.47e-05 ---
[2D] Epoch 8 [50/78] Loss: 0.6087 Time: 5.15s
[2D] Epoch 8 [78/78] Loss: 0.6176 Time: 2.54s
[2D] Train Epoch 8 (slice-level) => Loss: 0.6176, Acc: 0.8675, MacroF1: 0.8661

[2D] Starting validation...
[2D] Val (slice-level, n=786) => Acc: 0.6858, MacroF1: 0.5479
[2D] Val (volume-level, n=101) => Loss: 0.8410, Acc: 0.7228, BalancedAcc: 0.6117, MacroPrecision: 0.5798, MacroRecall: 0.6117, MacroF1: 0.5930
[2D] Val (patient-level, n=52) => Acc: 0.7500, BalancedAcc: 0.6031, MacroPrecision: 0.6038, MacroRecall: 0.6031, MacroF1: 0.5978

[2D] Volume-level Confusion Matrix:
True \ Pred       Adenocarcinoma  Small Cell      Squamous        
Y:Adenocarcinoma  58              7               7               
Y:Small Cell      3               6               3               
Y:Squamous        6               2               9               


[2D] Patient-level Confusion Matrix:
True \ Pred       Adenocarcinoma  Small Cell      Squamous        
Y:Adenocarcinoma  32              3               2               
Y:Small Cell      2               3               1               
Y:Squamous        3               2               4               

[dapt] Epoch 8 Summary => TrainLoss: 0.6176, TrainMacroF1: 0.8661, ValMacroF1(patient): 0.5978/0.6386 (cur/roll3)
[dapt] Patient current vs rolling-3: accuracy 0.7500/0.7628, balanced_accuracy 0.6031/0.6465, macro_precision 0.6038/0.6650, macro_recall 0.6031/0.6465, macro_f1 0.5978/0.6386

--- dapt Epoch 9/30 | lr=9.18e-05 ---
[2D] Epoch 9 [50/78] Loss: 0.6044 Time: 6.22s
[2D] Epoch 9 [78/78] Loss: 0.6014 Time: 2.69s
[2D] Train Epoch 9 (slice-level) => Loss: 0.6014, Acc: 0.8855, MacroF1: 0.8851

[2D] Starting validation...
[2D] Val (slice-level, n=786) => Acc: 0.6985, MacroF1: 0.5091
[2D] Val (volume-level, n=101) => Loss: 0.8157, Acc: 0.7426, BalancedAcc: 0.4834, MacroPrecision: 0.5961, MacroRecall: 0.4834, MacroF1: 0.5112
[2D] Val (patient-level, n=52) => Acc: 0.7500, BalancedAcc: 0.4820, MacroPrecision: 0.6204, MacroRecall: 0.4820, MacroF1: 0.5125

[2D] Volume-level Confusion Matrix:
True \ Pred       Adenocarcinoma  Small Cell      Squamous        
Y:Adenocarcinoma  67              3               2               
Y:Small Cell      10              2               0               
Y:Squamous        8               3               6               


[2D] Patient-level Confusion Matrix:
True \ Pred       Adenocarcinoma  Small Cell      Squamous        
Y:Adenocarcinoma  35              1               1               
Y:Small Cell      5               1               0               
Y:Squamous        5               1               3               

[dapt] Epoch 9 Summary => TrainLoss: 0.6014, TrainMacroF1: 0.8851, ValMacroF1(patient): 0.5125/0.5653 (cur/roll3)
[dapt] Patient current vs rolling-3: accuracy 0.7500/0.7372, balanced_accuracy 0.4820/0.5567, macro_precision 0.6204/0.6204, macro_recall 0.4820/0.5567, macro_f1 0.5125/0.5653

--- dapt Epoch 10/30 | lr=8.83e-05 ---
[2D] Epoch 10 [50/78] Loss: 0.5972 Time: 5.34s
[2D] Epoch 10 [78/78] Loss: 0.5769 Time: 2.57s
[2D] Train Epoch 10 (slice-level) => Loss: 0.5769, Acc: 0.9065, MacroF1: 0.9063

[2D] Starting validation...
[2D] Val (slice-level, n=786) => Acc: 0.7290, MacroF1: 0.5800
[2D] Val (volume-level, n=101) => Loss: 0.8227, Acc: 0.7822, BalancedAcc: 0.6149, MacroPrecision: 0.6454, MacroRecall: 0.6149, MacroF1: 0.6139
[2D] Val (patient-level, n=52) => Acc: 0.8462, BalancedAcc: 0.6857, MacroPrecision: 0.8583, MacroRecall: 0.6857, MacroF1: 0.7153

[2D] Volume-level Confusion Matrix:
True \ Pred       Adenocarcinoma  Small Cell      Squamous        
Y:Adenocarcinoma  64              2               6               
Y:Small Cell      6               3               3               
Y:Squamous        4               1               12              


[2D] Patient-level Confusion Matrix:
True \ Pred       Adenocarcinoma  Small Cell      Squamous        
Y:Adenocarcinoma  35              0               2               
Y:Small Cell      3               2               1               
Y:Squamous        2               0               7               

[dapt] Epoch 10 Summary => TrainLoss: 0.5769, TrainMacroF1: 0.9063, ValMacroF1(patient): 0.7153/0.6085 (cur/roll3)
[dapt] Patient current vs rolling-3: accuracy 0.8462/0.7821, balanced_accuracy 0.6857/0.5903, macro_precision 0.8583/0.6942, macro_recall 0.6857/0.5903, macro_f1 0.7153/0.6085

--- dapt Epoch 11/30 | lr=8.43e-05 ---
[2D] Epoch 11 [50/78] Loss: 0.5562 Time: 13.05s
[2D] Epoch 11 [78/78] Loss: 0.5421 Time: 7.23s
[2D] Train Epoch 11 (slice-level) => Loss: 0.5421, Acc: 0.9197, MacroF1: 0.9198

[2D] Starting validation...
[2D] Val (slice-level, n=786) => Acc: 0.6921, MacroF1: 0.5549
[2D] Val (volume-level, n=101) => Loss: 0.8267, Acc: 0.7921, BalancedAcc: 0.6808, MacroPrecision: 0.6642, MacroRecall: 0.6808, MacroF1: 0.6720
[2D] Val (patient-level, n=52) => Acc: 0.7885, BalancedAcc: 0.6867, MacroPrecision: 0.6508, MacroRecall: 0.6867, MacroF1: 0.6622

[2D] Volume-level Confusion Matrix:
True \ Pred       Adenocarcinoma  Small Cell      Squamous        
Y:Adenocarcinoma  62              6               4               
Y:Small Cell      6               5               1               
Y:Squamous        2               2               13              


[2D] Patient-level Confusion Matrix:
True \ Pred       Adenocarcinoma  Small Cell      Squamous        
Y:Adenocarcinoma  31              3               3               
Y:Small Cell      3               2               1               
Y:Squamous        1               0               8               

[dapt] Epoch 11 Summary => TrainLoss: 0.5421, TrainMacroF1: 0.9198, ValMacroF1(patient): 0.6622/0.6300 (cur/roll3)
[dapt] Patient current vs rolling-3: accuracy 0.7885/0.7949, balanced_accuracy 0.6867/0.6181, macro_precision 0.6508/0.7098, macro_recall 0.6867/0.6181, macro_f1 0.6622/0.6300

--- dapt Epoch 12/30 | lr=7.99e-05 ---
[2D] Epoch 12 [50/78] Loss: 0.5345 Time: 10.96s
[2D] Epoch 12 [78/78] Loss: 0.5584 Time: 5.11s
[2D] Train Epoch 12 (slice-level) => Loss: 0.5584, Acc: 0.9205, MacroF1: 0.9206

[2D] Starting validation...
[2D] Val (slice-level, n=786) => Acc: 0.6921, MacroF1: 0.5495
[2D] Val (volume-level, n=101) => Loss: 0.8110, Acc: 0.7624, BalancedAcc: 0.6057, MacroPrecision: 0.7032, MacroRecall: 0.6057, MacroF1: 0.6081
[2D] Val (patient-level, n=52) => Acc: 0.7500, BalancedAcc: 0.5941, MacroPrecision: 0.7793, MacroRecall: 0.5941, MacroF1: 0.5774

[2D] Volume-level Confusion Matrix:
True \ Pred       Adenocarcinoma  Small Cell      Squamous        
Y:Adenocarcinoma  62              1               9               
Y:Small Cell      7               3               2               
Y:Squamous        5               0               12              


[2D] Patient-level Confusion Matrix:
True \ Pred       Adenocarcinoma  Small Cell      Squamous        
Y:Adenocarcinoma  31              0               6               
Y:Small Cell      4               1               1               
Y:Squamous        2               0               7               

[dapt] Epoch 12 Summary => TrainLoss: 0.5584, TrainMacroF1: 0.9206, ValMacroF1(patient): 0.5774/0.6516 (cur/roll3)
[dapt] Patient current vs rolling-3: accuracy 0.7500/0.7949, balanced_accuracy 0.5941/0.6555, macro_precision 0.7793/0.7628, macro_recall 0.5941/0.6555, macro_f1 0.5774/0.6516

--- dapt Epoch 13/30 | lr=7.50e-05 ---
[2D] Epoch 13 [50/78] Loss: 0.5357 Time: 8.27s
[2D] Epoch 13 [78/78] Loss: 0.5052 Time: 10.23s
[2D] Train Epoch 13 (slice-level) => Loss: 0.5052, Acc: 0.9383, MacroF1: 0.9382

[2D] Starting validation...
[2D] Val (slice-level, n=786) => Acc: 0.7430, MacroF1: 0.5799
[2D] Val (volume-level, n=101) => Loss: 0.7979, Acc: 0.8218, BalancedAcc: 0.6498, MacroPrecision: 0.7314, MacroRecall: 0.6498, MacroF1: 0.6816
[2D] Val (patient-level, n=52) => Acc: 0.8269, BalancedAcc: 0.6486, MacroPrecision: 0.7369, MacroRecall: 0.6486, MacroF1: 0.6825

[2D] Volume-level Confusion Matrix:
True \ Pred       Adenocarcinoma  Small Cell      Squamous        
Y:Adenocarcinoma  68              3               1               
Y:Small Cell      6               5               1               
Y:Squamous        5               2               10              


[2D] Patient-level Confusion Matrix:
True \ Pred       Adenocarcinoma  Small Cell      Squamous        
Y:Adenocarcinoma  35              1               1               
Y:Small Cell      4               2               0               
Y:Squamous        2               1               6               

[dapt] Epoch 13 Summary => TrainLoss: 0.5052, TrainMacroF1: 0.9382, ValMacroF1(patient): 0.6825/0.6407 (cur/roll3)
[dapt] Patient current vs rolling-3: accuracy 0.8269/0.7885, balanced_accuracy 0.6486/0.6431, macro_precision 0.7369/0.7223, macro_recall 0.6486/0.6431, macro_f1 0.6825/0.6407

--- dapt Epoch 14/30 | lr=6.98e-05 ---
[2D] Epoch 14 [50/78] Loss: 0.4979 Time: 12.73s
[2D] Epoch 14 [78/78] Loss: 0.5073 Time: 5.77s
[2D] Train Epoch 14 (slice-level) => Loss: 0.5073, Acc: 0.9467, MacroF1: 0.9464

[2D] Starting validation...
[2D] Val (slice-level, n=786) => Acc: 0.7366, MacroF1: 0.6158
[2D] Val (volume-level, n=101) => Loss: 0.7875, Acc: 0.8119, BalancedAcc: 0.6751, MacroPrecision: 0.7051, MacroRecall: 0.6751, MacroF1: 0.6817
[2D] Val (patient-level, n=52) => Acc: 0.8269, BalancedAcc: 0.6952, MacroPrecision: 0.8239, MacroRecall: 0.6952, MacroF1: 0.7310

[2D] Volume-level Confusion Matrix:
True \ Pred       Adenocarcinoma  Small Cell      Squamous        
Y:Adenocarcinoma  65              1               6               
Y:Small Cell      5               5               2               
Y:Squamous        3               2               12              


[2D] Patient-level Confusion Matrix:
True \ Pred       Adenocarcinoma  Small Cell      Squamous        
Y:Adenocarcinoma  34              0               3               
Y:Small Cell      2               3               1               
Y:Squamous        3               0               6               

[dapt] Epoch 14 Summary => TrainLoss: 0.5073, TrainMacroF1: 0.9464, ValMacroF1(patient): 0.7310/0.6636 (cur/roll3)
[dapt] Patient current vs rolling-3: accuracy 0.8269/0.8013, balanced_accuracy 0.6952/0.6460, macro_precision 0.8239/0.7800, macro_recall 0.6952/0.6460, macro_f1 0.7310/0.6636

--- dapt Epoch 15/30 | lr=6.43e-05 ---
[2D] Epoch 15 [50/78] Loss: 0.4919 Time: 9.45s
[2D] Epoch 15 [78/78] Loss: 0.4933 Time: 3.75s
[2D] Train Epoch 15 (slice-level) => Loss: 0.4933, Acc: 0.9434, MacroF1: 0.9432

[2D] Starting validation...
[2D] Val (slice-level, n=786) => Acc: 0.7608, MacroF1: 0.6087
[2D] Val (volume-level, n=101) => Loss: 0.7340, Acc: 0.8218, BalancedAcc: 0.6416, MacroPrecision: 0.7383, MacroRecall: 0.6416, MacroF1: 0.6706
[2D] Val (patient-level, n=52) => Acc: 0.8462, BalancedAcc: 0.6762, MacroPrecision: 0.7808, MacroRecall: 0.6762, MacroF1: 0.7160

[2D] Volume-level Confusion Matrix:
True \ Pred       Adenocarcinoma  Small Cell      Squamous        
Y:Adenocarcinoma  68              1               3               
Y:Small Cell      6               4               2               
Y:Squamous        5               1               11              


[2D] Patient-level Confusion Matrix:
True \ Pred       Adenocarcinoma  Small Cell      Squamous        
Y:Adenocarcinoma  36              0               1               
Y:Small Cell      2               3               1               
Y:Squamous        3               1               5               

[dapt] Epoch 15 Summary => TrainLoss: 0.4933, TrainMacroF1: 0.9432, ValMacroF1(patient): 0.7160/0.7098 (cur/roll3)
[dapt] Patient current vs rolling-3: accuracy 0.8462/0.8333, balanced_accuracy 0.6762/0.6733, macro_precision 0.7808/0.7805, macro_recall 0.6762/0.6733, macro_f1 0.7160/0.7098

--- dapt Epoch 16/30 | lr=5.87e-05 ---
[2D] Epoch 16 [50/78] Loss: 0.5276 Time: 7.39s
[2D] Epoch 16 [78/78] Loss: 0.5155 Time: 3.86s
[2D] Train Epoch 16 (slice-level) => Loss: 0.5155, Acc: 0.9405, MacroF1: 0.9405

[2D] Starting validation...
[2D] Val (slice-level, n=786) => Acc: 0.7735, MacroF1: 0.5921
[2D] Val (volume-level, n=101) => Loss: 0.7482, Acc: 0.8119, BalancedAcc: 0.6002, MacroPrecision: 0.8084, MacroRecall: 0.6002, MacroF1: 0.6600
[2D] Val (patient-level, n=52) => Acc: 0.8269, BalancedAcc: 0.6206, MacroPrecision: 0.8838, MacroRecall: 0.6206, MacroF1: 0.6852

[2D] Volume-level Confusion Matrix:
True \ Pred       Adenocarcinoma  Small Cell      Squamous        
Y:Adenocarcinoma  70              0               2               
Y:Small Cell      7               5               0               
Y:Squamous        9               1               7               


[2D] Patient-level Confusion Matrix:
True \ Pred       Adenocarcinoma  Small Cell      Squamous        
Y:Adenocarcinoma  36              0               1               
Y:Small Cell      4               2               0               
Y:Squamous        4               0               5               

[dapt] Epoch 16 Summary => TrainLoss: 0.5155, TrainMacroF1: 0.9405, ValMacroF1(patient): 0.6852/0.7107 (cur/roll3)
[dapt] Patient current vs rolling-3: accuracy 0.8269/0.8333, balanced_accuracy 0.6206/0.6640, macro_precision 0.8838/0.8295, macro_recall 0.6206/0.6640, macro_f1 0.6852/0.7107

--- dapt Epoch 17/30 | lr=5.29e-05 ---
[2D] Epoch 17 [50/78] Loss: 0.5143 Time: 6.56s
[2D] Epoch 17 [78/78] Loss: 0.4997 Time: 3.63s
[2D] Train Epoch 17 (slice-level) => Loss: 0.4997, Acc: 0.9453, MacroF1: 0.9452

[2D] Starting validation...
[2D] Val (slice-level, n=786) => Acc: 0.7417, MacroF1: 0.5646
[2D] Val (volume-level, n=101) => Loss: 0.7490, Acc: 0.7921, BalancedAcc: 0.5678, MacroPrecision: 0.7496, MacroRecall: 0.5678, MacroF1: 0.6182
[2D] Val (patient-level, n=52) => Acc: 0.8269, BalancedAcc: 0.6206, MacroPrecision: 0.8838, MacroRecall: 0.6206, MacroF1: 0.6852

[2D] Volume-level Confusion Matrix:
True \ Pred       Adenocarcinoma  Small Cell      Squamous        
Y:Adenocarcinoma  69              2               1               
Y:Small Cell      8               4               0               
Y:Squamous        9               1               7               


[2D] Patient-level Confusion Matrix:
True \ Pred       Adenocarcinoma  Small Cell      Squamous        
Y:Adenocarcinoma  36              0               1               
Y:Small Cell      4               2               0               
Y:Squamous        4               0               5               

[dapt] Epoch 17 Summary => TrainLoss: 0.4997, TrainMacroF1: 0.9452, ValMacroF1(patient): 0.6852/0.6955 (cur/roll3)
[dapt] Patient current vs rolling-3: accuracy 0.8269/0.8333, balanced_accuracy 0.6206/0.6391, macro_precision 0.8838/0.8495, macro_recall 0.6206/0.6391, macro_f1 0.6852/0.6955

--- dapt Epoch 18/30 | lr=4.71e-05 ---
[2D] Epoch 18 [50/78] Loss: 0.4401 Time: 5.86s
[2D] Epoch 18 [78/78] Loss: 0.4504 Time: 3.32s
[2D] Train Epoch 18 (slice-level) => Loss: 0.4504, Acc: 0.9609, MacroF1: 0.9611

[2D] Starting validation...
[2D] Val (slice-level, n=786) => Acc: 0.7532, MacroF1: 0.5922
[2D] Val (volume-level, n=101) => Loss: 0.7506, Acc: 0.8218, BalancedAcc: 0.6253, MacroPrecision: 0.8369, MacroRecall: 0.6253, MacroF1: 0.6297
[2D] Val (patient-level, n=52) => Acc: 0.8462, BalancedAcc: 0.6391, MacroPrecision: 0.8783, MacroRecall: 0.6391, MacroF1: 0.6583

[2D] Volume-level Confusion Matrix:
True \ Pred       Adenocarcinoma  Small Cell      Squamous        
Y:Adenocarcinoma  68              0               4               
Y:Small Cell      7               2               3               
Y:Squamous        4               0               13              


[2D] Patient-level Confusion Matrix:
True \ Pred       Adenocarcinoma  Small Cell      Squamous        
Y:Adenocarcinoma  36              0               1               
Y:Small Cell      4               1               1               
Y:Squamous        2               0               7               

[dapt] Epoch 18 Summary => TrainLoss: 0.4504, TrainMacroF1: 0.9611, ValMacroF1(patient): 0.6583/0.6762 (cur/roll3)
[dapt] Patient current vs rolling-3: accuracy 0.8462/0.8333, balanced_accuracy 0.6391/0.6268, macro_precision 0.8783/0.8820, macro_recall 0.6391/0.6268, macro_f1 0.6583/0.6762

--- dapt Epoch 19/30 | lr=4.13e-05 ---
[2D] Epoch 19 [50/78] Loss: 0.5172 Time: 5.37s
[2D] Epoch 19 [78/78] Loss: 0.4988 Time: 2.97s
[2D] Train Epoch 19 (slice-level) => Loss: 0.4988, Acc: 0.9469, MacroF1: 0.9469

[2D] Starting validation...
[2D] Val (slice-level, n=786) => Acc: 0.7532, MacroF1: 0.5956
[2D] Val (volume-level, n=101) => Loss: 0.7337, Acc: 0.7921, BalancedAcc: 0.5746, MacroPrecision: 0.7198, MacroRecall: 0.5746, MacroF1: 0.6151
[2D] Val (patient-level, n=52) => Acc: 0.8269, BalancedAcc: 0.6206, MacroPrecision: 0.8838, MacroRecall: 0.6206, MacroF1: 0.6852

[2D] Volume-level Confusion Matrix:
True \ Pred       Adenocarcinoma  Small Cell      Squamous        
Y:Adenocarcinoma  68              1               3               
Y:Small Cell      9               3               0               
Y:Squamous        7               1               9               


[2D] Patient-level Confusion Matrix:
True \ Pred       Adenocarcinoma  Small Cell      Squamous        
Y:Adenocarcinoma  36              0               1               
Y:Small Cell      4               2               0               
Y:Squamous        4               0               5               

[dapt] Epoch 19 Summary => TrainLoss: 0.4988, TrainMacroF1: 0.9469, ValMacroF1(patient): 0.6852/0.6762 (cur/roll3)
[dapt] Patient current vs rolling-3: accuracy 0.8269/0.8333, balanced_accuracy 0.6206/0.6268, macro_precision 0.8838/0.8820, macro_recall 0.6206/0.6268, macro_f1 0.6852/0.6762

--- dapt Epoch 20/30 | lr=3.57e-05 ---
[2D] Epoch 20 [50/78] Loss: 0.5364 Time: 6.35s
[2D] Epoch 20 [78/78] Loss: 0.5225 Time: 2.75s
[2D] Train Epoch 20 (slice-level) => Loss: 0.5225, Acc: 0.9348, MacroF1: 0.9349

[2D] Starting validation...
[2D] Val (slice-level, n=786) => Acc: 0.7532, MacroF1: 0.5977
[2D] Val (volume-level, n=101) => Loss: 0.7407, Acc: 0.8416, BalancedAcc: 0.6890, MacroPrecision: 0.8037, MacroRecall: 0.6890, MacroF1: 0.7227
[2D] Val (patient-level, n=52) => Acc: 0.8462, BalancedAcc: 0.6577, MacroPrecision: 0.8981, MacroRecall: 0.6577, MacroF1: 0.7167

[2D] Volume-level Confusion Matrix:
True \ Pred       Adenocarcinoma  Small Cell      Squamous        
Y:Adenocarcinoma  68              0               4               
Y:Small Cell      6               5               1               
Y:Squamous        4               1               12              


[2D] Patient-level Confusion Matrix:
True \ Pred       Adenocarcinoma  Small Cell      Squamous        
Y:Adenocarcinoma  36              0               1               
Y:Small Cell      4               2               0               
Y:Squamous        3               0               6               

[dapt] Epoch 20 Summary => TrainLoss: 0.5225, TrainMacroF1: 0.9349, ValMacroF1(patient): 0.7167/0.6867 (cur/roll3)
[dapt] Patient current vs rolling-3: accuracy 0.8462/0.8397, balanced_accuracy 0.6577/0.6391, macro_precision 0.8981/0.8868, macro_recall 0.6577/0.6391, macro_f1 0.7167/0.6867

--- dapt Epoch 21/30 | lr=3.02e-05 ---
[2D] Epoch 21 [50/78] Loss: 0.5232 Time: 5.91s
[2D] Epoch 21 [78/78] Loss: 0.5112 Time: 2.58s
[2D] Train Epoch 21 (slice-level) => Loss: 0.5112, Acc: 0.9507, MacroF1: 0.9507

[2D] Starting validation...
[2D] Val (slice-level, n=786) => Acc: 0.7494, MacroF1: 0.5715
[2D] Val (volume-level, n=101) => Loss: 0.7359, Acc: 0.8119, BalancedAcc: 0.6220, MacroPrecision: 0.8445, MacroRecall: 0.6220, MacroF1: 0.6742
[2D] Val (patient-level, n=52) => Acc: 0.8462, BalancedAcc: 0.6577, MacroPrecision: 0.8981, MacroRecall: 0.6577, MacroF1: 0.7167

[2D] Volume-level Confusion Matrix:
True \ Pred       Adenocarcinoma  Small Cell      Squamous        
Y:Adenocarcinoma  68              0               4               
Y:Small Cell      8               4               0               
Y:Squamous        7               0               10              


[2D] Patient-level Confusion Matrix:
True \ Pred       Adenocarcinoma  Small Cell      Squamous        
Y:Adenocarcinoma  36              0               1               
Y:Small Cell      4               2               0               
Y:Squamous        3               0               6               

[dapt] Epoch 21 Summary => TrainLoss: 0.5112, TrainMacroF1: 0.9507, ValMacroF1(patient): 0.7167/0.7062 (cur/roll3)
[dapt] Patient current vs rolling-3: accuracy 0.8462/0.8397, balanced_accuracy 0.6577/0.6453, macro_precision 0.8981/0.8934, macro_recall 0.6577/0.6453, macro_f1 0.7167/0.7062

--- dapt Epoch 22/30 | lr=2.50e-05 ---
[2D] Epoch 22 [50/78] Loss: 0.4550 Time: 6.31s
[2D] Epoch 22 [78/78] Loss: 0.4682 Time: 2.55s
[2D] Train Epoch 22 (slice-level) => Loss: 0.4682, Acc: 0.9620, MacroF1: 0.9619

[2D] Starting validation...
[2D] Val (slice-level, n=786) => Acc: 0.7494, MacroF1: 0.5862
[2D] Val (volume-level, n=101) => Loss: 0.7411, Acc: 0.8317, BalancedAcc: 0.6612, MacroPrecision: 0.8520, MacroRecall: 0.6612, MacroF1: 0.7002
[2D] Val (patient-level, n=52) => Acc: 0.8462, BalancedAcc: 0.6577, MacroPrecision: 0.8690, MacroRecall: 0.6577, MacroF1: 0.7058

[2D] Volume-level Confusion Matrix:
True \ Pred       Adenocarcinoma  Small Cell      Squamous        
Y:Adenocarcinoma  68              0               4               
Y:Small Cell      7               4               1               
Y:Squamous        5               0               12              


[2D] Patient-level Confusion Matrix:
True \ Pred       Adenocarcinoma  Small Cell      Squamous        
Y:Adenocarcinoma  36              0               1               
Y:Small Cell      3               2               1               
Y:Squamous        3               0               6               

[dapt] Epoch 22 Summary => TrainLoss: 0.4682, TrainMacroF1: 0.9619, ValMacroF1(patient): 0.7058/0.7130 (cur/roll3)
[dapt] Patient current vs rolling-3: accuracy 0.8462/0.8462, balanced_accuracy 0.6577/0.6577, macro_precision 0.8690/0.8884, macro_recall 0.6577/0.6577, macro_f1 0.7058/0.7130

--- dapt Epoch 23/30 | lr=2.01e-05 ---
[2D] Epoch 23 [50/78] Loss: 0.4353 Time: 5.60s
[2D] Epoch 23 [78/78] Loss: 0.4409 Time: 3.10s
[2D] Train Epoch 23 (slice-level) => Loss: 0.4409, Acc: 0.9758, MacroF1: 0.9757

[2D] Starting validation...
[2D] Val (slice-level, n=786) => Acc: 0.7735, MacroF1: 0.5974
[2D] Val (volume-level, n=101) => Loss: 0.7235, Acc: 0.8218, BalancedAcc: 0.6185, MacroPrecision: 0.8059, MacroRecall: 0.6185, MacroF1: 0.6643
[2D] Val (patient-level, n=52) => Acc: 0.8462, BalancedAcc: 0.6577, MacroPrecision: 0.8981, MacroRecall: 0.6577, MacroF1: 0.7167

[2D] Volume-level Confusion Matrix:
True \ Pred       Adenocarcinoma  Small Cell      Squamous        
Y:Adenocarcinoma  69              1               2               
Y:Small Cell      9               3               0               
Y:Squamous        6               0               11              


[2D] Patient-level Confusion Matrix:
True \ Pred       Adenocarcinoma  Small Cell      Squamous        
Y:Adenocarcinoma  36              0               1               
Y:Small Cell      4               2               0               
Y:Squamous        3               0               6               

[dapt] Epoch 23 Summary => TrainLoss: 0.4409, TrainMacroF1: 0.9757, ValMacroF1(patient): 0.7167/0.7130 (cur/roll3)
[dapt] Patient current vs rolling-3: accuracy 0.8462/0.8462, balanced_accuracy 0.6577/0.6577, macro_precision 0.8981/0.8884, macro_recall 0.6577/0.6577, macro_f1 0.7167/0.7130

--- dapt Epoch 24/30 | lr=1.57e-05 ---
[2D] Epoch 24 [50/78] Loss: 0.4554 Time: 5.17s
[2D] Epoch 24 [78/78] Loss: 0.4457 Time: 2.71s
[2D] Train Epoch 24 (slice-level) => Loss: 0.4457, Acc: 0.9779, MacroF1: 0.9779

[2D] Starting validation...
[2D] Val (slice-level, n=786) => Acc: 0.7735, MacroF1: 0.6017
[2D] Val (volume-level, n=101) => Loss: 0.7254, Acc: 0.8515, BalancedAcc: 0.6786, MacroPrecision: 0.8798, MacroRecall: 0.6786, MacroF1: 0.7357
[2D] Val (patient-level, n=52) => Acc: 0.8462, BalancedAcc: 0.6577, MacroPrecision: 0.8981, MacroRecall: 0.6577, MacroF1: 0.7167

[2D] Volume-level Confusion Matrix:
True \ Pred       Adenocarcinoma  Small Cell      Squamous        
Y:Adenocarcinoma  70              0               2               
Y:Small Cell      6               5               1               
Y:Squamous        6               0               11              


[2D] Patient-level Confusion Matrix:
True \ Pred       Adenocarcinoma  Small Cell      Squamous        
Y:Adenocarcinoma  36              0               1               
Y:Small Cell      4               2               0               
Y:Squamous        3               0               6               

[dapt] Epoch 24 Summary => TrainLoss: 0.4457, TrainMacroF1: 0.9779, ValMacroF1(patient): 0.7167/0.7130 (cur/roll3)
[dapt] Patient current vs rolling-3: accuracy 0.8462/0.8462, balanced_accuracy 0.6577/0.6577, macro_precision 0.8981/0.8884, macro_recall 0.6577/0.6577, macro_f1 0.7167/0.7130

--- dapt Epoch 25/30 | lr=1.17e-05 ---
[2D] Epoch 25 [50/78] Loss: 0.4564 Time: 6.38s
[2D] Epoch 25 [78/78] Loss: 0.4616 Time: 2.86s
[2D] Train Epoch 25 (slice-level) => Loss: 0.4616, Acc: 0.9661, MacroF1: 0.9660

[2D] Starting validation...
[2D] Val (slice-level, n=786) => Acc: 0.7774, MacroF1: 0.6106
[2D] Val (volume-level, n=101) => Loss: 0.7210, Acc: 0.8218, BalancedAcc: 0.6348, MacroPrecision: 0.7879, MacroRecall: 0.6348, MacroF1: 0.6865
[2D] Val (patient-level, n=52) => Acc: 0.8462, BalancedAcc: 0.6577, MacroPrecision: 0.8981, MacroRecall: 0.6577, MacroF1: 0.7167

[2D] Volume-level Confusion Matrix:
True \ Pred       Adenocarcinoma  Small Cell      Squamous        
Y:Adenocarcinoma  69              1               2               
Y:Small Cell      7               5               0               
Y:Squamous        7               1               9               


[2D] Patient-level Confusion Matrix:
True \ Pred       Adenocarcinoma  Small Cell      Squamous        
Y:Adenocarcinoma  36              0               1               
Y:Small Cell      4               2               0               
Y:Squamous        3               0               6               

[dapt] Epoch 25 Summary => TrainLoss: 0.4616, TrainMacroF1: 0.9660, ValMacroF1(patient): 0.7167/0.7167 (cur/roll3)
[dapt] Patient current vs rolling-3: accuracy 0.8462/0.8462, balanced_accuracy 0.6577/0.6577, macro_precision 0.8981/0.8981, macro_recall 0.6577/0.6577, macro_f1 0.7167/0.7167

--- dapt Epoch 26/30 | lr=8.23e-06 ---
[2D] Epoch 26 [50/78] Loss: 0.4887 Time: 5.50s
[2D] Epoch 26 [78/78] Loss: 0.4645 Time: 3.00s
[2D] Train Epoch 26 (slice-level) => Loss: 0.4645, Acc: 0.9720, MacroF1: 0.9720

[2D] Starting validation...
[2D] Val (slice-level, n=786) => Acc: 0.7710, MacroF1: 0.5884
[2D] Val (volume-level, n=101) => Loss: 0.7296, Acc: 0.8218, BalancedAcc: 0.6117, MacroPrecision: 0.8774, MacroRecall: 0.6117, MacroF1: 0.6763
[2D] Val (patient-level, n=52) => Acc: 0.8462, BalancedAcc: 0.6577, MacroPrecision: 0.8981, MacroRecall: 0.6577, MacroF1: 0.7167

[2D] Volume-level Confusion Matrix:
True \ Pred       Adenocarcinoma  Small Cell      Squamous        
Y:Adenocarcinoma  70              0               2               
Y:Small Cell      8               4               0               
Y:Squamous        8               0               9               


[2D] Patient-level Confusion Matrix:
True \ Pred       Adenocarcinoma  Small Cell      Squamous        
Y:Adenocarcinoma  36              0               1               
Y:Small Cell      4               2               0               
Y:Squamous        3               0               6               

[dapt] Epoch 26 Summary => TrainLoss: 0.4645, TrainMacroF1: 0.9720, ValMacroF1(patient): 0.7167/0.7167 (cur/roll3)
[dapt] Patient current vs rolling-3: accuracy 0.8462/0.8462, balanced_accuracy 0.6577/0.6577, macro_precision 0.8981/0.8981, macro_recall 0.6577/0.6577, macro_f1 0.7167/0.7167

--- dapt Epoch 27/30 | lr=5.32e-06 ---
[2D] Epoch 27 [50/78] Loss: 0.5134 Time: 5.05s
[2D] Epoch 27 [78/78] Loss: 0.5024 Time: 2.48s
[2D] Train Epoch 27 (slice-level) => Loss: 0.5024, Acc: 0.9539, MacroF1: 0.9541

[2D] Starting validation...
[2D] Val (slice-level, n=786) => Acc: 0.7735, MacroF1: 0.6016
[2D] Val (volume-level, n=101) => Loss: 0.7238, Acc: 0.8317, BalancedAcc: 0.6612, MacroPrecision: 0.8000, MacroRecall: 0.6612, MacroF1: 0.6975
[2D] Val (patient-level, n=52) => Acc: 0.8462, BalancedAcc: 0.6577, MacroPrecision: 0.8981, MacroRecall: 0.6577, MacroF1: 0.7167

[2D] Volume-level Confusion Matrix:
True \ Pred       Adenocarcinoma  Small Cell      Squamous        
Y:Adenocarcinoma  68              1               3               
Y:Small Cell      7               4               1               
Y:Squamous        5               0               12              


[2D] Patient-level Confusion Matrix:
True \ Pred       Adenocarcinoma  Small Cell      Squamous        
Y:Adenocarcinoma  36              0               1               
Y:Small Cell      4               2               0               
Y:Squamous        3               0               6               

[dapt] Epoch 27 Summary => TrainLoss: 0.5024, TrainMacroF1: 0.9541, ValMacroF1(patient): 0.7167/0.7167 (cur/roll3)
[dapt] Patient current vs rolling-3: accuracy 0.8462/0.8462, balanced_accuracy 0.6577/0.6577, macro_precision 0.8981/0.8981, macro_recall 0.6577/0.6577, macro_f1 0.7167/0.7167

--- dapt Epoch 28/30 | lr=3.02e-06 ---
[2D] Epoch 28 [50/78] Loss: 0.4901 Time: 6.04s
[2D] Epoch 28 [78/78] Loss: 0.5002 Time: 2.76s
[2D] Train Epoch 28 (slice-level) => Loss: 0.5002, Acc: 0.9609, MacroF1: 0.9608

[2D] Starting validation...
[2D] Val (slice-level, n=786) => Acc: 0.7659, MacroF1: 0.6003
[2D] Val (volume-level, n=101) => Loss: 0.7214, Acc: 0.8218, BalancedAcc: 0.6498, MacroPrecision: 0.8106, MacroRecall: 0.6498, MacroF1: 0.7018
[2D] Val (patient-level, n=52) => Acc: 0.8462, BalancedAcc: 0.6577, MacroPrecision: 0.8981, MacroRecall: 0.6577, MacroF1: 0.7167

[2D] Volume-level Confusion Matrix:
True \ Pred       Adenocarcinoma  Small Cell      Squamous        
Y:Adenocarcinoma  68              1               3               
Y:Small Cell      7               5               0               
Y:Squamous        7               0               10              


[2D] Patient-level Confusion Matrix:
True \ Pred       Adenocarcinoma  Small Cell      Squamous        
Y:Adenocarcinoma  36              0               1               
Y:Small Cell      4               2               0               
Y:Squamous        3               0               6               

[dapt] Epoch 28 Summary => TrainLoss: 0.5002, TrainMacroF1: 0.9608, ValMacroF1(patient): 0.7167/0.7167 (cur/roll3)
[dapt] Patient current vs rolling-3: accuracy 0.8462/0.8462, balanced_accuracy 0.6577/0.6577, macro_precision 0.8981/0.8981, macro_recall 0.6577/0.6577, macro_f1 0.7167/0.7167

--- dapt Epoch 29/30 | lr=1.35e-06 ---
[2D] Epoch 29 [50/78] Loss: 0.4929 Time: 4.84s
[2D] Epoch 29 [78/78] Loss: 0.4889 Time: 2.46s
[2D] Train Epoch 29 (slice-level) => Loss: 0.4889, Acc: 0.9529, MacroF1: 0.9529

[2D] Starting validation...
[2D] Val (slice-level, n=786) => Acc: 0.7684, MacroF1: 0.5878
[2D] Val (volume-level, n=101) => Loss: 0.7261, Acc: 0.8119, BalancedAcc: 0.6070, MacroPrecision: 0.8100, MacroRecall: 0.6070, MacroF1: 0.6641
[2D] Val (patient-level, n=52) => Acc: 0.8269, BalancedAcc: 0.6206, MacroPrecision: 0.8838, MacroRecall: 0.6206, MacroF1: 0.6852

[2D] Volume-level Confusion Matrix:
True \ Pred       Adenocarcinoma  Small Cell      Squamous        
Y:Adenocarcinoma  69              1               2               
Y:Small Cell      8               4               0               
Y:Squamous        8               0               9               


[2D] Patient-level Confusion Matrix:
True \ Pred       Adenocarcinoma  Small Cell      Squamous        
Y:Adenocarcinoma  36              0               1               
Y:Small Cell      4               2               0               
Y:Squamous        4               0               5               

[dapt] Epoch 29 Summary => TrainLoss: 0.4889, TrainMacroF1: 0.9529, ValMacroF1(patient): 0.6852/0.7062 (cur/roll3)
[dapt] Patient current vs rolling-3: accuracy 0.8269/0.8397, balanced_accuracy 0.6206/0.6453, macro_precision 0.8838/0.8934, macro_recall 0.6206/0.6453, macro_f1 0.6852/0.7062

--- dapt Epoch 30/30 | lr=3.38e-07 ---
[2D] Epoch 30 [50/78] Loss: 0.4596 Time: 6.11s
[2D] Epoch 30 [78/78] Loss: 0.4324 Time: 3.31s
[2D] Train Epoch 30 (slice-level) => Loss: 0.4324, Acc: 0.9650, MacroF1: 0.9649

[2D] Starting validation...
[2D] Val (slice-level, n=786) => Acc: 0.7723, MacroF1: 0.5728
[2D] Val (volume-level, n=101) => Loss: 0.7510, Acc: 0.8218, BalancedAcc: 0.5885, MacroPrecision: 0.9023, MacroRecall: 0.5885, MacroF1: 0.6514
[2D] Val (patient-level, n=52) => Acc: 0.8269, BalancedAcc: 0.6206, MacroPrecision: 0.8838, MacroRecall: 0.6206, MacroF1: 0.6852

[2D] Volume-level Confusion Matrix:
True \ Pred       Adenocarcinoma  Small Cell      Squamous        
Y:Adenocarcinoma  71              0               1               
Y:Small Cell      9               3               0               
Y:Squamous        8               0               9               


[2D] Patient-level Confusion Matrix:
True \ Pred       Adenocarcinoma  Small Cell      Squamous        
Y:Adenocarcinoma  36              0               1               
Y:Small Cell      4               2               0               
Y:Squamous        4               0               5               

[dapt] Epoch 30 Summary => TrainLoss: 0.4324, TrainMacroF1: 0.9649, ValMacroF1(patient): 0.6852/0.6957 (cur/roll3)
[dapt] Patient current vs rolling-3: accuracy 0.8269/0.8333, balanced_accuracy 0.6206/0.6330, macro_precision 0.8838/0.8886, macro_recall 0.6206/0.6330, macro_f1 0.6852/0.6957

[2D] Starting validation...
/home/hansstem/anaconda3/envs/sclc/lib/python3.12/site-packages/monai/utils/deprecate_utils.py:321: FutureWarning: monai.transforms.spatial.dictionary Orientationd.__init__:labels: Current default value of argument `labels=(('L', 'R'), ('P', 'A'), ('I', 'S'))` was changed in version None from `labels=(('L', 'R'), ('P', 'A'), ('I', 'S'))` to `labels=None`. Default value changed to None meaning that the transform now uses the 'space' of a meta-tensor, if applicable, to determine appropriate axis labels.
  warn_deprecated(argname, msg, warning_category)
[2D] Val (slice-level, n=834) => Acc: 0.6535, MacroF1: 0.5105
[2D] Val (volume-level, n=106) => Loss: 0.8678, Acc: 0.6887, BalancedAcc: 0.5692, MacroPrecision: 0.5427, MacroRecall: 0.5692, MacroF1: 0.5408
[2D] Val (patient-level, n=53) => Acc: 0.7358, BalancedAcc: 0.7086, MacroPrecision: 0.6622, MacroRecall: 0.7086, MacroF1: 0.6509

[2D] Volume-level Confusion Matrix:
True \ Pred       Adenocarcinoma  Small Cell      Squamous        
Y:Adenocarcinoma  58              5               13              
Y:Small Cell      0               4               8               
Y:Squamous        5               2               11              


[2D] Patient-level Confusion Matrix:
True \ Pred       Adenocarcinoma  Small Cell      Squamous        
Y:Adenocarcinoma  28              2               8               
Y:Small Cell      0               3               3               
Y:Squamous        1               0               8               

Warning: Unknown morphological group 'Non-small cell carcinoma' for patient patient_020843 — skipping
[3D big_lunge] Excluding 3 truncated-lung-mask patients: ['patient_022269', 'patient_057069', 'patient_091821']
Found 302 patients with labels.
Split 'train': 211 patients.
  211 images, class distribution: {2: 71, 0: 73, 1: 67}
Split 'val': 45 patients.
  45 images, class distribution: {0: 16, 2: 15, 1: 14}
Split 'test': 46 patients.
  46 images, class distribution: {1: 14, 2: 16, 0: 16}
[2D big_lunge train] 1510 slices from 196 volumes / 196 patients (dropped: no_mask=3, no_tumor_slices=12), classes={2: 529, 0: 500, 1: 481}
[2D big_lunge val] 322 slices from 41 volumes / 41 patients (dropped: no_mask=1, no_tumor_slices=3), classes={0: 120, 2: 98, 1: 104}
[2D big_lunge test] 332 slices from 43 volumes / 43 patients (dropped: no_mask=0, no_tumor_slices=3), classes={1: 99, 2: 118, 0: 115}
[2D big_lunge] dropped-patient inventory -> /home/hansstem/.cache/monai_biglunge_2d/img224_crop96_mp1/dropped_patients.json
[2D] PersistentDataset cache_dir='/home/hansstem/.cache/monai_biglunge_2d/img224_crop96_mp1/train'
[2D] PersistentDataset cache_dir='/home/hansstem/.cache/monai_biglunge_2d/img224_crop96_mp1/val'
[2D] PersistentDataset cache_dir='/home/hansstem/.cache/monai_biglunge_2d/img224_crop96_mp1/test'
[WRS big_lunge] counts {0=500, 1=481, 2=529} | oversample_factor=1.10 (max_weight/min_weight)
[big_lunge] Train class distribution: {2: 529, 0: 500, 1: 481}

--- finetune Epoch 1/40 | lr(backbone/head)=3.00e-06/3.00e-05 ---
[2D] Epoch 1 [32/32] Loss: 1.4010 Time: 14.05s
[2D] Train Epoch 1 (slice-level) => Loss: 1.4010, Acc: 0.3682, MacroF1: 0.3674

[2D] Starting validation...
[2D] Val (slice-level, n=322) => Acc: 0.3820, MacroF1: 0.3803
[2D] Val (volume-level, n=41) => Loss: 1.3598, Acc: 0.3902, BalancedAcc: 0.3863, MacroPrecision: 0.4289, MacroRecall: 0.3863, MacroF1: 0.3965
[2D] Val (patient-level, n=41) => Acc: 0.3902, BalancedAcc: 0.3863, MacroPrecision: 0.4289, MacroRecall: 0.3863, MacroF1: 0.3965

[2D] Volume-level Confusion Matrix:
True \ Pred       Adenocarcinoma  Small Cell      Squamous        
Y:Adenocarcinoma  7               1               7               
Y:Small Cell      3               5               5               
Y:Squamous        7               2               4               


[2D] Patient-level Confusion Matrix:
True \ Pred       Adenocarcinoma  Small Cell      Squamous        
Y:Adenocarcinoma  7               1               7               
Y:Small Cell      3               5               5               
Y:Squamous        7               2               4               

[finetune] Epoch 1 Summary => TrainLoss: 1.4010, TrainMacroF1: 0.3674, ValMacroF1(patient): 0.3965/0.3965 (cur/roll3)
[finetune] Patient current vs rolling-3: accuracy 0.3902/0.3902, balanced_accuracy 0.3863/0.3863, macro_precision 0.4289/0.4289, macro_recall 0.3863/0.3863, macro_f1 0.3965/0.3965

--- finetune Epoch 2/40 | lr(backbone/head)=3.00e-06/3.00e-05 ---
[2D] Epoch 2 [32/32] Loss: 1.3559 Time: 7.91s
[2D] Train Epoch 2 (slice-level) => Loss: 1.3559, Acc: 0.3775, MacroF1: 0.3780

[2D] Starting validation...
[2D] Val (slice-level, n=322) => Acc: 0.3944, MacroF1: 0.3925
[2D] Val (volume-level, n=41) => Loss: 1.3086, Acc: 0.4146, BalancedAcc: 0.4120, MacroPrecision: 0.4522, MacroRecall: 0.4120, MacroF1: 0.4204
[2D] Val (patient-level, n=41) => Acc: 0.4146, BalancedAcc: 0.4120, MacroPrecision: 0.4522, MacroRecall: 0.4120, MacroF1: 0.4204

[2D] Volume-level Confusion Matrix:
True \ Pred       Adenocarcinoma  Small Cell      Squamous        
Y:Adenocarcinoma  7               1               7               
Y:Small Cell      3               5               5               
Y:Squamous        6               2               5               


[2D] Patient-level Confusion Matrix:
True \ Pred       Adenocarcinoma  Small Cell      Squamous        
Y:Adenocarcinoma  7               1               7               
Y:Small Cell      3               5               5               
Y:Squamous        6               2               5               

[finetune] Epoch 2 Summary => TrainLoss: 1.3559, TrainMacroF1: 0.3780, ValMacroF1(patient): 0.4204/0.4084 (cur/roll3)
[finetune] Patient current vs rolling-3: accuracy 0.4146/0.4024, balanced_accuracy 0.4120/0.3991, macro_precision 0.4522/0.4406, macro_recall 0.4120/0.3991, macro_f1 0.4204/0.4084

--- finetune Epoch 3/40 | lr(backbone/head)=2.98e-06/2.98e-05 ---
[2D] Epoch 3 [32/32] Loss: 1.3328 Time: 5.08s
[2D] Train Epoch 3 (slice-level) => Loss: 1.3328, Acc: 0.3457, MacroF1: 0.3452

[2D] Starting validation...
[2D] Val (slice-level, n=322) => Acc: 0.3944, MacroF1: 0.3935
[2D] Val (volume-level, n=41) => Loss: 1.2693, Acc: 0.4146, BalancedAcc: 0.4120, MacroPrecision: 0.4352, MacroRecall: 0.4120, MacroF1: 0.4170
[2D] Val (patient-level, n=41) => Acc: 0.4146, BalancedAcc: 0.4120, MacroPrecision: 0.4352, MacroRecall: 0.4120, MacroF1: 0.4170

[2D] Volume-level Confusion Matrix:
True \ Pred       Adenocarcinoma  Small Cell      Squamous        
Y:Adenocarcinoma  7               2               6               
Y:Small Cell      3               5               5               
Y:Squamous        6               2               5               


[2D] Patient-level Confusion Matrix:
True \ Pred       Adenocarcinoma  Small Cell      Squamous        
Y:Adenocarcinoma  7               2               6               
Y:Small Cell      3               5               5               
Y:Squamous        6               2               5               

[finetune] Epoch 3 Summary => TrainLoss: 1.3328, TrainMacroF1: 0.3452, ValMacroF1(patient): 0.4170/0.4113 (cur/roll3)
[finetune] Patient current vs rolling-3: accuracy 0.4146/0.4065, balanced_accuracy 0.4120/0.4034, macro_precision 0.4352/0.4388, macro_recall 0.4120/0.4034, macro_f1 0.4170/0.4113

--- finetune Epoch 4/40 | lr(backbone/head)=2.96e-06/2.96e-05 ---
[2D] Epoch 4 [32/32] Loss: 1.2590 Time: 4.56s
[2D] Train Epoch 4 (slice-level) => Loss: 1.2590, Acc: 0.3940, MacroF1: 0.3926

[2D] Starting validation...
[2D] Val (slice-level, n=322) => Acc: 0.3882, MacroF1: 0.3887
[2D] Val (volume-level, n=41) => Loss: 1.2590, Acc: 0.4390, BalancedAcc: 0.4376, MacroPrecision: 0.4584, MacroRecall: 0.4376, MacroF1: 0.4404
[2D] Val (patient-level, n=41) => Acc: 0.4390, BalancedAcc: 0.4376, MacroPrecision: 0.4584, MacroRecall: 0.4376, MacroF1: 0.4404

[2D] Volume-level Confusion Matrix:
True \ Pred       Adenocarcinoma  Small Cell      Squamous        
Y:Adenocarcinoma  7               2               6               
Y:Small Cell      3               5               5               
Y:Squamous        5               2               6               


[2D] Patient-level Confusion Matrix:
True \ Pred       Adenocarcinoma  Small Cell      Squamous        
Y:Adenocarcinoma  7               2               6               
Y:Small Cell      3               5               5               
Y:Squamous        5               2               6               

[finetune] Epoch 4 Summary => TrainLoss: 1.2590, TrainMacroF1: 0.3926, ValMacroF1(patient): 0.4404/0.4259 (cur/roll3)
[finetune] Patient current vs rolling-3: accuracy 0.4390/0.4228, balanced_accuracy 0.4376/0.4205, macro_precision 0.4584/0.4486, macro_recall 0.4376/0.4205, macro_f1 0.4404/0.4259

--- finetune Epoch 5/40 | lr(backbone/head)=2.93e-06/2.93e-05 ---
[2D] Epoch 5 [32/32] Loss: 1.2385 Time: 3.95s
[2D] Train Epoch 5 (slice-level) => Loss: 1.2385, Acc: 0.3828, MacroF1: 0.3817

[2D] Starting validation...
[2D] Val (slice-level, n=322) => Acc: 0.3727, MacroF1: 0.3721
[2D] Val (volume-level, n=41) => Loss: 1.2426, Acc: 0.3902, BalancedAcc: 0.3863, MacroPrecision: 0.4105, MacroRecall: 0.3863, MacroF1: 0.3886
[2D] Val (patient-level, n=41) => Acc: 0.3902, BalancedAcc: 0.3863, MacroPrecision: 0.4105, MacroRecall: 0.3863, MacroF1: 0.3886

[2D] Volume-level Confusion Matrix:
True \ Pred       Adenocarcinoma  Small Cell      Squamous        
Y:Adenocarcinoma  7               2               6               
Y:Small Cell      3               4               6               
Y:Squamous        6               2               5               


[2D] Patient-level Confusion Matrix:
True \ Pred       Adenocarcinoma  Small Cell      Squamous        
Y:Adenocarcinoma  7               2               6               
Y:Small Cell      3               4               6               
Y:Squamous        6               2               5               

[finetune] Epoch 5 Summary => TrainLoss: 1.2385, TrainMacroF1: 0.3817, ValMacroF1(patient): 0.3886/0.4153 (cur/roll3)
[finetune] Patient current vs rolling-3: accuracy 0.3902/0.4146, balanced_accuracy 0.3863/0.4120, macro_precision 0.4105/0.4347, macro_recall 0.3863/0.4120, macro_f1 0.3886/0.4153

--- finetune Epoch 6/40 | lr(backbone/head)=2.89e-06/2.89e-05 ---
[2D] Epoch 6 [32/32] Loss: 1.2499 Time: 4.69s
[2D] Train Epoch 6 (slice-level) => Loss: 1.2499, Acc: 0.3609, MacroF1: 0.3610

[2D] Starting validation...
[2D] Val (slice-level, n=322) => Acc: 0.3851, MacroF1: 0.3850
[2D] Val (volume-level, n=41) => Loss: 1.2124, Acc: 0.4146, BalancedAcc: 0.4120, MacroPrecision: 0.4352, MacroRecall: 0.4120, MacroF1: 0.4170
[2D] Val (patient-level, n=41) => Acc: 0.4146, BalancedAcc: 0.4120, MacroPrecision: 0.4352, MacroRecall: 0.4120, MacroF1: 0.4170

[2D] Volume-level Confusion Matrix:
True \ Pred       Adenocarcinoma  Small Cell      Squamous        
Y:Adenocarcinoma  7               2               6               
Y:Small Cell      3               5               5               
Y:Squamous        6               2               5               


[2D] Patient-level Confusion Matrix:
True \ Pred       Adenocarcinoma  Small Cell      Squamous        
Y:Adenocarcinoma  7               2               6               
Y:Small Cell      3               5               5               
Y:Squamous        6               2               5               

[finetune] Epoch 6 Summary => TrainLoss: 1.2499, TrainMacroF1: 0.3610, ValMacroF1(patient): 0.4170/0.4153 (cur/roll3)
[finetune] Patient current vs rolling-3: accuracy 0.4146/0.4146, balanced_accuracy 0.4120/0.4120, macro_precision 0.4352/0.4347, macro_recall 0.4120/0.4120, macro_f1 0.4170/0.4153

--- finetune Epoch 7/40 | lr(backbone/head)=2.84e-06/2.84e-05 ---
[2D] Epoch 7 [32/32] Loss: 1.2046 Time: 3.51s
[2D] Train Epoch 7 (slice-level) => Loss: 1.2046, Acc: 0.3874, MacroF1: 0.3866

[2D] Starting validation...
[2D] Val (slice-level, n=322) => Acc: 0.3851, MacroF1: 0.3843
[2D] Val (volume-level, n=41) => Loss: 1.2010, Acc: 0.3902, BalancedAcc: 0.3863, MacroPrecision: 0.4113, MacroRecall: 0.3863, MacroF1: 0.3926
[2D] Val (patient-level, n=41) => Acc: 0.3902, BalancedAcc: 0.3863, MacroPrecision: 0.4113, MacroRecall: 0.3863, MacroF1: 0.3926

[2D] Volume-level Confusion Matrix:
True \ Pred       Adenocarcinoma  Small Cell      Squamous        
Y:Adenocarcinoma  7               2               6               
Y:Small Cell      3               5               5               
Y:Squamous        7               2               4               


[2D] Patient-level Confusion Matrix:
True \ Pred       Adenocarcinoma  Small Cell      Squamous        
Y:Adenocarcinoma  7               2               6               
Y:Small Cell      3               5               5               
Y:Squamous        7               2               4               

[finetune] Epoch 7 Summary => TrainLoss: 1.2046, TrainMacroF1: 0.3866, ValMacroF1(patient): 0.3926/0.3994 (cur/roll3)
[finetune] Patient current vs rolling-3: accuracy 0.3902/0.3984, balanced_accuracy 0.3863/0.3949, macro_precision 0.4113/0.4190, macro_recall 0.3863/0.3949, macro_f1 0.3926/0.3994

--- finetune Epoch 8/40 | lr(backbone/head)=2.78e-06/2.78e-05 ---
[2D] Epoch 8 [32/32] Loss: 1.1765 Time: 4.07s
[2D] Train Epoch 8 (slice-level) => Loss: 1.1765, Acc: 0.3775, MacroF1: 0.3775

[2D] Starting validation...
[2D] Val (slice-level, n=322) => Acc: 0.3789, MacroF1: 0.3785
[2D] Val (volume-level, n=41) => Loss: 1.1923, Acc: 0.3415, BalancedAcc: 0.3385, MacroPrecision: 0.3547, MacroRecall: 0.3385, MacroF1: 0.3415
[2D] Val (patient-level, n=41) => Acc: 0.3415, BalancedAcc: 0.3385, MacroPrecision: 0.3547, MacroRecall: 0.3385, MacroF1: 0.3415

[2D] Volume-level Confusion Matrix:
True \ Pred       Adenocarcinoma  Small Cell      Squamous        
Y:Adenocarcinoma  6               3               6               
Y:Small Cell      4               4               5               
Y:Squamous        7               2               4               


[2D] Patient-level Confusion Matrix:
True \ Pred       Adenocarcinoma  Small Cell      Squamous        
Y:Adenocarcinoma  6               3               6               
Y:Small Cell      4               4               5               
Y:Squamous        7               2               4               

[finetune] Epoch 8 Summary => TrainLoss: 1.1765, TrainMacroF1: 0.3775, ValMacroF1(patient): 0.3415/0.3837 (cur/roll3)
[finetune] Patient current vs rolling-3: accuracy 0.3415/0.3821, balanced_accuracy 0.3385/0.3789, macro_precision 0.3547/0.4004, macro_recall 0.3385/0.3789, macro_f1 0.3415/0.3837

--- finetune Epoch 9/40 | lr(backbone/head)=2.71e-06/2.71e-05 ---
[2D] Epoch 9 [32/32] Loss: 1.1638 Time: 3.43s
[2D] Train Epoch 9 (slice-level) => Loss: 1.1638, Acc: 0.3974, MacroF1: 0.3977

[2D] Starting validation...
[2D] Val (slice-level, n=322) => Acc: 0.3758, MacroF1: 0.3762
[2D] Val (volume-level, n=41) => Loss: 1.1828, Acc: 0.3171, BalancedAcc: 0.3128, MacroPrecision: 0.3224, MacroRecall: 0.3128, MacroF1: 0.3150
[2D] Val (patient-level, n=41) => Acc: 0.3171, BalancedAcc: 0.3128, MacroPrecision: 0.3224, MacroRecall: 0.3128, MacroF1: 0.3150

[2D] Volume-level Confusion Matrix:
True \ Pred       Adenocarcinoma  Small Cell      Squamous        
Y:Adenocarcinoma  6               3               6               
Y:Small Cell      4               4               5               
Y:Squamous        7               3               3               


[2D] Patient-level Confusion Matrix:
True \ Pred       Adenocarcinoma  Small Cell      Squamous        
Y:Adenocarcinoma  6               3               6               
Y:Small Cell      4               4               5               
Y:Squamous        7               3               3               

[finetune] Epoch 9 Summary => TrainLoss: 1.1638, TrainMacroF1: 0.3977, ValMacroF1(patient): 0.3150/0.3497 (cur/roll3)
[finetune] Patient current vs rolling-3: accuracy 0.3171/0.3496, balanced_accuracy 0.3128/0.3459, macro_precision 0.3224/0.3628, macro_recall 0.3128/0.3459, macro_f1 0.3150/0.3497

--- finetune Epoch 10/40 | lr(backbone/head)=2.64e-06/2.64e-05 ---
[2D] Epoch 10 [32/32] Loss: 1.1603 Time: 3.41s
[2D] Train Epoch 10 (slice-level) => Loss: 1.1603, Acc: 0.3894, MacroF1: 0.3896

[2D] Starting validation...
[2D] Val (slice-level, n=322) => Acc: 0.3727, MacroF1: 0.3735
[2D] Val (volume-level, n=41) => Loss: 1.1724, Acc: 0.3415, BalancedAcc: 0.3385, MacroPrecision: 0.3479, MacroRecall: 0.3385, MacroF1: 0.3420
[2D] Val (patient-level, n=41) => Acc: 0.3415, BalancedAcc: 0.3385, MacroPrecision: 0.3479, MacroRecall: 0.3385, MacroF1: 0.3420

[2D] Volume-level Confusion Matrix:
True \ Pred       Adenocarcinoma  Small Cell      Squamous        
Y:Adenocarcinoma  6               3               6               
Y:Small Cell      3               5               5               
Y:Squamous        7               3               3               


[2D] Patient-level Confusion Matrix:
True \ Pred       Adenocarcinoma  Small Cell      Squamous        
Y:Adenocarcinoma  6               3               6               
Y:Small Cell      3               5               5               
Y:Squamous        7               3               3               

[finetune] Epoch 10 Summary => TrainLoss: 1.1603, TrainMacroF1: 0.3896, ValMacroF1(patient): 0.3420/0.3328 (cur/roll3)
[finetune] Patient current vs rolling-3: accuracy 0.3415/0.3333, balanced_accuracy 0.3385/0.3299, macro_precision 0.3479/0.3417, macro_recall 0.3385/0.3299, macro_f1 0.3420/0.3328

--- finetune Epoch 11/40 | lr(backbone/head)=2.56e-06/2.56e-05 ---
[2D] Epoch 11 [32/32] Loss: 1.1295 Time: 4.55s
[2D] Train Epoch 11 (slice-level) => Loss: 1.1295, Acc: 0.4093, MacroF1: 0.4095

[2D] Starting validation...
[2D] Val (slice-level, n=322) => Acc: 0.3727, MacroF1: 0.3725
[2D] Val (volume-level, n=41) => Loss: 1.1643, Acc: 0.3902, BalancedAcc: 0.3829, MacroPrecision: 0.3904, MacroRecall: 0.3829, MacroF1: 0.3818
[2D] Val (patient-level, n=41) => Acc: 0.3902, BalancedAcc: 0.3829, MacroPrecision: 0.3904, MacroRecall: 0.3829, MacroF1: 0.3818

[2D] Volume-level Confusion Matrix:
True \ Pred       Adenocarcinoma  Small Cell      Squamous        
Y:Adenocarcinoma  8               2               5               
Y:Small Cell      4               5               4               
Y:Squamous        7               3               3               


[2D] Patient-level Confusion Matrix:
True \ Pred       Adenocarcinoma  Small Cell      Squamous        
Y:Adenocarcinoma  8               2               5               
Y:Small Cell      4               5               4               
Y:Squamous        7               3               3               

[finetune] Epoch 11 Summary => TrainLoss: 1.1295, TrainMacroF1: 0.4095, ValMacroF1(patient): 0.3818/0.3463 (cur/roll3)
[finetune] Patient current vs rolling-3: accuracy 0.3902/0.3496, balanced_accuracy 0.3829/0.3447, macro_precision 0.3904/0.3536, macro_recall 0.3829/0.3447, macro_f1 0.3818/0.3463

--- finetune Epoch 12/40 | lr(backbone/head)=2.47e-06/2.47e-05 ---
[2D] Epoch 12 [32/32] Loss: 1.1211 Time: 3.40s
[2D] Train Epoch 12 (slice-level) => Loss: 1.1211, Acc: 0.4152, MacroF1: 0.4140

[2D] Starting validation...
[2D] Val (slice-level, n=322) => Acc: 0.3696, MacroF1: 0.3701
[2D] Val (volume-level, n=41) => Loss: 1.1628, Acc: 0.3415, BalancedAcc: 0.3385, MacroPrecision: 0.3437, MacroRecall: 0.3385, MacroF1: 0.3407
[2D] Val (patient-level, n=41) => Acc: 0.3415, BalancedAcc: 0.3385, MacroPrecision: 0.3437, MacroRecall: 0.3385, MacroF1: 0.3407

[2D] Volume-level Confusion Matrix:
True \ Pred       Adenocarcinoma  Small Cell      Squamous        
Y:Adenocarcinoma  6               3               6               
Y:Small Cell      3               5               5               
Y:Squamous        6               4               3               


[2D] Patient-level Confusion Matrix:
True \ Pred       Adenocarcinoma  Small Cell      Squamous        
Y:Adenocarcinoma  6               3               6               
Y:Small Cell      3               5               5               
Y:Squamous        6               4               3               

[finetune] Epoch 12 Summary => TrainLoss: 1.1211, TrainMacroF1: 0.4140, ValMacroF1(patient): 0.3407/0.3548 (cur/roll3)
[finetune] Patient current vs rolling-3: accuracy 0.3415/0.3577, balanced_accuracy 0.3385/0.3533, macro_precision 0.3437/0.3606, macro_recall 0.3385/0.3533, macro_f1 0.3407/0.3548

--- finetune Epoch 13/40 | lr(backbone/head)=2.38e-06/2.38e-05 ---
[2D] Epoch 13 [32/32] Loss: 1.1198 Time: 3.48s
[2D] Train Epoch 13 (slice-level) => Loss: 1.1198, Acc: 0.4119, MacroF1: 0.4121

[2D] Starting validation...
[2D] Val (slice-level, n=322) => Acc: 0.3851, MacroF1: 0.3837
[2D] Val (volume-level, n=41) => Loss: 1.1547, Acc: 0.3415, BalancedAcc: 0.3385, MacroPrecision: 0.3408, MacroRecall: 0.3385, MacroF1: 0.3393
[2D] Val (patient-level, n=41) => Acc: 0.3415, BalancedAcc: 0.3385, MacroPrecision: 0.3408, MacroRecall: 0.3385, MacroF1: 0.3393

[2D] Volume-level Confusion Matrix:
True \ Pred       Adenocarcinoma  Small Cell      Squamous        
Y:Adenocarcinoma  6               3               6               
Y:Small Cell      4               5               4               
Y:Squamous        6               4               3               


[2D] Patient-level Confusion Matrix:
True \ Pred       Adenocarcinoma  Small Cell      Squamous        
Y:Adenocarcinoma  6               3               6               
Y:Small Cell      4               5               4               
Y:Squamous        6               4               3               

[finetune] Epoch 13 Summary => TrainLoss: 1.1198, TrainMacroF1: 0.4121, ValMacroF1(patient): 0.3393/0.3539 (cur/roll3)
[finetune] Patient current vs rolling-3: accuracy 0.3415/0.3577, balanced_accuracy 0.3385/0.3533, macro_precision 0.3408/0.3583, macro_recall 0.3385/0.3533, macro_f1 0.3393/0.3539

--- finetune Epoch 14/40 | lr(backbone/head)=2.28e-06/2.28e-05 ---
[2D] Epoch 14 [32/32] Loss: 1.1319 Time: 4.22s
[2D] Train Epoch 14 (slice-level) => Loss: 1.1319, Acc: 0.3894, MacroF1: 0.3884

[2D] Starting validation...
[2D] Val (slice-level, n=322) => Acc: 0.3882, MacroF1: 0.3892
[2D] Val (volume-level, n=41) => Loss: 1.1469, Acc: 0.3171, BalancedAcc: 0.3128, MacroPrecision: 0.3212, MacroRecall: 0.3128, MacroF1: 0.3159
[2D] Val (patient-level, n=41) => Acc: 0.3171, BalancedAcc: 0.3128, MacroPrecision: 0.3212, MacroRecall: 0.3128, MacroF1: 0.3159

[2D] Volume-level Confusion Matrix:
True \ Pred       Adenocarcinoma  Small Cell      Squamous        
Y:Adenocarcinoma  6               3               6               
Y:Small Cell      3               4               6               
Y:Squamous        6               4               3               


[2D] Patient-level Confusion Matrix:
True \ Pred       Adenocarcinoma  Small Cell      Squamous        
Y:Adenocarcinoma  6               3               6               
Y:Small Cell      3               4               6               
Y:Squamous        6               4               3               

[finetune] Epoch 14 Summary => TrainLoss: 1.1319, TrainMacroF1: 0.3884, ValMacroF1(patient): 0.3159/0.3320 (cur/roll3)
[finetune] Patient current vs rolling-3: accuracy 0.3171/0.3333, balanced_accuracy 0.3128/0.3299, macro_precision 0.3212/0.3352, macro_recall 0.3128/0.3299, macro_f1 0.3159/0.3320

[2D] Starting validation...
[2D] Val (slice-level, n=332) => Acc: 0.3705, MacroF1: 0.3649
[2D] Val (volume-level, n=43) => Loss: 1.2361, Acc: 0.4651, BalancedAcc: 0.4547, MacroPrecision: 0.4496, MacroRecall: 0.4547, MacroF1: 0.4438
[2D] Val (patient-level, n=43) => Acc: 0.4651, BalancedAcc: 0.4547, MacroPrecision: 0.4496, MacroRecall: 0.4547, MacroF1: 0.4438

[2D] Volume-level Confusion Matrix:
True \ Pred       Adenocarcinoma  Small Cell      Squamous        
Y:Adenocarcinoma  9               4               2               
Y:Small Cell      4               3               6               
Y:Squamous        6               1               8               


[2D] Patient-level Confusion Matrix:
True \ Pred       Adenocarcinoma  Small Cell      Squamous        
Y:Adenocarcinoma  9               4               2               
Y:Small Cell      4               3               6               
Y:Squamous        6               1               8               

