<frozen importlib._bootstrap_external>:1301: FutureWarning: The cuda.cudart module is deprecated and will be removed in a future release, please switch to use the cuda.bindings.runtime module instead.
/home/hansstem/anaconda3/envs/sclc/lib/python3.12/site-packages/monai/utils/deprecate_utils.py:321: FutureWarning: monai.transforms.spatial.dictionary Orientationd.__init__:labels: Current default value of argument `labels=(('L', 'R'), ('P', 'A'), ('I', 'S'))` was changed in version None from `labels=(('L', 'R'), ('P', 'A'), ('I', 'S'))` to `labels=None`. Default value changed to None meaning that the transform now uses the 'space' of a meta-tensor, if applicable, to determine appropriate axis labels.
  warn_deprecated(argname, msg, warning_category)
[*] RadImageNetResNet502DClassifier: loading weights from /home/data/RadImageNet/ResNet50/ResNet50.pt
[*] RadImageNet ResNet50: matched 318/318 backbone keys (source contributed 318, missing=0, unexpected=0)
Initialized resnet50_2d_rin Classifier. Total Params: 23,507,907
Split 'train': 242 patients.
  482 images (482 w/ masks), class distribution: {0: 341, 2: 85, 1: 56}
Split 'val': 52 patients.
  102 images (102 w/ masks), class distribution: {0: 73, 2: 17, 1: 12}
Split 'test': 53 patients.
  106 images (106 w/ masks), class distribution: {0: 76, 2: 18, 1: 12}
[2D lung_pet_ct_dx train] 3730 slices from 482 volumes / 242 patients (dropped: no_mask=0, no_tumor_slices=0), classes={0: 2608, 2: 680, 1: 442}
[2D lung_pet_ct_dx val] 786 slices from 101 volumes / 52 patients (dropped: no_mask=0, no_tumor_slices=1), classes={0: 554, 2: 136, 1: 96}
[2D lung_pet_ct_dx test] 834 slices from 106 volumes / 53 patients (dropped: no_mask=0, no_tumor_slices=0), classes={0: 594, 2: 144, 1: 96}
[2D lung_pet_ct_dx] dropped-patient inventory -> /home/hansstem/.cache/monai_lung_pet_ct_clean_2d/img224_crop96_mp1/dropped_patients.json
[2D] PersistentDataset cache_dir='/home/hansstem/.cache/monai_lung_pet_ct_clean_2d/img224_crop96_mp1/train'
[2D] PersistentDataset cache_dir='/home/hansstem/.cache/monai_lung_pet_ct_clean_2d/img224_crop96_mp1/val'
[2D] PersistentDataset cache_dir='/home/hansstem/.cache/monai_lung_pet_ct_clean_2d/img224_crop96_mp1/test'
[WRS lung_pet_ct_dx] counts {0=2597, 1=440, 2=675} | oversample_factor=5.90 (max_weight/min_weight)
[lung_pet_ct_dx] Train class distribution: {0: 2597, 1: 440, 2: 675}

--- dapt Epoch 1/30 | lr=1.00e-06 ---
[2D] Epoch 1 [50/78] Loss: 1.1026 Time: 6.40s
[2D] Epoch 1 [78/78] Loss: 1.1040 Time: 4.03s
[2D] Train Epoch 1 (slice-level) => Loss: 1.1040, Acc: 0.3359, MacroF1: 0.2733

[2D] Starting validation...
[2D] Val (slice-level, n=786) => Acc: 0.2723, MacroF1: 0.2325
[2D] Val (volume-level, n=101) => Loss: 1.1096, Acc: 0.2475, BalancedAcc: 0.3554, MacroPrecision: 0.3593, MacroRecall: 0.3554, MacroF1: 0.1729
[2D] Val (patient-level, n=52) => Acc: 0.2308, BalancedAcc: 0.3604, MacroPrecision: 0.3946, MacroRecall: 0.3604, MacroF1: 0.1534

[2D] Volume-level Confusion Matrix:
True \ Pred       Adenocarcinoma  Small Cell      Squamous        
Y:Adenocarcinoma  9               0               63              
Y:Small Cell      1               0               11              
Y:Squamous        0               1               16              


[2D] Patient-level Confusion Matrix:
True \ Pred       Adenocarcinoma  Small Cell      Squamous        
Y:Adenocarcinoma  3               0               34              
Y:Small Cell      0               0               6               
Y:Squamous        0               0               9               

[dapt] Epoch 1 Summary => TrainLoss: 1.1040, TrainMacroF1: 0.2733, ValMacroF1(patient): 0.1534/0.1534 (cur/roll3)
[dapt] Patient current vs rolling-3: accuracy 0.2308/0.2308, balanced_accuracy 0.3604/0.3604, macro_precision 0.3946/0.3946, macro_recall 0.3604/0.3604, macro_f1 0.1534/0.1534

--- dapt Epoch 2/30 | lr=3.40e-05 ---
[2D] Epoch 2 [50/78] Loss: 1.0969 Time: 5.02s
[2D] Epoch 2 [78/78] Loss: 1.0937 Time: 2.62s
[2D] Train Epoch 2 (slice-level) => Loss: 1.0937, Acc: 0.3710, MacroF1: 0.3634

[2D] Starting validation...
[2D] Val (slice-level, n=786) => Acc: 0.3562, MacroF1: 0.3393
[2D] Val (volume-level, n=101) => Loss: 1.1021, Acc: 0.3366, BalancedAcc: 0.3998, MacroPrecision: 0.4495, MacroRecall: 0.3998, MacroF1: 0.3352
[2D] Val (patient-level, n=52) => Acc: 0.3462, BalancedAcc: 0.4234, MacroPrecision: 0.5000, MacroRecall: 0.4234, MacroF1: 0.3583

[2D] Volume-level Confusion Matrix:
True \ Pred       Adenocarcinoma  Small Cell      Squamous        
Y:Adenocarcinoma  20              4               48              
Y:Small Cell      0               4               8               
Y:Squamous        4               3               10              


[2D] Patient-level Confusion Matrix:
True \ Pred       Adenocarcinoma  Small Cell      Squamous        
Y:Adenocarcinoma  10              1               26              
Y:Small Cell      0               2               4               
Y:Squamous        2               1               6               

[dapt] Epoch 2 Summary => TrainLoss: 1.0937, TrainMacroF1: 0.3634, ValMacroF1(patient): 0.3583/0.2559 (cur/roll3)
[dapt] Patient current vs rolling-3: accuracy 0.3462/0.2885, balanced_accuracy 0.4234/0.3919, macro_precision 0.5000/0.4473, macro_recall 0.4234/0.3919, macro_f1 0.3583/0.2559

--- dapt Epoch 3/30 | lr=6.70e-05 ---
[2D] Epoch 3 [50/78] Loss: 1.0754 Time: 5.64s
[2D] Epoch 3 [78/78] Loss: 1.0707 Time: 3.14s
[2D] Train Epoch 3 (slice-level) => Loss: 1.0707, Acc: 0.4367, MacroF1: 0.4373

[2D] Starting validation...
[2D] Val (slice-level, n=786) => Acc: 0.4733, MacroF1: 0.3907
[2D] Val (volume-level, n=101) => Loss: 1.0637, Acc: 0.5050, BalancedAcc: 0.4649, MacroPrecision: 0.4659, MacroRecall: 0.4649, MacroF1: 0.4387
[2D] Val (patient-level, n=52) => Acc: 0.5577, BalancedAcc: 0.5130, MacroPrecision: 0.5455, MacroRecall: 0.5130, MacroF1: 0.5035

[2D] Volume-level Confusion Matrix:
True \ Pred       Adenocarcinoma  Small Cell      Squamous        
Y:Adenocarcinoma  39              4               29              
Y:Small Cell      1               6               5               
Y:Squamous        6               5               6               


[2D] Patient-level Confusion Matrix:
True \ Pred       Adenocarcinoma  Small Cell      Squamous        
Y:Adenocarcinoma  22              0               15              
Y:Small Cell      1               3               2               
Y:Squamous        3               2               4               

[dapt] Epoch 3 Summary => TrainLoss: 1.0707, TrainMacroF1: 0.4373, ValMacroF1(patient): 0.5035/0.3384 (cur/roll3)
[dapt] Patient current vs rolling-3: accuracy 0.5577/0.3782, balanced_accuracy 0.5130/0.4323, macro_precision 0.5455/0.4800, macro_recall 0.5130/0.4323, macro_f1 0.5035/0.3384

--- dapt Epoch 4/30 | lr=1.00e-04 ---
[2D] Epoch 4 [50/78] Loss: 1.0469 Time: 7.14s
[2D] Epoch 4 [78/78] Loss: 1.0427 Time: 3.83s
[2D] Train Epoch 4 (slice-level) => Loss: 1.0427, Acc: 0.4914, MacroF1: 0.4862

[2D] Starting validation...
[2D] Val (slice-level, n=786) => Acc: 0.5509, MacroF1: 0.3889
[2D] Val (volume-level, n=101) => Loss: 0.9935, Acc: 0.5644, BalancedAcc: 0.4491, MacroPrecision: 0.3443, MacroRecall: 0.4491, MacroF1: 0.3563
[2D] Val (patient-level, n=52) => Acc: 0.5577, BalancedAcc: 0.4009, MacroPrecision: 0.3235, MacroRecall: 0.4009, MacroF1: 0.3312

[2D] Volume-level Confusion Matrix:
True \ Pred       Adenocarcinoma  Small Cell      Squamous        
Y:Adenocarcinoma  49              21              2               
Y:Small Cell      2               8               2               
Y:Squamous        9               8               0               


[2D] Patient-level Confusion Matrix:
True \ Pred       Adenocarcinoma  Small Cell      Squamous        
Y:Adenocarcinoma  26              11              0               
Y:Small Cell      2               3               1               
Y:Squamous        4               5               0               

[dapt] Epoch 4 Summary => TrainLoss: 1.0427, TrainMacroF1: 0.4862, ValMacroF1(patient): 0.3312/0.3977 (cur/roll3)
[dapt] Patient current vs rolling-3: accuracy 0.5577/0.4872, balanced_accuracy 0.4009/0.4458, macro_precision 0.3235/0.4563, macro_recall 0.4009/0.4458, macro_f1 0.3312/0.3977

--- dapt Epoch 5/30 | lr=9.97e-05 ---
[2D] Epoch 5 [50/78] Loss: 1.0113 Time: 6.57s
[2D] Epoch 5 [78/78] Loss: 1.0192 Time: 3.46s
[2D] Train Epoch 5 (slice-level) => Loss: 1.0192, Acc: 0.5124, MacroF1: 0.5064

[2D] Starting validation...
[2D] Val (slice-level, n=786) => Acc: 0.6081, MacroF1: 0.4534
[2D] Val (volume-level, n=101) => Loss: 0.9189, Acc: 0.6238, BalancedAcc: 0.4986, MacroPrecision: 0.4547, MacroRecall: 0.4986, MacroF1: 0.4523
[2D] Val (patient-level, n=52) => Acc: 0.6154, BalancedAcc: 0.4840, MacroPrecision: 0.4775, MacroRecall: 0.4840, MacroF1: 0.4524

[2D] Volume-level Confusion Matrix:
True \ Pred       Adenocarcinoma  Small Cell      Squamous        
Y:Adenocarcinoma  53              13              6               
Y:Small Cell      2               7               3               
Y:Squamous        7               7               3               


[2D] Patient-level Confusion Matrix:
True \ Pred       Adenocarcinoma  Small Cell      Squamous        
Y:Adenocarcinoma  27              8               2               
Y:Small Cell      2               3               1               
Y:Squamous        4               3               2               

[dapt] Epoch 5 Summary => TrainLoss: 1.0192, TrainMacroF1: 0.5064, ValMacroF1(patient): 0.4524/0.4290 (cur/roll3)
[dapt] Patient current vs rolling-3: accuracy 0.6154/0.5769, balanced_accuracy 0.4840/0.4660, macro_precision 0.4775/0.4488, macro_recall 0.4840/0.4660, macro_f1 0.4524/0.4290

--- dapt Epoch 6/30 | lr=9.87e-05 ---
[2D] Epoch 6 [50/78] Loss: 1.0013 Time: 7.38s
[2D] Epoch 6 [78/78] Loss: 0.9982 Time: 3.39s
[2D] Train Epoch 6 (slice-level) => Loss: 0.9982, Acc: 0.5434, MacroF1: 0.5367

[2D] Starting validation...
[2D] Val (slice-level, n=786) => Acc: 0.5954, MacroF1: 0.4778
[2D] Val (volume-level, n=101) => Loss: 0.9452, Acc: 0.6337, BalancedAcc: 0.5700, MacroPrecision: 0.5123, MacroRecall: 0.5700, MacroF1: 0.5238
[2D] Val (patient-level, n=52) => Acc: 0.6731, BalancedAcc: 0.6416, MacroPrecision: 0.5766, MacroRecall: 0.6416, MacroF1: 0.5920

[2D] Volume-level Confusion Matrix:
True \ Pred       Adenocarcinoma  Small Cell      Squamous        
Y:Adenocarcinoma  49              10              13              
Y:Small Cell      2               6               4               
Y:Squamous        5               3               9               


[2D] Patient-level Confusion Matrix:
True \ Pred       Adenocarcinoma  Small Cell      Squamous        
Y:Adenocarcinoma  26              3               8               
Y:Small Cell      0               4               2               
Y:Squamous        3               1               5               

[dapt] Epoch 6 Summary => TrainLoss: 0.9982, TrainMacroF1: 0.5367, ValMacroF1(patient): 0.5920/0.4585 (cur/roll3)
[dapt] Patient current vs rolling-3: accuracy 0.6731/0.6154, balanced_accuracy 0.6416/0.5088, macro_precision 0.5766/0.4592, macro_recall 0.6416/0.5088, macro_f1 0.5920/0.4585

--- dapt Epoch 7/30 | lr=9.70e-05 ---
[2D] Epoch 7 [50/78] Loss: 0.9784 Time: 7.26s
[2D] Epoch 7 [78/78] Loss: 0.9856 Time: 3.31s
[2D] Train Epoch 7 (slice-level) => Loss: 0.9856, Acc: 0.5453, MacroF1: 0.5421

[2D] Starting validation...
[2D] Val (slice-level, n=786) => Acc: 0.5649, MacroF1: 0.4675
[2D] Val (volume-level, n=101) => Loss: 0.9831, Acc: 0.6238, BalancedAcc: 0.6048, MacroPrecision: 0.5611, MacroRecall: 0.6048, MacroF1: 0.5298
[2D] Val (patient-level, n=52) => Acc: 0.6154, BalancedAcc: 0.5866, MacroPrecision: 0.5422, MacroRecall: 0.5866, MacroF1: 0.5173

[2D] Volume-level Confusion Matrix:
True \ Pred       Adenocarcinoma  Small Cell      Squamous        
Y:Adenocarcinoma  47              20              5               
Y:Small Cell      1               9               2               
Y:Squamous        2               8               7               


[2D] Patient-level Confusion Matrix:
True \ Pred       Adenocarcinoma  Small Cell      Squamous        
Y:Adenocarcinoma  24              10              3               
Y:Small Cell      0               4               2               
Y:Squamous        1               4               4               

[dapt] Epoch 7 Summary => TrainLoss: 0.9856, TrainMacroF1: 0.5421, ValMacroF1(patient): 0.5173/0.5206 (cur/roll3)
[dapt] Patient current vs rolling-3: accuracy 0.6154/0.6346, balanced_accuracy 0.5866/0.5707, macro_precision 0.5422/0.5321, macro_recall 0.5866/0.5707, macro_f1 0.5173/0.5206

--- dapt Epoch 8/30 | lr=9.47e-05 ---
[2D] Epoch 8 [50/78] Loss: 0.9727 Time: 7.78s
[2D] Epoch 8 [78/78] Loss: 0.9722 Time: 3.32s
[2D] Train Epoch 8 (slice-level) => Loss: 0.9722, Acc: 0.5781, MacroF1: 0.5777

[2D] Starting validation...
[2D] Val (slice-level, n=786) => Acc: 0.5840, MacroF1: 0.4886
[2D] Val (volume-level, n=101) => Loss: 0.9554, Acc: 0.6634, BalancedAcc: 0.6751, MacroPrecision: 0.5816, MacroRecall: 0.6751, MacroF1: 0.5874
[2D] Val (patient-level, n=52) => Acc: 0.6731, BalancedAcc: 0.6697, MacroPrecision: 0.5857, MacroRecall: 0.6697, MacroF1: 0.5938

[2D] Volume-level Confusion Matrix:
True \ Pred       Adenocarcinoma  Small Cell      Squamous        
Y:Adenocarcinoma  47              17              8               
Y:Small Cell      0               8               4               
Y:Squamous        2               3               12              


[2D] Patient-level Confusion Matrix:
True \ Pred       Adenocarcinoma  Small Cell      Squamous        
Y:Adenocarcinoma  25              9               3               
Y:Small Cell      0               4               2               
Y:Squamous        2               1               6               

[dapt] Epoch 8 Summary => TrainLoss: 0.9722, TrainMacroF1: 0.5777, ValMacroF1(patient): 0.5938/0.5677 (cur/roll3)
[dapt] Patient current vs rolling-3: accuracy 0.6731/0.6538, balanced_accuracy 0.6697/0.6326, macro_precision 0.5857/0.5682, macro_recall 0.6697/0.6326, macro_f1 0.5938/0.5677

--- dapt Epoch 9/30 | lr=9.18e-05 ---
[2D] Epoch 9 [50/78] Loss: 0.9609 Time: 7.20s
[2D] Epoch 9 [78/78] Loss: 0.9561 Time: 2.63s
[2D] Train Epoch 9 (slice-level) => Loss: 0.9561, Acc: 0.5841, MacroF1: 0.5821

[2D] Starting validation...
[2D] Val (slice-level, n=786) => Acc: 0.6527, MacroF1: 0.5067
[2D] Val (volume-level, n=101) => Loss: 0.8597, Acc: 0.7228, BalancedAcc: 0.6430, MacroPrecision: 0.5949, MacroRecall: 0.6430, MacroF1: 0.6090
[2D] Val (patient-level, n=52) => Acc: 0.7115, BalancedAcc: 0.5851, MacroPrecision: 0.5694, MacroRecall: 0.5851, MacroF1: 0.5737

[2D] Volume-level Confusion Matrix:
True \ Pred       Adenocarcinoma  Small Cell      Squamous        
Y:Adenocarcinoma  57              9               6               
Y:Small Cell      2               8               2               
Y:Squamous        7               2               8               


[2D] Patient-level Confusion Matrix:
True \ Pred       Adenocarcinoma  Small Cell      Squamous        
Y:Adenocarcinoma  30              4               3               
Y:Small Cell      2               3               1               
Y:Squamous        4               1               4               

[dapt] Epoch 9 Summary => TrainLoss: 0.9561, TrainMacroF1: 0.5821, ValMacroF1(patient): 0.5737/0.5616 (cur/roll3)
[dapt] Patient current vs rolling-3: accuracy 0.7115/0.6667, balanced_accuracy 0.5851/0.6138, macro_precision 0.5694/0.5658, macro_recall 0.5851/0.6138, macro_f1 0.5737/0.5616

--- dapt Epoch 10/30 | lr=8.83e-05 ---
[2D] Epoch 10 [50/78] Loss: 0.9514 Time: 4.84s
[2D] Epoch 10 [78/78] Loss: 0.9493 Time: 3.02s
[2D] Train Epoch 10 (slice-level) => Loss: 0.9493, Acc: 0.5889, MacroF1: 0.5881

[2D] Starting validation...
[2D] Val (slice-level, n=786) => Acc: 0.6476, MacroF1: 0.5235
[2D] Val (volume-level, n=101) => Loss: 0.8781, Acc: 0.7525, BalancedAcc: 0.7086, MacroPrecision: 0.6383, MacroRecall: 0.7086, MacroF1: 0.6593
[2D] Val (patient-level, n=52) => Acc: 0.7308, BalancedAcc: 0.6967, MacroPrecision: 0.6131, MacroRecall: 0.6967, MacroF1: 0.6382

[2D] Volume-level Confusion Matrix:
True \ Pred       Adenocarcinoma  Small Cell      Squamous        
Y:Adenocarcinoma  56              6               10              
Y:Small Cell      1               7               4               
Y:Squamous        3               1               13              


[2D] Patient-level Confusion Matrix:
True \ Pred       Adenocarcinoma  Small Cell      Squamous        
Y:Adenocarcinoma  28              4               5               
Y:Small Cell      0               4               2               
Y:Squamous        2               1               6               

[dapt] Epoch 10 Summary => TrainLoss: 0.9493, TrainMacroF1: 0.5881, ValMacroF1(patient): 0.6382/0.6019 (cur/roll3)
[dapt] Patient current vs rolling-3: accuracy 0.7308/0.7051, balanced_accuracy 0.6967/0.6505, macro_precision 0.6131/0.5894, macro_recall 0.6967/0.6505, macro_f1 0.6382/0.6019

--- dapt Epoch 11/30 | lr=8.43e-05 ---
[2D] Epoch 11 [50/78] Loss: 0.9456 Time: 6.57s
[2D] Epoch 11 [78/78] Loss: 0.9343 Time: 3.63s
[2D] Train Epoch 11 (slice-level) => Loss: 0.9343, Acc: 0.6005, MacroF1: 0.5971

[2D] Starting validation...
[2D] Val (slice-level, n=786) => Acc: 0.6412, MacroF1: 0.5229
[2D] Val (volume-level, n=101) => Loss: 0.8781, Acc: 0.7030, BalancedAcc: 0.6405, MacroPrecision: 0.5875, MacroRecall: 0.6405, MacroF1: 0.5949
[2D] Val (patient-level, n=52) => Acc: 0.7308, BalancedAcc: 0.6687, MacroPrecision: 0.6000, MacroRecall: 0.6687, MacroF1: 0.6121

[2D] Volume-level Confusion Matrix:
True \ Pred       Adenocarcinoma  Small Cell      Squamous        
Y:Adenocarcinoma  54              13              5               
Y:Small Cell      2               7               3               
Y:Squamous        3               4               10              


[2D] Patient-level Confusion Matrix:
True \ Pred       Adenocarcinoma  Small Cell      Squamous        
Y:Adenocarcinoma  29              5               3               
Y:Small Cell      0               4               2               
Y:Squamous        1               3               5               

[dapt] Epoch 11 Summary => TrainLoss: 0.9343, TrainMacroF1: 0.5971, ValMacroF1(patient): 0.6121/0.6080 (cur/roll3)
[dapt] Patient current vs rolling-3: accuracy 0.7308/0.7244, balanced_accuracy 0.6687/0.6502, macro_precision 0.6000/0.5942, macro_recall 0.6687/0.6502, macro_f1 0.6121/0.6080

--- dapt Epoch 12/30 | lr=7.99e-05 ---
[2D] Epoch 12 [50/78] Loss: 0.9116 Time: 6.89s
[2D] Epoch 12 [78/78] Loss: 0.9286 Time: 2.60s
[2D] Train Epoch 12 (slice-level) => Loss: 0.9286, Acc: 0.6059, MacroF1: 0.6056

[2D] Starting validation...
[2D] Val (slice-level, n=786) => Acc: 0.6005, MacroF1: 0.5106
[2D] Val (volume-level, n=101) => Loss: 0.9270, Acc: 0.6832, BalancedAcc: 0.6912, MacroPrecision: 0.5890, MacroRecall: 0.6912, MacroF1: 0.6008
[2D] Val (patient-level, n=52) => Acc: 0.7115, BalancedAcc: 0.7157, MacroPrecision: 0.6125, MacroRecall: 0.7157, MacroF1: 0.6285

[2D] Volume-level Confusion Matrix:
True \ Pred       Adenocarcinoma  Small Cell      Squamous        
Y:Adenocarcinoma  48              10              14              
Y:Small Cell      1               7               4               
Y:Squamous        0               3               14              


[2D] Patient-level Confusion Matrix:
True \ Pred       Adenocarcinoma  Small Cell      Squamous        
Y:Adenocarcinoma  26              4               7               
Y:Small Cell      0               4               2               
Y:Squamous        0               2               7               

[dapt] Epoch 12 Summary => TrainLoss: 0.9286, TrainMacroF1: 0.6056, ValMacroF1(patient): 0.6285/0.6263 (cur/roll3)
[dapt] Patient current vs rolling-3: accuracy 0.7115/0.7244, balanced_accuracy 0.7157/0.6937, macro_precision 0.6125/0.6085, macro_recall 0.7157/0.6937, macro_f1 0.6285/0.6263

--- dapt Epoch 13/30 | lr=7.50e-05 ---
[2D] Epoch 13 [50/78] Loss: 0.9038 Time: 7.32s
[2D] Epoch 13 [78/78] Loss: 0.8986 Time: 3.17s
[2D] Train Epoch 13 (slice-level) => Loss: 0.8986, Acc: 0.6293, MacroF1: 0.6294

[2D] Starting validation...
[2D] Val (slice-level, n=786) => Acc: 0.6234, MacroF1: 0.5227
[2D] Val (volume-level, n=101) => Loss: 0.8886, Acc: 0.6832, BalancedAcc: 0.6462, MacroPrecision: 0.5822, MacroRecall: 0.6462, MacroF1: 0.5887
[2D] Val (patient-level, n=52) => Acc: 0.7115, BalancedAcc: 0.6877, MacroPrecision: 0.6129, MacroRecall: 0.6877, MacroF1: 0.6236

[2D] Volume-level Confusion Matrix:
True \ Pred       Adenocarcinoma  Small Cell      Squamous        
Y:Adenocarcinoma  51              16              5               
Y:Small Cell      1               7               4               
Y:Squamous        3               3               11              


[2D] Patient-level Confusion Matrix:
True \ Pred       Adenocarcinoma  Small Cell      Squamous        
Y:Adenocarcinoma  27              8               2               
Y:Small Cell      0               4               2               
Y:Squamous        2               1               6               

[dapt] Epoch 13 Summary => TrainLoss: 0.8986, TrainMacroF1: 0.6294, ValMacroF1(patient): 0.6236/0.6214 (cur/roll3)
[dapt] Patient current vs rolling-3: accuracy 0.7115/0.7179, balanced_accuracy 0.6877/0.6907, macro_precision 0.6129/0.6085, macro_recall 0.6877/0.6907, macro_f1 0.6236/0.6214

--- dapt Epoch 14/30 | lr=6.98e-05 ---
[2D] Epoch 14 [50/78] Loss: 0.8802 Time: 5.34s
[2D] Epoch 14 [78/78] Loss: 0.8822 Time: 2.77s
[2D] Train Epoch 14 (slice-level) => Loss: 0.8822, Acc: 0.6576, MacroF1: 0.6561

[2D] Starting validation...
[2D] Val (slice-level, n=786) => Acc: 0.6081, MacroF1: 0.5302
[2D] Val (volume-level, n=101) => Loss: 0.9371, Acc: 0.6832, BalancedAcc: 0.6912, MacroPrecision: 0.5886, MacroRecall: 0.6912, MacroF1: 0.6033
[2D] Val (patient-level, n=52) => Acc: 0.7115, BalancedAcc: 0.7437, MacroPrecision: 0.6235, MacroRecall: 0.7437, MacroF1: 0.6406

[2D] Volume-level Confusion Matrix:
True \ Pred       Adenocarcinoma  Small Cell      Squamous        
Y:Adenocarcinoma  48              10              14              
Y:Small Cell      1               7               4               
Y:Squamous        1               2               14              


[2D] Patient-level Confusion Matrix:
True \ Pred       Adenocarcinoma  Small Cell      Squamous        
Y:Adenocarcinoma  25              5               7               
Y:Small Cell      0               4               2               
Y:Squamous        0               1               8               

[dapt] Epoch 14 Summary => TrainLoss: 0.8822, TrainMacroF1: 0.6561, ValMacroF1(patient): 0.6406/0.6309 (cur/roll3)
[dapt] Patient current vs rolling-3: accuracy 0.7115/0.7115, balanced_accuracy 0.7437/0.7157, macro_precision 0.6235/0.6163, macro_recall 0.7437/0.7157, macro_f1 0.6406/0.6309

--- dapt Epoch 15/30 | lr=6.43e-05 ---
[2D] Epoch 15 [50/78] Loss: 0.8894 Time: 5.63s
[2D] Epoch 15 [78/78] Loss: 0.8819 Time: 3.31s
[2D] Train Epoch 15 (slice-level) => Loss: 0.8819, Acc: 0.6568, MacroF1: 0.6567

[2D] Starting validation...
[2D] Val (slice-level, n=786) => Acc: 0.6450, MacroF1: 0.5330
[2D] Val (volume-level, n=101) => Loss: 0.8770, Acc: 0.7129, BalancedAcc: 0.6601, MacroPrecision: 0.5951, MacroRecall: 0.6601, MacroF1: 0.6085
[2D] Val (patient-level, n=52) => Acc: 0.7308, BalancedAcc: 0.6967, MacroPrecision: 0.6148, MacroRecall: 0.6967, MacroF1: 0.6310

[2D] Volume-level Confusion Matrix:
True \ Pred       Adenocarcinoma  Small Cell      Squamous        
Y:Adenocarcinoma  54              13              5               
Y:Small Cell      1               7               4               
Y:Squamous        3               3               11              


[2D] Patient-level Confusion Matrix:
True \ Pred       Adenocarcinoma  Small Cell      Squamous        
Y:Adenocarcinoma  28              6               3               
Y:Small Cell      0               4               2               
Y:Squamous        1               2               6               

[dapt] Epoch 15 Summary => TrainLoss: 0.8819, TrainMacroF1: 0.6567, ValMacroF1(patient): 0.6310/0.6317 (cur/roll3)
[dapt] Patient current vs rolling-3: accuracy 0.7308/0.7179, balanced_accuracy 0.6967/0.7094, macro_precision 0.6148/0.6171, macro_recall 0.6967/0.7094, macro_f1 0.6310/0.6317

--- dapt Epoch 16/30 | lr=5.87e-05 ---
[2D] Epoch 16 [50/78] Loss: 0.8881 Time: 5.78s
[2D] Epoch 16 [78/78] Loss: 0.8855 Time: 3.08s
[2D] Train Epoch 16 (slice-level) => Loss: 0.8855, Acc: 0.6562, MacroF1: 0.6561

[2D] Starting validation...
[2D] Val (slice-level, n=786) => Acc: 0.6539, MacroF1: 0.5460
[2D] Val (volume-level, n=101) => Loss: 0.8625, Acc: 0.7228, BalancedAcc: 0.6648, MacroPrecision: 0.5964, MacroRecall: 0.6648, MacroF1: 0.6143
[2D] Val (patient-level, n=52) => Acc: 0.7500, BalancedAcc: 0.7337, MacroPrecision: 0.6375, MacroRecall: 0.7337, MacroF1: 0.6619

[2D] Volume-level Confusion Matrix:
True \ Pred       Adenocarcinoma  Small Cell      Squamous        
Y:Adenocarcinoma  55              11              6               
Y:Small Cell      1               7               4               
Y:Squamous        3               3               11              


[2D] Patient-level Confusion Matrix:
True \ Pred       Adenocarcinoma  Small Cell      Squamous        
Y:Adenocarcinoma  28              6               3               
Y:Small Cell      0               4               2               
Y:Squamous        1               1               7               

[dapt] Epoch 16 Summary => TrainLoss: 0.8855, TrainMacroF1: 0.6561, ValMacroF1(patient): 0.6619/0.6445 (cur/roll3)
[dapt] Patient current vs rolling-3: accuracy 0.7500/0.7308, balanced_accuracy 0.7337/0.7247, macro_precision 0.6375/0.6253, macro_recall 0.7337/0.7247, macro_f1 0.6619/0.6445

--- dapt Epoch 17/30 | lr=5.29e-05 ---
[2D] Epoch 17 [50/78] Loss: 0.8899 Time: 4.80s
[2D] Epoch 17 [78/78] Loss: 0.8774 Time: 2.32s
[2D] Train Epoch 17 (slice-level) => Loss: 0.8774, Acc: 0.6598, MacroF1: 0.6594

[2D] Starting validation...
[2D] Val (slice-level, n=786) => Acc: 0.6845, MacroF1: 0.5678
[2D] Val (volume-level, n=101) => Loss: 0.8314, Acc: 0.7525, BalancedAcc: 0.6936, MacroPrecision: 0.6229, MacroRecall: 0.6936, MacroF1: 0.6464
[2D] Val (patient-level, n=52) => Acc: 0.7308, BalancedAcc: 0.6782, MacroPrecision: 0.6066, MacroRecall: 0.6782, MacroF1: 0.6301

[2D] Volume-level Confusion Matrix:
True \ Pred       Adenocarcinoma  Small Cell      Squamous        
Y:Adenocarcinoma  57              9               6               
Y:Small Cell      1               7               4               
Y:Squamous        3               2               12              


[2D] Patient-level Confusion Matrix:
True \ Pred       Adenocarcinoma  Small Cell      Squamous        
Y:Adenocarcinoma  28              6               3               
Y:Small Cell      1               3               2               
Y:Squamous        2               0               7               

[dapt] Epoch 17 Summary => TrainLoss: 0.8774, TrainMacroF1: 0.6594, ValMacroF1(patient): 0.6301/0.6410 (cur/roll3)
[dapt] Patient current vs rolling-3: accuracy 0.7308/0.7372, balanced_accuracy 0.6782/0.7029, macro_precision 0.6066/0.6196, macro_recall 0.6782/0.7029, macro_f1 0.6301/0.6410

--- dapt Epoch 18/30 | lr=4.71e-05 ---
[2D] Epoch 18 [50/78] Loss: 0.8429 Time: 6.72s
[2D] Epoch 18 [78/78] Loss: 0.8409 Time: 3.44s
[2D] Train Epoch 18 (slice-level) => Loss: 0.8409, Acc: 0.6905, MacroF1: 0.6905

[2D] Starting validation...
[2D] Val (slice-level, n=786) => Acc: 0.6743, MacroF1: 0.5483
[2D] Val (volume-level, n=101) => Loss: 0.8362, Acc: 0.7822, BalancedAcc: 0.7293, MacroPrecision: 0.6622, MacroRecall: 0.7293, MacroF1: 0.6796
[2D] Val (patient-level, n=52) => Acc: 0.8077, BalancedAcc: 0.7422, MacroPrecision: 0.7036, MacroRecall: 0.7422, MacroF1: 0.7089

[2D] Volume-level Confusion Matrix:
True \ Pred       Adenocarcinoma  Small Cell      Squamous        
Y:Adenocarcinoma  58              6               8               
Y:Small Cell      1               6               5               
Y:Squamous        2               0               15              


[2D] Patient-level Confusion Matrix:
True \ Pred       Adenocarcinoma  Small Cell      Squamous        
Y:Adenocarcinoma  31              2               4               
Y:Small Cell      1               3               2               
Y:Squamous        1               0               8               

[dapt] Epoch 18 Summary => TrainLoss: 0.8409, TrainMacroF1: 0.6905, ValMacroF1(patient): 0.7089/0.6670 (cur/roll3)
[dapt] Patient current vs rolling-3: accuracy 0.8077/0.7628, balanced_accuracy 0.7422/0.7181, macro_precision 0.7036/0.6492, macro_recall 0.7422/0.7181, macro_f1 0.7089/0.6670

--- dapt Epoch 19/30 | lr=4.13e-05 ---
[2D] Epoch 19 [50/78] Loss: 0.8689 Time: 5.19s
[2D] Epoch 19 [78/78] Loss: 0.8620 Time: 2.47s
[2D] Train Epoch 19 (slice-level) => Loss: 0.8620, Acc: 0.6740, MacroF1: 0.6740

[2D] Starting validation...
[2D] Val (slice-level, n=786) => Acc: 0.6425, MacroF1: 0.5401
[2D] Val (volume-level, n=101) => Loss: 0.8754, Acc: 0.7723, BalancedAcc: 0.7478, MacroPrecision: 0.6515, MacroRecall: 0.7478, MacroF1: 0.6808
[2D] Val (patient-level, n=52) => Acc: 0.7692, BalancedAcc: 0.7708, MacroPrecision: 0.6571, MacroRecall: 0.7708, MacroF1: 0.6857

[2D] Volume-level Confusion Matrix:
True \ Pred       Adenocarcinoma  Small Cell      Squamous        
Y:Adenocarcinoma  56              10              6               
Y:Small Cell      1               7               4               
Y:Squamous        1               1               15              


[2D] Patient-level Confusion Matrix:
True \ Pred       Adenocarcinoma  Small Cell      Squamous        
Y:Adenocarcinoma  28              5               4               
Y:Small Cell      0               4               2               
Y:Squamous        0               1               8               

[dapt] Epoch 19 Summary => TrainLoss: 0.8620, TrainMacroF1: 0.6740, ValMacroF1(patient): 0.6857/0.6749 (cur/roll3)
[dapt] Patient current vs rolling-3: accuracy 0.7692/0.7692, balanced_accuracy 0.7708/0.7304, macro_precision 0.6571/0.6558, macro_recall 0.7708/0.7304, macro_f1 0.6857/0.6749

--- dapt Epoch 20/30 | lr=3.57e-05 ---
[2D] Epoch 20 [50/78] Loss: 0.8877 Time: 5.15s
[2D] Epoch 20 [78/78] Loss: 0.8790 Time: 2.32s
[2D] Train Epoch 20 (slice-level) => Loss: 0.8790, Acc: 0.6668, MacroF1: 0.6666

[2D] Starting validation...
[2D] Val (slice-level, n=786) => Acc: 0.6883, MacroF1: 0.5746
[2D] Val (volume-level, n=101) => Loss: 0.8364, Acc: 0.7822, BalancedAcc: 0.7293, MacroPrecision: 0.6560, MacroRecall: 0.7293, MacroF1: 0.6780
[2D] Val (patient-level, n=52) => Acc: 0.7692, BalancedAcc: 0.7242, MacroPrecision: 0.6452, MacroRecall: 0.7242, MacroF1: 0.6700

[2D] Volume-level Confusion Matrix:
True \ Pred       Adenocarcinoma  Small Cell      Squamous        
Y:Adenocarcinoma  58              7               7               
Y:Small Cell      1               6               5               
Y:Squamous        2               0               15              


[2D] Patient-level Confusion Matrix:
True \ Pred       Adenocarcinoma  Small Cell      Squamous        
Y:Adenocarcinoma  29              4               4               
Y:Small Cell      1               3               2               
Y:Squamous        1               0               8               

[dapt] Epoch 20 Summary => TrainLoss: 0.8790, TrainMacroF1: 0.6666, ValMacroF1(patient): 0.6700/0.6882 (cur/roll3)
[dapt] Patient current vs rolling-3: accuracy 0.7692/0.7821, balanced_accuracy 0.7242/0.7457, macro_precision 0.6452/0.6686, macro_recall 0.7242/0.7457, macro_f1 0.6700/0.6882

--- dapt Epoch 21/30 | lr=3.02e-05 ---
[2D] Epoch 21 [50/78] Loss: 0.8808 Time: 5.86s
[2D] Epoch 21 [78/78] Loss: 0.8697 Time: 2.37s
[2D] Train Epoch 21 (slice-level) => Loss: 0.8697, Acc: 0.6813, MacroF1: 0.6811

[2D] Starting validation...
[2D] Val (slice-level, n=786) => Acc: 0.6628, MacroF1: 0.5574
[2D] Val (volume-level, n=101) => Loss: 0.8601, Acc: 0.7723, BalancedAcc: 0.7478, MacroPrecision: 0.6515, MacroRecall: 0.7478, MacroF1: 0.6808
[2D] Val (patient-level, n=52) => Acc: 0.7500, BalancedAcc: 0.7152, MacroPrecision: 0.6266, MacroRecall: 0.7152, MacroF1: 0.6533

[2D] Volume-level Confusion Matrix:
True \ Pred       Adenocarcinoma  Small Cell      Squamous        
Y:Adenocarcinoma  56              10              6               
Y:Small Cell      1               7               4               
Y:Squamous        1               1               15              


[2D] Patient-level Confusion Matrix:
True \ Pred       Adenocarcinoma  Small Cell      Squamous        
Y:Adenocarcinoma  28              5               4               
Y:Small Cell      1               3               2               
Y:Squamous        1               0               8               

[dapt] Epoch 21 Summary => TrainLoss: 0.8697, TrainMacroF1: 0.6811, ValMacroF1(patient): 0.6533/0.6697 (cur/roll3)
[dapt] Patient current vs rolling-3: accuracy 0.7500/0.7628, balanced_accuracy 0.7152/0.7367, macro_precision 0.6266/0.6430, macro_recall 0.7152/0.7367, macro_f1 0.6533/0.6697

--- dapt Epoch 22/30 | lr=2.50e-05 ---
[2D] Epoch 22 [50/78] Loss: 0.8386 Time: 4.93s
[2D] Epoch 22 [78/78] Loss: 0.8469 Time: 2.29s
[2D] Train Epoch 22 (slice-level) => Loss: 0.8469, Acc: 0.6805, MacroF1: 0.6794

[2D] Starting validation...
[2D] Val (slice-level, n=786) => Acc: 0.6489, MacroF1: 0.5523
[2D] Val (volume-level, n=101) => Loss: 0.8751, Acc: 0.7525, BalancedAcc: 0.7236, MacroPrecision: 0.6307, MacroRecall: 0.7236, MacroF1: 0.6545
[2D] Val (patient-level, n=52) => Acc: 0.7692, BalancedAcc: 0.7708, MacroPrecision: 0.6597, MacroRecall: 0.7708, MacroF1: 0.6865

[2D] Volume-level Confusion Matrix:
True \ Pred       Adenocarcinoma  Small Cell      Squamous        
Y:Adenocarcinoma  55              10              7               
Y:Small Cell      1               7               4               
Y:Squamous        0               3               14              


[2D] Patient-level Confusion Matrix:
True \ Pred       Adenocarcinoma  Small Cell      Squamous        
Y:Adenocarcinoma  28              6               3               
Y:Small Cell      0               4               2               
Y:Squamous        0               1               8               

[dapt] Epoch 22 Summary => TrainLoss: 0.8469, TrainMacroF1: 0.6794, ValMacroF1(patient): 0.6865/0.6700 (cur/roll3)
[dapt] Patient current vs rolling-3: accuracy 0.7692/0.7628, balanced_accuracy 0.7708/0.7367, macro_precision 0.6597/0.6438, macro_recall 0.7708/0.7367, macro_f1 0.6865/0.6700

--- dapt Epoch 23/30 | lr=2.01e-05 ---
[2D] Epoch 23 [50/78] Loss: 0.8298 Time: 5.55s
[2D] Epoch 23 [78/78] Loss: 0.8304 Time: 2.41s
[2D] Train Epoch 23 (slice-level) => Loss: 0.8304, Acc: 0.6910, MacroF1: 0.6902

[2D] Starting validation...
[2D] Val (slice-level, n=786) => Acc: 0.6679, MacroF1: 0.5567
[2D] Val (volume-level, n=101) => Loss: 0.8549, Acc: 0.7525, BalancedAcc: 0.7086, MacroPrecision: 0.6269, MacroRecall: 0.7086, MacroF1: 0.6497
[2D] Val (patient-level, n=52) => Acc: 0.7692, BalancedAcc: 0.7708, MacroPrecision: 0.6597, MacroRecall: 0.7708, MacroF1: 0.6865

[2D] Volume-level Confusion Matrix:
True \ Pred       Adenocarcinoma  Small Cell      Squamous        
Y:Adenocarcinoma  56              10              6               
Y:Small Cell      1               7               4               
Y:Squamous        1               3               13              


[2D] Patient-level Confusion Matrix:
True \ Pred       Adenocarcinoma  Small Cell      Squamous        
Y:Adenocarcinoma  28              6               3               
Y:Small Cell      0               4               2               
Y:Squamous        0               1               8               

[dapt] Epoch 23 Summary => TrainLoss: 0.8304, TrainMacroF1: 0.6902, ValMacroF1(patient): 0.6865/0.6754 (cur/roll3)
[dapt] Patient current vs rolling-3: accuracy 0.7692/0.7628, balanced_accuracy 0.7708/0.7523, macro_precision 0.6597/0.6486, macro_recall 0.7708/0.7523, macro_f1 0.6865/0.6754

--- dapt Epoch 24/30 | lr=1.57e-05 ---
[2D] Epoch 24 [50/78] Loss: 0.8348 Time: 5.15s
[2D] Epoch 24 [78/78] Loss: 0.8228 Time: 2.38s
[2D] Train Epoch 24 (slice-level) => Loss: 0.8228, Acc: 0.7072, MacroF1: 0.7064

[2D] Starting validation...
[2D] Val (slice-level, n=786) => Acc: 0.6730, MacroF1: 0.5581
[2D] Val (volume-level, n=101) => Loss: 0.8448, Acc: 0.7525, BalancedAcc: 0.7086, MacroPrecision: 0.6276, MacroRecall: 0.7086, MacroF1: 0.6522
[2D] Val (patient-level, n=52) => Acc: 0.7500, BalancedAcc: 0.7337, MacroPrecision: 0.6375, MacroRecall: 0.7337, MacroF1: 0.6619

[2D] Volume-level Confusion Matrix:
True \ Pred       Adenocarcinoma  Small Cell      Squamous        
Y:Adenocarcinoma  56              10              6               
Y:Small Cell      1               7               4               
Y:Squamous        2               2               13              


[2D] Patient-level Confusion Matrix:
True \ Pred       Adenocarcinoma  Small Cell      Squamous        
Y:Adenocarcinoma  28              6               3               
Y:Small Cell      0               4               2               
Y:Squamous        1               1               7               

[dapt] Epoch 24 Summary => TrainLoss: 0.8228, TrainMacroF1: 0.7064, ValMacroF1(patient): 0.6619/0.6783 (cur/roll3)
[dapt] Patient current vs rolling-3: accuracy 0.7500/0.7628, balanced_accuracy 0.7337/0.7584, macro_precision 0.6375/0.6523, macro_recall 0.7337/0.7584, macro_f1 0.6619/0.6783

--- dapt Epoch 25/30 | lr=1.17e-05 ---
[2D] Epoch 25 [50/78] Loss: 0.8304 Time: 5.83s
[2D] Epoch 25 [78/78] Loss: 0.8333 Time: 2.75s
[2D] Train Epoch 25 (slice-level) => Loss: 0.8333, Acc: 0.6961, MacroF1: 0.6955

[2D] Starting validation...
[2D] Val (slice-level, n=786) => Acc: 0.6730, MacroF1: 0.5610
[2D] Val (volume-level, n=101) => Loss: 0.8439, Acc: 0.7723, BalancedAcc: 0.7478, MacroPrecision: 0.6515, MacroRecall: 0.7478, MacroF1: 0.6808
[2D] Val (patient-level, n=52) => Acc: 0.7500, BalancedAcc: 0.7152, MacroPrecision: 0.6274, MacroRecall: 0.7152, MacroF1: 0.6544

[2D] Volume-level Confusion Matrix:
True \ Pred       Adenocarcinoma  Small Cell      Squamous        
Y:Adenocarcinoma  56              10              6               
Y:Small Cell      1               7               4               
Y:Squamous        1               1               15              


[2D] Patient-level Confusion Matrix:
True \ Pred       Adenocarcinoma  Small Cell      Squamous        
Y:Adenocarcinoma  28              6               3               
Y:Small Cell      1               3               2               
Y:Squamous        1               0               8               

[dapt] Epoch 25 Summary => TrainLoss: 0.8333, TrainMacroF1: 0.6955, ValMacroF1(patient): 0.6544/0.6676 (cur/roll3)
[dapt] Patient current vs rolling-3: accuracy 0.7500/0.7564, balanced_accuracy 0.7152/0.7399, macro_precision 0.6274/0.6415, macro_recall 0.7152/0.7399, macro_f1 0.6544/0.6676

--- dapt Epoch 26/30 | lr=8.23e-06 ---
[2D] Epoch 26 [50/78] Loss: 0.8454 Time: 6.43s
[2D] Epoch 26 [78/78] Loss: 0.8306 Time: 3.48s
[2D] Train Epoch 26 (slice-level) => Loss: 0.8306, Acc: 0.7031, MacroF1: 0.7030

[2D] Starting validation...
[2D] Val (slice-level, n=786) => Acc: 0.6718, MacroF1: 0.5582
[2D] Val (volume-level, n=101) => Loss: 0.8426, Acc: 0.7525, BalancedAcc: 0.7086, MacroPrecision: 0.6276, MacroRecall: 0.7086, MacroF1: 0.6522
[2D] Val (patient-level, n=52) => Acc: 0.7692, BalancedAcc: 0.7708, MacroPrecision: 0.6597, MacroRecall: 0.7708, MacroF1: 0.6865

[2D] Volume-level Confusion Matrix:
True \ Pred       Adenocarcinoma  Small Cell      Squamous        
Y:Adenocarcinoma  56              10              6               
Y:Small Cell      1               7               4               
Y:Squamous        2               2               13              


[2D] Patient-level Confusion Matrix:
True \ Pred       Adenocarcinoma  Small Cell      Squamous        
Y:Adenocarcinoma  28              6               3               
Y:Small Cell      0               4               2               
Y:Squamous        0               1               8               

[dapt] Epoch 26 Summary => TrainLoss: 0.8306, TrainMacroF1: 0.7030, ValMacroF1(patient): 0.6865/0.6676 (cur/roll3)
[dapt] Patient current vs rolling-3: accuracy 0.7692/0.7564, balanced_accuracy 0.7708/0.7399, macro_precision 0.6597/0.6415, macro_recall 0.7708/0.7399, macro_f1 0.6865/0.6676

--- dapt Epoch 27/30 | lr=5.32e-06 ---
[2D] Epoch 27 [50/78] Loss: 0.8671 Time: 6.18s
[2D] Epoch 27 [78/78] Loss: 0.8584 Time: 3.17s
[2D] Train Epoch 27 (slice-level) => Loss: 0.8584, Acc: 0.6875, MacroF1: 0.6875

[2D] Starting validation...
[2D] Val (slice-level, n=786) => Acc: 0.6705, MacroF1: 0.5578
[2D] Val (volume-level, n=101) => Loss: 0.8472, Acc: 0.7723, BalancedAcc: 0.7247, MacroPrecision: 0.6406, MacroRecall: 0.7247, MacroF1: 0.6655
[2D] Val (patient-level, n=52) => Acc: 0.7692, BalancedAcc: 0.7242, MacroPrecision: 0.6452, MacroRecall: 0.7242, MacroF1: 0.6700

[2D] Volume-level Confusion Matrix:
True \ Pred       Adenocarcinoma  Small Cell      Squamous        
Y:Adenocarcinoma  57              8               7               
Y:Small Cell      1               6               5               
Y:Squamous        1               1               15              


[2D] Patient-level Confusion Matrix:
True \ Pred       Adenocarcinoma  Small Cell      Squamous        
Y:Adenocarcinoma  29              4               4               
Y:Small Cell      1               3               2               
Y:Squamous        1               0               8               

[dapt] Epoch 27 Summary => TrainLoss: 0.8584, TrainMacroF1: 0.6875, ValMacroF1(patient): 0.6700/0.6703 (cur/roll3)
[dapt] Patient current vs rolling-3: accuracy 0.7692/0.7628, balanced_accuracy 0.7242/0.7367, macro_precision 0.6452/0.6441, macro_recall 0.7242/0.7367, macro_f1 0.6700/0.6703

--- dapt Epoch 28/30 | lr=3.02e-06 ---
[2D] Epoch 28 [50/78] Loss: 0.8441 Time: 5.19s
[2D] Epoch 28 [78/78] Loss: 0.8493 Time: 2.35s
[2D] Train Epoch 28 (slice-level) => Loss: 0.8493, Acc: 0.6905, MacroF1: 0.6898

[2D] Starting validation...
[2D] Val (slice-level, n=786) => Acc: 0.6641, MacroF1: 0.5609
[2D] Val (volume-level, n=101) => Loss: 0.8638, Acc: 0.7624, BalancedAcc: 0.7432, MacroPrecision: 0.6444, MacroRecall: 0.7432, MacroF1: 0.6729
[2D] Val (patient-level, n=52) => Acc: 0.7692, BalancedAcc: 0.7708, MacroPrecision: 0.6597, MacroRecall: 0.7708, MacroF1: 0.6865

[2D] Volume-level Confusion Matrix:
True \ Pred       Adenocarcinoma  Small Cell      Squamous        
Y:Adenocarcinoma  55              11              6               
Y:Small Cell      1               7               4               
Y:Squamous        1               1               15              


[2D] Patient-level Confusion Matrix:
True \ Pred       Adenocarcinoma  Small Cell      Squamous        
Y:Adenocarcinoma  28              6               3               
Y:Small Cell      0               4               2               
Y:Squamous        0               1               8               

[dapt] Epoch 28 Summary => TrainLoss: 0.8493, TrainMacroF1: 0.6898, ValMacroF1(patient): 0.6865/0.6810 (cur/roll3)
[dapt] Patient current vs rolling-3: accuracy 0.7692/0.7692, balanced_accuracy 0.7708/0.7553, macro_precision 0.6597/0.6548, macro_recall 0.7708/0.7553, macro_f1 0.6865/0.6810

--- dapt Epoch 29/30 | lr=1.35e-06 ---
[2D] Epoch 29 [50/78] Loss: 0.8422 Time: 6.73s
[2D] Epoch 29 [78/78] Loss: 0.8461 Time: 2.86s
[2D] Train Epoch 29 (slice-level) => Loss: 0.8461, Acc: 0.6937, MacroF1: 0.6936

[2D] Starting validation...
[2D] Val (slice-level, n=786) => Acc: 0.6718, MacroF1: 0.5581
[2D] Val (volume-level, n=101) => Loss: 0.8424, Acc: 0.7426, BalancedAcc: 0.6890, MacroPrecision: 0.6157, MacroRecall: 0.6890, MacroF1: 0.6385
[2D] Val (patient-level, n=52) => Acc: 0.7500, BalancedAcc: 0.7337, MacroPrecision: 0.6375, MacroRecall: 0.7337, MacroF1: 0.6619

[2D] Volume-level Confusion Matrix:
True \ Pred       Adenocarcinoma  Small Cell      Squamous        
Y:Adenocarcinoma  56              10              6               
Y:Small Cell      1               7               4               
Y:Squamous        3               2               12              


[2D] Patient-level Confusion Matrix:
True \ Pred       Adenocarcinoma  Small Cell      Squamous        
Y:Adenocarcinoma  28              6               3               
Y:Small Cell      0               4               2               
Y:Squamous        1               1               7               

[dapt] Epoch 29 Summary => TrainLoss: 0.8461, TrainMacroF1: 0.6936, ValMacroF1(patient): 0.6619/0.6728 (cur/roll3)
[dapt] Patient current vs rolling-3: accuracy 0.7500/0.7628, balanced_accuracy 0.7337/0.7429, macro_precision 0.6375/0.6474, macro_recall 0.7337/0.7429, macro_f1 0.6619/0.6728

--- dapt Epoch 30/30 | lr=3.38e-07 ---
[2D] Epoch 30 [50/78] Loss: 0.8348 Time: 6.56s
[2D] Epoch 30 [78/78] Loss: 0.8211 Time: 3.70s
[2D] Train Epoch 30 (slice-level) => Loss: 0.8211, Acc: 0.6983, MacroF1: 0.6974

[2D] Starting validation...
[2D] Val (slice-level, n=786) => Acc: 0.6768, MacroF1: 0.5556
[2D] Val (volume-level, n=101) => Loss: 0.8337, Acc: 0.7624, BalancedAcc: 0.7132, MacroPrecision: 0.6371, MacroRecall: 0.7132, MacroF1: 0.6633
[2D] Val (patient-level, n=52) => Acc: 0.7692, BalancedAcc: 0.7427, MacroPrecision: 0.6500, MacroRecall: 0.7427, MacroF1: 0.6774

[2D] Volume-level Confusion Matrix:
True \ Pred       Adenocarcinoma  Small Cell      Squamous        
Y:Adenocarcinoma  57              9               6               
Y:Small Cell      1               7               4               
Y:Squamous        3               1               13              


[2D] Patient-level Confusion Matrix:
True \ Pred       Adenocarcinoma  Small Cell      Squamous        
Y:Adenocarcinoma  29              5               3               
Y:Small Cell      0               4               2               
Y:Squamous        1               1               7               

[dapt] Epoch 30 Summary => TrainLoss: 0.8211, TrainMacroF1: 0.6974, ValMacroF1(patient): 0.6774/0.6753 (cur/roll3)
[dapt] Patient current vs rolling-3: accuracy 0.7692/0.7628, balanced_accuracy 0.7427/0.7491, macro_precision 0.6500/0.6491, macro_recall 0.7427/0.7491, macro_f1 0.6774/0.6753

[2D] Starting validation...
/home/hansstem/anaconda3/envs/sclc/lib/python3.12/site-packages/monai/utils/deprecate_utils.py:321: FutureWarning: monai.transforms.spatial.dictionary Orientationd.__init__:labels: Current default value of argument `labels=(('L', 'R'), ('P', 'A'), ('I', 'S'))` was changed in version None from `labels=(('L', 'R'), ('P', 'A'), ('I', 'S'))` to `labels=None`. Default value changed to None meaning that the transform now uses the 'space' of a meta-tensor, if applicable, to determine appropriate axis labels.
  warn_deprecated(argname, msg, warning_category)
[2D] Val (slice-level, n=834) => Acc: 0.6115, MacroF1: 0.4715
[2D] Val (volume-level, n=106) => Loss: 0.9373, Acc: 0.6887, BalancedAcc: 0.6116, MacroPrecision: 0.5657, MacroRecall: 0.6116, MacroF1: 0.5583
[2D] Val (patient-level, n=53) => Acc: 0.6792, BalancedAcc: 0.6355, MacroPrecision: 0.5619, MacroRecall: 0.6355, MacroF1: 0.5573

[2D] Volume-level Confusion Matrix:
True \ Pred       Adenocarcinoma  Small Cell      Squamous        
Y:Adenocarcinoma  55              5               16              
Y:Small Cell      0               4               8               
Y:Squamous        2               2               14              


[2D] Patient-level Confusion Matrix:
True \ Pred       Adenocarcinoma  Small Cell      Squamous        
Y:Adenocarcinoma  26              4               8               
Y:Small Cell      0               2               4               
Y:Squamous        0               1               8               

Warning: Unknown morphological group 'Non-small cell carcinoma' for patient patient_020843 — skipping
[3D big_lunge] Excluding 3 truncated-lung-mask patients: ['patient_022269', 'patient_057069', 'patient_091821']
Found 302 patients with labels.
Split 'train': 211 patients.
  211 images, class distribution: {2: 71, 0: 73, 1: 67}
Split 'val': 45 patients.
  45 images, class distribution: {0: 16, 2: 15, 1: 14}
Split 'test': 46 patients.
  46 images, class distribution: {1: 14, 2: 16, 0: 16}
[2D big_lunge train] 1510 slices from 196 volumes / 196 patients (dropped: no_mask=3, no_tumor_slices=12), classes={2: 529, 0: 500, 1: 481}
[2D big_lunge val] 322 slices from 41 volumes / 41 patients (dropped: no_mask=1, no_tumor_slices=3), classes={0: 120, 2: 98, 1: 104}
[2D big_lunge test] 332 slices from 43 volumes / 43 patients (dropped: no_mask=0, no_tumor_slices=3), classes={1: 99, 2: 118, 0: 115}
[2D big_lunge] dropped-patient inventory -> /home/hansstem/.cache/monai_biglunge_2d/img224_crop96_mp1/dropped_patients.json
[2D] PersistentDataset cache_dir='/home/hansstem/.cache/monai_biglunge_2d/img224_crop96_mp1/train'
[2D] PersistentDataset cache_dir='/home/hansstem/.cache/monai_biglunge_2d/img224_crop96_mp1/val'
[2D] PersistentDataset cache_dir='/home/hansstem/.cache/monai_biglunge_2d/img224_crop96_mp1/test'
[WRS big_lunge] counts {0=500, 1=481, 2=529} | oversample_factor=1.10 (max_weight/min_weight)
[big_lunge] Train class distribution: {2: 529, 0: 500, 1: 481}

--- finetune Epoch 1/40 | lr(backbone/head)=3.00e-06/3.00e-05 ---
[2D] Epoch 1 [32/32] Loss: 1.2692 Time: 4.31s
[2D] Train Epoch 1 (slice-level) => Loss: 1.2692, Acc: 0.3530, MacroF1: 0.3524

[2D] Starting validation...
[2D] Val (slice-level, n=322) => Acc: 0.3696, MacroF1: 0.3715
[2D] Val (volume-level, n=41) => Loss: 1.2698, Acc: 0.3659, BalancedAcc: 0.3675, MacroPrecision: 0.3944, MacroRecall: 0.3675, MacroF1: 0.3770
[2D] Val (patient-level, n=41) => Acc: 0.3659, BalancedAcc: 0.3675, MacroPrecision: 0.3944, MacroRecall: 0.3675, MacroF1: 0.3770

[2D] Volume-level Confusion Matrix:
True \ Pred       Adenocarcinoma  Small Cell      Squamous        
Y:Adenocarcinoma  5               2               8               
Y:Small Cell      3               6               4               
Y:Squamous        7               2               4               


[2D] Patient-level Confusion Matrix:
True \ Pred       Adenocarcinoma  Small Cell      Squamous        
Y:Adenocarcinoma  5               2               8               
Y:Small Cell      3               6               4               
Y:Squamous        7               2               4               

[finetune] Epoch 1 Summary => TrainLoss: 1.2692, TrainMacroF1: 0.3524, ValMacroF1(patient): 0.3770/0.3770 (cur/roll3)
[finetune] Patient current vs rolling-3: accuracy 0.3659/0.3659, balanced_accuracy 0.3675/0.3675, macro_precision 0.3944/0.3944, macro_recall 0.3675/0.3675, macro_f1 0.3770/0.3770

--- finetune Epoch 2/40 | lr(backbone/head)=3.00e-06/3.00e-05 ---
[2D] Epoch 2 [32/32] Loss: 1.2537 Time: 4.53s
[2D] Train Epoch 2 (slice-level) => Loss: 1.2537, Acc: 0.3543, MacroF1: 0.3549

[2D] Starting validation...
[2D] Val (slice-level, n=322) => Acc: 0.3665, MacroF1: 0.3637
[2D] Val (volume-level, n=41) => Loss: 1.2544, Acc: 0.3902, BalancedAcc: 0.3932, MacroPrecision: 0.4115, MacroRecall: 0.3932, MacroF1: 0.4007
[2D] Val (patient-level, n=41) => Acc: 0.3902, BalancedAcc: 0.3932, MacroPrecision: 0.4115, MacroRecall: 0.3932, MacroF1: 0.4007

[2D] Volume-level Confusion Matrix:
True \ Pred       Adenocarcinoma  Small Cell      Squamous        
Y:Adenocarcinoma  5               2               8               
Y:Small Cell      4               7               2               
Y:Squamous        7               2               4               


[2D] Patient-level Confusion Matrix:
True \ Pred       Adenocarcinoma  Small Cell      Squamous        
Y:Adenocarcinoma  5               2               8               
Y:Small Cell      4               7               2               
Y:Squamous        7               2               4               

[finetune] Epoch 2 Summary => TrainLoss: 1.2537, TrainMacroF1: 0.3549, ValMacroF1(patient): 0.4007/0.3889 (cur/roll3)
[finetune] Patient current vs rolling-3: accuracy 0.3902/0.3780, balanced_accuracy 0.3932/0.3803, macro_precision 0.4115/0.4030, macro_recall 0.3932/0.3803, macro_f1 0.4007/0.3889

--- finetune Epoch 3/40 | lr(backbone/head)=2.98e-06/2.98e-05 ---
[2D] Epoch 3 [32/32] Loss: 1.2339 Time: 3.91s
[2D] Train Epoch 3 (slice-level) => Loss: 1.2339, Acc: 0.3709, MacroF1: 0.3708

[2D] Starting validation...
[2D] Val (slice-level, n=322) => Acc: 0.3602, MacroF1: 0.3655
[2D] Val (volume-level, n=41) => Loss: 1.2338, Acc: 0.3659, BalancedAcc: 0.3641, MacroPrecision: 0.4118, MacroRecall: 0.3641, MacroF1: 0.3767
[2D] Val (patient-level, n=41) => Acc: 0.3659, BalancedAcc: 0.3641, MacroPrecision: 0.4118, MacroRecall: 0.3641, MacroF1: 0.3767

[2D] Volume-level Confusion Matrix:
True \ Pred       Adenocarcinoma  Small Cell      Squamous        
Y:Adenocarcinoma  6               1               8               
Y:Small Cell      3               5               5               
Y:Squamous        7               2               4               


[2D] Patient-level Confusion Matrix:
True \ Pred       Adenocarcinoma  Small Cell      Squamous        
Y:Adenocarcinoma  6               1               8               
Y:Small Cell      3               5               5               
Y:Squamous        7               2               4               

[finetune] Epoch 3 Summary => TrainLoss: 1.2339, TrainMacroF1: 0.3708, ValMacroF1(patient): 0.3767/0.3848 (cur/roll3)
[finetune] Patient current vs rolling-3: accuracy 0.3659/0.3740, balanced_accuracy 0.3641/0.3749, macro_precision 0.4118/0.4059, macro_recall 0.3641/0.3749, macro_f1 0.3767/0.3848

--- finetune Epoch 4/40 | lr(backbone/head)=2.96e-06/2.96e-05 ---
[2D] Epoch 4 [32/32] Loss: 1.1818 Time: 4.66s
[2D] Train Epoch 4 (slice-level) => Loss: 1.1818, Acc: 0.3874, MacroF1: 0.3852

[2D] Starting validation...
[2D] Val (slice-level, n=322) => Acc: 0.3602, MacroF1: 0.3634
[2D] Val (volume-level, n=41) => Loss: 1.2187, Acc: 0.3659, BalancedAcc: 0.3641, MacroPrecision: 0.4118, MacroRecall: 0.3641, MacroF1: 0.3767
[2D] Val (patient-level, n=41) => Acc: 0.3659, BalancedAcc: 0.3641, MacroPrecision: 0.4118, MacroRecall: 0.3641, MacroF1: 0.3767

[2D] Volume-level Confusion Matrix:
True \ Pred       Adenocarcinoma  Small Cell      Squamous        
Y:Adenocarcinoma  6               1               8               
Y:Small Cell      3               5               5               
Y:Squamous        7               2               4               


[2D] Patient-level Confusion Matrix:
True \ Pred       Adenocarcinoma  Small Cell      Squamous        
Y:Adenocarcinoma  6               1               8               
Y:Small Cell      3               5               5               
Y:Squamous        7               2               4               

[finetune] Epoch 4 Summary => TrainLoss: 1.1818, TrainMacroF1: 0.3852, ValMacroF1(patient): 0.3767/0.3847 (cur/roll3)
[finetune] Patient current vs rolling-3: accuracy 0.3659/0.3740, balanced_accuracy 0.3641/0.3738, macro_precision 0.4118/0.4117, macro_recall 0.3641/0.3738, macro_f1 0.3767/0.3847

--- finetune Epoch 5/40 | lr(backbone/head)=2.93e-06/2.93e-05 ---
[2D] Epoch 5 [32/32] Loss: 1.1939 Time: 4.00s
[2D] Train Epoch 5 (slice-level) => Loss: 1.1939, Acc: 0.3861, MacroF1: 0.3855

[2D] Starting validation...
[2D] Val (slice-level, n=322) => Acc: 0.3571, MacroF1: 0.3563
[2D] Val (volume-level, n=41) => Loss: 1.2076, Acc: 0.3415, BalancedAcc: 0.3385, MacroPrecision: 0.3896, MacroRecall: 0.3385, MacroF1: 0.3484
[2D] Val (patient-level, n=41) => Acc: 0.3415, BalancedAcc: 0.3385, MacroPrecision: 0.3896, MacroRecall: 0.3385, MacroF1: 0.3484

[2D] Volume-level Confusion Matrix:
True \ Pred       Adenocarcinoma  Small Cell      Squamous        
Y:Adenocarcinoma  6               1               8               
Y:Small Cell      3               4               6               
Y:Squamous        7               2               4               


[2D] Patient-level Confusion Matrix:
True \ Pred       Adenocarcinoma  Small Cell      Squamous        
Y:Adenocarcinoma  6               1               8               
Y:Small Cell      3               4               6               
Y:Squamous        7               2               4               

[finetune] Epoch 5 Summary => TrainLoss: 1.1939, TrainMacroF1: 0.3855, ValMacroF1(patient): 0.3484/0.3672 (cur/roll3)
[finetune] Patient current vs rolling-3: accuracy 0.3415/0.3577, balanced_accuracy 0.3385/0.3556, macro_precision 0.3896/0.4044, macro_recall 0.3385/0.3556, macro_f1 0.3484/0.3672

--- finetune Epoch 6/40 | lr(backbone/head)=2.89e-06/2.89e-05 ---
[2D] Epoch 6 [32/32] Loss: 1.1872 Time: 4.82s
[2D] Train Epoch 6 (slice-level) => Loss: 1.1872, Acc: 0.3722, MacroF1: 0.3719

[2D] Starting validation...
[2D] Val (slice-level, n=322) => Acc: 0.3571, MacroF1: 0.3545
[2D] Val (volume-level, n=41) => Loss: 1.1900, Acc: 0.4146, BalancedAcc: 0.4120, MacroPrecision: 0.4484, MacroRecall: 0.4120, MacroF1: 0.4229
[2D] Val (patient-level, n=41) => Acc: 0.4146, BalancedAcc: 0.4120, MacroPrecision: 0.4484, MacroRecall: 0.4120, MacroF1: 0.4229

[2D] Volume-level Confusion Matrix:
True \ Pred       Adenocarcinoma  Small Cell      Squamous        
Y:Adenocarcinoma  7               1               7               
Y:Small Cell      3               6               4               
Y:Squamous        7               2               4               


[2D] Patient-level Confusion Matrix:
True \ Pred       Adenocarcinoma  Small Cell      Squamous        
Y:Adenocarcinoma  7               1               7               
Y:Small Cell      3               6               4               
Y:Squamous        7               2               4               

[finetune] Epoch 6 Summary => TrainLoss: 1.1872, TrainMacroF1: 0.3719, ValMacroF1(patient): 0.4229/0.3826 (cur/roll3)
[finetune] Patient current vs rolling-3: accuracy 0.4146/0.3740, balanced_accuracy 0.4120/0.3715, macro_precision 0.4484/0.4166, macro_recall 0.4120/0.3715, macro_f1 0.4229/0.3826

--- finetune Epoch 7/40 | lr(backbone/head)=2.84e-06/2.84e-05 ---
[2D] Epoch 7 [32/32] Loss: 1.1767 Time: 5.28s
[2D] Train Epoch 7 (slice-level) => Loss: 1.1767, Acc: 0.3735, MacroF1: 0.3724

[2D] Starting validation...
[2D] Val (slice-level, n=322) => Acc: 0.3540, MacroF1: 0.3523
[2D] Val (volume-level, n=41) => Loss: 1.1811, Acc: 0.4146, BalancedAcc: 0.4120, MacroPrecision: 0.4484, MacroRecall: 0.4120, MacroF1: 0.4229
[2D] Val (patient-level, n=41) => Acc: 0.4146, BalancedAcc: 0.4120, MacroPrecision: 0.4484, MacroRecall: 0.4120, MacroF1: 0.4229

[2D] Volume-level Confusion Matrix:
True \ Pred       Adenocarcinoma  Small Cell      Squamous        
Y:Adenocarcinoma  7               1               7               
Y:Small Cell      3               6               4               
Y:Squamous        7               2               4               


[2D] Patient-level Confusion Matrix:
True \ Pred       Adenocarcinoma  Small Cell      Squamous        
Y:Adenocarcinoma  7               1               7               
Y:Small Cell      3               6               4               
Y:Squamous        7               2               4               

[finetune] Epoch 7 Summary => TrainLoss: 1.1767, TrainMacroF1: 0.3724, ValMacroF1(patient): 0.4229/0.3981 (cur/roll3)
[finetune] Patient current vs rolling-3: accuracy 0.4146/0.3902, balanced_accuracy 0.4120/0.3875, macro_precision 0.4484/0.4288, macro_recall 0.4120/0.3875, macro_f1 0.4229/0.3981

--- finetune Epoch 8/40 | lr(backbone/head)=2.78e-06/2.78e-05 ---
[2D] Epoch 8 [32/32] Loss: 1.1501 Time: 3.45s
[2D] Train Epoch 8 (slice-level) => Loss: 1.1501, Acc: 0.3768, MacroF1: 0.3769

[2D] Starting validation...
[2D] Val (slice-level, n=322) => Acc: 0.3758, MacroF1: 0.3695
[2D] Val (volume-level, n=41) => Loss: 1.1687, Acc: 0.4146, BalancedAcc: 0.4120, MacroPrecision: 0.4087, MacroRecall: 0.4120, MacroF1: 0.4100
[2D] Val (patient-level, n=41) => Acc: 0.4146, BalancedAcc: 0.4120, MacroPrecision: 0.4087, MacroRecall: 0.4120, MacroF1: 0.4100

[2D] Volume-level Confusion Matrix:
True \ Pred       Adenocarcinoma  Small Cell      Squamous        
Y:Adenocarcinoma  7               1               7               
Y:Small Cell      4               7               2               
Y:Squamous        5               5               3               


[2D] Patient-level Confusion Matrix:
True \ Pred       Adenocarcinoma  Small Cell      Squamous        
Y:Adenocarcinoma  7               1               7               
Y:Small Cell      4               7               2               
Y:Squamous        5               5               3               

[finetune] Epoch 8 Summary => TrainLoss: 1.1501, TrainMacroF1: 0.3769, ValMacroF1(patient): 0.4100/0.4186 (cur/roll3)
[finetune] Patient current vs rolling-3: accuracy 0.4146/0.4146, balanced_accuracy 0.4120/0.4120, macro_precision 0.4087/0.4351, macro_recall 0.4120/0.4120, macro_f1 0.4100/0.4186

--- finetune Epoch 9/40 | lr(backbone/head)=2.71e-06/2.71e-05 ---
[2D] Epoch 9 [32/32] Loss: 1.1450 Time: 4.62s
[2D] Train Epoch 9 (slice-level) => Loss: 1.1450, Acc: 0.3921, MacroF1: 0.3899

[2D] Starting validation...
[2D] Val (slice-level, n=322) => Acc: 0.3820, MacroF1: 0.3746
[2D] Val (volume-level, n=41) => Loss: 1.1607, Acc: 0.3902, BalancedAcc: 0.3897, MacroPrecision: 0.3817, MacroRecall: 0.3897, MacroF1: 0.3846
[2D] Val (patient-level, n=41) => Acc: 0.3902, BalancedAcc: 0.3897, MacroPrecision: 0.3817, MacroRecall: 0.3897, MacroF1: 0.3846

[2D] Volume-level Confusion Matrix:
True \ Pred       Adenocarcinoma  Small Cell      Squamous        
Y:Adenocarcinoma  6               3               6               
Y:Small Cell      3               7               3               
Y:Squamous        5               5               3               


[2D] Patient-level Confusion Matrix:
True \ Pred       Adenocarcinoma  Small Cell      Squamous        
Y:Adenocarcinoma  6               3               6               
Y:Small Cell      3               7               3               
Y:Squamous        5               5               3               

[finetune] Epoch 9 Summary => TrainLoss: 1.1450, TrainMacroF1: 0.3899, ValMacroF1(patient): 0.3846/0.4058 (cur/roll3)
[finetune] Patient current vs rolling-3: accuracy 0.3902/0.4065, balanced_accuracy 0.3897/0.4046, macro_precision 0.3817/0.4129, macro_recall 0.3897/0.4046, macro_f1 0.3846/0.4058

--- finetune Epoch 10/40 | lr(backbone/head)=2.64e-06/2.64e-05 ---
[2D] Epoch 10 [32/32] Loss: 1.1467 Time: 3.22s
[2D] Train Epoch 10 (slice-level) => Loss: 1.1467, Acc: 0.3821, MacroF1: 0.3809

[2D] Starting validation...
[2D] Val (slice-level, n=322) => Acc: 0.3665, MacroF1: 0.3687
[2D] Val (volume-level, n=41) => Loss: 1.1604, Acc: 0.3415, BalancedAcc: 0.3385, MacroPrecision: 0.3741, MacroRecall: 0.3385, MacroF1: 0.3463
[2D] Val (patient-level, n=41) => Acc: 0.3415, BalancedAcc: 0.3385, MacroPrecision: 0.3741, MacroRecall: 0.3385, MacroF1: 0.3463

[2D] Volume-level Confusion Matrix:
True \ Pred       Adenocarcinoma  Small Cell      Squamous        
Y:Adenocarcinoma  6               1               8               
Y:Small Cell      3               4               6               
Y:Squamous        6               3               4               


[2D] Patient-level Confusion Matrix:
True \ Pred       Adenocarcinoma  Small Cell      Squamous        
Y:Adenocarcinoma  6               1               8               
Y:Small Cell      3               4               6               
Y:Squamous        6               3               4               

[finetune] Epoch 10 Summary => TrainLoss: 1.1467, TrainMacroF1: 0.3809, ValMacroF1(patient): 0.3463/0.3803 (cur/roll3)
[finetune] Patient current vs rolling-3: accuracy 0.3415/0.3821, balanced_accuracy 0.3385/0.3801, macro_precision 0.3741/0.3882, macro_recall 0.3385/0.3801, macro_f1 0.3463/0.3803

--- finetune Epoch 11/40 | lr(backbone/head)=2.56e-06/2.56e-05 ---
[2D] Epoch 11 [32/32] Loss: 1.1388 Time: 3.45s
[2D] Train Epoch 11 (slice-level) => Loss: 1.1388, Acc: 0.3921, MacroF1: 0.3906

[2D] Starting validation...
[2D] Val (slice-level, n=322) => Acc: 0.3571, MacroF1: 0.3553
[2D] Val (volume-level, n=41) => Loss: 1.1542, Acc: 0.3902, BalancedAcc: 0.3863, MacroPrecision: 0.4113, MacroRecall: 0.3863, MacroF1: 0.3926
[2D] Val (patient-level, n=41) => Acc: 0.3902, BalancedAcc: 0.3863, MacroPrecision: 0.4113, MacroRecall: 0.3863, MacroF1: 0.3926

[2D] Volume-level Confusion Matrix:
True \ Pred       Adenocarcinoma  Small Cell      Squamous        
Y:Adenocarcinoma  7               1               7               
Y:Small Cell      4               5               4               
Y:Squamous        6               3               4               


[2D] Patient-level Confusion Matrix:
True \ Pred       Adenocarcinoma  Small Cell      Squamous        
Y:Adenocarcinoma  7               1               7               
Y:Small Cell      4               5               4               
Y:Squamous        6               3               4               

[finetune] Epoch 11 Summary => TrainLoss: 1.1388, TrainMacroF1: 0.3906, ValMacroF1(patient): 0.3926/0.3745 (cur/roll3)
[finetune] Patient current vs rolling-3: accuracy 0.3902/0.3740, balanced_accuracy 0.3863/0.3715, macro_precision 0.4113/0.3890, macro_recall 0.3863/0.3715, macro_f1 0.3926/0.3745

--- finetune Epoch 12/40 | lr(backbone/head)=2.47e-06/2.47e-05 ---
[2D] Epoch 12 [32/32] Loss: 1.1286 Time: 4.80s
[2D] Train Epoch 12 (slice-level) => Loss: 1.1286, Acc: 0.3596, MacroF1: 0.3583

[2D] Starting validation...
[2D] Val (slice-level, n=322) => Acc: 0.3727, MacroF1: 0.3699
[2D] Val (volume-level, n=41) => Loss: 1.1506, Acc: 0.3902, BalancedAcc: 0.3897, MacroPrecision: 0.3864, MacroRecall: 0.3897, MacroF1: 0.3877
[2D] Val (patient-level, n=41) => Acc: 0.3902, BalancedAcc: 0.3897, MacroPrecision: 0.3864, MacroRecall: 0.3897, MacroF1: 0.3877

[2D] Volume-level Confusion Matrix:
True \ Pred       Adenocarcinoma  Small Cell      Squamous        
Y:Adenocarcinoma  6               2               7               
Y:Small Cell      3               7               3               
Y:Squamous        5               5               3               


[2D] Patient-level Confusion Matrix:
True \ Pred       Adenocarcinoma  Small Cell      Squamous        
Y:Adenocarcinoma  6               2               7               
Y:Small Cell      3               7               3               
Y:Squamous        5               5               3               

[finetune] Epoch 12 Summary => TrainLoss: 1.1286, TrainMacroF1: 0.3583, ValMacroF1(patient): 0.3877/0.3755 (cur/roll3)
[finetune] Patient current vs rolling-3: accuracy 0.3902/0.3740, balanced_accuracy 0.3897/0.3715, macro_precision 0.3864/0.3906, macro_recall 0.3897/0.3715, macro_f1 0.3877/0.3755

--- finetune Epoch 13/40 | lr(backbone/head)=2.38e-06/2.38e-05 ---
[2D] Epoch 13 [32/32] Loss: 1.1226 Time: 4.47s
[2D] Train Epoch 13 (slice-level) => Loss: 1.1226, Acc: 0.3781, MacroF1: 0.3772

[2D] Starting validation...
[2D] Val (slice-level, n=322) => Acc: 0.3540, MacroF1: 0.3501
[2D] Val (volume-level, n=41) => Loss: 1.1436, Acc: 0.3902, BalancedAcc: 0.3897, MacroPrecision: 0.3817, MacroRecall: 0.3897, MacroF1: 0.3846
[2D] Val (patient-level, n=41) => Acc: 0.3902, BalancedAcc: 0.3897, MacroPrecision: 0.3817, MacroRecall: 0.3897, MacroF1: 0.3846

[2D] Volume-level Confusion Matrix:
True \ Pred       Adenocarcinoma  Small Cell      Squamous        
Y:Adenocarcinoma  6               3               6               
Y:Small Cell      3               7               3               
Y:Squamous        5               5               3               


[2D] Patient-level Confusion Matrix:
True \ Pred       Adenocarcinoma  Small Cell      Squamous        
Y:Adenocarcinoma  6               3               6               
Y:Small Cell      3               7               3               
Y:Squamous        5               5               3               

[finetune] Epoch 13 Summary => TrainLoss: 1.1226, TrainMacroF1: 0.3772, ValMacroF1(patient): 0.3846/0.3883 (cur/roll3)
[finetune] Patient current vs rolling-3: accuracy 0.3902/0.3902, balanced_accuracy 0.3897/0.3886, macro_precision 0.3817/0.3932, macro_recall 0.3897/0.3886, macro_f1 0.3846/0.3883

--- finetune Epoch 14/40 | lr(backbone/head)=2.28e-06/2.28e-05 ---
[2D] Epoch 14 [32/32] Loss: 1.1274 Time: 4.54s
[2D] Train Epoch 14 (slice-level) => Loss: 1.1274, Acc: 0.3848, MacroF1: 0.3845

[2D] Starting validation...
[2D] Val (slice-level, n=322) => Acc: 0.3789, MacroF1: 0.3756
[2D] Val (volume-level, n=41) => Loss: 1.1392, Acc: 0.3659, BalancedAcc: 0.3607, MacroPrecision: 0.3873, MacroRecall: 0.3607, MacroF1: 0.3648
[2D] Val (patient-level, n=41) => Acc: 0.3659, BalancedAcc: 0.3607, MacroPrecision: 0.3873, MacroRecall: 0.3607, MacroF1: 0.3648

[2D] Volume-level Confusion Matrix:
True \ Pred       Adenocarcinoma  Small Cell      Squamous        
Y:Adenocarcinoma  7               1               7               
Y:Small Cell      4               4               5               
Y:Squamous        6               3               4               


[2D] Patient-level Confusion Matrix:
True \ Pred       Adenocarcinoma  Small Cell      Squamous        
Y:Adenocarcinoma  7               1               7               
Y:Small Cell      4               4               5               
Y:Squamous        6               3               4               

[finetune] Epoch 14 Summary => TrainLoss: 1.1274, TrainMacroF1: 0.3845, ValMacroF1(patient): 0.3648/0.3790 (cur/roll3)
[finetune] Patient current vs rolling-3: accuracy 0.3659/0.3821, balanced_accuracy 0.3607/0.3801, macro_precision 0.3873/0.3851, macro_recall 0.3607/0.3801, macro_f1 0.3648/0.3790

--- finetune Epoch 15/40 | lr(backbone/head)=2.18e-06/2.18e-05 ---
[2D] Epoch 15 [32/32] Loss: 1.1198 Time: 4.45s
[2D] Train Epoch 15 (slice-level) => Loss: 1.1198, Acc: 0.3854, MacroF1: 0.3829

[2D] Starting validation...
[2D] Val (slice-level, n=322) => Acc: 0.3478, MacroF1: 0.3361
[2D] Val (volume-level, n=41) => Loss: 1.1360, Acc: 0.3415, BalancedAcc: 0.3385, MacroPrecision: 0.3079, MacroRecall: 0.3385, MacroF1: 0.3203
[2D] Val (patient-level, n=41) => Acc: 0.3415, BalancedAcc: 0.3385, MacroPrecision: 0.3079, MacroRecall: 0.3385, MacroF1: 0.3203

[2D] Volume-level Confusion Matrix:
True \ Pred       Adenocarcinoma  Small Cell      Squamous        
Y:Adenocarcinoma  6               3               6               
Y:Small Cell      4               7               2               
Y:Squamous        6               6               1               


[2D] Patient-level Confusion Matrix:
True \ Pred       Adenocarcinoma  Small Cell      Squamous        
Y:Adenocarcinoma  6               3               6               
Y:Small Cell      4               7               2               
Y:Squamous        6               6               1               

[finetune] Epoch 15 Summary => TrainLoss: 1.1198, TrainMacroF1: 0.3829, ValMacroF1(patient): 0.3203/0.3565 (cur/roll3)
[finetune] Patient current vs rolling-3: accuracy 0.3415/0.3659, balanced_accuracy 0.3385/0.3630, macro_precision 0.3079/0.3590, macro_recall 0.3385/0.3630, macro_f1 0.3203/0.3565

--- finetune Epoch 16/40 | lr(backbone/head)=2.07e-06/2.07e-05 ---
[2D] Epoch 16 [32/32] Loss: 1.1101 Time: 4.73s
[2D] Train Epoch 16 (slice-level) => Loss: 1.1101, Acc: 0.3921, MacroF1: 0.3882

[2D] Starting validation...
[2D] Val (slice-level, n=322) => Acc: 0.3571, MacroF1: 0.3562
[2D] Val (volume-level, n=41) => Loss: 1.1366, Acc: 0.3659, BalancedAcc: 0.3641, MacroPrecision: 0.3681, MacroRecall: 0.3641, MacroF1: 0.3659
[2D] Val (patient-level, n=41) => Acc: 0.3659, BalancedAcc: 0.3641, MacroPrecision: 0.3681, MacroRecall: 0.3641, MacroF1: 0.3659

[2D] Volume-level Confusion Matrix:
True \ Pred       Adenocarcinoma  Small Cell      Squamous        
Y:Adenocarcinoma  6               2               7               
Y:Small Cell      3               6               4               
Y:Squamous        5               5               3               


[2D] Patient-level Confusion Matrix:
True \ Pred       Adenocarcinoma  Small Cell      Squamous        
Y:Adenocarcinoma  6               2               7               
Y:Small Cell      3               6               4               
Y:Squamous        5               5               3               

[finetune] Epoch 16 Summary => TrainLoss: 1.1101, TrainMacroF1: 0.3882, ValMacroF1(patient): 0.3659/0.3503 (cur/roll3)
[finetune] Patient current vs rolling-3: accuracy 0.3659/0.3577, balanced_accuracy 0.3641/0.3544, macro_precision 0.3681/0.3544, macro_recall 0.3641/0.3544, macro_f1 0.3659/0.3503

--- finetune Epoch 17/40 | lr(backbone/head)=1.96e-06/1.96e-05 ---
[2D] Epoch 17 [32/32] Loss: 1.1134 Time: 4.58s
[2D] Train Epoch 17 (slice-level) => Loss: 1.1134, Acc: 0.3914, MacroF1: 0.3918

[2D] Starting validation...
[2D] Val (slice-level, n=322) => Acc: 0.3727, MacroF1: 0.3675
[2D] Val (volume-level, n=41) => Loss: 1.1332, Acc: 0.3659, BalancedAcc: 0.3607, MacroPrecision: 0.3616, MacroRecall: 0.3607, MacroF1: 0.3608
[2D] Val (patient-level, n=41) => Acc: 0.3659, BalancedAcc: 0.3607, MacroPrecision: 0.3616, MacroRecall: 0.3607, MacroF1: 0.3608

[2D] Volume-level Confusion Matrix:
True \ Pred       Adenocarcinoma  Small Cell      Squamous        
Y:Adenocarcinoma  7               2               6               
Y:Small Cell      4               5               4               
Y:Squamous        5               5               3               


[2D] Patient-level Confusion Matrix:
True \ Pred       Adenocarcinoma  Small Cell      Squamous        
Y:Adenocarcinoma  7               2               6               
Y:Small Cell      4               5               4               
Y:Squamous        5               5               3               

[finetune] Epoch 17 Summary => TrainLoss: 1.1134, TrainMacroF1: 0.3918, ValMacroF1(patient): 0.3608/0.3490 (cur/roll3)
[finetune] Patient current vs rolling-3: accuracy 0.3659/0.3577, balanced_accuracy 0.3607/0.3544, macro_precision 0.3616/0.3459, macro_recall 0.3607/0.3544, macro_f1 0.3608/0.3490

--- finetune Epoch 18/40 | lr(backbone/head)=1.85e-06/1.85e-05 ---
[2D] Epoch 18 [32/32] Loss: 1.1118 Time: 4.79s
[2D] Train Epoch 18 (slice-level) => Loss: 1.1118, Acc: 0.3907, MacroF1: 0.3908

[2D] Starting validation...
[2D] Val (slice-level, n=322) => Acc: 0.3665, MacroF1: 0.3635
[2D] Val (volume-level, n=41) => Loss: 1.1325, Acc: 0.3415, BalancedAcc: 0.3350, MacroPrecision: 0.3385, MacroRecall: 0.3350, MacroF1: 0.3357
[2D] Val (patient-level, n=41) => Acc: 0.3415, BalancedAcc: 0.3350, MacroPrecision: 0.3385, MacroRecall: 0.3350, MacroF1: 0.3357

[2D] Volume-level Confusion Matrix:
True \ Pred       Adenocarcinoma  Small Cell      Squamous        
Y:Adenocarcinoma  7               2               6               
Y:Small Cell      4               4               5               
Y:Squamous        5               5               3               


[2D] Patient-level Confusion Matrix:
True \ Pred       Adenocarcinoma  Small Cell      Squamous        
Y:Adenocarcinoma  7               2               6               
Y:Small Cell      4               4               5               
Y:Squamous        5               5               3               

[finetune] Epoch 18 Summary => TrainLoss: 1.1118, TrainMacroF1: 0.3908, ValMacroF1(patient): 0.3357/0.3541 (cur/roll3)
[finetune] Patient current vs rolling-3: accuracy 0.3415/0.3577, balanced_accuracy 0.3350/0.3533, macro_precision 0.3385/0.3561, macro_recall 0.3350/0.3533, macro_f1 0.3357/0.3541

[2D] Starting validation...
[2D] Val (slice-level, n=332) => Acc: 0.3404, MacroF1: 0.3312
[2D] Val (volume-level, n=43) => Loss: 1.2366, Acc: 0.3256, BalancedAcc: 0.3179, MacroPrecision: 0.3134, MacroRecall: 0.3179, MacroF1: 0.3093
[2D] Val (patient-level, n=43) => Acc: 0.3256, BalancedAcc: 0.3179, MacroPrecision: 0.3134, MacroRecall: 0.3179, MacroF1: 0.3093

[2D] Volume-level Confusion Matrix:
True \ Pred       Adenocarcinoma  Small Cell      Squamous        
Y:Adenocarcinoma  7               5               3               
Y:Small Cell      6               2               5               
Y:Squamous        8               2               5               


[2D] Patient-level Confusion Matrix:
True \ Pred       Adenocarcinoma  Small Cell      Squamous        
Y:Adenocarcinoma  7               5               3               
Y:Small Cell      6               2               5               
Y:Squamous        8               2               5               

