<frozen importlib._bootstrap_external>:1301: FutureWarning: The cuda.cudart module is deprecated and will be removed in a future release, please switch to use the cuda.bindings.runtime module instead.
/home/hansstem/anaconda3/envs/sclc/lib/python3.12/site-packages/monai/utils/deprecate_utils.py:321: FutureWarning: monai.transforms.spatial.dictionary Orientationd.__init__:labels: Current default value of argument `labels=(('L', 'R'), ('P', 'A'), ('I', 'S'))` was changed in version None from `labels=(('L', 'R'), ('P', 'A'), ('I', 'S'))` to `labels=None`. Default value changed to None meaning that the transform now uses the 'space' of a meta-tensor, if applicable, to determine appropriate axis labels.
  warn_deprecated(argname, msg, warning_category)
[*] SwinTiny2DClassifier: loading RadImageNet weights from /home/hansstem/RadImageNet_swin/rin_swintf.pth
[*] RadImageNet weights: matched 171/171 keys (unexpected=0, missing=2)
Initialized swin_tiny_2d Classifier. Total Params: 27,518,589
Split 'train': 242 patients.
  482 images (482 w/ masks), class distribution: {0: 341, 1: 56, 2: 85}
Split 'val': 52 patients.
  102 images (102 w/ masks), class distribution: {0: 73, 2: 17, 1: 12}
Split 'test': 53 patients.
  106 images (106 w/ masks), class distribution: {0: 76, 1: 12, 2: 18}
[2D lung_pet_ct_dx train] 3730 slices from 482 volumes / 242 patients (dropped: no_mask=0, no_tumor_slices=0), classes={0: 2608, 1: 442, 2: 680}
[2D lung_pet_ct_dx val] 786 slices from 101 volumes / 52 patients (dropped: no_mask=0, no_tumor_slices=1), classes={0: 554, 2: 136, 1: 96}
[2D lung_pet_ct_dx test] 834 slices from 106 volumes / 53 patients (dropped: no_mask=0, no_tumor_slices=0), classes={0: 594, 1: 96, 2: 144}
[2D lung_pet_ct_dx] dropped-patient inventory -> /home/hansstem/.cache/monai_lung_pet_ct_clean_2d/img224_crop96_mp1/dropped_patients.json
[2D] PersistentDataset cache_dir='/home/hansstem/.cache/monai_lung_pet_ct_clean_2d/img224_crop96_mp1/train'
[2D] PersistentDataset cache_dir='/home/hansstem/.cache/monai_lung_pet_ct_clean_2d/img224_crop96_mp1/val'
[2D] PersistentDataset cache_dir='/home/hansstem/.cache/monai_lung_pet_ct_clean_2d/img224_crop96_mp1/test'
[WRS lung_pet_ct_dx] counts {0=2597, 1=440, 2=675} | oversample_factor=5.90 (max_weight/min_weight)
[lung_pet_ct_dx] Train class distribution: {0: 2597, 1: 440, 2: 675}

--- dapt Epoch 1/30 | lr=1.00e-06 ---
[2D] Epoch 1 [50/116] Loss: 1.0992 Time: 8.20s
[2D] Epoch 1 [100/116] Loss: 1.0993 Time: 5.25s
[2D] Epoch 1 [116/116] Loss: 1.0990 Time: 2.01s
[2D] Train Epoch 1 (slice-level) => Loss: 1.0990, Acc: 0.3435, MacroF1: 0.2829

[2D] Starting validation...
[2D] Val (slice-level, n=786) => Acc: 0.4351, MacroF1: 0.2991
[2D] Val (volume-level, n=101) => Loss: 1.0861, Acc: 0.4752, BalancedAcc: 0.4074, MacroPrecision: 0.3421, MacroRecall: 0.4074, MacroF1: 0.3106
[2D] Val (patient-level, n=52) => Acc: 0.5192, BalancedAcc: 0.4760, MacroPrecision: 0.3574, MacroRecall: 0.4760, MacroF1: 0.3407

[2D] Volume-level Confusion Matrix:
True \ Pred       Adenocarcinoma  Small Cell      Squamous        
Y:Adenocarcinoma  40              29              3               
Y:Small Cell      3               8               1               
Y:Squamous        3               14              0               


[2D] Patient-level Confusion Matrix:
True \ Pred       Adenocarcinoma  Small Cell      Squamous        
Y:Adenocarcinoma  22              14              1               
Y:Small Cell      1               5               0               
Y:Squamous        2               7               0               

[dapt] Epoch 1 Summary => TrainLoss: 1.0990, TrainMacroF1: 0.2829, ValMacroF1(patient): 0.3407/0.3407 (cur/roll3)
[dapt] Patient current vs rolling-3: accuracy 0.5192/0.5192, balanced_accuracy 0.4760/0.4760, macro_precision 0.3574/0.3574, macro_recall 0.4760/0.4760, macro_f1 0.3407/0.3407

--- dapt Epoch 2/30 | lr=1.08e-05 ---
[2D] Epoch 2 [50/116] Loss: 1.0888 Time: 5.48s
[2D] Epoch 2 [100/116] Loss: 1.0808 Time: 5.11s
[2D] Epoch 2 [116/116] Loss: 1.0770 Time: 1.68s
[2D] Train Epoch 2 (slice-level) => Loss: 1.0770, Acc: 0.4375, MacroF1: 0.4374

[2D] Starting validation...
[2D] Val (slice-level, n=786) => Acc: 0.6120, MacroF1: 0.4708
[2D] Val (volume-level, n=101) => Loss: 0.9974, Acc: 0.6337, BalancedAcc: 0.4638, MacroPrecision: 0.4519, MacroRecall: 0.4638, MacroF1: 0.4537
[2D] Val (patient-level, n=52) => Acc: 0.6731, BalancedAcc: 0.5390, MacroPrecision: 0.5185, MacroRecall: 0.5390, MacroF1: 0.5253

[2D] Volume-level Confusion Matrix:
True \ Pred       Adenocarcinoma  Small Cell      Squamous        
Y:Adenocarcinoma  55              10              7               
Y:Small Cell      4               4               4               
Y:Squamous        8               4               5               


[2D] Patient-level Confusion Matrix:
True \ Pred       Adenocarcinoma  Small Cell      Squamous        
Y:Adenocarcinoma  29              4               4               
Y:Small Cell      2               3               1               
Y:Squamous        5               1               3               

[dapt] Epoch 2 Summary => TrainLoss: 1.0770, TrainMacroF1: 0.4374, ValMacroF1(patient): 0.5253/0.4330 (cur/roll3)
[dapt] Patient current vs rolling-3: accuracy 0.6731/0.5962, balanced_accuracy 0.5390/0.5075, macro_precision 0.5185/0.4380, macro_recall 0.5390/0.5075, macro_f1 0.5253/0.4330

--- dapt Epoch 3/30 | lr=2.06e-05 ---
[2D] Epoch 3 [50/116] Loss: 1.0325 Time: 5.47s
[2D] Epoch 3 [100/116] Loss: 1.0188 Time: 5.47s
[2D] Epoch 3 [116/116] Loss: 1.0147 Time: 1.80s
[2D] Train Epoch 3 (slice-level) => Loss: 1.0147, Acc: 0.5164, MacroF1: 0.5121

[2D] Starting validation...
[2D] Val (slice-level, n=786) => Acc: 0.5445, MacroF1: 0.4897
[2D] Val (volume-level, n=101) => Loss: 1.0860, Acc: 0.5743, BalancedAcc: 0.6334, MacroPrecision: 0.5429, MacroRecall: 0.6334, MacroF1: 0.5175
[2D] Val (patient-level, n=52) => Acc: 0.5962, BalancedAcc: 0.6617, MacroPrecision: 0.5595, MacroRecall: 0.6617, MacroF1: 0.5404

[2D] Volume-level Confusion Matrix:
True \ Pred       Adenocarcinoma  Small Cell      Squamous        
Y:Adenocarcinoma  38              15              19              
Y:Small Cell      0               8               4               
Y:Squamous        0               5               12              


[2D] Patient-level Confusion Matrix:
True \ Pred       Adenocarcinoma  Small Cell      Squamous        
Y:Adenocarcinoma  20              9               8               
Y:Small Cell      0               4               2               
Y:Squamous        0               2               7               

[dapt] Epoch 3 Summary => TrainLoss: 1.0147, TrainMacroF1: 0.5121, ValMacroF1(patient): 0.5404/0.4688 (cur/roll3)
[dapt] Patient current vs rolling-3: accuracy 0.5962/0.5962, balanced_accuracy 0.6617/0.5589, macro_precision 0.5595/0.4785, macro_recall 0.6617/0.5589, macro_f1 0.5404/0.4688

--- dapt Epoch 4/30 | lr=3.04e-05 ---
[2D] Epoch 4 [50/116] Loss: 1.0011 Time: 5.18s
[2D] Epoch 4 [100/116] Loss: 0.9880 Time: 5.29s
[2D] Epoch 4 [116/116] Loss: 0.9860 Time: 2.13s
[2D] Train Epoch 4 (slice-level) => Loss: 0.9860, Acc: 0.5571, MacroF1: 0.5540

[2D] Starting validation...
[2D] Val (slice-level, n=786) => Acc: 0.6819, MacroF1: 0.5667
[2D] Val (volume-level, n=101) => Loss: 0.8791, Acc: 0.6931, BalancedAcc: 0.6127, MacroPrecision: 0.5568, MacroRecall: 0.6127, MacroF1: 0.5727
[2D] Val (patient-level, n=52) => Acc: 0.7115, BalancedAcc: 0.6411, MacroPrecision: 0.5789, MacroRecall: 0.6411, MacroF1: 0.5983

[2D] Volume-level Confusion Matrix:
True \ Pred       Adenocarcinoma  Small Cell      Squamous        
Y:Adenocarcinoma  54              9               9               
Y:Small Cell      3               6               3               
Y:Squamous        3               4               10              


[2D] Patient-level Confusion Matrix:
True \ Pred       Adenocarcinoma  Small Cell      Squamous        
Y:Adenocarcinoma  28              5               4               
Y:Small Cell      1               3               2               
Y:Squamous        2               1               6               

[dapt] Epoch 4 Summary => TrainLoss: 0.9860, TrainMacroF1: 0.5540, ValMacroF1(patient): 0.5983/0.5547 (cur/roll3)
[dapt] Patient current vs rolling-3: accuracy 0.7115/0.6603, balanced_accuracy 0.6411/0.6139, macro_precision 0.5789/0.5523, macro_recall 0.6411/0.6139, macro_f1 0.5983/0.5547

--- dapt Epoch 5/30 | lr=4.02e-05 ---
[2D] Epoch 5 [50/116] Loss: 0.9533 Time: 5.50s
[2D] Epoch 5 [100/116] Loss: 0.9426 Time: 5.18s
[2D] Epoch 5 [116/116] Loss: 0.9394 Time: 1.89s
[2D] Train Epoch 5 (slice-level) => Loss: 0.9394, Acc: 0.5932, MacroF1: 0.5911

[2D] Starting validation...
[2D] Val (slice-level, n=786) => Acc: 0.6387, MacroF1: 0.5578
[2D] Val (volume-level, n=101) => Loss: 0.9101, Acc: 0.6832, BalancedAcc: 0.6925, MacroPrecision: 0.5932, MacroRecall: 0.6925, MacroF1: 0.6011
[2D] Val (patient-level, n=52) => Acc: 0.7308, BalancedAcc: 0.7528, MacroPrecision: 0.6323, MacroRecall: 0.7528, MacroF1: 0.6542

[2D] Volume-level Confusion Matrix:
True \ Pred       Adenocarcinoma  Small Cell      Squamous        
Y:Adenocarcinoma  49              14              9               
Y:Small Cell      0               9               3               
Y:Squamous        1               5               11              


[2D] Patient-level Confusion Matrix:
True \ Pred       Adenocarcinoma  Small Cell      Squamous        
Y:Adenocarcinoma  26              6               5               
Y:Small Cell      0               4               2               
Y:Squamous        0               1               8               

[dapt] Epoch 5 Summary => TrainLoss: 0.9394, TrainMacroF1: 0.5911, ValMacroF1(patient): 0.6542/0.5976 (cur/roll3)
[dapt] Patient current vs rolling-3: accuracy 0.7308/0.6795, balanced_accuracy 0.7528/0.6852, macro_precision 0.6323/0.5902, macro_recall 0.7528/0.6852, macro_f1 0.6542/0.5976

--- dapt Epoch 6/30 | lr=5.00e-05 ---
[2D] Epoch 6 [50/116] Loss: 0.9182 Time: 6.37s
[2D] Epoch 6 [100/116] Loss: 0.9021 Time: 6.84s
[2D] Epoch 6 [116/116] Loss: 0.9006 Time: 1.49s
[2D] Train Epoch 6 (slice-level) => Loss: 0.9006, Acc: 0.6409, MacroF1: 0.6414

[2D] Starting validation...
[2D] Val (slice-level, n=786) => Acc: 0.6997, MacroF1: 0.5926
[2D] Val (volume-level, n=101) => Loss: 0.7922, Acc: 0.7525, BalancedAcc: 0.7100, MacroPrecision: 0.6543, MacroRecall: 0.7100, MacroF1: 0.6541
[2D] Val (patient-level, n=52) => Acc: 0.7885, BalancedAcc: 0.7983, MacroPrecision: 0.6859, MacroRecall: 0.7983, MacroF1: 0.7180

[2D] Volume-level Confusion Matrix:
True \ Pred       Adenocarcinoma  Small Cell      Squamous        
Y:Adenocarcinoma  57              12              3               
Y:Small Cell      1               9               2               
Y:Squamous        2               5               10              


[2D] Patient-level Confusion Matrix:
True \ Pred       Adenocarcinoma  Small Cell      Squamous        
Y:Adenocarcinoma  29              5               3               
Y:Small Cell      0               5               1               
Y:Squamous        1               1               7               

[dapt] Epoch 6 Summary => TrainLoss: 0.9006, TrainMacroF1: 0.6414, ValMacroF1(patient): 0.7180/0.6568 (cur/roll3)
[dapt] Patient current vs rolling-3: accuracy 0.7885/0.7436, balanced_accuracy 0.7983/0.7307, macro_precision 0.6859/0.6323, macro_recall 0.7983/0.7307, macro_f1 0.7180/0.6568

--- dapt Epoch 7/30 | lr=4.98e-05 ---
[2D] Epoch 7 [50/116] Loss: 0.8859 Time: 5.55s
[2D] Epoch 7 [100/116] Loss: 0.8627 Time: 6.00s
[2D] Epoch 7 [116/116] Loss: 0.8515 Time: 1.84s
[2D] Train Epoch 7 (slice-level) => Loss: 0.8515, Acc: 0.6810, MacroF1: 0.6805

[2D] Starting validation...
[2D] Val (slice-level, n=786) => Acc: 0.6959, MacroF1: 0.5902
[2D] Val (volume-level, n=101) => Loss: 0.8398, Acc: 0.7228, BalancedAcc: 0.7111, MacroPrecision: 0.6116, MacroRecall: 0.7111, MacroF1: 0.6304
[2D] Val (patient-level, n=52) => Acc: 0.7692, BalancedAcc: 0.7427, MacroPrecision: 0.6462, MacroRecall: 0.7427, MacroF1: 0.6717

[2D] Volume-level Confusion Matrix:
True \ Pred       Adenocarcinoma  Small Cell      Squamous        
Y:Adenocarcinoma  53              10              9               
Y:Small Cell      0               9               3               
Y:Squamous        1               5               11              


[2D] Patient-level Confusion Matrix:
True \ Pred       Adenocarcinoma  Small Cell      Squamous        
Y:Adenocarcinoma  29              4               4               
Y:Small Cell      0               4               2               
Y:Squamous        0               2               7               

[dapt] Epoch 7 Summary => TrainLoss: 0.8515, TrainMacroF1: 0.6805, ValMacroF1(patient): 0.6717/0.6813 (cur/roll3)
[dapt] Patient current vs rolling-3: accuracy 0.7692/0.7628, balanced_accuracy 0.7427/0.7646, macro_precision 0.6462/0.6548, macro_recall 0.7427/0.7646, macro_f1 0.6717/0.6813

--- dapt Epoch 8/30 | lr=4.92e-05 ---
[2D] Epoch 8 [50/116] Loss: 0.8188 Time: 6.46s
[2D] Epoch 8 [100/116] Loss: 0.8138 Time: 6.00s
[2D] Epoch 8 [116/116] Loss: 0.8191 Time: 1.56s
[2D] Train Epoch 8 (slice-level) => Loss: 0.8191, Acc: 0.7053, MacroF1: 0.7051

[2D] Starting validation...
[2D] Val (slice-level, n=786) => Acc: 0.6832, MacroF1: 0.5499
[2D] Val (volume-level, n=101) => Loss: 0.8535, Acc: 0.7327, BalancedAcc: 0.6639, MacroPrecision: 0.6268, MacroRecall: 0.6639, MacroF1: 0.5993
[2D] Val (patient-level, n=52) => Acc: 0.7115, BalancedAcc: 0.6221, MacroPrecision: 0.5833, MacroRecall: 0.6221, MacroF1: 0.5439

[2D] Volume-level Confusion Matrix:
True \ Pred       Adenocarcinoma  Small Cell      Squamous        
Y:Adenocarcinoma  58              12              2               
Y:Small Cell      0               10              2               
Y:Squamous        4               7               6               


[2D] Patient-level Confusion Matrix:
True \ Pred       Adenocarcinoma  Small Cell      Squamous        
Y:Adenocarcinoma  30              6               1               
Y:Small Cell      0               5               1               
Y:Squamous        2               5               2               

[dapt] Epoch 8 Summary => TrainLoss: 0.8191, TrainMacroF1: 0.7051, ValMacroF1(patient): 0.5439/0.6445 (cur/roll3)
[dapt] Patient current vs rolling-3: accuracy 0.7115/0.7564, balanced_accuracy 0.6221/0.7211, macro_precision 0.5833/0.6384, macro_recall 0.6221/0.7211, macro_f1 0.5439/0.6445

--- dapt Epoch 9/30 | lr=4.82e-05 ---
[2D] Epoch 9 [50/116] Loss: 0.8049 Time: 6.59s
[2D] Epoch 9 [100/116] Loss: 0.7826 Time: 5.08s
[2D] Epoch 9 [116/116] Loss: 0.7800 Time: 1.54s
[2D] Train Epoch 9 (slice-level) => Loss: 0.7800, Acc: 0.7376, MacroF1: 0.7372

[2D] Starting validation...
[2D] Val (slice-level, n=786) => Acc: 0.6260, MacroF1: 0.5397
[2D] Val (volume-level, n=101) => Loss: 0.9150, Acc: 0.6634, BalancedAcc: 0.6438, MacroPrecision: 0.5646, MacroRecall: 0.6438, MacroF1: 0.5650
[2D] Val (patient-level, n=52) => Acc: 0.7308, BalancedAcc: 0.7062, MacroPrecision: 0.6152, MacroRecall: 0.7062, MacroF1: 0.6292

[2D] Volume-level Confusion Matrix:
True \ Pred       Adenocarcinoma  Small Cell      Squamous        
Y:Adenocarcinoma  48              10              14              
Y:Small Cell      0               6               6               
Y:Squamous        0               4               13              


[2D] Patient-level Confusion Matrix:
True \ Pred       Adenocarcinoma  Small Cell      Squamous        
Y:Adenocarcinoma  27              4               6               
Y:Small Cell      0               3               3               
Y:Squamous        0               1               8               

[dapt] Epoch 9 Summary => TrainLoss: 0.7800, TrainMacroF1: 0.7372, ValMacroF1(patient): 0.6292/0.6150 (cur/roll3)
[dapt] Patient current vs rolling-3: accuracy 0.7308/0.7372, balanced_accuracy 0.7062/0.6904, macro_precision 0.6152/0.6149, macro_recall 0.7062/0.6904, macro_f1 0.6292/0.6150

--- dapt Epoch 10/30 | lr=4.69e-05 ---
[2D] Epoch 10 [50/116] Loss: 0.7499 Time: 6.05s
[2D] Epoch 10 [100/116] Loss: 0.7355 Time: 5.71s
[2D] Epoch 10 [116/116] Loss: 0.7306 Time: 1.37s
[2D] Train Epoch 10 (slice-level) => Loss: 0.7306, Acc: 0.7791, MacroF1: 0.7785

[2D] Starting validation...
[2D] Val (slice-level, n=786) => Acc: 0.7150, MacroF1: 0.5938
[2D] Val (volume-level, n=101) => Loss: 0.7976, Acc: 0.7426, BalancedAcc: 0.6373, MacroPrecision: 0.6037, MacroRecall: 0.6373, MacroF1: 0.6023
[2D] Val (patient-level, n=52) => Acc: 0.7692, BalancedAcc: 0.6867, MacroPrecision: 0.6632, MacroRecall: 0.6867, MacroF1: 0.6563

[2D] Volume-level Confusion Matrix:
True \ Pred       Adenocarcinoma  Small Cell      Squamous        
Y:Adenocarcinoma  60              9               3               
Y:Small Cell      1               8               3               
Y:Squamous        5               5               7               


[2D] Patient-level Confusion Matrix:
True \ Pred       Adenocarcinoma  Small Cell      Squamous        
Y:Adenocarcinoma  31              5               1               
Y:Small Cell      1               4               1               
Y:Squamous        2               2               5               

[dapt] Epoch 10 Summary => TrainLoss: 0.7306, TrainMacroF1: 0.7785, ValMacroF1(patient): 0.6563/0.6098 (cur/roll3)
[dapt] Patient current vs rolling-3: accuracy 0.7692/0.7372, balanced_accuracy 0.6867/0.6717, macro_precision 0.6632/0.6206, macro_recall 0.6867/0.6717, macro_f1 0.6563/0.6098

--- dapt Epoch 11/30 | lr=4.52e-05 ---
[2D] Epoch 11 [50/116] Loss: 0.7642 Time: 5.56s
[2D] Epoch 11 [100/116] Loss: 0.7418 Time: 5.96s
[2D] Epoch 11 [116/116] Loss: 0.7306 Time: 1.76s
[2D] Train Epoch 11 (slice-level) => Loss: 0.7306, Acc: 0.7769, MacroF1: 0.7762

[2D] Starting validation...
[2D] Val (slice-level, n=786) => Acc: 0.6908, MacroF1: 0.5585
[2D] Val (volume-level, n=101) => Loss: 0.8257, Acc: 0.7525, BalancedAcc: 0.6337, MacroPrecision: 0.6064, MacroRecall: 0.6337, MacroF1: 0.6127
[2D] Val (patient-level, n=52) => Acc: 0.7500, BalancedAcc: 0.6031, MacroPrecision: 0.6279, MacroRecall: 0.6031, MacroF1: 0.6051

[2D] Volume-level Confusion Matrix:
True \ Pred       Adenocarcinoma  Small Cell      Squamous        
Y:Adenocarcinoma  61              7               4               
Y:Small Cell      2               7               3               
Y:Squamous        5               4               8               


[2D] Patient-level Confusion Matrix:
True \ Pred       Adenocarcinoma  Small Cell      Squamous        
Y:Adenocarcinoma  32              4               1               
Y:Small Cell      2               3               1               
Y:Squamous        4               1               4               

[dapt] Epoch 11 Summary => TrainLoss: 0.7306, TrainMacroF1: 0.7762, ValMacroF1(patient): 0.6051/0.6302 (cur/roll3)
[dapt] Patient current vs rolling-3: accuracy 0.7500/0.7500, balanced_accuracy 0.6031/0.6653, macro_precision 0.6279/0.6354, macro_recall 0.6031/0.6653, macro_f1 0.6051/0.6302

--- dapt Epoch 12/30 | lr=4.32e-05 ---
[2D] Epoch 12 [50/116] Loss: 0.7048 Time: 5.73s
[2D] Epoch 12 [100/116] Loss: 0.6790 Time: 5.59s
[2D] Epoch 12 [116/116] Loss: 0.6703 Time: 1.80s
[2D] Train Epoch 12 (slice-level) => Loss: 0.6703, Acc: 0.8144, MacroF1: 0.8143

[2D] Starting validation...
[2D] Val (slice-level, n=786) => Acc: 0.6539, MacroF1: 0.5247
[2D] Val (volume-level, n=101) => Loss: 0.8834, Acc: 0.6832, BalancedAcc: 0.5795, MacroPrecision: 0.5372, MacroRecall: 0.5795, MacroF1: 0.5356
[2D] Val (patient-level, n=52) => Acc: 0.7308, BalancedAcc: 0.6126, MacroPrecision: 0.5831, MacroRecall: 0.6126, MacroF1: 0.5772

[2D] Volume-level Confusion Matrix:
True \ Pred       Adenocarcinoma  Small Cell      Squamous        
Y:Adenocarcinoma  56              11              5               
Y:Small Cell      2               8               2               
Y:Squamous        7               5               5               


[2D] Patient-level Confusion Matrix:
True \ Pred       Adenocarcinoma  Small Cell      Squamous        
Y:Adenocarcinoma  31              4               2               
Y:Small Cell      1               4               1               
Y:Squamous        3               3               3               

[dapt] Epoch 12 Summary => TrainLoss: 0.6703, TrainMacroF1: 0.8143, ValMacroF1(patient): 0.5772/0.6129 (cur/roll3)
[dapt] Patient current vs rolling-3: accuracy 0.7308/0.7500, balanced_accuracy 0.6126/0.6341, macro_precision 0.5831/0.6248, macro_recall 0.6126/0.6341, macro_f1 0.5772/0.6129

--- dapt Epoch 13/30 | lr=4.09e-05 ---
[2D] Epoch 13 [50/116] Loss: 0.6807 Time: 5.76s
[2D] Epoch 13 [100/116] Loss: 0.6717 Time: 5.35s
[2D] Epoch 13 [116/116] Loss: 0.6697 Time: 1.94s
[2D] Train Epoch 13 (slice-level) => Loss: 0.6697, Acc: 0.8184, MacroF1: 0.8181

[2D] Starting validation...
[2D] Val (slice-level, n=786) => Acc: 0.7150, MacroF1: 0.5894
[2D] Val (volume-level, n=101) => Loss: 0.7799, Acc: 0.7426, BalancedAcc: 0.6209, MacroPrecision: 0.5926, MacroRecall: 0.6209, MacroF1: 0.6022
[2D] Val (patient-level, n=52) => Acc: 0.7885, BalancedAcc: 0.6491, MacroPrecision: 0.6645, MacroRecall: 0.6491, MacroF1: 0.6561

[2D] Volume-level Confusion Matrix:
True \ Pred       Adenocarcinoma  Small Cell      Squamous        
Y:Adenocarcinoma  60              7               5               
Y:Small Cell      3               6               3               
Y:Squamous        4               4               9               


[2D] Patient-level Confusion Matrix:
True \ Pred       Adenocarcinoma  Small Cell      Squamous        
Y:Adenocarcinoma  33              2               2               
Y:Small Cell      2               3               1               
Y:Squamous        3               1               5               

[dapt] Epoch 13 Summary => TrainLoss: 0.6697, TrainMacroF1: 0.8181, ValMacroF1(patient): 0.6561/0.6128 (cur/roll3)
[dapt] Patient current vs rolling-3: accuracy 0.7885/0.7564, balanced_accuracy 0.6491/0.6216, macro_precision 0.6645/0.6252, macro_recall 0.6491/0.6216, macro_f1 0.6561/0.6128

--- dapt Epoch 14/30 | lr=3.84e-05 ---
[2D] Epoch 14 [50/116] Loss: 0.7140 Time: 5.64s
[2D] Epoch 14 [100/116] Loss: 0.7044 Time: 5.00s
[2D] Epoch 14 [116/116] Loss: 0.6911 Time: 1.58s
[2D] Train Epoch 14 (slice-level) => Loss: 0.6911, Acc: 0.8117, MacroF1: 0.8108

[2D] Starting validation...
[2D] Val (slice-level, n=786) => Acc: 0.7061, MacroF1: 0.5697
[2D] Val (volume-level, n=101) => Loss: 0.8072, Acc: 0.7822, BalancedAcc: 0.6462, MacroPrecision: 0.6266, MacroRecall: 0.6462, MacroF1: 0.6350
[2D] Val (patient-level, n=52) => Acc: 0.8077, BalancedAcc: 0.6862, MacroPrecision: 0.6722, MacroRecall: 0.6862, MacroF1: 0.6786

[2D] Volume-level Confusion Matrix:
True \ Pred       Adenocarcinoma  Small Cell      Squamous        
Y:Adenocarcinoma  63              3               6               
Y:Small Cell      4               5               3               
Y:Squamous        2               4               11              


[2D] Patient-level Confusion Matrix:
True \ Pred       Adenocarcinoma  Small Cell      Squamous        
Y:Adenocarcinoma  33              2               2               
Y:Small Cell      1               3               2               
Y:Squamous        2               1               6               

[dapt] Epoch 14 Summary => TrainLoss: 0.6911, TrainMacroF1: 0.8108, ValMacroF1(patient): 0.6786/0.6373 (cur/roll3)
[dapt] Patient current vs rolling-3: accuracy 0.8077/0.7756, balanced_accuracy 0.6862/0.6493, macro_precision 0.6722/0.6399, macro_recall 0.6862/0.6493, macro_f1 0.6786/0.6373

--- dapt Epoch 15/30 | lr=3.56e-05 ---
[2D] Epoch 15 [50/116] Loss: 0.6385 Time: 6.02s
[2D] Epoch 15 [100/116] Loss: 0.6344 Time: 5.07s
[2D] Epoch 15 [116/116] Loss: 0.6364 Time: 1.59s
[2D] Train Epoch 15 (slice-level) => Loss: 0.6364, Acc: 0.8427, MacroF1: 0.8423

[2D] Starting validation...
[2D] Val (slice-level, n=786) => Acc: 0.6807, MacroF1: 0.5588
[2D] Val (volume-level, n=101) => Loss: 0.8788, Acc: 0.7129, BalancedAcc: 0.6220, MacroPrecision: 0.5835, MacroRecall: 0.6220, MacroF1: 0.5953
[2D] Val (patient-level, n=52) => Acc: 0.7500, BalancedAcc: 0.6311, MacroPrecision: 0.6134, MacroRecall: 0.6311, MacroF1: 0.6204

[2D] Volume-level Confusion Matrix:
True \ Pred       Adenocarcinoma  Small Cell      Squamous        
Y:Adenocarcinoma  56              4               12              
Y:Small Cell      3               6               3               
Y:Squamous        4               3               10              


[2D] Patient-level Confusion Matrix:
True \ Pred       Adenocarcinoma  Small Cell      Squamous        
Y:Adenocarcinoma  31              2               4               
Y:Small Cell      1               3               2               
Y:Squamous        3               1               5               

[dapt] Epoch 15 Summary => TrainLoss: 0.6364, TrainMacroF1: 0.8423, ValMacroF1(patient): 0.6204/0.6517 (cur/roll3)
[dapt] Patient current vs rolling-3: accuracy 0.7500/0.7821, balanced_accuracy 0.6311/0.6555, macro_precision 0.6134/0.6500, macro_recall 0.6311/0.6555, macro_f1 0.6204/0.6517

--- dapt Epoch 16/30 | lr=3.27e-05 ---
[2D] Epoch 16 [50/116] Loss: 0.6137 Time: 6.15s
[2D] Epoch 16 [100/116] Loss: 0.6207 Time: 5.87s
[2D] Epoch 16 [116/116] Loss: 0.6146 Time: 1.56s
[2D] Train Epoch 16 (slice-level) => Loss: 0.6146, Acc: 0.8728, MacroF1: 0.8724

[2D] Starting validation...
[2D] Val (slice-level, n=786) => Acc: 0.7354, MacroF1: 0.5598
[2D] Val (volume-level, n=101) => Loss: 0.7967, Acc: 0.7723, BalancedAcc: 0.5422, MacroPrecision: 0.6000, MacroRecall: 0.5422, MacroF1: 0.5541
[2D] Val (patient-level, n=52) => Acc: 0.8269, BalancedAcc: 0.6206, MacroPrecision: 0.7460, MacroRecall: 0.6206, MacroF1: 0.6603

[2D] Volume-level Confusion Matrix:
True \ Pred       Adenocarcinoma  Small Cell      Squamous        
Y:Adenocarcinoma  67              1               4               
Y:Small Cell      7               2               3               
Y:Squamous        6               2               9               


[2D] Patient-level Confusion Matrix:
True \ Pred       Adenocarcinoma  Small Cell      Squamous        
Y:Adenocarcinoma  36              0               1               
Y:Small Cell      3               2               1               
Y:Squamous        3               1               5               

[dapt] Epoch 16 Summary => TrainLoss: 0.6146, TrainMacroF1: 0.8724, ValMacroF1(patient): 0.6603/0.6531 (cur/roll3)
[dapt] Patient current vs rolling-3: accuracy 0.8269/0.7949, balanced_accuracy 0.6206/0.6460, macro_precision 0.7460/0.6772, macro_recall 0.6206/0.6460, macro_f1 0.6603/0.6531

--- dapt Epoch 17/30 | lr=2.97e-05 ---
[2D] Epoch 17 [50/116] Loss: 0.6008 Time: 5.50s
[2D] Epoch 17 [100/116] Loss: 0.6069 Time: 5.55s
[2D] Epoch 17 [116/116] Loss: 0.6178 Time: 1.44s
[2D] Train Epoch 17 (slice-level) => Loss: 0.6178, Acc: 0.8634, MacroF1: 0.8624

[2D] Starting validation...
[2D] Val (slice-level, n=786) => Acc: 0.7137, MacroF1: 0.5487
[2D] Val (volume-level, n=101) => Loss: 0.8046, Acc: 0.7525, BalancedAcc: 0.5711, MacroPrecision: 0.5742, MacroRecall: 0.5711, MacroF1: 0.5701
[2D] Val (patient-level, n=52) => Acc: 0.7885, BalancedAcc: 0.6306, MacroPrecision: 0.6458, MacroRecall: 0.6306, MacroF1: 0.6306

[2D] Volume-level Confusion Matrix:
True \ Pred       Adenocarcinoma  Small Cell      Squamous        
Y:Adenocarcinoma  63              3               6               
Y:Small Cell      6               3               3               
Y:Squamous        4               3               10              


[2D] Patient-level Confusion Matrix:
True \ Pred       Adenocarcinoma  Small Cell      Squamous        
Y:Adenocarcinoma  33              1               3               
Y:Small Cell      2               2               2               
Y:Squamous        2               1               6               

[dapt] Epoch 17 Summary => TrainLoss: 0.6178, TrainMacroF1: 0.8624, ValMacroF1(patient): 0.6306/0.6371 (cur/roll3)
[dapt] Patient current vs rolling-3: accuracy 0.7885/0.7885, balanced_accuracy 0.6306/0.6275, macro_precision 0.6458/0.6684, macro_recall 0.6306/0.6275, macro_f1 0.6306/0.6371

[2D] Starting validation...
/home/hansstem/anaconda3/envs/sclc/lib/python3.12/site-packages/monai/utils/deprecate_utils.py:321: FutureWarning: monai.transforms.spatial.dictionary Orientationd.__init__:labels: Current default value of argument `labels=(('L', 'R'), ('P', 'A'), ('I', 'S'))` was changed in version None from `labels=(('L', 'R'), ('P', 'A'), ('I', 'S'))` to `labels=None`. Default value changed to None meaning that the transform now uses the 'space' of a meta-tensor, if applicable, to determine appropriate axis labels.
  warn_deprecated(argname, msg, warning_category)
[2D] Val (slice-level, n=834) => Acc: 0.6271, MacroF1: 0.4721
[2D] Val (volume-level, n=106) => Loss: 0.8926, Acc: 0.6415, BalancedAcc: 0.4815, MacroPrecision: 0.4615, MacroRecall: 0.4815, MacroF1: 0.4660
[2D] Val (patient-level, n=53) => Acc: 0.6604, BalancedAcc: 0.5419, MacroPrecision: 0.5032, MacroRecall: 0.5419, MacroF1: 0.5134

[2D] Volume-level Confusion Matrix:
True \ Pred       Adenocarcinoma  Small Cell      Squamous        
Y:Adenocarcinoma  57              8               11              
Y:Small Cell      4               3               5               
Y:Squamous        5               5               8               


[2D] Patient-level Confusion Matrix:
True \ Pred       Adenocarcinoma  Small Cell      Squamous        
Y:Adenocarcinoma  28              4               6               
Y:Small Cell      2               2               2               
Y:Squamous        2               2               5               

Warning: Unknown morphological group 'Non-small cell carcinoma' for patient patient_020843 — skipping
[3D big_lunge] Excluding 3 truncated-lung-mask patients: ['patient_022269', 'patient_057069', 'patient_091821']
Found 302 patients with labels.
Split 'train': 211 patients.
  211 images, class distribution: {2: 71, 0: 73, 1: 67}
Split 'val': 45 patients.
  45 images, class distribution: {0: 16, 2: 15, 1: 14}
Split 'test': 46 patients.
  46 images, class distribution: {1: 14, 2: 16, 0: 16}
[2D big_lunge train] 1510 slices from 196 volumes / 196 patients (dropped: no_mask=3, no_tumor_slices=12), classes={2: 529, 0: 500, 1: 481}
[2D big_lunge val] 322 slices from 41 volumes / 41 patients (dropped: no_mask=1, no_tumor_slices=3), classes={0: 120, 2: 98, 1: 104}
[2D big_lunge test] 332 slices from 43 volumes / 43 patients (dropped: no_mask=0, no_tumor_slices=3), classes={1: 99, 2: 118, 0: 115}
[2D big_lunge] dropped-patient inventory -> /home/hansstem/.cache/monai_biglunge_2d/img224_crop96_mp1/dropped_patients.json
[2D] PersistentDataset cache_dir='/home/hansstem/.cache/monai_biglunge_2d/img224_crop96_mp1/train'
[2D] PersistentDataset cache_dir='/home/hansstem/.cache/monai_biglunge_2d/img224_crop96_mp1/val'
[2D] PersistentDataset cache_dir='/home/hansstem/.cache/monai_biglunge_2d/img224_crop96_mp1/test'
[WRS big_lunge] counts {0=500, 1=481, 2=529} | oversample_factor=1.10 (max_weight/min_weight)
[big_lunge] Train class distribution: {2: 529, 0: 500, 1: 481}

--- finetune Epoch 1/40 | lr(backbone/head)=2.00e-06/2.00e-05 ---
[2D] Epoch 1 [48/48] Loss: 1.2873 Time: 4.22s
[2D] Train Epoch 1 (slice-level) => Loss: 1.2873, Acc: 0.3656, MacroF1: 0.3463

[2D] Starting validation...
[2D] Val (slice-level, n=322) => Acc: 0.3540, MacroF1: 0.3356
[2D] Val (volume-level, n=41) => Loss: 1.3096, Acc: 0.3415, BalancedAcc: 0.3282, MacroPrecision: 0.3819, MacroRecall: 0.3282, MacroF1: 0.2932
[2D] Val (patient-level, n=41) => Acc: 0.3415, BalancedAcc: 0.3282, MacroPrecision: 0.3819, MacroRecall: 0.3282, MacroF1: 0.2932

[2D] Volume-level Confusion Matrix:
True \ Pred       Adenocarcinoma  Small Cell      Squamous        
Y:Adenocarcinoma  9               0               6               
Y:Small Cell      8               1               4               
Y:Squamous        8               1               4               


[2D] Patient-level Confusion Matrix:
True \ Pred       Adenocarcinoma  Small Cell      Squamous        
Y:Adenocarcinoma  9               0               6               
Y:Small Cell      8               1               4               
Y:Squamous        8               1               4               

[finetune] Epoch 1 Summary => TrainLoss: 1.2873, TrainMacroF1: 0.3463, ValMacroF1(patient): 0.2932/0.2932 (cur/roll3)
[finetune] Patient current vs rolling-3: accuracy 0.3415/0.3415, balanced_accuracy 0.3282/0.3282, macro_precision 0.3819/0.3819, macro_recall 0.3282/0.3282, macro_f1 0.2932/0.2932

--- finetune Epoch 2/40 | lr(backbone/head)=2.00e-06/2.00e-05 ---
[2D] Epoch 2 [48/48] Loss: 1.2762 Time: 3.34s
[2D] Train Epoch 2 (slice-level) => Loss: 1.2762, Acc: 0.3563, MacroF1: 0.3324

[2D] Starting validation...
[2D] Val (slice-level, n=322) => Acc: 0.3602, MacroF1: 0.3446
[2D] Val (volume-level, n=41) => Loss: 1.2840, Acc: 0.3415, BalancedAcc: 0.3282, MacroPrecision: 0.3819, MacroRecall: 0.3282, MacroF1: 0.2932
[2D] Val (patient-level, n=41) => Acc: 0.3415, BalancedAcc: 0.3282, MacroPrecision: 0.3819, MacroRecall: 0.3282, MacroF1: 0.2932

[2D] Volume-level Confusion Matrix:
True \ Pred       Adenocarcinoma  Small Cell      Squamous        
Y:Adenocarcinoma  9               0               6               
Y:Small Cell      8               1               4               
Y:Squamous        8               1               4               


[2D] Patient-level Confusion Matrix:
True \ Pred       Adenocarcinoma  Small Cell      Squamous        
Y:Adenocarcinoma  9               0               6               
Y:Small Cell      8               1               4               
Y:Squamous        8               1               4               

[finetune] Epoch 2 Summary => TrainLoss: 1.2762, TrainMacroF1: 0.3324, ValMacroF1(patient): 0.2932/0.2932 (cur/roll3)
[finetune] Patient current vs rolling-3: accuracy 0.3415/0.3415, balanced_accuracy 0.3282/0.3282, macro_precision 0.3819/0.3819, macro_recall 0.3282/0.3282, macro_f1 0.2932/0.2932

--- finetune Epoch 3/40 | lr(backbone/head)=1.99e-06/1.99e-05 ---
[2D] Epoch 3 [48/48] Loss: 1.3006 Time: 3.32s
[2D] Train Epoch 3 (slice-level) => Loss: 1.3006, Acc: 0.3404, MacroF1: 0.3288

[2D] Starting validation...
[2D] Val (slice-level, n=322) => Acc: 0.3727, MacroF1: 0.3619
[2D] Val (volume-level, n=41) => Loss: 1.2610, Acc: 0.3659, BalancedAcc: 0.3538, MacroPrecision: 0.4448, MacroRecall: 0.3538, MacroF1: 0.3359
[2D] Val (patient-level, n=41) => Acc: 0.3659, BalancedAcc: 0.3538, MacroPrecision: 0.4448, MacroRecall: 0.3538, MacroF1: 0.3359

[2D] Volume-level Confusion Matrix:
True \ Pred       Adenocarcinoma  Small Cell      Squamous        
Y:Adenocarcinoma  9               0               6               
Y:Small Cell      8               2               3               
Y:Squamous        8               1               4               


[2D] Patient-level Confusion Matrix:
True \ Pred       Adenocarcinoma  Small Cell      Squamous        
Y:Adenocarcinoma  9               0               6               
Y:Small Cell      8               2               3               
Y:Squamous        8               1               4               

[finetune] Epoch 3 Summary => TrainLoss: 1.3006, TrainMacroF1: 0.3288, ValMacroF1(patient): 0.3359/0.3074 (cur/roll3)
[finetune] Patient current vs rolling-3: accuracy 0.3659/0.3496, balanced_accuracy 0.3538/0.3368, macro_precision 0.4448/0.4029, macro_recall 0.3538/0.3368, macro_f1 0.3359/0.3074

--- finetune Epoch 4/40 | lr(backbone/head)=1.97e-06/1.97e-05 ---
[2D] Epoch 4 [48/48] Loss: 1.2513 Time: 3.88s
[2D] Train Epoch 4 (slice-level) => Loss: 1.2513, Acc: 0.3470, MacroF1: 0.3368

[2D] Starting validation...
[2D] Val (slice-level, n=322) => Acc: 0.3758, MacroF1: 0.3663
[2D] Val (volume-level, n=41) => Loss: 1.2388, Acc: 0.3659, BalancedAcc: 0.3538, MacroPrecision: 0.4448, MacroRecall: 0.3538, MacroF1: 0.3359
[2D] Val (patient-level, n=41) => Acc: 0.3659, BalancedAcc: 0.3538, MacroPrecision: 0.4448, MacroRecall: 0.3538, MacroF1: 0.3359

[2D] Volume-level Confusion Matrix:
True \ Pred       Adenocarcinoma  Small Cell      Squamous        
Y:Adenocarcinoma  9               0               6               
Y:Small Cell      8               2               3               
Y:Squamous        8               1               4               


[2D] Patient-level Confusion Matrix:
True \ Pred       Adenocarcinoma  Small Cell      Squamous        
Y:Adenocarcinoma  9               0               6               
Y:Small Cell      8               2               3               
Y:Squamous        8               1               4               

[finetune] Epoch 4 Summary => TrainLoss: 1.2513, TrainMacroF1: 0.3368, ValMacroF1(patient): 0.3359/0.3217 (cur/roll3)
[finetune] Patient current vs rolling-3: accuracy 0.3659/0.3577, balanced_accuracy 0.3538/0.3453, macro_precision 0.4448/0.4238, macro_recall 0.3538/0.3453, macro_f1 0.3359/0.3217

--- finetune Epoch 5/40 | lr(backbone/head)=1.95e-06/1.95e-05 ---
[2D] Epoch 5 [48/48] Loss: 1.2366 Time: 3.41s
[2D] Train Epoch 5 (slice-level) => Loss: 1.2366, Acc: 0.3523, MacroF1: 0.3413

[2D] Starting validation...
[2D] Val (slice-level, n=322) => Acc: 0.3851, MacroF1: 0.3782
[2D] Val (volume-level, n=41) => Loss: 1.2211, Acc: 0.3659, BalancedAcc: 0.3538, MacroPrecision: 0.4448, MacroRecall: 0.3538, MacroF1: 0.3359
[2D] Val (patient-level, n=41) => Acc: 0.3659, BalancedAcc: 0.3538, MacroPrecision: 0.4448, MacroRecall: 0.3538, MacroF1: 0.3359

[2D] Volume-level Confusion Matrix:
True \ Pred       Adenocarcinoma  Small Cell      Squamous        
Y:Adenocarcinoma  9               0               6               
Y:Small Cell      8               2               3               
Y:Squamous        8               1               4               


[2D] Patient-level Confusion Matrix:
True \ Pred       Adenocarcinoma  Small Cell      Squamous        
Y:Adenocarcinoma  9               0               6               
Y:Small Cell      8               2               3               
Y:Squamous        8               1               4               

[finetune] Epoch 5 Summary => TrainLoss: 1.2366, TrainMacroF1: 0.3413, ValMacroF1(patient): 0.3359/0.3359 (cur/roll3)
[finetune] Patient current vs rolling-3: accuracy 0.3659/0.3659, balanced_accuracy 0.3538/0.3538, macro_precision 0.4448/0.4448, macro_recall 0.3538/0.3538, macro_f1 0.3359/0.3359

--- finetune Epoch 6/40 | lr(backbone/head)=1.92e-06/1.92e-05 ---
[2D] Epoch 6 [48/48] Loss: 1.1774 Time: 6.23s
[2D] Train Epoch 6 (slice-level) => Loss: 1.1774, Acc: 0.3781, MacroF1: 0.3751

[2D] Starting validation...
[2D] Val (slice-level, n=322) => Acc: 0.3478, MacroF1: 0.3456
[2D] Val (volume-level, n=41) => Loss: 1.1791, Acc: 0.2927, BalancedAcc: 0.2872, MacroPrecision: 0.3451, MacroRecall: 0.2872, MacroF1: 0.2816
[2D] Val (patient-level, n=41) => Acc: 0.2927, BalancedAcc: 0.2872, MacroPrecision: 0.3451, MacroRecall: 0.2872, MacroF1: 0.2816

[2D] Volume-level Confusion Matrix:
True \ Pred       Adenocarcinoma  Small Cell      Squamous        
Y:Adenocarcinoma  6               1               8               
Y:Small Cell      6               2               5               
Y:Squamous        8               1               4               


[2D] Patient-level Confusion Matrix:
True \ Pred       Adenocarcinoma  Small Cell      Squamous        
Y:Adenocarcinoma  6               1               8               
Y:Small Cell      6               2               5               
Y:Squamous        8               1               4               

[finetune] Epoch 6 Summary => TrainLoss: 1.1774, TrainMacroF1: 0.3751, ValMacroF1(patient): 0.2816/0.3178 (cur/roll3)
[finetune] Patient current vs rolling-3: accuracy 0.2927/0.3415, balanced_accuracy 0.2872/0.3316, macro_precision 0.3451/0.4116, macro_recall 0.2872/0.3316, macro_f1 0.2816/0.3178

--- finetune Epoch 7/40 | lr(backbone/head)=1.89e-06/1.89e-05 ---
[2D] Epoch 7 [48/48] Loss: 1.1795 Time: 5.30s
[2D] Train Epoch 7 (slice-level) => Loss: 1.1795, Acc: 0.3583, MacroF1: 0.3586

[2D] Starting validation...
[2D] Val (slice-level, n=322) => Acc: 0.3602, MacroF1: 0.3577
[2D] Val (volume-level, n=41) => Loss: 1.1536, Acc: 0.3415, BalancedAcc: 0.3385, MacroPrecision: 0.3692, MacroRecall: 0.3385, MacroF1: 0.3438
[2D] Val (patient-level, n=41) => Acc: 0.3415, BalancedAcc: 0.3385, MacroPrecision: 0.3692, MacroRecall: 0.3385, MacroF1: 0.3438

[2D] Volume-level Confusion Matrix:
True \ Pred       Adenocarcinoma  Small Cell      Squamous        
Y:Adenocarcinoma  6               3               6               
Y:Small Cell      6               4               3               
Y:Squamous        8               1               4               


[2D] Patient-level Confusion Matrix:
True \ Pred       Adenocarcinoma  Small Cell      Squamous        
Y:Adenocarcinoma  6               3               6               
Y:Small Cell      6               4               3               
Y:Squamous        8               1               4               

[finetune] Epoch 7 Summary => TrainLoss: 1.1795, TrainMacroF1: 0.3586, ValMacroF1(patient): 0.3438/0.3204 (cur/roll3)
[finetune] Patient current vs rolling-3: accuracy 0.3415/0.3333, balanced_accuracy 0.3385/0.3265, macro_precision 0.3692/0.3864, macro_recall 0.3385/0.3265, macro_f1 0.3438/0.3204

--- finetune Epoch 8/40 | lr(backbone/head)=1.85e-06/1.85e-05 ---
[2D] Epoch 8 [48/48] Loss: 1.1467 Time: 5.72s
[2D] Train Epoch 8 (slice-level) => Loss: 1.1467, Acc: 0.3669, MacroF1: 0.3668

[2D] Starting validation...
[2D] Val (slice-level, n=322) => Acc: 0.3758, MacroF1: 0.3727
[2D] Val (volume-level, n=41) => Loss: 1.1348, Acc: 0.3902, BalancedAcc: 0.3897, MacroPrecision: 0.4060, MacroRecall: 0.3897, MacroF1: 0.3943
[2D] Val (patient-level, n=41) => Acc: 0.3902, BalancedAcc: 0.3897, MacroPrecision: 0.4060, MacroRecall: 0.3897, MacroF1: 0.3943

[2D] Volume-level Confusion Matrix:
True \ Pred       Adenocarcinoma  Small Cell      Squamous        
Y:Adenocarcinoma  6               4               5               
Y:Small Cell      5               5               3               
Y:Squamous        7               1               5               


[2D] Patient-level Confusion Matrix:
True \ Pred       Adenocarcinoma  Small Cell      Squamous        
Y:Adenocarcinoma  6               4               5               
Y:Small Cell      5               5               3               
Y:Squamous        7               1               5               

[finetune] Epoch 8 Summary => TrainLoss: 1.1467, TrainMacroF1: 0.3668, ValMacroF1(patient): 0.3943/0.3399 (cur/roll3)
[finetune] Patient current vs rolling-3: accuracy 0.3902/0.3415, balanced_accuracy 0.3897/0.3385, macro_precision 0.4060/0.3734, macro_recall 0.3897/0.3385, macro_f1 0.3943/0.3399

--- finetune Epoch 9/40 | lr(backbone/head)=1.81e-06/1.81e-05 ---
[2D] Epoch 9 [48/48] Loss: 1.1282 Time: 6.29s
[2D] Train Epoch 9 (slice-level) => Loss: 1.1282, Acc: 0.3755, MacroF1: 0.3755

[2D] Starting validation...
[2D] Val (slice-level, n=322) => Acc: 0.3665, MacroF1: 0.3662
[2D] Val (volume-level, n=41) => Loss: 1.1209, Acc: 0.3659, BalancedAcc: 0.3641, MacroPrecision: 0.3769, MacroRecall: 0.3641, MacroF1: 0.3653
[2D] Val (patient-level, n=41) => Acc: 0.3659, BalancedAcc: 0.3641, MacroPrecision: 0.3769, MacroRecall: 0.3641, MacroF1: 0.3653

[2D] Volume-level Confusion Matrix:
True \ Pred       Adenocarcinoma  Small Cell      Squamous        
Y:Adenocarcinoma  6               4               5               
Y:Small Cell      4               4               5               
Y:Squamous        7               1               5               


[2D] Patient-level Confusion Matrix:
True \ Pred       Adenocarcinoma  Small Cell      Squamous        
Y:Adenocarcinoma  6               4               5               
Y:Small Cell      4               4               5               
Y:Squamous        7               1               5               

[finetune] Epoch 9 Summary => TrainLoss: 1.1282, TrainMacroF1: 0.3755, ValMacroF1(patient): 0.3653/0.3678 (cur/roll3)
[finetune] Patient current vs rolling-3: accuracy 0.3659/0.3659, balanced_accuracy 0.3641/0.3641, macro_precision 0.3769/0.3840, macro_recall 0.3641/0.3641, macro_f1 0.3653/0.3678

--- finetune Epoch 10/40 | lr(backbone/head)=1.76e-06/1.76e-05 ---
[2D] Epoch 10 [48/48] Loss: 1.1135 Time: 5.48s
[2D] Train Epoch 10 (slice-level) => Loss: 1.1135, Acc: 0.3748, MacroF1: 0.3742

[2D] Starting validation...
[2D] Val (slice-level, n=322) => Acc: 0.3758, MacroF1: 0.3749
[2D] Val (volume-level, n=41) => Loss: 1.1134, Acc: 0.3171, BalancedAcc: 0.3128, MacroPrecision: 0.3176, MacroRecall: 0.3128, MacroF1: 0.3111
[2D] Val (patient-level, n=41) => Acc: 0.3171, BalancedAcc: 0.3128, MacroPrecision: 0.3176, MacroRecall: 0.3128, MacroF1: 0.3111

[2D] Volume-level Confusion Matrix:
True \ Pred       Adenocarcinoma  Small Cell      Squamous        
Y:Adenocarcinoma  6               4               5               
Y:Small Cell      4               3               6               
Y:Squamous        7               2               4               


[2D] Patient-level Confusion Matrix:
True \ Pred       Adenocarcinoma  Small Cell      Squamous        
Y:Adenocarcinoma  6               4               5               
Y:Small Cell      4               3               6               
Y:Squamous        7               2               4               

[finetune] Epoch 10 Summary => TrainLoss: 1.1135, TrainMacroF1: 0.3742, ValMacroF1(patient): 0.3111/0.3569 (cur/roll3)
[finetune] Patient current vs rolling-3: accuracy 0.3171/0.3577, balanced_accuracy 0.3128/0.3556, macro_precision 0.3176/0.3668, macro_recall 0.3128/0.3556, macro_f1 0.3111/0.3569

--- finetune Epoch 11/40 | lr(backbone/head)=1.71e-06/1.71e-05 ---
[2D] Epoch 11 [48/48] Loss: 1.0998 Time: 4.92s
[2D] Train Epoch 11 (slice-level) => Loss: 1.0998, Acc: 0.3854, MacroF1: 0.3842

[2D] Starting validation...
[2D] Val (slice-level, n=322) => Acc: 0.3789, MacroF1: 0.3755
[2D] Val (volume-level, n=41) => Loss: 1.1103, Acc: 0.3415, BalancedAcc: 0.3385, MacroPrecision: 0.3462, MacroRecall: 0.3385, MacroF1: 0.3397
[2D] Val (patient-level, n=41) => Acc: 0.3415, BalancedAcc: 0.3385, MacroPrecision: 0.3462, MacroRecall: 0.3385, MacroF1: 0.3397

[2D] Volume-level Confusion Matrix:
True \ Pred       Adenocarcinoma  Small Cell      Squamous        
Y:Adenocarcinoma  6               4               5               
Y:Small Cell      4               4               5               
Y:Squamous        7               2               4               


[2D] Patient-level Confusion Matrix:
True \ Pred       Adenocarcinoma  Small Cell      Squamous        
Y:Adenocarcinoma  6               4               5               
Y:Small Cell      4               4               5               
Y:Squamous        7               2               4               

[finetune] Epoch 11 Summary => TrainLoss: 1.0998, TrainMacroF1: 0.3842, ValMacroF1(patient): 0.3397/0.3387 (cur/roll3)
[finetune] Patient current vs rolling-3: accuracy 0.3415/0.3415, balanced_accuracy 0.3385/0.3385, macro_precision 0.3462/0.3469, macro_recall 0.3385/0.3385, macro_f1 0.3397/0.3387

--- finetune Epoch 12/40 | lr(backbone/head)=1.65e-06/1.65e-05 ---
[2D] Epoch 12 [48/48] Loss: 1.0981 Time: 6.80s
[2D] Train Epoch 12 (slice-level) => Loss: 1.0981, Acc: 0.3901, MacroF1: 0.3899

[2D] Starting validation...
[2D] Val (slice-level, n=322) => Acc: 0.3696, MacroF1: 0.3659
[2D] Val (volume-level, n=41) => Loss: 1.1080, Acc: 0.3659, BalancedAcc: 0.3641, MacroPrecision: 0.3737, MacroRecall: 0.3641, MacroF1: 0.3668
[2D] Val (patient-level, n=41) => Acc: 0.3659, BalancedAcc: 0.3641, MacroPrecision: 0.3737, MacroRecall: 0.3641, MacroF1: 0.3668

[2D] Volume-level Confusion Matrix:
True \ Pred       Adenocarcinoma  Small Cell      Squamous        
Y:Adenocarcinoma  6               4               5               
Y:Small Cell      5               5               3               
Y:Squamous        7               2               4               


[2D] Patient-level Confusion Matrix:
True \ Pred       Adenocarcinoma  Small Cell      Squamous        
Y:Adenocarcinoma  6               4               5               
Y:Small Cell      5               5               3               
Y:Squamous        7               2               4               

[finetune] Epoch 12 Summary => TrainLoss: 1.0981, TrainMacroF1: 0.3899, ValMacroF1(patient): 0.3668/0.3392 (cur/roll3)
[finetune] Patient current vs rolling-3: accuracy 0.3659/0.3415, balanced_accuracy 0.3641/0.3385, macro_precision 0.3737/0.3459, macro_recall 0.3641/0.3385, macro_f1 0.3668/0.3392

--- finetune Epoch 13/40 | lr(backbone/head)=1.59e-06/1.59e-05 ---
[2D] Epoch 13 [48/48] Loss: 1.0931 Time: 5.27s
[2D] Train Epoch 13 (slice-level) => Loss: 1.0931, Acc: 0.3954, MacroF1: 0.3949

[2D] Starting validation...
[2D] Val (slice-level, n=322) => Acc: 0.3727, MacroF1: 0.3704
[2D] Val (volume-level, n=41) => Loss: 1.1059, Acc: 0.3659, BalancedAcc: 0.3641, MacroPrecision: 0.3737, MacroRecall: 0.3641, MacroF1: 0.3668
[2D] Val (patient-level, n=41) => Acc: 0.3659, BalancedAcc: 0.3641, MacroPrecision: 0.3737, MacroRecall: 0.3641, MacroF1: 0.3668

[2D] Volume-level Confusion Matrix:
True \ Pred       Adenocarcinoma  Small Cell      Squamous        
Y:Adenocarcinoma  6               4               5               
Y:Small Cell      5               5               3               
Y:Squamous        7               2               4               


[2D] Patient-level Confusion Matrix:
True \ Pred       Adenocarcinoma  Small Cell      Squamous        
Y:Adenocarcinoma  6               4               5               
Y:Small Cell      5               5               3               
Y:Squamous        7               2               4               

[finetune] Epoch 13 Summary => TrainLoss: 1.0931, TrainMacroF1: 0.3949, ValMacroF1(patient): 0.3668/0.3577 (cur/roll3)
[finetune] Patient current vs rolling-3: accuracy 0.3659/0.3577, balanced_accuracy 0.3641/0.3556, macro_precision 0.3737/0.3646, macro_recall 0.3641/0.3556, macro_f1 0.3668/0.3577

--- finetune Epoch 14/40 | lr(backbone/head)=1.52e-06/1.52e-05 ---
[2D] Epoch 14 [48/48] Loss: 1.1000 Time: 6.08s
[2D] Train Epoch 14 (slice-level) => Loss: 1.1000, Acc: 0.3616, MacroF1: 0.3612

[2D] Starting validation...
[2D] Val (slice-level, n=322) => Acc: 0.3882, MacroF1: 0.3865
[2D] Val (volume-level, n=41) => Loss: 1.1046, Acc: 0.3659, BalancedAcc: 0.3641, MacroPrecision: 0.3737, MacroRecall: 0.3641, MacroF1: 0.3668
[2D] Val (patient-level, n=41) => Acc: 0.3659, BalancedAcc: 0.3641, MacroPrecision: 0.3737, MacroRecall: 0.3641, MacroF1: 0.3668

[2D] Volume-level Confusion Matrix:
True \ Pred       Adenocarcinoma  Small Cell      Squamous        
Y:Adenocarcinoma  6               4               5               
Y:Small Cell      5               5               3               
Y:Squamous        7               2               4               


[2D] Patient-level Confusion Matrix:
True \ Pred       Adenocarcinoma  Small Cell      Squamous        
Y:Adenocarcinoma  6               4               5               
Y:Small Cell      5               5               3               
Y:Squamous        7               2               4               

[finetune] Epoch 14 Summary => TrainLoss: 1.1000, TrainMacroF1: 0.3612, ValMacroF1(patient): 0.3668/0.3668 (cur/roll3)
[finetune] Patient current vs rolling-3: accuracy 0.3659/0.3659, balanced_accuracy 0.3641/0.3641, macro_precision 0.3737/0.3737, macro_recall 0.3641/0.3641, macro_f1 0.3668/0.3668

--- finetune Epoch 15/40 | lr(backbone/head)=1.45e-06/1.45e-05 ---
[2D] Epoch 15 [48/48] Loss: 1.0923 Time: 5.35s
[2D] Train Epoch 15 (slice-level) => Loss: 1.0923, Acc: 0.4020, MacroF1: 0.3997

[2D] Starting validation...
[2D] Val (slice-level, n=322) => Acc: 0.3820, MacroF1: 0.3795
[2D] Val (volume-level, n=41) => Loss: 1.1028, Acc: 0.3902, BalancedAcc: 0.3863, MacroPrecision: 0.3955, MacroRecall: 0.3863, MacroF1: 0.3873
[2D] Val (patient-level, n=41) => Acc: 0.3902, BalancedAcc: 0.3863, MacroPrecision: 0.3955, MacroRecall: 0.3863, MacroF1: 0.3873

[2D] Volume-level Confusion Matrix:
True \ Pred       Adenocarcinoma  Small Cell      Squamous        
Y:Adenocarcinoma  7               4               4               
Y:Small Cell      5               5               3               
Y:Squamous        7               2               4               


[2D] Patient-level Confusion Matrix:
True \ Pred       Adenocarcinoma  Small Cell      Squamous        
Y:Adenocarcinoma  7               4               4               
Y:Small Cell      5               5               3               
Y:Squamous        7               2               4               

[finetune] Epoch 15 Summary => TrainLoss: 1.0923, TrainMacroF1: 0.3997, ValMacroF1(patient): 0.3873/0.3736 (cur/roll3)
[finetune] Patient current vs rolling-3: accuracy 0.3902/0.3740, balanced_accuracy 0.3863/0.3715, macro_precision 0.3955/0.3810, macro_recall 0.3863/0.3715, macro_f1 0.3873/0.3736

--- finetune Epoch 16/40 | lr(backbone/head)=1.38e-06/1.38e-05 ---
[2D] Epoch 16 [48/48] Loss: 1.0896 Time: 6.21s
[2D] Train Epoch 16 (slice-level) => Loss: 1.0896, Acc: 0.3868, MacroF1: 0.3781

[2D] Starting validation...
[2D] Val (slice-level, n=322) => Acc: 0.3727, MacroF1: 0.3685
[2D] Val (volume-level, n=41) => Loss: 1.1033, Acc: 0.3659, BalancedAcc: 0.3641, MacroPrecision: 0.3783, MacroRecall: 0.3641, MacroF1: 0.3659
[2D] Val (patient-level, n=41) => Acc: 0.3659, BalancedAcc: 0.3641, MacroPrecision: 0.3783, MacroRecall: 0.3641, MacroF1: 0.3659

[2D] Volume-level Confusion Matrix:
True \ Pred       Adenocarcinoma  Small Cell      Squamous        
Y:Adenocarcinoma  6               6               3               
Y:Small Cell      6               5               2               
Y:Squamous        6               3               4               


[2D] Patient-level Confusion Matrix:
True \ Pred       Adenocarcinoma  Small Cell      Squamous        
Y:Adenocarcinoma  6               6               3               
Y:Small Cell      6               5               2               
Y:Squamous        6               3               4               

[finetune] Epoch 16 Summary => TrainLoss: 1.0896, TrainMacroF1: 0.3781, ValMacroF1(patient): 0.3659/0.3733 (cur/roll3)
[finetune] Patient current vs rolling-3: accuracy 0.3659/0.3740, balanced_accuracy 0.3641/0.3715, macro_precision 0.3783/0.3825, macro_recall 0.3641/0.3715, macro_f1 0.3659/0.3733

--- finetune Epoch 17/40 | lr(backbone/head)=1.31e-06/1.31e-05 ---
[2D] Epoch 17 [48/48] Loss: 1.0785 Time: 5.45s
[2D] Train Epoch 17 (slice-level) => Loss: 1.0785, Acc: 0.4232, MacroF1: 0.4166

[2D] Starting validation...
[2D] Val (slice-level, n=322) => Acc: 0.3820, MacroF1: 0.3774
[2D] Val (volume-level, n=41) => Loss: 1.1028, Acc: 0.4146, BalancedAcc: 0.4085, MacroPrecision: 0.4270, MacroRecall: 0.4085, MacroF1: 0.4090
[2D] Val (patient-level, n=41) => Acc: 0.4146, BalancedAcc: 0.4085, MacroPrecision: 0.4270, MacroRecall: 0.4085, MacroF1: 0.4090

[2D] Volume-level Confusion Matrix:
True \ Pred       Adenocarcinoma  Small Cell      Squamous        
Y:Adenocarcinoma  8               3               4               
Y:Small Cell      6               5               2               
Y:Squamous        7               2               4               


[2D] Patient-level Confusion Matrix:
True \ Pred       Adenocarcinoma  Small Cell      Squamous        
Y:Adenocarcinoma  8               3               4               
Y:Small Cell      6               5               2               
Y:Squamous        7               2               4               

[finetune] Epoch 17 Summary => TrainLoss: 1.0785, TrainMacroF1: 0.4166, ValMacroF1(patient): 0.4090/0.3874 (cur/roll3)
[finetune] Patient current vs rolling-3: accuracy 0.4146/0.3902, balanced_accuracy 0.4085/0.3863, macro_precision 0.4270/0.4003, macro_recall 0.4085/0.3863, macro_f1 0.4090/0.3874

--- finetune Epoch 18/40 | lr(backbone/head)=1.23e-06/1.23e-05 ---
[2D] Epoch 18 [48/48] Loss: 1.0894 Time: 5.49s
[2D] Train Epoch 18 (slice-level) => Loss: 1.0894, Acc: 0.3960, MacroF1: 0.3950

[2D] Starting validation...
[2D] Val (slice-level, n=322) => Acc: 0.3758, MacroF1: 0.3727
[2D] Val (volume-level, n=41) => Loss: 1.1030, Acc: 0.4146, BalancedAcc: 0.4085, MacroPrecision: 0.4212, MacroRecall: 0.4085, MacroF1: 0.4084
[2D] Val (patient-level, n=41) => Acc: 0.4146, BalancedAcc: 0.4085, MacroPrecision: 0.4212, MacroRecall: 0.4085, MacroF1: 0.4084

[2D] Volume-level Confusion Matrix:
True \ Pred       Adenocarcinoma  Small Cell      Squamous        
Y:Adenocarcinoma  8               3               4               
Y:Small Cell      5               5               3               
Y:Squamous        7               2               4               


[2D] Patient-level Confusion Matrix:
True \ Pred       Adenocarcinoma  Small Cell      Squamous        
Y:Adenocarcinoma  8               3               4               
Y:Small Cell      5               5               3               
Y:Squamous        7               2               4               

[finetune] Epoch 18 Summary => TrainLoss: 1.0894, TrainMacroF1: 0.3950, ValMacroF1(patient): 0.4084/0.3944 (cur/roll3)
[finetune] Patient current vs rolling-3: accuracy 0.4146/0.3984, balanced_accuracy 0.4085/0.3937, macro_precision 0.4212/0.4088, macro_recall 0.4085/0.3937, macro_f1 0.4084/0.3944

--- finetune Epoch 19/40 | lr(backbone/head)=1.16e-06/1.16e-05 ---
[2D] Epoch 19 [48/48] Loss: 1.0790 Time: 5.80s
[2D] Train Epoch 19 (slice-level) => Loss: 1.0790, Acc: 0.4305, MacroF1: 0.4296

[2D] Starting validation...
[2D] Val (slice-level, n=322) => Acc: 0.3944, MacroF1: 0.3921
[2D] Val (volume-level, n=41) => Loss: 1.1052, Acc: 0.3902, BalancedAcc: 0.3863, MacroPrecision: 0.4006, MacroRecall: 0.3863, MacroF1: 0.3888
[2D] Val (patient-level, n=41) => Acc: 0.3902, BalancedAcc: 0.3863, MacroPrecision: 0.4006, MacroRecall: 0.3863, MacroF1: 0.3888

[2D] Volume-level Confusion Matrix:
True \ Pred       Adenocarcinoma  Small Cell      Squamous        
Y:Adenocarcinoma  7               3               5               
Y:Small Cell      5               5               3               
Y:Squamous        7               2               4               


[2D] Patient-level Confusion Matrix:
True \ Pred       Adenocarcinoma  Small Cell      Squamous        
Y:Adenocarcinoma  7               3               5               
Y:Small Cell      5               5               3               
Y:Squamous        7               2               4               

[finetune] Epoch 19 Summary => TrainLoss: 1.0790, TrainMacroF1: 0.4296, ValMacroF1(patient): 0.3888/0.4021 (cur/roll3)
[finetune] Patient current vs rolling-3: accuracy 0.3902/0.4065, balanced_accuracy 0.3863/0.4011, macro_precision 0.4006/0.4163, macro_recall 0.3863/0.4011, macro_f1 0.3888/0.4021

--- finetune Epoch 20/40 | lr(backbone/head)=1.08e-06/1.08e-05 ---
[2D] Epoch 20 [48/48] Loss: 1.0778 Time: 5.49s
[2D] Train Epoch 20 (slice-level) => Loss: 1.0778, Acc: 0.4146, MacroF1: 0.4119

[2D] Starting validation...
[2D] Val (slice-level, n=322) => Acc: 0.3851, MacroF1: 0.3815
[2D] Val (volume-level, n=41) => Loss: 1.1065, Acc: 0.4146, BalancedAcc: 0.4085, MacroPrecision: 0.4212, MacroRecall: 0.4085, MacroF1: 0.4084
[2D] Val (patient-level, n=41) => Acc: 0.4146, BalancedAcc: 0.4085, MacroPrecision: 0.4212, MacroRecall: 0.4085, MacroF1: 0.4084

[2D] Volume-level Confusion Matrix:
True \ Pred       Adenocarcinoma  Small Cell      Squamous        
Y:Adenocarcinoma  8               3               4               
Y:Small Cell      5               5               3               
Y:Squamous        7               2               4               


[2D] Patient-level Confusion Matrix:
True \ Pred       Adenocarcinoma  Small Cell      Squamous        
Y:Adenocarcinoma  8               3               4               
Y:Small Cell      5               5               3               
Y:Squamous        7               2               4               

[finetune] Epoch 20 Summary => TrainLoss: 1.0778, TrainMacroF1: 0.4119, ValMacroF1(patient): 0.4084/0.4019 (cur/roll3)
[finetune] Patient current vs rolling-3: accuracy 0.4146/0.4065, balanced_accuracy 0.4085/0.4011, macro_precision 0.4212/0.4143, macro_recall 0.4085/0.4011, macro_f1 0.4084/0.4019

--- finetune Epoch 21/40 | lr(backbone/head)=1.00e-06/1.00e-05 ---
[2D] Epoch 21 [48/48] Loss: 1.0891 Time: 7.27s
[2D] Train Epoch 21 (slice-level) => Loss: 1.0891, Acc: 0.3987, MacroF1: 0.3945

[2D] Starting validation...
[2D] Val (slice-level, n=322) => Acc: 0.3820, MacroF1: 0.3780
[2D] Val (volume-level, n=41) => Loss: 1.1059, Acc: 0.4146, BalancedAcc: 0.4085, MacroPrecision: 0.4212, MacroRecall: 0.4085, MacroF1: 0.4084
[2D] Val (patient-level, n=41) => Acc: 0.4146, BalancedAcc: 0.4085, MacroPrecision: 0.4212, MacroRecall: 0.4085, MacroF1: 0.4084

[2D] Volume-level Confusion Matrix:
True \ Pred       Adenocarcinoma  Small Cell      Squamous        
Y:Adenocarcinoma  8               3               4               
Y:Small Cell      5               5               3               
Y:Squamous        7               2               4               


[2D] Patient-level Confusion Matrix:
True \ Pred       Adenocarcinoma  Small Cell      Squamous        
Y:Adenocarcinoma  8               3               4               
Y:Small Cell      5               5               3               
Y:Squamous        7               2               4               

[finetune] Epoch 21 Summary => TrainLoss: 1.0891, TrainMacroF1: 0.3945, ValMacroF1(patient): 0.4084/0.4019 (cur/roll3)
[finetune] Patient current vs rolling-3: accuracy 0.4146/0.4065, balanced_accuracy 0.4085/0.4011, macro_precision 0.4212/0.4143, macro_recall 0.4085/0.4011, macro_f1 0.4084/0.4019

--- finetune Epoch 22/40 | lr(backbone/head)=9.22e-07/9.22e-06 ---
[2D] Epoch 22 [48/48] Loss: 1.0820 Time: 5.71s
[2D] Train Epoch 22 (slice-level) => Loss: 1.0820, Acc: 0.4166, MacroF1: 0.4148

[2D] Starting validation...
[2D] Val (slice-level, n=322) => Acc: 0.3913, MacroF1: 0.3867
[2D] Val (volume-level, n=41) => Loss: 1.1056, Acc: 0.4146, BalancedAcc: 0.4085, MacroPrecision: 0.4212, MacroRecall: 0.4085, MacroF1: 0.4084
[2D] Val (patient-level, n=41) => Acc: 0.4146, BalancedAcc: 0.4085, MacroPrecision: 0.4212, MacroRecall: 0.4085, MacroF1: 0.4084

[2D] Volume-level Confusion Matrix:
True \ Pred       Adenocarcinoma  Small Cell      Squamous        
Y:Adenocarcinoma  8               3               4               
Y:Small Cell      5               5               3               
Y:Squamous        7               2               4               


[2D] Patient-level Confusion Matrix:
True \ Pred       Adenocarcinoma  Small Cell      Squamous        
Y:Adenocarcinoma  8               3               4               
Y:Small Cell      5               5               3               
Y:Squamous        7               2               4               

[finetune] Epoch 22 Summary => TrainLoss: 1.0820, TrainMacroF1: 0.4148, ValMacroF1(patient): 0.4084/0.4084 (cur/roll3)
[finetune] Patient current vs rolling-3: accuracy 0.4146/0.4146, balanced_accuracy 0.4085/0.4085, macro_precision 0.4212/0.4212, macro_recall 0.4085/0.4085, macro_f1 0.4084/0.4084

--- finetune Epoch 23/40 | lr(backbone/head)=8.44e-07/8.44e-06 ---
[2D] Epoch 23 [48/48] Loss: 1.0825 Time: 5.32s
[2D] Train Epoch 23 (slice-level) => Loss: 1.0825, Acc: 0.4166, MacroF1: 0.4148

[2D] Starting validation...
[2D] Val (slice-level, n=322) => Acc: 0.3851, MacroF1: 0.3829
[2D] Val (volume-level, n=41) => Loss: 1.1056, Acc: 0.4390, BalancedAcc: 0.4342, MacroPrecision: 0.4386, MacroRecall: 0.4342, MacroF1: 0.4338
[2D] Val (patient-level, n=41) => Acc: 0.4390, BalancedAcc: 0.4342, MacroPrecision: 0.4386, MacroRecall: 0.4342, MacroF1: 0.4338

[2D] Volume-level Confusion Matrix:
True \ Pred       Adenocarcinoma  Small Cell      Squamous        
Y:Adenocarcinoma  8               3               4               
Y:Small Cell      5               5               3               
Y:Squamous        5               3               5               


[2D] Patient-level Confusion Matrix:
True \ Pred       Adenocarcinoma  Small Cell      Squamous        
Y:Adenocarcinoma  8               3               4               
Y:Small Cell      5               5               3               
Y:Squamous        5               3               5               

[finetune] Epoch 23 Summary => TrainLoss: 1.0825, TrainMacroF1: 0.4148, ValMacroF1(patient): 0.4338/0.4169 (cur/roll3)
[finetune] Patient current vs rolling-3: accuracy 0.4390/0.4228, balanced_accuracy 0.4342/0.4171, macro_precision 0.4386/0.4270, macro_recall 0.4342/0.4171, macro_f1 0.4338/0.4169

--- finetune Epoch 24/40 | lr(backbone/head)=7.67e-07/7.67e-06 ---
[2D] Epoch 24 [48/48] Loss: 1.0834 Time: 5.18s
[2D] Train Epoch 24 (slice-level) => Loss: 1.0834, Acc: 0.4172, MacroF1: 0.4156

[2D] Starting validation...
[2D] Val (slice-level, n=322) => Acc: 0.3820, MacroF1: 0.3800
[2D] Val (volume-level, n=41) => Loss: 1.1055, Acc: 0.4390, BalancedAcc: 0.4342, MacroPrecision: 0.4386, MacroRecall: 0.4342, MacroF1: 0.4338
[2D] Val (patient-level, n=41) => Acc: 0.4390, BalancedAcc: 0.4342, MacroPrecision: 0.4386, MacroRecall: 0.4342, MacroF1: 0.4338

[2D] Volume-level Confusion Matrix:
True \ Pred       Adenocarcinoma  Small Cell      Squamous        
Y:Adenocarcinoma  8               3               4               
Y:Small Cell      5               5               3               
Y:Squamous        5               3               5               


[2D] Patient-level Confusion Matrix:
True \ Pred       Adenocarcinoma  Small Cell      Squamous        
Y:Adenocarcinoma  8               3               4               
Y:Small Cell      5               5               3               
Y:Squamous        5               3               5               

[finetune] Epoch 24 Summary => TrainLoss: 1.0834, TrainMacroF1: 0.4156, ValMacroF1(patient): 0.4338/0.4254 (cur/roll3)
[finetune] Patient current vs rolling-3: accuracy 0.4390/0.4309, balanced_accuracy 0.4342/0.4256, macro_precision 0.4386/0.4328, macro_recall 0.4342/0.4256, macro_f1 0.4338/0.4254

--- finetune Epoch 25/40 | lr(backbone/head)=6.91e-07/6.91e-06 ---
[2D] Epoch 25 [48/48] Loss: 1.0804 Time: 5.93s
[2D] Train Epoch 25 (slice-level) => Loss: 1.0804, Acc: 0.4232, MacroF1: 0.4203

[2D] Starting validation...
[2D] Val (slice-level, n=322) => Acc: 0.3851, MacroF1: 0.3838
[2D] Val (volume-level, n=41) => Loss: 1.1049, Acc: 0.4390, BalancedAcc: 0.4342, MacroPrecision: 0.4459, MacroRecall: 0.4342, MacroF1: 0.4351
[2D] Val (patient-level, n=41) => Acc: 0.4390, BalancedAcc: 0.4342, MacroPrecision: 0.4459, MacroRecall: 0.4342, MacroF1: 0.4351

[2D] Volume-level Confusion Matrix:
True \ Pred       Adenocarcinoma  Small Cell      Squamous        
Y:Adenocarcinoma  8               3               4               
Y:Small Cell      5               5               3               
Y:Squamous        6               2               5               


[2D] Patient-level Confusion Matrix:
True \ Pred       Adenocarcinoma  Small Cell      Squamous        
Y:Adenocarcinoma  8               3               4               
Y:Small Cell      5               5               3               
Y:Squamous        6               2               5               

[finetune] Epoch 25 Summary => TrainLoss: 1.0804, TrainMacroF1: 0.4203, ValMacroF1(patient): 0.4351/0.4343 (cur/roll3)
[finetune] Patient current vs rolling-3: accuracy 0.4390/0.4390, balanced_accuracy 0.4342/0.4342, macro_precision 0.4459/0.4410, macro_recall 0.4342/0.4342, macro_f1 0.4351/0.4343

--- finetune Epoch 26/40 | lr(backbone/head)=6.17e-07/6.17e-06 ---
[2D] Epoch 26 [48/48] Loss: 1.0752 Time: 6.21s
[2D] Train Epoch 26 (slice-level) => Loss: 1.0752, Acc: 0.4397, MacroF1: 0.4388

[2D] Starting validation...
[2D] Val (slice-level, n=322) => Acc: 0.3758, MacroF1: 0.3725
[2D] Val (volume-level, n=41) => Loss: 1.1050, Acc: 0.4146, BalancedAcc: 0.4085, MacroPrecision: 0.4212, MacroRecall: 0.4085, MacroF1: 0.4084
[2D] Val (patient-level, n=41) => Acc: 0.4146, BalancedAcc: 0.4085, MacroPrecision: 0.4212, MacroRecall: 0.4085, MacroF1: 0.4084

[2D] Volume-level Confusion Matrix:
True \ Pred       Adenocarcinoma  Small Cell      Squamous        
Y:Adenocarcinoma  8               3               4               
Y:Small Cell      5               5               3               
Y:Squamous        7               2               4               


[2D] Patient-level Confusion Matrix:
True \ Pred       Adenocarcinoma  Small Cell      Squamous        
Y:Adenocarcinoma  8               3               4               
Y:Small Cell      5               5               3               
Y:Squamous        7               2               4               

[finetune] Epoch 26 Summary => TrainLoss: 1.0752, TrainMacroF1: 0.4388, ValMacroF1(patient): 0.4084/0.4258 (cur/roll3)
[finetune] Patient current vs rolling-3: accuracy 0.4146/0.4309, balanced_accuracy 0.4085/0.4256, macro_precision 0.4212/0.4352, macro_recall 0.4085/0.4256, macro_f1 0.4084/0.4258

--- finetune Epoch 27/40 | lr(backbone/head)=5.46e-07/5.46e-06 ---
[2D] Epoch 27 [48/48] Loss: 1.0721 Time: 5.49s
[2D] Train Epoch 27 (slice-level) => Loss: 1.0721, Acc: 0.4510, MacroF1: 0.4499

[2D] Starting validation...
[2D] Val (slice-level, n=322) => Acc: 0.3758, MacroF1: 0.3707
[2D] Val (volume-level, n=41) => Loss: 1.1054, Acc: 0.3902, BalancedAcc: 0.3829, MacroPrecision: 0.4027, MacroRecall: 0.3829, MacroF1: 0.3813
[2D] Val (patient-level, n=41) => Acc: 0.3902, BalancedAcc: 0.3829, MacroPrecision: 0.4027, MacroRecall: 0.3829, MacroF1: 0.3813

[2D] Volume-level Confusion Matrix:
True \ Pred       Adenocarcinoma  Small Cell      Squamous        
Y:Adenocarcinoma  8               3               4               
Y:Small Cell      7               4               2               
Y:Squamous        7               2               4               


[2D] Patient-level Confusion Matrix:
True \ Pred       Adenocarcinoma  Small Cell      Squamous        
Y:Adenocarcinoma  8               3               4               
Y:Small Cell      7               4               2               
Y:Squamous        7               2               4               

[finetune] Epoch 27 Summary => TrainLoss: 1.0721, TrainMacroF1: 0.4499, ValMacroF1(patient): 0.3813/0.4083 (cur/roll3)
[finetune] Patient current vs rolling-3: accuracy 0.3902/0.4146, balanced_accuracy 0.3829/0.4085, macro_precision 0.4027/0.4233, macro_recall 0.3829/0.4085, macro_f1 0.3813/0.4083

--- finetune Epoch 28/40 | lr(backbone/head)=4.78e-07/4.78e-06 ---
[2D] Epoch 28 [48/48] Loss: 1.0827 Time: 5.60s
[2D] Train Epoch 28 (slice-level) => Loss: 1.0827, Acc: 0.4093, MacroF1: 0.4083

[2D] Starting validation...
[2D] Val (slice-level, n=322) => Acc: 0.3789, MacroF1: 0.3742
[2D] Val (volume-level, n=41) => Loss: 1.1057, Acc: 0.4146, BalancedAcc: 0.4085, MacroPrecision: 0.4212, MacroRecall: 0.4085, MacroF1: 0.4084
[2D] Val (patient-level, n=41) => Acc: 0.4146, BalancedAcc: 0.4085, MacroPrecision: 0.4212, MacroRecall: 0.4085, MacroF1: 0.4084

[2D] Volume-level Confusion Matrix:
True \ Pred       Adenocarcinoma  Small Cell      Squamous        
Y:Adenocarcinoma  8               3               4               
Y:Small Cell      5               5               3               
Y:Squamous        7               2               4               


[2D] Patient-level Confusion Matrix:
True \ Pred       Adenocarcinoma  Small Cell      Squamous        
Y:Adenocarcinoma  8               3               4               
Y:Small Cell      5               5               3               
Y:Squamous        7               2               4               

[finetune] Epoch 28 Summary => TrainLoss: 1.0827, TrainMacroF1: 0.4083, ValMacroF1(patient): 0.4084/0.3994 (cur/roll3)
[finetune] Patient current vs rolling-3: accuracy 0.4146/0.4065, balanced_accuracy 0.4085/0.4000, macro_precision 0.4212/0.4150, macro_recall 0.4085/0.4000, macro_f1 0.4084/0.3994

--- finetune Epoch 29/40 | lr(backbone/head)=4.12e-07/4.12e-06 ---
[2D] Epoch 29 [48/48] Loss: 1.0706 Time: 5.96s
[2D] Train Epoch 29 (slice-level) => Loss: 1.0706, Acc: 0.4325, MacroF1: 0.4297

[2D] Starting validation...
[2D] Val (slice-level, n=322) => Acc: 0.3758, MacroF1: 0.3711
[2D] Val (volume-level, n=41) => Loss: 1.1060, Acc: 0.4146, BalancedAcc: 0.4085, MacroPrecision: 0.4212, MacroRecall: 0.4085, MacroF1: 0.4084
[2D] Val (patient-level, n=41) => Acc: 0.4146, BalancedAcc: 0.4085, MacroPrecision: 0.4212, MacroRecall: 0.4085, MacroF1: 0.4084

[2D] Volume-level Confusion Matrix:
True \ Pred       Adenocarcinoma  Small Cell      Squamous        
Y:Adenocarcinoma  8               3               4               
Y:Small Cell      5               5               3               
Y:Squamous        7               2               4               


[2D] Patient-level Confusion Matrix:
True \ Pred       Adenocarcinoma  Small Cell      Squamous        
Y:Adenocarcinoma  8               3               4               
Y:Small Cell      5               5               3               
Y:Squamous        7               2               4               

[finetune] Epoch 29 Summary => TrainLoss: 1.0706, TrainMacroF1: 0.4297, ValMacroF1(patient): 0.4084/0.3994 (cur/roll3)
[finetune] Patient current vs rolling-3: accuracy 0.4146/0.4065, balanced_accuracy 0.4085/0.4000, macro_precision 0.4212/0.4150, macro_recall 0.4085/0.4000, macro_f1 0.4084/0.3994

--- finetune Epoch 30/40 | lr(backbone/head)=3.51e-07/3.51e-06 ---
[2D] Epoch 30 [48/48] Loss: 1.0751 Time: 5.28s
[2D] Train Epoch 30 (slice-level) => Loss: 1.0751, Acc: 0.4490, MacroF1: 0.4478

[2D] Starting validation...
[2D] Val (slice-level, n=322) => Acc: 0.3696, MacroF1: 0.3655
[2D] Val (volume-level, n=41) => Loss: 1.1063, Acc: 0.4146, BalancedAcc: 0.4085, MacroPrecision: 0.4325, MacroRecall: 0.4085, MacroF1: 0.4085
[2D] Val (patient-level, n=41) => Acc: 0.4146, BalancedAcc: 0.4085, MacroPrecision: 0.4325, MacroRecall: 0.4085, MacroF1: 0.4085

[2D] Volume-level Confusion Matrix:
True \ Pred       Adenocarcinoma  Small Cell      Squamous        
Y:Adenocarcinoma  8               3               4               
Y:Small Cell      6               4               3               
Y:Squamous        7               1               5               


[2D] Patient-level Confusion Matrix:
True \ Pred       Adenocarcinoma  Small Cell      Squamous        
Y:Adenocarcinoma  8               3               4               
Y:Small Cell      6               4               3               
Y:Squamous        7               1               5               

[finetune] Epoch 30 Summary => TrainLoss: 1.0751, TrainMacroF1: 0.4478, ValMacroF1(patient): 0.4085/0.4084 (cur/roll3)
[finetune] Patient current vs rolling-3: accuracy 0.4146/0.4146, balanced_accuracy 0.4085/0.4085, macro_precision 0.4325/0.4250, macro_recall 0.4085/0.4085, macro_f1 0.4085/0.4084

--- finetune Epoch 31/40 | lr(backbone/head)=2.93e-07/2.93e-06 ---
[2D] Epoch 31 [48/48] Loss: 1.0771 Time: 6.67s
[2D] Train Epoch 31 (slice-level) => Loss: 1.0771, Acc: 0.4318, MacroF1: 0.4303

[2D] Starting validation...
[2D] Val (slice-level, n=322) => Acc: 0.3758, MacroF1: 0.3698
[2D] Val (volume-level, n=41) => Loss: 1.1064, Acc: 0.4146, BalancedAcc: 0.4085, MacroPrecision: 0.4325, MacroRecall: 0.4085, MacroF1: 0.4085
[2D] Val (patient-level, n=41) => Acc: 0.4146, BalancedAcc: 0.4085, MacroPrecision: 0.4325, MacroRecall: 0.4085, MacroF1: 0.4085

[2D] Volume-level Confusion Matrix:
True \ Pred       Adenocarcinoma  Small Cell      Squamous        
Y:Adenocarcinoma  8               3               4               
Y:Small Cell      6               4               3               
Y:Squamous        7               1               5               


[2D] Patient-level Confusion Matrix:
True \ Pred       Adenocarcinoma  Small Cell      Squamous        
Y:Adenocarcinoma  8               3               4               
Y:Small Cell      6               4               3               
Y:Squamous        7               1               5               

[finetune] Epoch 31 Summary => TrainLoss: 1.0771, TrainMacroF1: 0.4303, ValMacroF1(patient): 0.4085/0.4085 (cur/roll3)
[finetune] Patient current vs rolling-3: accuracy 0.4146/0.4146, balanced_accuracy 0.4085/0.4085, macro_precision 0.4325/0.4288, macro_recall 0.4085/0.4085, macro_f1 0.4085/0.4085

--- finetune Epoch 32/40 | lr(backbone/head)=2.40e-07/2.40e-06 ---
[2D] Epoch 32 [48/48] Loss: 1.0753 Time: 6.55s
[2D] Train Epoch 32 (slice-level) => Loss: 1.0753, Acc: 0.4318, MacroF1: 0.4312

[2D] Starting validation...
[2D] Val (slice-level, n=322) => Acc: 0.3727, MacroF1: 0.3664
[2D] Val (volume-level, n=41) => Loss: 1.1066, Acc: 0.4146, BalancedAcc: 0.4085, MacroPrecision: 0.4325, MacroRecall: 0.4085, MacroF1: 0.4085
[2D] Val (patient-level, n=41) => Acc: 0.4146, BalancedAcc: 0.4085, MacroPrecision: 0.4325, MacroRecall: 0.4085, MacroF1: 0.4085

[2D] Volume-level Confusion Matrix:
True \ Pred       Adenocarcinoma  Small Cell      Squamous        
Y:Adenocarcinoma  8               3               4               
Y:Small Cell      6               4               3               
Y:Squamous        7               1               5               


[2D] Patient-level Confusion Matrix:
True \ Pred       Adenocarcinoma  Small Cell      Squamous        
Y:Adenocarcinoma  8               3               4               
Y:Small Cell      6               4               3               
Y:Squamous        7               1               5               

[finetune] Epoch 32 Summary => TrainLoss: 1.0753, TrainMacroF1: 0.4312, ValMacroF1(patient): 0.4085/0.4085 (cur/roll3)
[finetune] Patient current vs rolling-3: accuracy 0.4146/0.4146, balanced_accuracy 0.4085/0.4085, macro_precision 0.4325/0.4325, macro_recall 0.4085/0.4085, macro_f1 0.4085/0.4085

--- finetune Epoch 33/40 | lr(backbone/head)=1.91e-07/1.91e-06 ---
[2D] Epoch 33 [48/48] Loss: 1.0708 Time: 6.87s
[2D] Train Epoch 33 (slice-level) => Loss: 1.0708, Acc: 0.4384, MacroF1: 0.4372

[2D] Starting validation...
[2D] Val (slice-level, n=322) => Acc: 0.3727, MacroF1: 0.3664
[2D] Val (volume-level, n=41) => Loss: 1.1069, Acc: 0.4146, BalancedAcc: 0.4085, MacroPrecision: 0.4325, MacroRecall: 0.4085, MacroF1: 0.4085
[2D] Val (patient-level, n=41) => Acc: 0.4146, BalancedAcc: 0.4085, MacroPrecision: 0.4325, MacroRecall: 0.4085, MacroF1: 0.4085

[2D] Volume-level Confusion Matrix:
True \ Pred       Adenocarcinoma  Small Cell      Squamous        
Y:Adenocarcinoma  8               3               4               
Y:Small Cell      6               4               3               
Y:Squamous        7               1               5               


[2D] Patient-level Confusion Matrix:
True \ Pred       Adenocarcinoma  Small Cell      Squamous        
Y:Adenocarcinoma  8               3               4               
Y:Small Cell      6               4               3               
Y:Squamous        7               1               5               

[finetune] Epoch 33 Summary => TrainLoss: 1.0708, TrainMacroF1: 0.4372, ValMacroF1(patient): 0.4085/0.4085 (cur/roll3)
[finetune] Patient current vs rolling-3: accuracy 0.4146/0.4146, balanced_accuracy 0.4085/0.4085, macro_precision 0.4325/0.4325, macro_recall 0.4085/0.4085, macro_f1 0.4085/0.4085

--- finetune Epoch 34/40 | lr(backbone/head)=1.47e-07/1.47e-06 ---
[2D] Epoch 34 [48/48] Loss: 1.0816 Time: 6.03s
[2D] Train Epoch 34 (slice-level) => Loss: 1.0816, Acc: 0.4119, MacroF1: 0.4115

[2D] Starting validation...
[2D] Val (slice-level, n=322) => Acc: 0.3696, MacroF1: 0.3633
[2D] Val (volume-level, n=41) => Loss: 1.1070, Acc: 0.4146, BalancedAcc: 0.4085, MacroPrecision: 0.4325, MacroRecall: 0.4085, MacroF1: 0.4085
[2D] Val (patient-level, n=41) => Acc: 0.4146, BalancedAcc: 0.4085, MacroPrecision: 0.4325, MacroRecall: 0.4085, MacroF1: 0.4085

[2D] Volume-level Confusion Matrix:
True \ Pred       Adenocarcinoma  Small Cell      Squamous        
Y:Adenocarcinoma  8               3               4               
Y:Small Cell      6               4               3               
Y:Squamous        7               1               5               


[2D] Patient-level Confusion Matrix:
True \ Pred       Adenocarcinoma  Small Cell      Squamous        
Y:Adenocarcinoma  8               3               4               
Y:Small Cell      6               4               3               
Y:Squamous        7               1               5               

[finetune] Epoch 34 Summary => TrainLoss: 1.0816, TrainMacroF1: 0.4115, ValMacroF1(patient): 0.4085/0.4085 (cur/roll3)
[finetune] Patient current vs rolling-3: accuracy 0.4146/0.4146, balanced_accuracy 0.4085/0.4085, macro_precision 0.4325/0.4325, macro_recall 0.4085/0.4085, macro_f1 0.4085/0.4085

--- finetune Epoch 35/40 | lr(backbone/head)=1.09e-07/1.09e-06 ---
[2D] Epoch 35 [48/48] Loss: 1.0795 Time: 5.66s
[2D] Train Epoch 35 (slice-level) => Loss: 1.0795, Acc: 0.4364, MacroF1: 0.4345

[2D] Starting validation...
[2D] Val (slice-level, n=322) => Acc: 0.3758, MacroF1: 0.3698
[2D] Val (volume-level, n=41) => Loss: 1.1070, Acc: 0.4146, BalancedAcc: 0.4085, MacroPrecision: 0.4325, MacroRecall: 0.4085, MacroF1: 0.4085
[2D] Val (patient-level, n=41) => Acc: 0.4146, BalancedAcc: 0.4085, MacroPrecision: 0.4325, MacroRecall: 0.4085, MacroF1: 0.4085

[2D] Volume-level Confusion Matrix:
True \ Pred       Adenocarcinoma  Small Cell      Squamous        
Y:Adenocarcinoma  8               3               4               
Y:Small Cell      6               4               3               
Y:Squamous        7               1               5               


[2D] Patient-level Confusion Matrix:
True \ Pred       Adenocarcinoma  Small Cell      Squamous        
Y:Adenocarcinoma  8               3               4               
Y:Small Cell      6               4               3               
Y:Squamous        7               1               5               

[finetune] Epoch 35 Summary => TrainLoss: 1.0795, TrainMacroF1: 0.4345, ValMacroF1(patient): 0.4085/0.4085 (cur/roll3)
[finetune] Patient current vs rolling-3: accuracy 0.4146/0.4146, balanced_accuracy 0.4085/0.4085, macro_precision 0.4325/0.4325, macro_recall 0.4085/0.4085, macro_f1 0.4085/0.4085

[2D] Starting validation...
[2D] Val (slice-level, n=332) => Acc: 0.3855, MacroF1: 0.3709
[2D] Val (volume-level, n=43) => Loss: 1.0934, Acc: 0.4884, BalancedAcc: 0.4872, MacroPrecision: 0.4848, MacroRecall: 0.4872, MacroF1: 0.4787
[2D] Val (patient-level, n=43) => Acc: 0.4884, BalancedAcc: 0.4872, MacroPrecision: 0.4848, MacroRecall: 0.4872, MacroF1: 0.4787

[2D] Volume-level Confusion Matrix:
True \ Pred       Adenocarcinoma  Small Cell      Squamous        
Y:Adenocarcinoma  10              2               3               
Y:Small Cell      4               6               3               
Y:Squamous        6               4               5               


[2D] Patient-level Confusion Matrix:
True \ Pred       Adenocarcinoma  Small Cell      Squamous        
Y:Adenocarcinoma  10              2               3               
Y:Small Cell      4               6               3               
Y:Squamous        6               4               5               

