<frozen importlib._bootstrap_external>:1301: FutureWarning: The cuda.cudart module is deprecated and will be removed in a future release, please switch to use the cuda.bindings.runtime module instead.
/home/hansstem/anaconda3/envs/sclc/lib/python3.12/site-packages/monai/utils/deprecate_utils.py:321: FutureWarning: monai.transforms.spatial.dictionary Orientationd.__init__:labels: Current default value of argument `labels=(('L', 'R'), ('P', 'A'), ('I', 'S'))` was changed in version None from `labels=(('L', 'R'), ('P', 'A'), ('I', 'S'))` to `labels=None`. Default value changed to None meaning that the transform now uses the 'space' of a meta-tensor, if applicable, to determine appropriate axis labels.
  warn_deprecated(argname, msg, warning_category)
Initialized resnet50_2d Classifier. Total Params: 23,507,907
Split 'train': 242 patients.
  482 images (482 w/ masks), class distribution: {0: 341, 2: 85, 1: 56}
Split 'val': 52 patients.
  102 images (102 w/ masks), class distribution: {0: 73, 2: 17, 1: 12}
Split 'test': 53 patients.
  106 images (106 w/ masks), class distribution: {0: 76, 2: 18, 1: 12}
[2D lung_pet_ct_dx train] 3730 slices from 482 volumes / 242 patients (dropped: no_mask=0, no_tumor_slices=0), classes={0: 2608, 2: 680, 1: 442}
[2D lung_pet_ct_dx val] 786 slices from 101 volumes / 52 patients (dropped: no_mask=0, no_tumor_slices=1), classes={0: 554, 2: 136, 1: 96}
[2D lung_pet_ct_dx test] 834 slices from 106 volumes / 53 patients (dropped: no_mask=0, no_tumor_slices=0), classes={0: 594, 2: 144, 1: 96}
[2D lung_pet_ct_dx] dropped-patient inventory -> /home/hansstem/.cache/monai_lung_pet_ct_clean_2d/img224_crop96_mp1/dropped_patients.json
[2D] PersistentDataset cache_dir='/home/hansstem/.cache/monai_lung_pet_ct_clean_2d/img224_crop96_mp1/train'
[2D] PersistentDataset cache_dir='/home/hansstem/.cache/monai_lung_pet_ct_clean_2d/img224_crop96_mp1/val'
[2D] PersistentDataset cache_dir='/home/hansstem/.cache/monai_lung_pet_ct_clean_2d/img224_crop96_mp1/test'
Applying WeightedRandomSampler for lung_pet_ct_dx
[lung_pet_ct_dx] Train class distribution: {0: 2608, 2: 680, 1: 442}

--- dapt Epoch 1/20 | lr=1.00e-06 ---
[2D] Epoch 1 [50/78] Loss: 1.1075 Time: 3683.12s
[2D] Epoch 1 [78/78] Loss: 1.1056 Time: 951.29s
[2D] Train Epoch 1 (slice-level) => Loss: 1.1056, Acc: 0.3247, MacroF1: 0.3242

[2D] Starting validation...
[2D] Val (slice-level, n=786) => Acc: 0.3028, MacroF1: 0.2480
[2D] Val (volume-level, n=101) => Loss: 1.1033, Acc: 0.2772, BalancedAcc: 0.2576, MacroPrecision: 0.3075, MacroRecall: 0.2576, MacroF1: 0.2229
[2D] Val (patient-level, n=52) => Acc: 0.2885, BalancedAcc: 0.2192, MacroPrecision: 0.2753, MacroRecall: 0.2192, MacroF1: 0.2070

[2D] Volume-level Confusion Matrix:
True \ Pred       Adenocarcinoma  Small Cell      Squamous        
Y:Adenocarcinoma  20              19              33              
Y:Small Cell      1               1               10              
Y:Squamous        6               4               7               


[2D] Patient-level Confusion Matrix:
True \ Pred       Adenocarcinoma  Small Cell      Squamous        
Y:Adenocarcinoma  12              8               17              
Y:Small Cell      1               0               5               
Y:Squamous        4               2               3               

[dapt] Epoch 1 Summary => TrainLoss: 1.1056, TrainMacroF1: 0.3242, ValMacroF1(patient): 0.2070/0.2070 (cur/roll3)
[dapt] Patient current vs rolling-3: accuracy 0.2885/0.2885, balanced_accuracy 0.2192/0.2192, macro_precision 0.2753/0.2753, macro_recall 0.2192/0.2192, macro_f1 0.2070/0.2070

--- dapt Epoch 2/20 | lr=3.40e-05 ---
[2D] Epoch 2 [50/78] Loss: 1.0891 Time: 1370.63s
[2D] Epoch 2 [78/78] Loss: 1.0823 Time: 501.96s
[2D] Train Epoch 2 (slice-level) => Loss: 1.0823, Acc: 0.4123, MacroF1: 0.4078

[2D] Starting validation...
[2D] Val (slice-level, n=786) => Acc: 0.6056, MacroF1: 0.4022
[2D] Val (volume-level, n=101) => Loss: 1.0150, Acc: 0.6931, BalancedAcc: 0.4684, MacroPrecision: 0.5098, MacroRecall: 0.4684, MacroF1: 0.4819
[2D] Val (patient-level, n=52) => Acc: 0.6538, BalancedAcc: 0.3624, MacroPrecision: 0.3814, MacroRecall: 0.3624, MacroF1: 0.3619

[2D] Volume-level Confusion Matrix:
True \ Pred       Adenocarcinoma  Small Cell      Squamous        
Y:Adenocarcinoma  62              7               3               
Y:Small Cell      6               3               3               
Y:Squamous        12              0               5               


[2D] Patient-level Confusion Matrix:
True \ Pred       Adenocarcinoma  Small Cell      Squamous        
Y:Adenocarcinoma  32              4               1               
Y:Small Cell      4               0               2               
Y:Squamous        7               0               2               

[dapt] Epoch 2 Summary => TrainLoss: 1.0823, TrainMacroF1: 0.4078, ValMacroF1(patient): 0.3619/0.2844 (cur/roll3)
[dapt] Patient current vs rolling-3: accuracy 0.6538/0.4712, balanced_accuracy 0.3624/0.2908, macro_precision 0.3814/0.3283, macro_recall 0.3624/0.2908, macro_f1 0.3619/0.2844

--- dapt Epoch 3/20 | lr=6.70e-05 ---
[2D] Epoch 3 [50/78] Loss: 1.0206 Time: 631.67s
[2D] Epoch 3 [78/78] Loss: 0.9968 Time: 208.92s
[2D] Train Epoch 3 (slice-level) => Loss: 0.9968, Acc: 0.5622, MacroF1: 0.5600

[2D] Starting validation...
[2D] Val (slice-level, n=786) => Acc: 0.6781, MacroF1: 0.5857
[2D] Val (volume-level, n=101) => Loss: 0.8773, Acc: 0.7228, BalancedAcc: 0.6947, MacroPrecision: 0.6115, MacroRecall: 0.6947, MacroF1: 0.6293
[2D] Val (patient-level, n=52) => Acc: 0.7308, BalancedAcc: 0.7247, MacroPrecision: 0.6222, MacroRecall: 0.7247, MacroF1: 0.6424

[2D] Volume-level Confusion Matrix:
True \ Pred       Adenocarcinoma  Small Cell      Squamous        
Y:Adenocarcinoma  53              6               13              
Y:Small Cell      1               7               4               
Y:Squamous        1               3               13              


[2D] Patient-level Confusion Matrix:
True \ Pred       Adenocarcinoma  Small Cell      Squamous        
Y:Adenocarcinoma  27              4               6               
Y:Small Cell      0               4               2               
Y:Squamous        0               2               7               

[dapt] Epoch 3 Summary => TrainLoss: 0.9968, TrainMacroF1: 0.5600, ValMacroF1(patient): 0.6424/0.4037 (cur/roll3)
[dapt] Patient current vs rolling-3: accuracy 0.7308/0.5577, balanced_accuracy 0.7247/0.4354, macro_precision 0.6222/0.4263, macro_recall 0.7247/0.4354, macro_f1 0.6424/0.4037

--- dapt Epoch 4/20 | lr=1.00e-04 ---
[2D] Epoch 4 [50/78] Loss: 0.9042 Time: 490.43s
[2D] Epoch 4 [78/78] Loss: 0.9000 Time: 147.62s
[2D] Train Epoch 4 (slice-level) => Loss: 0.9000, Acc: 0.6539, MacroF1: 0.6538

[2D] Starting validation...
[2D] Val (slice-level, n=786) => Acc: 0.6679, MacroF1: 0.5739
[2D] Val (volume-level, n=101) => Loss: 0.8499, Acc: 0.7129, BalancedAcc: 0.6588, MacroPrecision: 0.5886, MacroRecall: 0.6588, MacroF1: 0.5978
[2D] Val (patient-level, n=52) => Acc: 0.7308, BalancedAcc: 0.7062, MacroPrecision: 0.6147, MacroRecall: 0.7062, MacroF1: 0.6308

[2D] Volume-level Confusion Matrix:
True \ Pred       Adenocarcinoma  Small Cell      Squamous        
Y:Adenocarcinoma  53              14              5               
Y:Small Cell      0               5               7               
Y:Squamous        0               3               14              


[2D] Patient-level Confusion Matrix:
True \ Pred       Adenocarcinoma  Small Cell      Squamous        
Y:Adenocarcinoma  27              7               3               
Y:Small Cell      0               3               3               
Y:Squamous        0               1               8               

[dapt] Epoch 4 Summary => TrainLoss: 0.9000, TrainMacroF1: 0.6538, ValMacroF1(patient): 0.6308/0.5450 (cur/roll3)
[dapt] Patient current vs rolling-3: accuracy 0.7308/0.7051, balanced_accuracy 0.7062/0.5978, macro_precision 0.6147/0.5394, macro_recall 0.7062/0.5978, macro_f1 0.6308/0.5450

--- dapt Epoch 5/20 | lr=9.91e-05 ---
[2D] Epoch 5 [50/78] Loss: 0.7943 Time: 248.29s
[2D] Epoch 5 [78/78] Loss: 0.7932 Time: 88.71s
[2D] Train Epoch 5 (slice-level) => Loss: 0.7932, Acc: 0.7410, MacroF1: 0.7401

[2D] Starting validation...
[2D] Val (slice-level, n=786) => Acc: 0.5891, MacroF1: 0.4978
[2D] Val (volume-level, n=101) => Loss: 0.9597, Acc: 0.6238, BalancedAcc: 0.5790, MacroPrecision: 0.5202, MacroRecall: 0.5790, MacroF1: 0.5104
[2D] Val (patient-level, n=52) => Acc: 0.6154, BalancedAcc: 0.5776, MacroPrecision: 0.5228, MacroRecall: 0.5776, MacroF1: 0.5056

[2D] Volume-level Confusion Matrix:
True \ Pred       Adenocarcinoma  Small Cell      Squamous        
Y:Adenocarcinoma  46              12              14              
Y:Small Cell      0               4               8               
Y:Squamous        1               3               13              


[2D] Patient-level Confusion Matrix:
True \ Pred       Adenocarcinoma  Small Cell      Squamous        
Y:Adenocarcinoma  23              6               8               
Y:Small Cell      0               2               4               
Y:Squamous        0               2               7               

[dapt] Epoch 5 Summary => TrainLoss: 0.7932, TrainMacroF1: 0.7401, ValMacroF1(patient): 0.5056/0.5929 (cur/roll3)
[dapt] Patient current vs rolling-3: accuracy 0.6154/0.6923, balanced_accuracy 0.5776/0.6695, macro_precision 0.5228/0.5866, macro_recall 0.5776/0.6695, macro_f1 0.5056/0.5929

--- dapt Epoch 6/20 | lr=9.66e-05 ---
[2D] Epoch 6 [50/78] Loss: 0.7145 Time: 157.94s
[2D] Epoch 6 [78/78] Loss: 0.7120 Time: 64.08s
[2D] Train Epoch 6 (slice-level) => Loss: 0.7120, Acc: 0.8027, MacroF1: 0.8016

[2D] Starting validation...
[2D] Val (slice-level, n=786) => Acc: 0.6323, MacroF1: 0.5393
[2D] Val (volume-level, n=101) => Loss: 0.9163, Acc: 0.7030, BalancedAcc: 0.6392, MacroPrecision: 0.5833, MacroRecall: 0.6392, MacroF1: 0.5912
[2D] Val (patient-level, n=52) => Acc: 0.7500, BalancedAcc: 0.6406, MacroPrecision: 0.6014, MacroRecall: 0.6406, MacroF1: 0.6055

[2D] Volume-level Confusion Matrix:
True \ Pred       Adenocarcinoma  Small Cell      Squamous        
Y:Adenocarcinoma  53              6               13              
Y:Small Cell      2               5               5               
Y:Squamous        3               1               13              


[2D] Patient-level Confusion Matrix:
True \ Pred       Adenocarcinoma  Small Cell      Squamous        
Y:Adenocarcinoma  30              2               5               
Y:Small Cell      1               2               3               
Y:Squamous        1               1               7               

[dapt] Epoch 6 Summary => TrainLoss: 0.7120, TrainMacroF1: 0.8016, ValMacroF1(patient): 0.6055/0.5806 (cur/roll3)
[dapt] Patient current vs rolling-3: accuracy 0.7500/0.6987, balanced_accuracy 0.6406/0.6415, macro_precision 0.6014/0.5796, macro_recall 0.6406/0.6415, macro_f1 0.6055/0.5806

--- dapt Epoch 7/20 | lr=9.25e-05 ---
[2D] Epoch 7 [50/78] Loss: 0.6436 Time: 153.97s
[2D] Epoch 7 [78/78] Loss: 0.6632 Time: 53.63s
[2D] Train Epoch 7 (slice-level) => Loss: 0.6632, Acc: 0.8378, MacroF1: 0.8378

[2D] Starting validation...
[2D] Val (slice-level, n=786) => Acc: 0.7061, MacroF1: 0.5527
[2D] Val (volume-level, n=101) => Loss: 0.7764, Acc: 0.7723, BalancedAcc: 0.5817, MacroPrecision: 0.6659, MacroRecall: 0.5817, MacroF1: 0.6042
[2D] Val (patient-level, n=52) => Acc: 0.7885, BalancedAcc: 0.5931, MacroPrecision: 0.7540, MacroRecall: 0.5931, MacroF1: 0.6159

[2D] Volume-level Confusion Matrix:
True \ Pred       Adenocarcinoma  Small Cell      Squamous        
Y:Adenocarcinoma  66              5               1               
Y:Small Cell      6               5               1               
Y:Squamous        7               3               7               


[2D] Patient-level Confusion Matrix:
True \ Pred       Adenocarcinoma  Small Cell      Squamous        
Y:Adenocarcinoma  35              2               0               
Y:Small Cell      3               3               0               
Y:Squamous        4               2               3               

[dapt] Epoch 7 Summary => TrainLoss: 0.6632, TrainMacroF1: 0.8378, ValMacroF1(patient): 0.6159/0.5756 (cur/roll3)
[dapt] Patient current vs rolling-3: accuracy 0.7885/0.7179, balanced_accuracy 0.5931/0.6038, macro_precision 0.7540/0.6261, macro_recall 0.5931/0.6038, macro_f1 0.6159/0.5756

--- dapt Epoch 8/20 | lr=8.70e-05 ---
[2D] Epoch 8 [50/78] Loss: 0.5902 Time: 104.01s
[2D] Epoch 8 [78/78] Loss: 0.5970 Time: 48.71s
[2D] Train Epoch 8 (slice-level) => Loss: 0.5970, Acc: 0.8866, MacroF1: 0.8857

[2D] Starting validation...
[2D] Val (slice-level, n=786) => Acc: 0.7163, MacroF1: 0.5849
[2D] Val (volume-level, n=101) => Loss: 0.7681, Acc: 0.8317, BalancedAcc: 0.7075, MacroPrecision: 0.7326, MacroRecall: 0.7075, MacroF1: 0.7185
[2D] Val (patient-level, n=52) => Acc: 0.8269, BalancedAcc: 0.7232, MacroPrecision: 0.7177, MacroRecall: 0.7232, MacroF1: 0.7165

[2D] Volume-level Confusion Matrix:
True \ Pred       Adenocarcinoma  Small Cell      Squamous        
Y:Adenocarcinoma  66              2               4               
Y:Small Cell      5               6               1               
Y:Squamous        3               2               12              


[2D] Patient-level Confusion Matrix:
True \ Pred       Adenocarcinoma  Small Cell      Squamous        
Y:Adenocarcinoma  33              1               3               
Y:Small Cell      2               3               1               
Y:Squamous        1               1               7               

[dapt] Epoch 8 Summary => TrainLoss: 0.5970, TrainMacroF1: 0.8857, ValMacroF1(patient): 0.7165/0.6460 (cur/roll3)
[dapt] Patient current vs rolling-3: accuracy 0.8269/0.7885, balanced_accuracy 0.7232/0.6523, macro_precision 0.7177/0.6910, macro_recall 0.7232/0.6523, macro_f1 0.7165/0.6460

--- dapt Epoch 9/20 | lr=8.01e-05 ---
[2D] Epoch 9 [50/78] Loss: 0.5850 Time: 107.57s
[2D] Epoch 9 [78/78] Loss: 0.5974 Time: 42.68s
[2D] Train Epoch 9 (slice-level) => Loss: 0.5974, Acc: 0.8930, MacroF1: 0.8926

[2D] Starting validation...
[2D] Val (slice-level, n=786) => Acc: 0.7188, MacroF1: 0.5806
[2D] Val (volume-level, n=101) => Loss: 0.7705, Acc: 0.7822, BalancedAcc: 0.6394, MacroPrecision: 0.6338, MacroRecall: 0.6394, MacroF1: 0.6340
[2D] Val (patient-level, n=52) => Acc: 0.8077, BalancedAcc: 0.6582, MacroPrecision: 0.6732, MacroRecall: 0.6582, MacroF1: 0.6650

[2D] Volume-level Confusion Matrix:
True \ Pred       Adenocarcinoma  Small Cell      Squamous        
Y:Adenocarcinoma  64              6               2               
Y:Small Cell      2               6               4               
Y:Squamous        5               3               9               


[2D] Patient-level Confusion Matrix:
True \ Pred       Adenocarcinoma  Small Cell      Squamous        
Y:Adenocarcinoma  34              2               1               
Y:Small Cell      1               3               2               
Y:Squamous        3               1               5               

[dapt] Epoch 9 Summary => TrainLoss: 0.5974, TrainMacroF1: 0.8926, ValMacroF1(patient): 0.6650/0.6658 (cur/roll3)
[dapt] Patient current vs rolling-3: accuracy 0.8077/0.8077, balanced_accuracy 0.6582/0.6582, macro_precision 0.6732/0.7150, macro_recall 0.6582/0.6582, macro_f1 0.6650/0.6658

--- dapt Epoch 10/20 | lr=7.23e-05 ---
[2D] Epoch 10 [50/78] Loss: 0.6094 Time: 49.45s
[2D] Epoch 10 [78/78] Loss: 0.5909 Time: 20.26s
[2D] Train Epoch 10 (slice-level) => Loss: 0.5909, Acc: 0.9005, MacroF1: 0.9002

[2D] Starting validation...
[2D] Val (slice-level, n=786) => Acc: 0.7723, MacroF1: 0.6371
[2D] Val (volume-level, n=101) => Loss: 0.7024, Acc: 0.8713, BalancedAcc: 0.7179, MacroPrecision: 0.8318, MacroRecall: 0.7179, MacroF1: 0.7512
[2D] Val (patient-level, n=52) => Acc: 0.9038, BalancedAcc: 0.7873, MacroPrecision: 0.9077, MacroRecall: 0.7873, MacroF1: 0.8187

[2D] Volume-level Confusion Matrix:
True \ Pred       Adenocarcinoma  Small Cell      Squamous        
Y:Adenocarcinoma  70              0               2               
Y:Small Cell      5               5               2               
Y:Squamous        3               1               13              


[2D] Patient-level Confusion Matrix:
True \ Pred       Adenocarcinoma  Small Cell      Squamous        
Y:Adenocarcinoma  36              0               1               
Y:Small Cell      2               3               1               
Y:Squamous        1               0               8               

[dapt] Epoch 10 Summary => TrainLoss: 0.5909, TrainMacroF1: 0.9002, ValMacroF1(patient): 0.8187/0.7334 (cur/roll3)
[dapt] Patient current vs rolling-3: accuracy 0.9038/0.8462, balanced_accuracy 0.7873/0.7229, macro_precision 0.9077/0.7662, macro_recall 0.7873/0.7229, macro_f1 0.8187/0.7334

--- dapt Epoch 11/20 | lr=6.37e-05 ---
[2D] Epoch 11 [50/78] Loss: 0.5350 Time: 24.95s
[2D] Epoch 11 [78/78] Loss: 0.5250 Time: 2.53s
[2D] Train Epoch 11 (slice-level) => Loss: 0.5250, Acc: 0.9260, MacroF1: 0.9259

[2D] Starting validation...
[2D] Val (slice-level, n=786) => Acc: 0.7659, MacroF1: 0.6417
[2D] Val (volume-level, n=101) => Loss: 0.7244, Acc: 0.8515, BalancedAcc: 0.7168, MacroPrecision: 0.7597, MacroRecall: 0.7168, MacroF1: 0.7342
[2D] Val (patient-level, n=52) => Acc: 0.8654, BalancedAcc: 0.7412, MacroPrecision: 0.8084, MacroRecall: 0.7412, MacroF1: 0.7663

[2D] Volume-level Confusion Matrix:
True \ Pred       Adenocarcinoma  Small Cell      Squamous        
Y:Adenocarcinoma  68              1               3               
Y:Small Cell      4               6               2               
Y:Squamous        3               2               12              


[2D] Patient-level Confusion Matrix:
True \ Pred       Adenocarcinoma  Small Cell      Squamous        
Y:Adenocarcinoma  35              1               1               
Y:Small Cell      2               3               1               
Y:Squamous        2               0               7               

[dapt] Epoch 11 Summary => TrainLoss: 0.5250, TrainMacroF1: 0.9259, ValMacroF1(patient): 0.7663/0.7500 (cur/roll3)
[dapt] Patient current vs rolling-3: accuracy 0.8654/0.8590, balanced_accuracy 0.7412/0.7289, macro_precision 0.8084/0.7964, macro_recall 0.7412/0.7289, macro_f1 0.7663/0.7500

--- dapt Epoch 12/20 | lr=5.46e-05 ---
[2D] Epoch 12 [50/78] Loss: 0.5300 Time: 9.99s
[2D] Epoch 12 [78/78] Loss: 0.5479 Time: 19.10s
[2D] Train Epoch 12 (slice-level) => Loss: 0.5479, Acc: 0.9284, MacroF1: 0.9282

[2D] Starting validation...
[2D] Val (slice-level, n=786) => Acc: 0.7188, MacroF1: 0.5839
[2D] Val (volume-level, n=101) => Loss: 0.7939, Acc: 0.7921, BalancedAcc: 0.6658, MacroPrecision: 0.7078, MacroRecall: 0.6658, MacroF1: 0.6691
[2D] Val (patient-level, n=52) => Acc: 0.8462, BalancedAcc: 0.7322, MacroPrecision: 0.8341, MacroRecall: 0.7322, MacroF1: 0.7508

[2D] Volume-level Confusion Matrix:
True \ Pred       Adenocarcinoma  Small Cell      Squamous        
Y:Adenocarcinoma  63              1               8               
Y:Small Cell      4               5               3               
Y:Squamous        4               1               12              


[2D] Patient-level Confusion Matrix:
True \ Pred       Adenocarcinoma  Small Cell      Squamous        
Y:Adenocarcinoma  34              0               3               
Y:Small Cell      1               3               2               
Y:Squamous        2               0               7               

[dapt] Epoch 12 Summary => TrainLoss: 0.5479, TrainMacroF1: 0.9282, ValMacroF1(patient): 0.7508/0.7786 (cur/roll3)
[dapt] Patient current vs rolling-3: accuracy 0.8462/0.8718, balanced_accuracy 0.7322/0.7536, macro_precision 0.8341/0.8501, macro_recall 0.7322/0.7536, macro_f1 0.7508/0.7786

--- dapt Epoch 13/20 | lr=4.54e-05 ---
[2D] Epoch 13 [50/78] Loss: 0.5329 Time: 8.49s
[2D] Epoch 13 [78/78] Loss: 0.5130 Time: 14.88s
[2D] Train Epoch 13 (slice-level) => Loss: 0.5130, Acc: 0.9340, MacroF1: 0.9334

[2D] Starting validation...
[2D] Val (slice-level, n=786) => Acc: 0.7583, MacroF1: 0.5868
[2D] Val (volume-level, n=101) => Loss: 0.7423, Acc: 0.8020, BalancedAcc: 0.6160, MacroPrecision: 0.7087, MacroRecall: 0.6160, MacroF1: 0.6084
[2D] Val (patient-level, n=52) => Acc: 0.8462, BalancedAcc: 0.6577, MacroPrecision: 0.8482, MacroRecall: 0.6577, MacroF1: 0.6966

[2D] Volume-level Confusion Matrix:
True \ Pred       Adenocarcinoma  Small Cell      Squamous        
Y:Adenocarcinoma  66              1               5               
Y:Small Cell      6               2               4               
Y:Squamous        4               0               13              


[2D] Patient-level Confusion Matrix:
True \ Pred       Adenocarcinoma  Small Cell      Squamous        
Y:Adenocarcinoma  36              0               1               
Y:Small Cell      2               2               2               
Y:Squamous        3               0               6               

[dapt] Epoch 13 Summary => TrainLoss: 0.5130, TrainMacroF1: 0.9334, ValMacroF1(patient): 0.6966/0.7379 (cur/roll3)
[dapt] Patient current vs rolling-3: accuracy 0.8462/0.8526, balanced_accuracy 0.6577/0.7104, macro_precision 0.8482/0.8302, macro_recall 0.6577/0.7104, macro_f1 0.6966/0.7379

--- dapt Epoch 14/20 | lr=3.63e-05 ---
[2D] Epoch 14 [50/78] Loss: 0.5147 Time: 20.23s
[2D] Epoch 14 [78/78] Loss: 0.5153 Time: 13.62s
[2D] Train Epoch 14 (slice-level) => Loss: 0.5153, Acc: 0.9429, MacroF1: 0.9429

[2D] Starting validation...
[2D] Val (slice-level, n=786) => Acc: 0.7494, MacroF1: 0.5865
[2D] Val (volume-level, n=101) => Loss: 0.7458, Acc: 0.8119, BalancedAcc: 0.6220, MacroPrecision: 0.7583, MacroRecall: 0.6220, MacroF1: 0.6571
[2D] Val (patient-level, n=52) => Acc: 0.8846, BalancedAcc: 0.7503, MacroPrecision: 0.8926, MacroRecall: 0.7503, MacroF1: 0.7932

[2D] Volume-level Confusion Matrix:
True \ Pred       Adenocarcinoma  Small Cell      Squamous        
Y:Adenocarcinoma  68              0               4               
Y:Small Cell      6               4               2               
Y:Squamous        6               1               10              


[2D] Patient-level Confusion Matrix:
True \ Pred       Adenocarcinoma  Small Cell      Squamous        
Y:Adenocarcinoma  36              0               1               
Y:Small Cell      2               3               1               
Y:Squamous        2               0               7               

[dapt] Epoch 14 Summary => TrainLoss: 0.5153, TrainMacroF1: 0.9429, ValMacroF1(patient): 0.7932/0.7468 (cur/roll3)
[dapt] Patient current vs rolling-3: accuracy 0.8846/0.8590, balanced_accuracy 0.7503/0.7134, macro_precision 0.8926/0.8583, macro_recall 0.7503/0.7134, macro_f1 0.7932/0.7468

--- dapt Epoch 15/20 | lr=2.77e-05 ---
[2D] Epoch 15 [50/78] Loss: 0.4896 Time: 18.63s
[2D] Epoch 15 [78/78] Loss: 0.4963 Time: 2.53s
[2D] Train Epoch 15 (slice-level) => Loss: 0.4963, Acc: 0.9389, MacroF1: 0.9388

[2D] Starting validation...
[2D] Val (slice-level, n=786) => Acc: 0.7443, MacroF1: 0.5806
[2D] Val (volume-level, n=101) => Loss: 0.7339, Acc: 0.8218, BalancedAcc: 0.6416, MacroPrecision: 0.7383, MacroRecall: 0.6416, MacroF1: 0.6706
[2D] Val (patient-level, n=52) => Acc: 0.8654, BalancedAcc: 0.7132, MacroPrecision: 0.8760, MacroRecall: 0.7132, MacroF1: 0.7652

[2D] Volume-level Confusion Matrix:
True \ Pred       Adenocarcinoma  Small Cell      Squamous        
Y:Adenocarcinoma  68              1               3               
Y:Small Cell      6               4               2               
Y:Squamous        5               1               11              


[2D] Patient-level Confusion Matrix:
True \ Pred       Adenocarcinoma  Small Cell      Squamous        
Y:Adenocarcinoma  36              0               1               
Y:Small Cell      2               3               1               
Y:Squamous        3               0               6               

[dapt] Epoch 15 Summary => TrainLoss: 0.4963, TrainMacroF1: 0.9388, ValMacroF1(patient): 0.7652/0.7517 (cur/roll3)
[dapt] Patient current vs rolling-3: accuracy 0.8654/0.8654, balanced_accuracy 0.7132/0.7070, macro_precision 0.8760/0.8723, macro_recall 0.7132/0.7070, macro_f1 0.7652/0.7517

--- dapt Epoch 16/20 | lr=1.99e-05 ---
[2D] Epoch 16 [50/78] Loss: 0.5287 Time: 5.12s
[2D] Epoch 16 [78/78] Loss: 0.5168 Time: 2.49s
[2D] Train Epoch 16 (slice-level) => Loss: 0.5168, Acc: 0.9424, MacroF1: 0.9423

[2D] Starting validation...
[2D] Val (slice-level, n=786) => Acc: 0.7532, MacroF1: 0.5793
[2D] Val (volume-level, n=101) => Loss: 0.7511, Acc: 0.8119, BalancedAcc: 0.6070, MacroPrecision: 0.7614, MacroRecall: 0.6070, MacroF1: 0.6491
[2D] Val (patient-level, n=52) => Acc: 0.8462, BalancedAcc: 0.6577, MacroPrecision: 0.8690, MacroRecall: 0.6577, MacroF1: 0.7058

[2D] Volume-level Confusion Matrix:
True \ Pred       Adenocarcinoma  Small Cell      Squamous        
Y:Adenocarcinoma  69              0               3               
Y:Small Cell      6               4               2               
Y:Squamous        7               1               9               


[2D] Patient-level Confusion Matrix:
True \ Pred       Adenocarcinoma  Small Cell      Squamous        
Y:Adenocarcinoma  36              0               1               
Y:Small Cell      3               2               1               
Y:Squamous        3               0               6               

[dapt] Epoch 16 Summary => TrainLoss: 0.5168, TrainMacroF1: 0.9423, ValMacroF1(patient): 0.7058/0.7547 (cur/roll3)
[dapt] Patient current vs rolling-3: accuracy 0.8462/0.8654, balanced_accuracy 0.6577/0.7070, macro_precision 0.8690/0.8792, macro_recall 0.6577/0.7070, macro_f1 0.7058/0.7547

--- dapt Epoch 17/20 | lr=1.30e-05 ---
[2D] Epoch 17 [50/78] Loss: 0.5077 Time: 5.18s
[2D] Epoch 17 [78/78] Loss: 0.4939 Time: 2.56s
[2D] Train Epoch 17 (slice-level) => Loss: 0.4939, Acc: 0.9477, MacroF1: 0.9479

[2D] Starting validation...
[2D] Val (slice-level, n=786) => Acc: 0.7532, MacroF1: 0.5524
[2D] Val (volume-level, n=101) => Loss: 0.7463, Acc: 0.8020, BalancedAcc: 0.5792, MacroPrecision: 0.6948, MacroRecall: 0.5792, MacroF1: 0.6099
[2D] Val (patient-level, n=52) => Acc: 0.8269, BalancedAcc: 0.6021, MacroPrecision: 0.8624, MacroRecall: 0.6021, MacroF1: 0.6305

[2D] Volume-level Confusion Matrix:
True \ Pred       Adenocarcinoma  Small Cell      Squamous        
Y:Adenocarcinoma  69              0               3               
Y:Small Cell      7               3               2               
Y:Squamous        6               2               9               


[2D] Patient-level Confusion Matrix:
True \ Pred       Adenocarcinoma  Small Cell      Squamous        
Y:Adenocarcinoma  36              0               1               
Y:Small Cell      4               1               1               
Y:Squamous        3               0               6               

[dapt] Epoch 17 Summary => TrainLoss: 0.4939, TrainMacroF1: 0.9479, ValMacroF1(patient): 0.6305/0.7005 (cur/roll3)
[dapt] Patient current vs rolling-3: accuracy 0.8269/0.8462, balanced_accuracy 0.6021/0.6577, macro_precision 0.8624/0.8692, macro_recall 0.6021/0.6577, macro_f1 0.6305/0.7005

--- dapt Epoch 18/20 | lr=7.49e-06 ---
[2D] Epoch 18 [50/78] Loss: 0.4436 Time: 5.12s
[2D] Epoch 18 [78/78] Loss: 0.4471 Time: 14.97s
[2D] Train Epoch 18 (slice-level) => Loss: 0.4471, Acc: 0.9643, MacroF1: 0.9644

[2D] Starting validation...
[2D] Val (slice-level, n=786) => Acc: 0.7659, MacroF1: 0.5956
[2D] Val (volume-level, n=101) => Loss: 0.7267, Acc: 0.8020, BalancedAcc: 0.5792, MacroPrecision: 0.6948, MacroRecall: 0.5792, MacroF1: 0.6099
[2D] Val (patient-level, n=52) => Acc: 0.8462, BalancedAcc: 0.6577, MacroPrecision: 0.8690, MacroRecall: 0.6577, MacroF1: 0.7058

[2D] Volume-level Confusion Matrix:
True \ Pred       Adenocarcinoma  Small Cell      Squamous        
Y:Adenocarcinoma  69              0               3               
Y:Small Cell      7               3               2               
Y:Squamous        6               2               9               


[2D] Patient-level Confusion Matrix:
True \ Pred       Adenocarcinoma  Small Cell      Squamous        
Y:Adenocarcinoma  36              0               1               
Y:Small Cell      3               2               1               
Y:Squamous        3               0               6               

[dapt] Epoch 18 Summary => TrainLoss: 0.4471, TrainMacroF1: 0.9644, ValMacroF1(patient): 0.7058/0.6807 (cur/roll3)
[dapt] Patient current vs rolling-3: accuracy 0.8462/0.8397, balanced_accuracy 0.6577/0.6391, macro_precision 0.8690/0.8668, macro_recall 0.6577/0.6391, macro_f1 0.7058/0.6807

--- dapt Epoch 19/20 | lr=3.38e-06 ---
[2D] Epoch 19 [50/78] Loss: 0.5144 Time: 8.99s
[2D] Epoch 19 [78/78] Loss: 0.4990 Time: 2.48s
[2D] Train Epoch 19 (slice-level) => Loss: 0.4990, Acc: 0.9485, MacroF1: 0.9487

[2D] Starting validation...
[2D] Val (slice-level, n=786) => Acc: 0.7659, MacroF1: 0.5981
[2D] Val (volume-level, n=101) => Loss: 0.7362, Acc: 0.8119, BalancedAcc: 0.6070, MacroPrecision: 0.7205, MacroRecall: 0.6070, MacroF1: 0.6424
[2D] Val (patient-level, n=52) => Acc: 0.8462, BalancedAcc: 0.6577, MacroPrecision: 0.8690, MacroRecall: 0.6577, MacroF1: 0.7058

[2D] Volume-level Confusion Matrix:
True \ Pred       Adenocarcinoma  Small Cell      Squamous        
Y:Adenocarcinoma  69              0               3               
Y:Small Cell      6               4               2               
Y:Squamous        6               2               9               


[2D] Patient-level Confusion Matrix:
True \ Pred       Adenocarcinoma  Small Cell      Squamous        
Y:Adenocarcinoma  36              0               1               
Y:Small Cell      3               2               1               
Y:Squamous        3               0               6               

[dapt] Epoch 19 Summary => TrainLoss: 0.4990, TrainMacroF1: 0.9487, ValMacroF1(patient): 0.7058/0.6807 (cur/roll3)
[dapt] Patient current vs rolling-3: accuracy 0.8462/0.8397, balanced_accuracy 0.6577/0.6391, macro_precision 0.8690/0.8668, macro_recall 0.6577/0.6391, macro_f1 0.7058/0.6807

--- dapt Epoch 20/20 | lr=8.51e-07 ---
[2D] Epoch 20 [50/78] Loss: 0.5422 Time: 4.79s
[2D] Epoch 20 [78/78] Loss: 0.5329 Time: 2.46s
[2D] Train Epoch 20 (slice-level) => Loss: 0.5329, Acc: 0.9255, MacroF1: 0.9254

[2D] Starting validation...
[2D] Val (slice-level, n=786) => Acc: 0.7672, MacroF1: 0.6100
[2D] Val (volume-level, n=101) => Loss: 0.7311, Acc: 0.8119, BalancedAcc: 0.6070, MacroPrecision: 0.7614, MacroRecall: 0.6070, MacroF1: 0.6491
[2D] Val (patient-level, n=52) => Acc: 0.8462, BalancedAcc: 0.6577, MacroPrecision: 0.8690, MacroRecall: 0.6577, MacroF1: 0.7058

[2D] Volume-level Confusion Matrix:
True \ Pred       Adenocarcinoma  Small Cell      Squamous        
Y:Adenocarcinoma  69              0               3               
Y:Small Cell      6               4               2               
Y:Squamous        7               1               9               


[2D] Patient-level Confusion Matrix:
True \ Pred       Adenocarcinoma  Small Cell      Squamous        
Y:Adenocarcinoma  36              0               1               
Y:Small Cell      3               2               1               
Y:Squamous        3               0               6               

[dapt] Epoch 20 Summary => TrainLoss: 0.5329, TrainMacroF1: 0.9254, ValMacroF1(patient): 0.7058/0.7058 (cur/roll3)
[dapt] Patient current vs rolling-3: accuracy 0.8462/0.8462, balanced_accuracy 0.6577/0.6577, macro_precision 0.8690/0.8690, macro_recall 0.6577/0.6577, macro_f1 0.7058/0.7058

[2D] Starting validation...
/home/hansstem/anaconda3/envs/sclc/lib/python3.12/site-packages/monai/utils/deprecate_utils.py:321: FutureWarning: monai.transforms.spatial.dictionary Orientationd.__init__:labels: Current default value of argument `labels=(('L', 'R'), ('P', 'A'), ('I', 'S'))` was changed in version None from `labels=(('L', 'R'), ('P', 'A'), ('I', 'S'))` to `labels=None`. Default value changed to None meaning that the transform now uses the 'space' of a meta-tensor, if applicable, to determine appropriate axis labels.
  warn_deprecated(argname, msg, warning_category)
[2D] Val (slice-level, n=834) => Acc: 0.6727, MacroF1: 0.4776
[2D] Val (volume-level, n=106) => Loss: 0.9148, Acc: 0.7075, BalancedAcc: 0.5219, MacroPrecision: 0.7416, MacroRecall: 0.5219, MacroF1: 0.4901
[2D] Val (patient-level, n=53) => Acc: 0.7358, BalancedAcc: 0.5400, MacroPrecision: 0.4341, MacroRecall: 0.5400, MacroF1: 0.4711

[2D] Volume-level Confusion Matrix:
True \ Pred       Adenocarcinoma  Small Cell      Squamous        
Y:Adenocarcinoma  62              0               14              
Y:Small Cell      6               1               5               
Y:Squamous        6               0               12              


[2D] Patient-level Confusion Matrix:
True \ Pred       Adenocarcinoma  Small Cell      Squamous        
Y:Adenocarcinoma  32              0               6               
Y:Small Cell      3               0               3               
Y:Squamous        2               0               7               

Warning: Unknown morphological group 'Non-small cell carcinoma' for patient patient_020843 — skipping
Found 305 patients with labels.
Split 'train': 213 patients.
  213 images, class distribution: {2: 72, 0: 75, 1: 66}
Split 'val': 46 patients.
  46 images, class distribution: {0: 16, 2: 16, 1: 14}
Split 'test': 46 patients.
  46 images, class distribution: {1: 15, 2: 15, 0: 16}
[2D big_lunge train] 1539 slices from 199 volumes / 199 patients (dropped: no_mask=2, no_tumor_slices=12), classes={0: 521, 1: 484, 2: 534}
[2D big_lunge val] 314 slices from 40 volumes / 40 patients (dropped: no_mask=2, no_tumor_slices=4), classes={0: 120, 2: 106, 1: 88}
[2D big_lunge test] 335 slices from 44 volumes / 44 patients (dropped: no_mask=0, no_tumor_slices=2), classes={1: 112, 2: 113, 0: 110}
[2D big_lunge] dropped-patient inventory -> /home/hansstem/.cache/monai_biglunge_2d/img224_crop96_mp1/dropped_patients.json
[2D] PersistentDataset cache_dir='/home/hansstem/.cache/monai_biglunge_2d/img224_crop96_mp1/train'
[2D] PersistentDataset cache_dir='/home/hansstem/.cache/monai_biglunge_2d/img224_crop96_mp1/val'
[2D] PersistentDataset cache_dir='/home/hansstem/.cache/monai_biglunge_2d/img224_crop96_mp1/test'
Applying WeightedRandomSampler for big_lunge
[big_lunge] Train class distribution: {0: 521, 1: 484, 2: 534}

--- finetune Epoch 1/40 | lr(backbone/head)=3.00e-06/3.00e-05 ---
[2D] Epoch 1 [33/33] Loss: 1.4508 Time: 6694.32s
[2D] Train Epoch 1 (slice-level) => Loss: 1.4508, Acc: 0.3645, MacroF1: 0.3620

[2D] Starting validation...
[2D] Val (slice-level, n=314) => Acc: 0.3662, MacroF1: 0.3459
[2D] Val (volume-level, n=40) => Loss: 1.3190, Acc: 0.4000, BalancedAcc: 0.3812, MacroPrecision: 0.3750, MacroRecall: 0.3812, MacroF1: 0.3756
[2D] Val (patient-level, n=40) => Acc: 0.4000, BalancedAcc: 0.3812, MacroPrecision: 0.3750, MacroRecall: 0.3812, MacroF1: 0.3756

[2D] Volume-level Confusion Matrix:
True \ Pred       Adenocarcinoma  Small Cell      Squamous        
Y:Adenocarcinoma  8               3               4               
Y:Small Cell      3               2               6               
Y:Squamous        5               3               6               


[2D] Patient-level Confusion Matrix:
True \ Pred       Adenocarcinoma  Small Cell      Squamous        
Y:Adenocarcinoma  8               3               4               
Y:Small Cell      3               2               6               
Y:Squamous        5               3               6               

[finetune] Epoch 1 Summary => TrainLoss: 1.4508, TrainMacroF1: 0.3620, ValMacroF1(patient): 0.3756/0.3756 (cur/roll3)
[finetune] Patient current vs rolling-3: accuracy 0.4000/0.4000, balanced_accuracy 0.3812/0.3812, macro_precision 0.3750/0.3750, macro_recall 0.3812/0.3812, macro_f1 0.3756/0.3756

--- finetune Epoch 2/40 | lr(backbone/head)=3.00e-06/3.00e-05 ---
[2D] Epoch 2 [33/33] Loss: 1.4346 Time: 2607.42s
[2D] Train Epoch 2 (slice-level) => Loss: 1.4346, Acc: 0.3697, MacroF1: 0.3686

[2D] Starting validation...
[2D] Val (slice-level, n=314) => Acc: 0.3694, MacroF1: 0.3534
[2D] Val (volume-level, n=40) => Loss: 1.3528, Acc: 0.4500, BalancedAcc: 0.4338, MacroPrecision: 0.4357, MacroRecall: 0.4338, MacroF1: 0.4303
[2D] Val (patient-level, n=40) => Acc: 0.4500, BalancedAcc: 0.4338, MacroPrecision: 0.4357, MacroRecall: 0.4338, MacroF1: 0.4303

[2D] Volume-level Confusion Matrix:
True \ Pred       Adenocarcinoma  Small Cell      Squamous        
Y:Adenocarcinoma  9               3               3               
Y:Small Cell      5               3               3               
Y:Squamous        5               3               6               


[2D] Patient-level Confusion Matrix:
True \ Pred       Adenocarcinoma  Small Cell      Squamous        
Y:Adenocarcinoma  9               3               3               
Y:Small Cell      5               3               3               
Y:Squamous        5               3               6               

[finetune] Epoch 2 Summary => TrainLoss: 1.4346, TrainMacroF1: 0.3686, ValMacroF1(patient): 0.4303/0.4029 (cur/roll3)
[finetune] Patient current vs rolling-3: accuracy 0.4500/0.4250, balanced_accuracy 0.4338/0.4075, macro_precision 0.4357/0.4053, macro_recall 0.4338/0.4075, macro_f1 0.4303/0.4029

--- finetune Epoch 3/40 | lr(backbone/head)=2.98e-06/2.98e-05 ---
[2D] Epoch 3 [33/33] Loss: 1.3818 Time: 1120.27s
[2D] Train Epoch 3 (slice-level) => Loss: 1.3818, Acc: 0.3788, MacroF1: 0.3770

[2D] Starting validation...
[2D] Val (slice-level, n=314) => Acc: 0.3790, MacroF1: 0.3635
[2D] Val (volume-level, n=40) => Loss: 1.2708, Acc: 0.4000, BalancedAcc: 0.3812, MacroPrecision: 0.3750, MacroRecall: 0.3812, MacroF1: 0.3756
[2D] Val (patient-level, n=40) => Acc: 0.4000, BalancedAcc: 0.3812, MacroPrecision: 0.3750, MacroRecall: 0.3812, MacroF1: 0.3756

[2D] Volume-level Confusion Matrix:
True \ Pred       Adenocarcinoma  Small Cell      Squamous        
Y:Adenocarcinoma  8               3               4               
Y:Small Cell      3               2               6               
Y:Squamous        5               3               6               


[2D] Patient-level Confusion Matrix:
True \ Pred       Adenocarcinoma  Small Cell      Squamous        
Y:Adenocarcinoma  8               3               4               
Y:Small Cell      3               2               6               
Y:Squamous        5               3               6               

[finetune] Epoch 3 Summary => TrainLoss: 1.3818, TrainMacroF1: 0.3770, ValMacroF1(patient): 0.3756/0.3938 (cur/roll3)
[finetune] Patient current vs rolling-3: accuracy 0.4000/0.4167, balanced_accuracy 0.3812/0.3987, macro_precision 0.3750/0.3952, macro_recall 0.3812/0.3987, macro_f1 0.3756/0.3938

--- finetune Epoch 4/40 | lr(backbone/head)=2.96e-06/2.96e-05 ---
[2D] Epoch 4 [33/33] Loss: 1.3860 Time: 444.95s
[2D] Train Epoch 4 (slice-level) => Loss: 1.3860, Acc: 0.3704, MacroF1: 0.3682

[2D] Starting validation...
[2D] Val (slice-level, n=314) => Acc: 0.4013, MacroF1: 0.3923
[2D] Val (volume-level, n=40) => Loss: 1.2838, Acc: 0.5250, BalancedAcc: 0.5247, MacroPrecision: 0.5333, MacroRecall: 0.5247, MacroF1: 0.5224
[2D] Val (patient-level, n=40) => Acc: 0.5250, BalancedAcc: 0.5247, MacroPrecision: 0.5333, MacroRecall: 0.5247, MacroF1: 0.5224

[2D] Volume-level Confusion Matrix:
True \ Pred       Adenocarcinoma  Small Cell      Squamous        
Y:Adenocarcinoma  9               3               3               
Y:Small Cell      4               6               1               
Y:Squamous        5               3               6               


[2D] Patient-level Confusion Matrix:
True \ Pred       Adenocarcinoma  Small Cell      Squamous        
Y:Adenocarcinoma  9               3               3               
Y:Small Cell      4               6               1               
Y:Squamous        5               3               6               

[finetune] Epoch 4 Summary => TrainLoss: 1.3860, TrainMacroF1: 0.3682, ValMacroF1(patient): 0.5224/0.4428 (cur/roll3)
[finetune] Patient current vs rolling-3: accuracy 0.5250/0.4583, balanced_accuracy 0.5247/0.4466, macro_precision 0.5333/0.4480, macro_recall 0.5247/0.4466, macro_f1 0.5224/0.4428

--- finetune Epoch 5/40 | lr(backbone/head)=2.93e-06/2.93e-05 ---
[2D] Epoch 5 [33/33] Loss: 1.3349 Time: 148.54s
[2D] Train Epoch 5 (slice-level) => Loss: 1.3349, Acc: 0.3567, MacroF1: 0.3560

[2D] Starting validation...
[2D] Val (slice-level, n=314) => Acc: 0.3949, MacroF1: 0.3828
[2D] Val (volume-level, n=40) => Loss: 1.2621, Acc: 0.4500, BalancedAcc: 0.4338, MacroPrecision: 0.4357, MacroRecall: 0.4338, MacroF1: 0.4303
[2D] Val (patient-level, n=40) => Acc: 0.4500, BalancedAcc: 0.4338, MacroPrecision: 0.4357, MacroRecall: 0.4338, MacroF1: 0.4303

[2D] Volume-level Confusion Matrix:
True \ Pred       Adenocarcinoma  Small Cell      Squamous        
Y:Adenocarcinoma  9               3               3               
Y:Small Cell      5               3               3               
Y:Squamous        5               3               6               


[2D] Patient-level Confusion Matrix:
True \ Pred       Adenocarcinoma  Small Cell      Squamous        
Y:Adenocarcinoma  9               3               3               
Y:Small Cell      5               3               3               
Y:Squamous        5               3               6               

[finetune] Epoch 5 Summary => TrainLoss: 1.3349, TrainMacroF1: 0.3560, ValMacroF1(patient): 0.4303/0.4428 (cur/roll3)
[finetune] Patient current vs rolling-3: accuracy 0.4500/0.4583, balanced_accuracy 0.4338/0.4466, macro_precision 0.4357/0.4480, macro_recall 0.4338/0.4466, macro_f1 0.4303/0.4428

--- finetune Epoch 6/40 | lr(backbone/head)=2.89e-06/2.89e-05 ---
[2D] Epoch 6 [33/33] Loss: 1.2809 Time: 237.41s
[2D] Train Epoch 6 (slice-level) => Loss: 1.2809, Acc: 0.3769, MacroF1: 0.3750

[2D] Starting validation...
[2D] Val (slice-level, n=314) => Acc: 0.4045, MacroF1: 0.3945
[2D] Val (volume-level, n=40) => Loss: 1.2288, Acc: 0.4750, BalancedAcc: 0.4641, MacroPrecision: 0.4667, MacroRecall: 0.4641, MacroF1: 0.4626
[2D] Val (patient-level, n=40) => Acc: 0.4750, BalancedAcc: 0.4641, MacroPrecision: 0.4667, MacroRecall: 0.4641, MacroF1: 0.4626

[2D] Volume-level Confusion Matrix:
True \ Pred       Adenocarcinoma  Small Cell      Squamous        
Y:Adenocarcinoma  9               3               3               
Y:Small Cell      4               4               3               
Y:Squamous        5               3               6               


[2D] Patient-level Confusion Matrix:
True \ Pred       Adenocarcinoma  Small Cell      Squamous        
Y:Adenocarcinoma  9               3               3               
Y:Small Cell      4               4               3               
Y:Squamous        5               3               6               

[finetune] Epoch 6 Summary => TrainLoss: 1.2809, TrainMacroF1: 0.3750, ValMacroF1(patient): 0.4626/0.4718 (cur/roll3)
[finetune] Patient current vs rolling-3: accuracy 0.4750/0.4833, balanced_accuracy 0.4641/0.4742, macro_precision 0.4667/0.4786, macro_recall 0.4641/0.4742, macro_f1 0.4626/0.4718

--- finetune Epoch 7/40 | lr(backbone/head)=2.84e-06/2.84e-05 ---
[2D] Epoch 7 [33/33] Loss: 1.2286 Time: 48.54s
[2D] Train Epoch 7 (slice-level) => Loss: 1.2286, Acc: 0.3788, MacroF1: 0.3788

[2D] Starting validation...
[2D] Val (slice-level, n=314) => Acc: 0.4013, MacroF1: 0.3898
[2D] Val (volume-level, n=40) => Loss: 1.2171, Acc: 0.4250, BalancedAcc: 0.4180, MacroPrecision: 0.4170, MacroRecall: 0.4180, MacroF1: 0.4161
[2D] Val (patient-level, n=40) => Acc: 0.4250, BalancedAcc: 0.4180, MacroPrecision: 0.4170, MacroRecall: 0.4180, MacroF1: 0.4161

[2D] Volume-level Confusion Matrix:
True \ Pred       Adenocarcinoma  Small Cell      Squamous        
Y:Adenocarcinoma  8               3               4               
Y:Small Cell      4               4               3               
Y:Squamous        5               4               5               


[2D] Patient-level Confusion Matrix:
True \ Pred       Adenocarcinoma  Small Cell      Squamous        
Y:Adenocarcinoma  8               3               4               
Y:Small Cell      4               4               3               
Y:Squamous        5               4               5               

[finetune] Epoch 7 Summary => TrainLoss: 1.2286, TrainMacroF1: 0.3788, ValMacroF1(patient): 0.4161/0.4363 (cur/roll3)
[finetune] Patient current vs rolling-3: accuracy 0.4250/0.4500, balanced_accuracy 0.4180/0.4386, macro_precision 0.4170/0.4398, macro_recall 0.4180/0.4386, macro_f1 0.4161/0.4363

--- finetune Epoch 8/40 | lr(backbone/head)=2.78e-06/2.78e-05 ---
[2D] Epoch 8 [33/33] Loss: 1.1858 Time: 9.06s
[2D] Train Epoch 8 (slice-level) => Loss: 1.1858, Acc: 0.4146, MacroF1: 0.4148

[2D] Starting validation...
[2D] Val (slice-level, n=314) => Acc: 0.4045, MacroF1: 0.3965
[2D] Val (volume-level, n=40) => Loss: 1.2002, Acc: 0.4500, BalancedAcc: 0.4418, MacroPrecision: 0.4417, MacroRecall: 0.4418, MacroF1: 0.4414
[2D] Val (patient-level, n=40) => Acc: 0.4500, BalancedAcc: 0.4418, MacroPrecision: 0.4417, MacroRecall: 0.4418, MacroF1: 0.4414

[2D] Volume-level Confusion Matrix:
True \ Pred       Adenocarcinoma  Small Cell      Squamous        
Y:Adenocarcinoma  8               3               4               
Y:Small Cell      4               4               3               
Y:Squamous        4               4               6               


[2D] Patient-level Confusion Matrix:
True \ Pred       Adenocarcinoma  Small Cell      Squamous        
Y:Adenocarcinoma  8               3               4               
Y:Small Cell      4               4               3               
Y:Squamous        4               4               6               

[finetune] Epoch 8 Summary => TrainLoss: 1.1858, TrainMacroF1: 0.4148, ValMacroF1(patient): 0.4414/0.4400 (cur/roll3)
[finetune] Patient current vs rolling-3: accuracy 0.4500/0.4500, balanced_accuracy 0.4418/0.4413, macro_precision 0.4417/0.4418, macro_recall 0.4418/0.4413, macro_f1 0.4414/0.4400

--- finetune Epoch 9/40 | lr(backbone/head)=2.71e-06/2.71e-05 ---
[2D] Epoch 9 [33/33] Loss: 1.1876 Time: 3.66s
[2D] Train Epoch 9 (slice-level) => Loss: 1.1876, Acc: 0.3775, MacroF1: 0.3773

[2D] Starting validation...
[2D] Val (slice-level, n=314) => Acc: 0.4045, MacroF1: 0.3986
[2D] Val (volume-level, n=40) => Loss: 1.1568, Acc: 0.4500, BalancedAcc: 0.4418, MacroPrecision: 0.4417, MacroRecall: 0.4418, MacroF1: 0.4414
[2D] Val (patient-level, n=40) => Acc: 0.4500, BalancedAcc: 0.4418, MacroPrecision: 0.4417, MacroRecall: 0.4418, MacroF1: 0.4414

[2D] Volume-level Confusion Matrix:
True \ Pred       Adenocarcinoma  Small Cell      Squamous        
Y:Adenocarcinoma  8               3               4               
Y:Small Cell      4               4               3               
Y:Squamous        4               4               6               


[2D] Patient-level Confusion Matrix:
True \ Pred       Adenocarcinoma  Small Cell      Squamous        
Y:Adenocarcinoma  8               3               4               
Y:Small Cell      4               4               3               
Y:Squamous        4               4               6               

[finetune] Epoch 9 Summary => TrainLoss: 1.1876, TrainMacroF1: 0.3773, ValMacroF1(patient): 0.4414/0.4330 (cur/roll3)
[finetune] Patient current vs rolling-3: accuracy 0.4500/0.4417, balanced_accuracy 0.4418/0.4339, macro_precision 0.4417/0.4335, macro_recall 0.4418/0.4339, macro_f1 0.4414/0.4330

--- finetune Epoch 10/40 | lr(backbone/head)=2.64e-06/2.64e-05 ---
[2D] Epoch 10 [33/33] Loss: 1.1337 Time: 3.59s
[2D] Train Epoch 10 (slice-level) => Loss: 1.1337, Acc: 0.4191, MacroF1: 0.4192

[2D] Starting validation...
[2D] Val (slice-level, n=314) => Acc: 0.4140, MacroF1: 0.4081
[2D] Val (volume-level, n=40) => Loss: 1.1466, Acc: 0.4250, BalancedAcc: 0.4115, MacroPrecision: 0.4131, MacroRecall: 0.4115, MacroF1: 0.4098
[2D] Val (patient-level, n=40) => Acc: 0.4250, BalancedAcc: 0.4115, MacroPrecision: 0.4131, MacroRecall: 0.4115, MacroF1: 0.4098

[2D] Volume-level Confusion Matrix:
True \ Pred       Adenocarcinoma  Small Cell      Squamous        
Y:Adenocarcinoma  8               3               4               
Y:Small Cell      5               3               3               
Y:Squamous        5               3               6               


[2D] Patient-level Confusion Matrix:
True \ Pred       Adenocarcinoma  Small Cell      Squamous        
Y:Adenocarcinoma  8               3               4               
Y:Small Cell      5               3               3               
Y:Squamous        5               3               6               

[finetune] Epoch 10 Summary => TrainLoss: 1.1337, TrainMacroF1: 0.4192, ValMacroF1(patient): 0.4098/0.4309 (cur/roll3)
[finetune] Patient current vs rolling-3: accuracy 0.4250/0.4417, balanced_accuracy 0.4115/0.4317, macro_precision 0.4131/0.4322, macro_recall 0.4115/0.4317, macro_f1 0.4098/0.4309

--- finetune Epoch 11/40 | lr(backbone/head)=2.56e-06/2.56e-05 ---
[2D] Epoch 11 [33/33] Loss: 1.1210 Time: 41.30s
[2D] Train Epoch 11 (slice-level) => Loss: 1.1210, Acc: 0.3964, MacroF1: 0.3966

[2D] Starting validation...
[2D] Val (slice-level, n=314) => Acc: 0.4013, MacroF1: 0.3959
[2D] Val (volume-level, n=40) => Loss: 1.1312, Acc: 0.4250, BalancedAcc: 0.4115, MacroPrecision: 0.4095, MacroRecall: 0.4115, MacroF1: 0.4101
[2D] Val (patient-level, n=40) => Acc: 0.4250, BalancedAcc: 0.4115, MacroPrecision: 0.4095, MacroRecall: 0.4115, MacroF1: 0.4101

[2D] Volume-level Confusion Matrix:
True \ Pred       Adenocarcinoma  Small Cell      Squamous        
Y:Adenocarcinoma  8               3               4               
Y:Small Cell      4               3               4               
Y:Squamous        4               4               6               


[2D] Patient-level Confusion Matrix:
True \ Pred       Adenocarcinoma  Small Cell      Squamous        
Y:Adenocarcinoma  8               3               4               
Y:Small Cell      4               3               4               
Y:Squamous        4               4               6               

[finetune] Epoch 11 Summary => TrainLoss: 1.1210, TrainMacroF1: 0.3966, ValMacroF1(patient): 0.4101/0.4204 (cur/roll3)
[finetune] Patient current vs rolling-3: accuracy 0.4250/0.4333, balanced_accuracy 0.4115/0.4216, macro_precision 0.4095/0.4215, macro_recall 0.4115/0.4216, macro_f1 0.4101/0.4204

--- finetune Epoch 12/40 | lr(backbone/head)=2.47e-06/2.47e-05 ---
[2D] Epoch 12 [33/33] Loss: 1.1258 Time: 3.55s
[2D] Train Epoch 12 (slice-level) => Loss: 1.1258, Acc: 0.3983, MacroF1: 0.3983

[2D] Starting validation...
[2D] Val (slice-level, n=314) => Acc: 0.4140, MacroF1: 0.4060
[2D] Val (volume-level, n=40) => Loss: 1.1198, Acc: 0.4250, BalancedAcc: 0.4115, MacroPrecision: 0.4107, MacroRecall: 0.4115, MacroF1: 0.4101
[2D] Val (patient-level, n=40) => Acc: 0.4250, BalancedAcc: 0.4115, MacroPrecision: 0.4107, MacroRecall: 0.4115, MacroF1: 0.4101

[2D] Volume-level Confusion Matrix:
True \ Pred       Adenocarcinoma  Small Cell      Squamous        
Y:Adenocarcinoma  8               3               4               
Y:Small Cell      5               3               3               
Y:Squamous        4               4               6               


[2D] Patient-level Confusion Matrix:
True \ Pred       Adenocarcinoma  Small Cell      Squamous        
Y:Adenocarcinoma  8               3               4               
Y:Small Cell      5               3               3               
Y:Squamous        4               4               6               

[finetune] Epoch 12 Summary => TrainLoss: 1.1258, TrainMacroF1: 0.3983, ValMacroF1(patient): 0.4101/0.4100 (cur/roll3)
[finetune] Patient current vs rolling-3: accuracy 0.4250/0.4250, balanced_accuracy 0.4115/0.4115, macro_precision 0.4107/0.4111, macro_recall 0.4115/0.4115, macro_f1 0.4101/0.4100

--- finetune Epoch 13/40 | lr(backbone/head)=2.38e-06/2.38e-05 ---
[2D] Epoch 13 [33/33] Loss: 1.0865 Time: 3.54s
[2D] Train Epoch 13 (slice-level) => Loss: 1.0865, Acc: 0.4276, MacroF1: 0.4261

[2D] Starting validation...
[2D] Val (slice-level, n=314) => Acc: 0.4108, MacroF1: 0.4022
[2D] Val (volume-level, n=40) => Loss: 1.1060, Acc: 0.4250, BalancedAcc: 0.4115, MacroPrecision: 0.4111, MacroRecall: 0.4115, MacroF1: 0.4100
[2D] Val (patient-level, n=40) => Acc: 0.4250, BalancedAcc: 0.4115, MacroPrecision: 0.4111, MacroRecall: 0.4115, MacroF1: 0.4100

[2D] Volume-level Confusion Matrix:
True \ Pred       Adenocarcinoma  Small Cell      Squamous        
Y:Adenocarcinoma  8               2               5               
Y:Small Cell      4               3               4               
Y:Squamous        4               4               6               


[2D] Patient-level Confusion Matrix:
True \ Pred       Adenocarcinoma  Small Cell      Squamous        
Y:Adenocarcinoma  8               2               5               
Y:Small Cell      4               3               4               
Y:Squamous        4               4               6               

[finetune] Epoch 13 Summary => TrainLoss: 1.0865, TrainMacroF1: 0.4261, ValMacroF1(patient): 0.4100/0.4101 (cur/roll3)
[finetune] Patient current vs rolling-3: accuracy 0.4250/0.4250, balanced_accuracy 0.4115/0.4115, macro_precision 0.4111/0.4104, macro_recall 0.4115/0.4115, macro_f1 0.4100/0.4101

--- finetune Epoch 14/40 | lr(backbone/head)=2.28e-06/2.28e-05 ---
[2D] Epoch 14 [33/33] Loss: 1.0897 Time: 3.52s
[2D] Train Epoch 14 (slice-level) => Loss: 1.0897, Acc: 0.4256, MacroF1: 0.4259

[2D] Starting validation...
[2D] Val (slice-level, n=314) => Acc: 0.4076, MacroF1: 0.4038
[2D] Val (volume-level, n=40) => Loss: 1.1060, Acc: 0.4500, BalancedAcc: 0.4418, MacroPrecision: 0.4447, MacroRecall: 0.4418, MacroF1: 0.4417
[2D] Val (patient-level, n=40) => Acc: 0.4500, BalancedAcc: 0.4418, MacroPrecision: 0.4447, MacroRecall: 0.4418, MacroF1: 0.4417

[2D] Volume-level Confusion Matrix:
True \ Pred       Adenocarcinoma  Small Cell      Squamous        
Y:Adenocarcinoma  8               3               4               
Y:Small Cell      5               4               2               
Y:Squamous        4               4               6               


[2D] Patient-level Confusion Matrix:
True \ Pred       Adenocarcinoma  Small Cell      Squamous        
Y:Adenocarcinoma  8               3               4               
Y:Small Cell      5               4               2               
Y:Squamous        4               4               6               

[finetune] Epoch 14 Summary => TrainLoss: 1.0897, TrainMacroF1: 0.4259, ValMacroF1(patient): 0.4417/0.4206 (cur/roll3)
[finetune] Patient current vs rolling-3: accuracy 0.4500/0.4333, balanced_accuracy 0.4418/0.4216, macro_precision 0.4447/0.4222, macro_recall 0.4418/0.4216, macro_f1 0.4417/0.4206

--- finetune Epoch 15/40 | lr(backbone/head)=2.18e-06/2.18e-05 ---
[2D] Epoch 15 [33/33] Loss: 1.0935 Time: 3.56s
[2D] Train Epoch 15 (slice-level) => Loss: 1.0935, Acc: 0.4029, MacroF1: 0.4015

[2D] Starting validation...
[2D] Val (slice-level, n=314) => Acc: 0.4076, MacroF1: 0.3990
[2D] Val (volume-level, n=40) => Loss: 1.1021, Acc: 0.4250, BalancedAcc: 0.4115, MacroPrecision: 0.4111, MacroRecall: 0.4115, MacroF1: 0.4100
[2D] Val (patient-level, n=40) => Acc: 0.4250, BalancedAcc: 0.4115, MacroPrecision: 0.4111, MacroRecall: 0.4115, MacroF1: 0.4100

[2D] Volume-level Confusion Matrix:
True \ Pred       Adenocarcinoma  Small Cell      Squamous        
Y:Adenocarcinoma  8               2               5               
Y:Small Cell      4               3               4               
Y:Squamous        4               4               6               


[2D] Patient-level Confusion Matrix:
True \ Pred       Adenocarcinoma  Small Cell      Squamous        
Y:Adenocarcinoma  8               2               5               
Y:Small Cell      4               3               4               
Y:Squamous        4               4               6               

[finetune] Epoch 15 Summary => TrainLoss: 1.0935, TrainMacroF1: 0.4015, ValMacroF1(patient): 0.4100/0.4206 (cur/roll3)
[finetune] Patient current vs rolling-3: accuracy 0.4250/0.4333, balanced_accuracy 0.4115/0.4216, macro_precision 0.4111/0.4223, macro_recall 0.4115/0.4216, macro_f1 0.4100/0.4206

--- finetune Epoch 16/40 | lr(backbone/head)=2.07e-06/2.07e-05 ---
[2D] Epoch 16 [33/33] Loss: 1.0738 Time: 3.46s
[2D] Train Epoch 16 (slice-level) => Loss: 1.0738, Acc: 0.4353, MacroF1: 0.4345

[2D] Starting validation...
[2D] Val (slice-level, n=314) => Acc: 0.3917, MacroF1: 0.3807
[2D] Val (volume-level, n=40) => Loss: 1.1016, Acc: 0.4500, BalancedAcc: 0.4354, MacroPrecision: 0.4468, MacroRecall: 0.4354, MacroF1: 0.4337
[2D] Val (patient-level, n=40) => Acc: 0.4500, BalancedAcc: 0.4354, MacroPrecision: 0.4468, MacroRecall: 0.4354, MacroF1: 0.4337

[2D] Volume-level Confusion Matrix:
True \ Pred       Adenocarcinoma  Small Cell      Squamous        
Y:Adenocarcinoma  8               1               6               
Y:Small Cell      4               3               4               
Y:Squamous        4               3               7               


[2D] Patient-level Confusion Matrix:
True \ Pred       Adenocarcinoma  Small Cell      Squamous        
Y:Adenocarcinoma  8               1               6               
Y:Small Cell      4               3               4               
Y:Squamous        4               3               7               

[finetune] Epoch 16 Summary => TrainLoss: 1.0738, TrainMacroF1: 0.4345, ValMacroF1(patient): 0.4337/0.4285 (cur/roll3)
[finetune] Patient current vs rolling-3: accuracy 0.4500/0.4417, balanced_accuracy 0.4354/0.4296, macro_precision 0.4468/0.4342, macro_recall 0.4354/0.4296, macro_f1 0.4337/0.4285

[2D] Starting validation...
