<frozen importlib._bootstrap_external>:1301: FutureWarning: The cuda.cudart module is deprecated and will be removed in a future release, please switch to use the cuda.bindings.runtime module instead.
/home/hansstem/anaconda3/envs/sclc/lib/python3.12/site-packages/monai/utils/deprecate_utils.py:321: FutureWarning: monai.transforms.spatial.dictionary Orientationd.__init__:labels: Current default value of argument `labels=(('L', 'R'), ('P', 'A'), ('I', 'S'))` was changed in version None from `labels=(('L', 'R'), ('P', 'A'), ('I', 'S'))` to `labels=None`. Default value changed to None meaning that the transform now uses the 'space' of a meta-tensor, if applicable, to determine appropriate axis labels.
  warn_deprecated(argname, msg, warning_category)
Initialized densenet121_2d Classifier. Total Params: 6,950,659
Warning: Unknown morphological group 'Non-small cell carcinoma' for patient patient_020843 — skipping
[3D big_lunge] Excluding 3 truncated-lung-mask patients: ['patient_022269', 'patient_057069', 'patient_091821']
Found 302 patients with labels.
Split 'train': 211 patients.
  211 images, class distribution: {2: 71, 0: 73, 1: 67}
Split 'val': 45 patients.
  45 images, class distribution: {0: 16, 2: 15, 1: 14}
Split 'test': 46 patients.
  46 images, class distribution: {1: 14, 2: 16, 0: 16}
[2D big_lunge train] 1510 slices from 196 volumes / 196 patients (dropped: no_mask=3, no_tumor_slices=12), classes={2: 529, 0: 500, 1: 481}
[2D big_lunge val] 322 slices from 41 volumes / 41 patients (dropped: no_mask=1, no_tumor_slices=3), classes={0: 120, 2: 98, 1: 104}
[2D big_lunge test] 332 slices from 43 volumes / 43 patients (dropped: no_mask=0, no_tumor_slices=3), classes={1: 99, 2: 118, 0: 115}
[2D big_lunge] dropped-patient inventory -> /home/hansstem/.cache/monai_biglunge_2d/img224_crop96_mp1/dropped_patients.json
[2D] PersistentDataset cache_dir='/home/hansstem/.cache/monai_biglunge_2d/img224_crop96_mp1/train'
[2D] PersistentDataset cache_dir='/home/hansstem/.cache/monai_biglunge_2d/img224_crop96_mp1/val'
[2D] PersistentDataset cache_dir='/home/hansstem/.cache/monai_biglunge_2d/img224_crop96_mp1/test'
[WRS big_lunge] counts {0=500, 1=481, 2=529} | oversample_factor=1.10 (max_weight/min_weight)
[big_lunge] Train class distribution: {2: 529, 0: 500, 1: 481}

--- finetune Epoch 1/40 | lr(backbone/head)=3.00e-06/3.00e-05 ---
[2D] Epoch 1 [24/24] Loss: 1.3940 Time: 18.18s
[2D] Train Epoch 1 (slice-level) => Loss: 1.3940, Acc: 0.3596, MacroF1: 0.3582

[2D] Starting validation...
[2D] Val (slice-level, n=322) => Acc: 0.3944, MacroF1: 0.3943
[2D] Val (volume-level, n=41) => Loss: 1.3690, Acc: 0.4390, BalancedAcc: 0.4376, MacroPrecision: 0.4907, MacroRecall: 0.4376, MacroF1: 0.4509
[2D] Val (patient-level, n=41) => Acc: 0.4390, BalancedAcc: 0.4376, MacroPrecision: 0.4907, MacroRecall: 0.4376, MacroF1: 0.4509

[2D] Volume-level Confusion Matrix:
True \ Pred       Adenocarcinoma  Small Cell      Squamous        
Y:Adenocarcinoma  7               1               7               
Y:Small Cell      4               6               3               
Y:Squamous        7               1               5               


[2D] Patient-level Confusion Matrix:
True \ Pred       Adenocarcinoma  Small Cell      Squamous        
Y:Adenocarcinoma  7               1               7               
Y:Small Cell      4               6               3               
Y:Squamous        7               1               5               

[finetune] Epoch 1 Summary => TrainLoss: 1.3940, TrainMacroF1: 0.3582, ValMacroF1(patient): 0.4509/0.4509 (cur/roll3)
[finetune] Patient current vs rolling-3: accuracy 0.4390/0.4390, balanced_accuracy 0.4376/0.4376, macro_precision 0.4907/0.4907, macro_recall 0.4376/0.4376, macro_f1 0.4509/0.4509

--- finetune Epoch 2/40 | lr(backbone/head)=3.00e-06/3.00e-05 ---
[2D] Epoch 2 [24/24] Loss: 1.3527 Time: 3.38s
[2D] Train Epoch 2 (slice-level) => Loss: 1.3527, Acc: 0.3609, MacroF1: 0.3610

[2D] Starting validation...
[2D] Val (slice-level, n=322) => Acc: 0.3820, MacroF1: 0.3841
[2D] Val (volume-level, n=41) => Loss: 1.3551, Acc: 0.4390, BalancedAcc: 0.4376, MacroPrecision: 0.4907, MacroRecall: 0.4376, MacroF1: 0.4509
[2D] Val (patient-level, n=41) => Acc: 0.4390, BalancedAcc: 0.4376, MacroPrecision: 0.4907, MacroRecall: 0.4376, MacroF1: 0.4509

[2D] Volume-level Confusion Matrix:
True \ Pred       Adenocarcinoma  Small Cell      Squamous        
Y:Adenocarcinoma  7               1               7               
Y:Small Cell      4               6               3               
Y:Squamous        7               1               5               


[2D] Patient-level Confusion Matrix:
True \ Pred       Adenocarcinoma  Small Cell      Squamous        
Y:Adenocarcinoma  7               1               7               
Y:Small Cell      4               6               3               
Y:Squamous        7               1               5               

[finetune] Epoch 2 Summary => TrainLoss: 1.3527, TrainMacroF1: 0.3610, ValMacroF1(patient): 0.4509/0.4509 (cur/roll3)
[finetune] Patient current vs rolling-3: accuracy 0.4390/0.4390, balanced_accuracy 0.4376/0.4376, macro_precision 0.4907/0.4907, macro_recall 0.4376/0.4376, macro_f1 0.4509/0.4509

--- finetune Epoch 3/40 | lr(backbone/head)=2.98e-06/2.98e-05 ---
[2D] Epoch 3 [24/24] Loss: 1.3389 Time: 3.69s
[2D] Train Epoch 3 (slice-level) => Loss: 1.3389, Acc: 0.3808, MacroF1: 0.3805

[2D] Starting validation...
[2D] Val (slice-level, n=322) => Acc: 0.3882, MacroF1: 0.3909
[2D] Val (volume-level, n=41) => Loss: 1.3319, Acc: 0.4146, BalancedAcc: 0.4120, MacroPrecision: 0.4471, MacroRecall: 0.4120, MacroF1: 0.4220
[2D] Val (patient-level, n=41) => Acc: 0.4146, BalancedAcc: 0.4120, MacroPrecision: 0.4471, MacroRecall: 0.4120, MacroF1: 0.4220

[2D] Volume-level Confusion Matrix:
True \ Pred       Adenocarcinoma  Small Cell      Squamous        
Y:Adenocarcinoma  7               1               7               
Y:Small Cell      4               6               3               
Y:Squamous        7               2               4               


[2D] Patient-level Confusion Matrix:
True \ Pred       Adenocarcinoma  Small Cell      Squamous        
Y:Adenocarcinoma  7               1               7               
Y:Small Cell      4               6               3               
Y:Squamous        7               2               4               

[finetune] Epoch 3 Summary => TrainLoss: 1.3389, TrainMacroF1: 0.3805, ValMacroF1(patient): 0.4220/0.4413 (cur/roll3)
[finetune] Patient current vs rolling-3: accuracy 0.4146/0.4309, balanced_accuracy 0.4120/0.4291, macro_precision 0.4471/0.4762, macro_recall 0.4120/0.4291, macro_f1 0.4220/0.4413

--- finetune Epoch 4/40 | lr(backbone/head)=2.96e-06/2.96e-05 ---
[2D] Epoch 4 [24/24] Loss: 1.3396 Time: 6.18s
[2D] Train Epoch 4 (slice-level) => Loss: 1.3396, Acc: 0.3662, MacroF1: 0.3662

[2D] Starting validation...
[2D] Val (slice-level, n=322) => Acc: 0.3851, MacroF1: 0.3871
[2D] Val (volume-level, n=41) => Loss: 1.3232, Acc: 0.4634, BalancedAcc: 0.4632, MacroPrecision: 0.5079, MacroRecall: 0.4632, MacroF1: 0.4770
[2D] Val (patient-level, n=41) => Acc: 0.4634, BalancedAcc: 0.4632, MacroPrecision: 0.5079, MacroRecall: 0.4632, MacroF1: 0.4770

[2D] Volume-level Confusion Matrix:
True \ Pred       Adenocarcinoma  Small Cell      Squamous        
Y:Adenocarcinoma  7               1               7               
Y:Small Cell      4               7               2               
Y:Squamous        7               1               5               


[2D] Patient-level Confusion Matrix:
True \ Pred       Adenocarcinoma  Small Cell      Squamous        
Y:Adenocarcinoma  7               1               7               
Y:Small Cell      4               7               2               
Y:Squamous        7               1               5               

[finetune] Epoch 4 Summary => TrainLoss: 1.3396, TrainMacroF1: 0.3662, ValMacroF1(patient): 0.4770/0.4500 (cur/roll3)
[finetune] Patient current vs rolling-3: accuracy 0.4634/0.4390, balanced_accuracy 0.4632/0.4376, macro_precision 0.5079/0.4819, macro_recall 0.4632/0.4376, macro_f1 0.4770/0.4500

--- finetune Epoch 5/40 | lr(backbone/head)=2.93e-06/2.93e-05 ---
[2D] Epoch 5 [24/24] Loss: 1.2940 Time: 5.63s
[2D] Train Epoch 5 (slice-level) => Loss: 1.2940, Acc: 0.3675, MacroF1: 0.3678

[2D] Starting validation...
[2D] Val (slice-level, n=322) => Acc: 0.3851, MacroF1: 0.3881
[2D] Val (volume-level, n=41) => Loss: 1.3109, Acc: 0.4146, BalancedAcc: 0.4120, MacroPrecision: 0.4471, MacroRecall: 0.4120, MacroF1: 0.4220
[2D] Val (patient-level, n=41) => Acc: 0.4146, BalancedAcc: 0.4120, MacroPrecision: 0.4471, MacroRecall: 0.4120, MacroF1: 0.4220

[2D] Volume-level Confusion Matrix:
True \ Pred       Adenocarcinoma  Small Cell      Squamous        
Y:Adenocarcinoma  7               1               7               
Y:Small Cell      4               6               3               
Y:Squamous        7               2               4               


[2D] Patient-level Confusion Matrix:
True \ Pred       Adenocarcinoma  Small Cell      Squamous        
Y:Adenocarcinoma  7               1               7               
Y:Small Cell      4               6               3               
Y:Squamous        7               2               4               

[finetune] Epoch 5 Summary => TrainLoss: 1.2940, TrainMacroF1: 0.3678, ValMacroF1(patient): 0.4220/0.4403 (cur/roll3)
[finetune] Patient current vs rolling-3: accuracy 0.4146/0.4309, balanced_accuracy 0.4120/0.4291, macro_precision 0.4471/0.4674, macro_recall 0.4120/0.4291, macro_f1 0.4220/0.4403

--- finetune Epoch 6/40 | lr(backbone/head)=2.89e-06/2.89e-05 ---
[2D] Epoch 6 [24/24] Loss: 1.2560 Time: 9.54s
[2D] Train Epoch 6 (slice-level) => Loss: 1.2560, Acc: 0.3815, MacroF1: 0.3814

[2D] Starting validation...
[2D] Val (slice-level, n=322) => Acc: 0.3602, MacroF1: 0.3626
[2D] Val (volume-level, n=41) => Loss: 1.2916, Acc: 0.4146, BalancedAcc: 0.4120, MacroPrecision: 0.4471, MacroRecall: 0.4120, MacroF1: 0.4220
[2D] Val (patient-level, n=41) => Acc: 0.4146, BalancedAcc: 0.4120, MacroPrecision: 0.4471, MacroRecall: 0.4120, MacroF1: 0.4220

[2D] Volume-level Confusion Matrix:
True \ Pred       Adenocarcinoma  Small Cell      Squamous        
Y:Adenocarcinoma  7               1               7               
Y:Small Cell      4               6               3               
Y:Squamous        7               2               4               


[2D] Patient-level Confusion Matrix:
True \ Pred       Adenocarcinoma  Small Cell      Squamous        
Y:Adenocarcinoma  7               1               7               
Y:Small Cell      4               6               3               
Y:Squamous        7               2               4               

[finetune] Epoch 6 Summary => TrainLoss: 1.2560, TrainMacroF1: 0.3814, ValMacroF1(patient): 0.4220/0.4403 (cur/roll3)
[finetune] Patient current vs rolling-3: accuracy 0.4146/0.4309, balanced_accuracy 0.4120/0.4291, macro_precision 0.4471/0.4674, macro_recall 0.4120/0.4291, macro_f1 0.4220/0.4403

--- finetune Epoch 7/40 | lr(backbone/head)=2.84e-06/2.84e-05 ---
[2D] Epoch 7 [24/24] Loss: 1.2298 Time: 4.03s
[2D] Train Epoch 7 (slice-level) => Loss: 1.2298, Acc: 0.3841, MacroF1: 0.3841

[2D] Starting validation...
[2D] Val (slice-level, n=322) => Acc: 0.3758, MacroF1: 0.3790
[2D] Val (volume-level, n=41) => Loss: 1.2743, Acc: 0.4146, BalancedAcc: 0.4154, MacroPrecision: 0.4718, MacroRecall: 0.4154, MacroF1: 0.4304
[2D] Val (patient-level, n=41) => Acc: 0.4146, BalancedAcc: 0.4154, MacroPrecision: 0.4718, MacroRecall: 0.4154, MacroF1: 0.4304

[2D] Volume-level Confusion Matrix:
True \ Pred       Adenocarcinoma  Small Cell      Squamous        
Y:Adenocarcinoma  6               1               8               
Y:Small Cell      4               6               3               
Y:Squamous        7               1               5               


[2D] Patient-level Confusion Matrix:
True \ Pred       Adenocarcinoma  Small Cell      Squamous        
Y:Adenocarcinoma  6               1               8               
Y:Small Cell      4               6               3               
Y:Squamous        7               1               5               

[finetune] Epoch 7 Summary => TrainLoss: 1.2298, TrainMacroF1: 0.3841, ValMacroF1(patient): 0.4304/0.4248 (cur/roll3)
[finetune] Patient current vs rolling-3: accuracy 0.4146/0.4146, balanced_accuracy 0.4154/0.4131, macro_precision 0.4718/0.4553, macro_recall 0.4154/0.4131, macro_f1 0.4304/0.4248

--- finetune Epoch 8/40 | lr(backbone/head)=2.78e-06/2.78e-05 ---
[2D] Epoch 8 [24/24] Loss: 1.2091 Time: 4.03s
[2D] Train Epoch 8 (slice-level) => Loss: 1.2091, Acc: 0.4033, MacroF1: 0.4032

[2D] Starting validation...
[2D] Val (slice-level, n=322) => Acc: 0.3789, MacroF1: 0.3804
[2D] Val (volume-level, n=41) => Loss: 1.2557, Acc: 0.4146, BalancedAcc: 0.4120, MacroPrecision: 0.4502, MacroRecall: 0.4120, MacroF1: 0.4194
[2D] Val (patient-level, n=41) => Acc: 0.4146, BalancedAcc: 0.4120, MacroPrecision: 0.4502, MacroRecall: 0.4120, MacroF1: 0.4194

[2D] Volume-level Confusion Matrix:
True \ Pred       Adenocarcinoma  Small Cell      Squamous        
Y:Adenocarcinoma  7               2               6               
Y:Small Cell      5               5               3               
Y:Squamous        7               1               5               


[2D] Patient-level Confusion Matrix:
True \ Pred       Adenocarcinoma  Small Cell      Squamous        
Y:Adenocarcinoma  7               2               6               
Y:Small Cell      5               5               3               
Y:Squamous        7               1               5               

[finetune] Epoch 8 Summary => TrainLoss: 1.2091, TrainMacroF1: 0.4032, ValMacroF1(patient): 0.4194/0.4240 (cur/roll3)
[finetune] Patient current vs rolling-3: accuracy 0.4146/0.4146, balanced_accuracy 0.4120/0.4131, macro_precision 0.4502/0.4564, macro_recall 0.4120/0.4131, macro_f1 0.4194/0.4240

--- finetune Epoch 9/40 | lr(backbone/head)=2.71e-06/2.71e-05 ---
[2D] Epoch 9 [24/24] Loss: 1.1964 Time: 4.76s
[2D] Train Epoch 9 (slice-level) => Loss: 1.1964, Acc: 0.4013, MacroF1: 0.4010

[2D] Starting validation...
[2D] Val (slice-level, n=322) => Acc: 0.3975, MacroF1: 0.4002
[2D] Val (volume-level, n=41) => Loss: 1.2442, Acc: 0.4146, BalancedAcc: 0.4120, MacroPrecision: 0.4502, MacroRecall: 0.4120, MacroF1: 0.4194
[2D] Val (patient-level, n=41) => Acc: 0.4146, BalancedAcc: 0.4120, MacroPrecision: 0.4502, MacroRecall: 0.4120, MacroF1: 0.4194

[2D] Volume-level Confusion Matrix:
True \ Pred       Adenocarcinoma  Small Cell      Squamous        
Y:Adenocarcinoma  7               2               6               
Y:Small Cell      5               5               3               
Y:Squamous        7               1               5               


[2D] Patient-level Confusion Matrix:
True \ Pred       Adenocarcinoma  Small Cell      Squamous        
Y:Adenocarcinoma  7               2               6               
Y:Small Cell      5               5               3               
Y:Squamous        7               1               5               

[finetune] Epoch 9 Summary => TrainLoss: 1.1964, TrainMacroF1: 0.4010, ValMacroF1(patient): 0.4194/0.4231 (cur/roll3)
[finetune] Patient current vs rolling-3: accuracy 0.4146/0.4146, balanced_accuracy 0.4120/0.4131, macro_precision 0.4502/0.4574, macro_recall 0.4120/0.4131, macro_f1 0.4194/0.4231

--- finetune Epoch 10/40 | lr(backbone/head)=2.64e-06/2.64e-05 ---
[2D] Epoch 10 [24/24] Loss: 1.1739 Time: 3.97s
[2D] Train Epoch 10 (slice-level) => Loss: 1.1739, Acc: 0.4205, MacroF1: 0.4205

[2D] Starting validation...
[2D] Val (slice-level, n=322) => Acc: 0.3882, MacroF1: 0.3902
[2D] Val (volume-level, n=41) => Loss: 1.2335, Acc: 0.4146, BalancedAcc: 0.4120, MacroPrecision: 0.4502, MacroRecall: 0.4120, MacroF1: 0.4194
[2D] Val (patient-level, n=41) => Acc: 0.4146, BalancedAcc: 0.4120, MacroPrecision: 0.4502, MacroRecall: 0.4120, MacroF1: 0.4194

[2D] Volume-level Confusion Matrix:
True \ Pred       Adenocarcinoma  Small Cell      Squamous        
Y:Adenocarcinoma  7               2               6               
Y:Small Cell      5               5               3               
Y:Squamous        7               1               5               


[2D] Patient-level Confusion Matrix:
True \ Pred       Adenocarcinoma  Small Cell      Squamous        
Y:Adenocarcinoma  7               2               6               
Y:Small Cell      5               5               3               
Y:Squamous        7               1               5               

[finetune] Epoch 10 Summary => TrainLoss: 1.1739, TrainMacroF1: 0.4205, ValMacroF1(patient): 0.4194/0.4194 (cur/roll3)
[finetune] Patient current vs rolling-3: accuracy 0.4146/0.4146, balanced_accuracy 0.4120/0.4120, macro_precision 0.4502/0.4502, macro_recall 0.4120/0.4120, macro_f1 0.4194/0.4194

--- finetune Epoch 11/40 | lr(backbone/head)=2.56e-06/2.56e-05 ---
[2D] Epoch 11 [24/24] Loss: 1.1667 Time: 4.55s
[2D] Train Epoch 11 (slice-level) => Loss: 1.1667, Acc: 0.4185, MacroF1: 0.4177

[2D] Starting validation...
[2D] Val (slice-level, n=322) => Acc: 0.3727, MacroF1: 0.3754
[2D] Val (volume-level, n=41) => Loss: 1.2279, Acc: 0.3902, BalancedAcc: 0.3863, MacroPrecision: 0.4262, MacroRecall: 0.3863, MacroF1: 0.3901
[2D] Val (patient-level, n=41) => Acc: 0.3902, BalancedAcc: 0.3863, MacroPrecision: 0.4262, MacroRecall: 0.3863, MacroF1: 0.3901

[2D] Volume-level Confusion Matrix:
True \ Pred       Adenocarcinoma  Small Cell      Squamous        
Y:Adenocarcinoma  7               2               6               
Y:Small Cell      6               4               3               
Y:Squamous        7               1               5               


[2D] Patient-level Confusion Matrix:
True \ Pred       Adenocarcinoma  Small Cell      Squamous        
Y:Adenocarcinoma  7               2               6               
Y:Small Cell      6               4               3               
Y:Squamous        7               1               5               

[finetune] Epoch 11 Summary => TrainLoss: 1.1667, TrainMacroF1: 0.4177, ValMacroF1(patient): 0.3901/0.4097 (cur/roll3)
[finetune] Patient current vs rolling-3: accuracy 0.3902/0.4065, balanced_accuracy 0.3863/0.4034, macro_precision 0.4262/0.4422, macro_recall 0.3863/0.4034, macro_f1 0.3901/0.4097
