<frozen importlib._bootstrap_external>:1301: FutureWarning: The cuda.cudart module is deprecated and will be removed in a future release, please switch to use the cuda.bindings.runtime module instead.
/home/hansstem/anaconda3/envs/sclc/lib/python3.12/site-packages/monai/utils/deprecate_utils.py:321: FutureWarning: monai.transforms.spatial.dictionary Orientationd.__init__:labels: Current default value of argument `labels=(('L', 'R'), ('P', 'A'), ('I', 'S'))` was changed in version None from `labels=(('L', 'R'), ('P', 'A'), ('I', 'S'))` to `labels=None`. Default value changed to None meaning that the transform now uses the 'space' of a meta-tensor, if applicable, to determine appropriate axis labels.
  warn_deprecated(argname, msg, warning_category)
Initialized resnet50_2d Classifier. Total Params: 23,507,907
Warning: Unknown morphological group 'Non-small cell carcinoma' for patient patient_020843 — skipping
[3D big_lunge] Excluding 3 truncated-lung-mask patients: ['patient_022269', 'patient_057069', 'patient_091821']
Found 302 patients with labels.
Split 'train': 211 patients.
  211 images, class distribution: {2: 71, 0: 73, 1: 67}
Split 'val': 45 patients.
  45 images, class distribution: {0: 16, 2: 15, 1: 14}
Split 'test': 46 patients.
  46 images, class distribution: {1: 14, 2: 16, 0: 16}
[2D big_lunge train] 1510 slices from 196 volumes / 196 patients (dropped: no_mask=3, no_tumor_slices=12), classes={2: 529, 0: 500, 1: 481}
[2D big_lunge val] 322 slices from 41 volumes / 41 patients (dropped: no_mask=1, no_tumor_slices=3), classes={0: 120, 2: 98, 1: 104}
[2D big_lunge test] 332 slices from 43 volumes / 43 patients (dropped: no_mask=0, no_tumor_slices=3), classes={1: 99, 2: 118, 0: 115}
[2D big_lunge] dropped-patient inventory -> /home/hansstem/.cache/monai_biglunge_2d/img224_crop96_mp1/dropped_patients.json
[2D] PersistentDataset cache_dir='/home/hansstem/.cache/monai_biglunge_2d/img224_crop96_mp1/train'
[2D] PersistentDataset cache_dir='/home/hansstem/.cache/monai_biglunge_2d/img224_crop96_mp1/val'
[2D] PersistentDataset cache_dir='/home/hansstem/.cache/monai_biglunge_2d/img224_crop96_mp1/test'
[WRS big_lunge] counts {0=500, 1=481, 2=529} | oversample_factor=1.10 (max_weight/min_weight)
[big_lunge] Train class distribution: {2: 529, 0: 500, 1: 481}

[2D] Starting validation...
[2D] Val (slice-level, n=332) => Acc: 0.3886, MacroF1: 0.3744
[2D] Val (volume-level, n=43) => Loss: 1.1846, Acc: 0.4186, BalancedAcc: 0.4103, MacroPrecision: 0.4225, MacroRecall: 0.4103, MacroF1: 0.4039
[2D] Val (patient-level, n=43) => Acc: 0.4186, BalancedAcc: 0.4103, MacroPrecision: 0.4225, MacroRecall: 0.4103, MacroF1: 0.4039

[2D] Volume-level Confusion Matrix:
True \ Pred       Adenocarcinoma  Small Cell      Squamous        
Y:Adenocarcinoma  7               4               4               
Y:Small Cell      5               3               5               
Y:Squamous        7               0               8               


[2D] Patient-level Confusion Matrix:
True \ Pred       Adenocarcinoma  Small Cell      Squamous        
Y:Adenocarcinoma  7               4               4               
Y:Small Cell      5               3               5               
Y:Squamous        7               0               8               

