<frozen importlib._bootstrap_external>:1301: FutureWarning: The cuda.cudart module is deprecated and will be removed in a future release, please switch to use the cuda.bindings.runtime module instead.
/home/hansstem/anaconda3/envs/sclc/lib/python3.12/site-packages/monai/utils/deprecate_utils.py:321: FutureWarning: monai.transforms.spatial.dictionary Orientationd.__init__:labels: Current default value of argument `labels=(('L', 'R'), ('P', 'A'), ('I', 'S'))` was changed in version None from `labels=(('L', 'R'), ('P', 'A'), ('I', 'S'))` to `labels=None`. Default value changed to None meaning that the transform now uses the 'space' of a meta-tensor, if applicable, to determine appropriate axis labels.
  warn_deprecated(argname, msg, warning_category)
[*] Loading pretrained SwinUNETR weights from /home/data/pre_trained_models/model_swin_unetr_btcv_segmentation_v1.pt
[*] Pretrained weights loaded. Matched 157/157 keys.
Initialized swin_unetr Classifier. Total Params: 62,188,966
Warning: Unknown morphological group 'Non-small cell carcinoma' for patient patient_020843 — skipping
[3D big_lunge] Excluding 3 truncated-lung-mask patients: ['patient_022269', 'patient_057069', 'patient_091821']
Found 302 patients with labels.
Split 'train': 211 patients.
  211 images, class distribution: {2: 71, 0: 73, 1: 67}
Split 'val': 45 patients.
  45 images, class distribution: {0: 16, 2: 15, 1: 14}
Split 'test': 46 patients.
  46 images, class distribution: {1: 14, 2: 16, 0: 16}
PersistentDataset cache_dir='/home/hansstem/.cache/monai_biglunge/3d_img224_d128/train'
Loading verified valid dataset list from /home/hansstem/.cache/monai_biglunge/3d_img224_d128/train/valid_data.json...
PersistentDataset cache_dir='/home/hansstem/.cache/monai_biglunge/3d_img224_d128/val'
Loading verified valid dataset list from /home/hansstem/.cache/monai_biglunge/3d_img224_d128/val/valid_data.json...
PersistentDataset cache_dir='/home/hansstem/.cache/monai_biglunge/3d_img224_d128/test'
Loading verified valid dataset list from /home/hansstem/.cache/monai_biglunge/3d_img224_d128/test/valid_data.json...
[WRS big_lunge] counts {0=73, 1=67, 2=71} | oversample_factor=1.09 (max_weight/min_weight)
[big_lunge] Train class distribution: {2: 71, 0: 73, 1: 67}

Starting validation...
Validation (volume-level, n=46) => Loss: 1.1062, Accuracy: 0.2609, BalancedAcc: 0.2589, MacroPrecision: 0.2620, MacroRecall: 0.2589, MacroF1: 0.2586
Validation (patient-level, n=46) => Acc: 0.2609, BalancedAcc: 0.2589, MacroPrecision: 0.2620, MacroRecall: 0.2589, MacroF1: 0.2586
VRAM Usage - Allocated: 0.56 GB, Reserved: 25.94 GB

Confusion Matrix (Rows: Actual Class, Columns: Predicted Class):
True \ Pred       Adenocarcinoma  Small Cell      Squamous        
Y:Adenocarcinoma  5               3               8               
Y:Small Cell      7               3               4               
Y:Squamous        7               5               4               


